<?xml version="1.0" encoding="UTF-8"?>
<testsuite name="com.bookstore.test.user.BookTagUnitTest" time="6.621" tests="1" errors="1" skipped="0" failures="0">
  <properties>
    <property name="java.runtime.name" value="Java(TM) SE Runtime Environment"/>
    <property name="sun.boot.library.path" value="/Library/Java/JavaVirtualMachines/jdk1.8.0_131.jdk/Contents/Home/jre/lib"/>
    <property name="java.vm.version" value="25.131-b11"/>
    <property name="user.country.format" value="TR"/>
    <property name="gopherProxySet" value="false"/>
    <property name="java.vm.vendor" value="Oracle Corporation"/>
    <property name="maven.multiModuleProjectDirectory" value="/Users/batux/Downloads/Bookstore_Web"/>
    <property name="java.vendor.url" value="http://java.oracle.com/"/>
    <property name="path.separator" value=":"/>
    <property name="guice.disable.misplaced.annotation.check" value="true"/>
    <property name="java.vm.name" value="Java HotSpot(TM) 64-Bit Server VM"/>
    <property name="file.encoding.pkg" value="sun.io"/>
    <property name="user.country" value="US"/>
    <property name="sun.java.launcher" value="SUN_STANDARD"/>
    <property name="sun.os.patch.level" value="unknown"/>
    <property name="java.vm.specification.name" value="Java Virtual Machine Specification"/>
    <property name="user.dir" value="/Users/batux/Downloads/Bookstore_Web"/>
    <property name="java.runtime.version" value="1.8.0_131-b11"/>
    <property name="java.awt.graphicsenv" value="sun.awt.CGraphicsEnvironment"/>
    <property name="java.endorsed.dirs" value="/Library/Java/JavaVirtualMachines/jdk1.8.0_131.jdk/Contents/Home/jre/lib/endorsed"/>
    <property name="os.arch" value="x86_64"/>
    <property name="java.io.tmpdir" value="/var/folders/70/9zsln9gd743gnk8pb1vd2p4h0000gn/T/"/>
    <property name="line.separator" value="&#10;"/>
    <property name="java.vm.specification.vendor" value="Oracle Corporation"/>
    <property name="os.name" value="Mac OS X"/>
    <property name="classworlds.conf" value="/Users/batux/Documents/workspace_solution/.metadata/.plugins/org.eclipse.m2e.launching/launches/m2conf3971862206754428059.tmp"/>
    <property name="sun.jnu.encoding" value="UTF-8"/>
    <property name="java.library.path" value="/Users/batux/Library/Java/Extensions:/Library/Java/Extensions:/Network/Library/Java/Extensions:/System/Library/Java/Extensions:/usr/lib/java:."/>
    <property name="java.specification.name" value="Java Platform API Specification"/>
    <property name="java.class.version" value="52.0"/>
    <property name="sun.management.compiler" value="HotSpot 64-Bit Tiered Compilers"/>
    <property name="os.version" value="10.12.3"/>
    <property name="http.nonProxyHosts" value="local|*.local|169.254/16|*.169.254/16"/>
    <property name="user.home" value="/Users/batux"/>
    <property name="user.timezone" value="Europe/Istanbul"/>
    <property name="java.awt.printerjob" value="sun.lwawt.macosx.CPrinterJob"/>
    <property name="java.specification.version" value="1.8"/>
    <property name="file.encoding" value="UTF-8"/>
    <property name="user.name" value="batux"/>
    <property name="java.class.path" value="/Users/batux/Desktop/Eclipse.app/Contents/Eclipse/plugins/org.eclipse.m2e.maven.runtime_1.7.0.20160603-1931/jars/plexus-classworlds-2.5.2.jar"/>
    <property name="java.vm.specification.version" value="1.8"/>
    <property name="sun.arch.data.model" value="64"/>
    <property name="java.home" value="/Library/Java/JavaVirtualMachines/jdk1.8.0_131.jdk/Contents/Home/jre"/>
    <property name="sun.java.command" value="org.codehaus.plexus.classworlds.launcher.Launcher -B package"/>
    <property name="java.specification.vendor" value="Oracle Corporation"/>
    <property name="user.language" value="en"/>
    <property name="awt.toolkit" value="sun.lwawt.macosx.LWCToolkit"/>
    <property name="java.vm.info" value="mixed mode"/>
    <property name="java.version" value="1.8.0_131"/>
    <property name="java.ext.dirs" value="/Users/batux/Library/Java/Extensions:/Library/Java/JavaVirtualMachines/jdk1.8.0_131.jdk/Contents/Home/jre/lib/ext:/Library/Java/Extensions:/Network/Library/Java/Extensions:/System/Library/Java/Extensions:/usr/lib/java"/>
    <property name="sun.boot.class.path" value="/Library/Java/JavaVirtualMachines/jdk1.8.0_131.jdk/Contents/Home/jre/lib/resources.jar:/Library/Java/JavaVirtualMachines/jdk1.8.0_131.jdk/Contents/Home/jre/lib/rt.jar:/Library/Java/JavaVirtualMachines/jdk1.8.0_131.jdk/Contents/Home/jre/lib/sunrsasign.jar:/Library/Java/JavaVirtualMachines/jdk1.8.0_131.jdk/Contents/Home/jre/lib/jsse.jar:/Library/Java/JavaVirtualMachines/jdk1.8.0_131.jdk/Contents/Home/jre/lib/jce.jar:/Library/Java/JavaVirtualMachines/jdk1.8.0_131.jdk/Contents/Home/jre/lib/charsets.jar:/Library/Java/JavaVirtualMachines/jdk1.8.0_131.jdk/Contents/Home/jre/lib/jfr.jar:/Library/Java/JavaVirtualMachines/jdk1.8.0_131.jdk/Contents/Home/jre/classes"/>
    <property name="java.vendor" value="Oracle Corporation"/>
    <property name="maven.home" value="/Users/batux/Downloads/Bookstore_Web/EMBEDDED"/>
    <property name="file.separator" value="/"/>
    <property name="java.vendor.url.bug" value="http://bugreport.sun.com/bugreport/"/>
    <property name="sun.cpu.endian" value="little"/>
    <property name="sun.io.unicode.encoding" value="UnicodeBig"/>
    <property name="socksNonProxyHosts" value="local|*.local|169.254/16|*.169.254/16"/>
    <property name="ftp.nonProxyHosts" value="local|*.local|169.254/16|*.169.254/16"/>
    <property name="sun.cpu.isalist" value=""/>
  </properties>
  <testcase name="createBookTags" classname="com.bookstore.test.user.BookTagUnitTest" time="6.621">
    <error type="java.lang.NullPointerException:">java.lang.NullPointerException: null
	at com.bookstore.test.user.BookTagUnitTest.createBookTags(BookTagUnitTest.java:68)
</error>
    <system-out><![CDATA[01:56:05.477 [main] DEBUG org.springframework.test.context.junit4.SpringJUnit4ClassRunner - SpringJUnit4ClassRunner constructor called with [class com.bookstore.test.user.BookTagUnitTest]
01:56:05.488 [main] DEBUG org.springframework.test.context.BootstrapUtils - Instantiating CacheAwareContextLoaderDelegate from class [org.springframework.test.context.cache.DefaultCacheAwareContextLoaderDelegate]
01:56:05.550 [main] DEBUG org.springframework.test.context.BootstrapUtils - Instantiating BootstrapContext using constructor [public org.springframework.test.context.support.DefaultBootstrapContext(java.lang.Class,org.springframework.test.context.CacheAwareContextLoaderDelegate)]
01:56:05.575 [main] DEBUG org.springframework.test.context.BootstrapUtils - Instantiating TestContextBootstrapper for test class [com.bookstore.test.user.BookTagUnitTest] from class [org.springframework.test.context.web.WebTestContextBootstrapper]
01:56:05.711 [main] DEBUG org.springframework.test.context.support.AbstractDelegatingSmartContextLoader - Delegating to AnnotationConfigWebContextLoader to process context configuration [ContextConfigurationAttributes@64bf3bbf declaringClass = 'com.bookstore.test.user.BookTagUnitTest', classes = '{class com.bookstore.datalayer.config.RepositorySpringConfiguration}', locations = '{}', inheritLocations = true, initializers = '{}', inheritInitializers = true, name = [null], contextLoaderClass = 'org.springframework.test.context.ContextLoader'].
01:56:05.831 [main] DEBUG org.springframework.test.context.support.ActiveProfilesUtils - Could not find an 'annotation declaring class' for annotation type [org.springframework.test.context.ActiveProfiles] and class [com.bookstore.test.user.BookTagUnitTest]
01:56:05.833 [main] DEBUG org.springframework.test.context.web.WebTestContextBootstrapper - @TestExecutionListeners is not present for class [com.bookstore.test.user.BookTagUnitTest]: using defaults.
01:56:05.837 [main] INFO org.springframework.test.context.web.WebTestContextBootstrapper - Loaded default TestExecutionListener class names from location [META-INF/spring.factories]: [org.springframework.test.context.web.ServletTestExecutionListener, org.springframework.test.context.support.DirtiesContextBeforeModesTestExecutionListener, org.springframework.test.context.support.DependencyInjectionTestExecutionListener, org.springframework.test.context.support.DirtiesContextTestExecutionListener, org.springframework.test.context.transaction.TransactionalTestExecutionListener, org.springframework.test.context.jdbc.SqlScriptsTestExecutionListener]
01:56:05.910 [main] INFO org.springframework.test.context.web.WebTestContextBootstrapper - Using TestExecutionListeners: [org.springframework.test.context.web.ServletTestExecutionListener@2781e022, org.springframework.test.context.support.DirtiesContextBeforeModesTestExecutionListener@57e1b0c, org.springframework.test.context.support.DependencyInjectionTestExecutionListener@4232c52b, org.springframework.test.context.support.DirtiesContextTestExecutionListener@1877ab81, org.springframework.test.context.transaction.TransactionalTestExecutionListener@305fd85d, org.springframework.test.context.jdbc.SqlScriptsTestExecutionListener@458c1321]
01:56:05.921 [main] DEBUG org.springframework.test.context.junit4.SpringJUnit4ClassRunner - SpringJUnit4ClassRunner constructor called with [class com.bookstore.test.user.RoleUnitTest]
01:56:05.922 [main] DEBUG org.springframework.test.context.BootstrapUtils - Instantiating CacheAwareContextLoaderDelegate from class [org.springframework.test.context.cache.DefaultCacheAwareContextLoaderDelegate]
01:56:05.922 [main] DEBUG org.springframework.test.context.BootstrapUtils - Instantiating BootstrapContext using constructor [public org.springframework.test.context.support.DefaultBootstrapContext(java.lang.Class,org.springframework.test.context.CacheAwareContextLoaderDelegate)]
01:56:05.923 [main] DEBUG org.springframework.test.context.BootstrapUtils - Instantiating TestContextBootstrapper for test class [com.bookstore.test.user.RoleUnitTest] from class [org.springframework.test.context.web.WebTestContextBootstrapper]
01:56:05.925 [main] DEBUG org.springframework.test.context.support.AbstractDelegatingSmartContextLoader - Delegating to AnnotationConfigWebContextLoader to process context configuration [ContextConfigurationAttributes@34cd072c declaringClass = 'com.bookstore.test.user.RoleUnitTest', classes = '{class com.bookstore.datalayer.config.RepositorySpringConfiguration}', locations = '{}', inheritLocations = true, initializers = '{}', inheritInitializers = true, name = [null], contextLoaderClass = 'org.springframework.test.context.ContextLoader'].
01:56:05.930 [main] DEBUG org.springframework.test.context.support.ActiveProfilesUtils - Could not find an 'annotation declaring class' for annotation type [org.springframework.test.context.ActiveProfiles] and class [com.bookstore.test.user.RoleUnitTest]
01:56:05.931 [main] DEBUG org.springframework.test.context.web.WebTestContextBootstrapper - @TestExecutionListeners is not present for class [com.bookstore.test.user.RoleUnitTest]: using defaults.
01:56:05.935 [main] INFO org.springframework.test.context.web.WebTestContextBootstrapper - Loaded default TestExecutionListener class names from location [META-INF/spring.factories]: [org.springframework.test.context.web.ServletTestExecutionListener, org.springframework.test.context.support.DirtiesContextBeforeModesTestExecutionListener, org.springframework.test.context.support.DependencyInjectionTestExecutionListener, org.springframework.test.context.support.DirtiesContextTestExecutionListener, org.springframework.test.context.transaction.TransactionalTestExecutionListener, org.springframework.test.context.jdbc.SqlScriptsTestExecutionListener]
01:56:05.936 [main] INFO org.springframework.test.context.web.WebTestContextBootstrapper - Using TestExecutionListeners: [org.springframework.test.context.web.ServletTestExecutionListener@2353b3e6, org.springframework.test.context.support.DirtiesContextBeforeModesTestExecutionListener@631330c, org.springframework.test.context.support.DependencyInjectionTestExecutionListener@42f93a98, org.springframework.test.context.support.DirtiesContextTestExecutionListener@c46bcd4, org.springframework.test.context.transaction.TransactionalTestExecutionListener@3234e239, org.springframework.test.context.jdbc.SqlScriptsTestExecutionListener@3d921e20]
01:56:05.938 [main] DEBUG org.springframework.test.context.junit4.SpringJUnit4ClassRunner - SpringJUnit4ClassRunner constructor called with [class com.bookstore.test.user.UserBookTest]
01:56:05.939 [main] DEBUG org.springframework.test.context.BootstrapUtils - Instantiating CacheAwareContextLoaderDelegate from class [org.springframework.test.context.cache.DefaultCacheAwareContextLoaderDelegate]
01:56:05.939 [main] DEBUG org.springframework.test.context.BootstrapUtils - Instantiating BootstrapContext using constructor [public org.springframework.test.context.support.DefaultBootstrapContext(java.lang.Class,org.springframework.test.context.CacheAwareContextLoaderDelegate)]
01:56:05.939 [main] DEBUG org.springframework.test.context.BootstrapUtils - Instantiating TestContextBootstrapper for test class [com.bookstore.test.user.UserBookTest] from class [org.springframework.test.context.web.WebTestContextBootstrapper]
01:56:05.941 [main] DEBUG org.springframework.test.context.support.AbstractDelegatingSmartContextLoader - Delegating to AnnotationConfigWebContextLoader to process context configuration [ContextConfigurationAttributes@37d31475 declaringClass = 'com.bookstore.test.user.UserBookTest', classes = '{class com.bookstore.datalayer.config.RepositorySpringConfiguration}', locations = '{}', inheritLocations = true, initializers = '{}', inheritInitializers = true, name = [null], contextLoaderClass = 'org.springframework.test.context.ContextLoader'].
01:56:05.945 [main] DEBUG org.springframework.test.context.support.ActiveProfilesUtils - Could not find an 'annotation declaring class' for annotation type [org.springframework.test.context.ActiveProfiles] and class [com.bookstore.test.user.UserBookTest]
01:56:05.946 [main] DEBUG org.springframework.test.context.web.WebTestContextBootstrapper - @TestExecutionListeners is not present for class [com.bookstore.test.user.UserBookTest]: using defaults.
01:56:05.949 [main] INFO org.springframework.test.context.web.WebTestContextBootstrapper - Loaded default TestExecutionListener class names from location [META-INF/spring.factories]: [org.springframework.test.context.web.ServletTestExecutionListener, org.springframework.test.context.support.DirtiesContextBeforeModesTestExecutionListener, org.springframework.test.context.support.DependencyInjectionTestExecutionListener, org.springframework.test.context.support.DirtiesContextTestExecutionListener, org.springframework.test.context.transaction.TransactionalTestExecutionListener, org.springframework.test.context.jdbc.SqlScriptsTestExecutionListener]
01:56:05.950 [main] INFO org.springframework.test.context.web.WebTestContextBootstrapper - Using TestExecutionListeners: [org.springframework.test.context.web.ServletTestExecutionListener@4923ab24, org.springframework.test.context.support.DirtiesContextBeforeModesTestExecutionListener@44c8afef, org.springframework.test.context.support.DependencyInjectionTestExecutionListener@7b69c6ba, org.springframework.test.context.support.DirtiesContextTestExecutionListener@46daef40, org.springframework.test.context.transaction.TransactionalTestExecutionListener@12f41634, org.springframework.test.context.jdbc.SqlScriptsTestExecutionListener@13c27452]
01:56:05.952 [main] DEBUG org.springframework.test.context.junit4.SpringJUnit4ClassRunner - SpringJUnit4ClassRunner constructor called with [class com.bookstore.test.user.UserUnitTest]
01:56:05.952 [main] DEBUG org.springframework.test.context.BootstrapUtils - Instantiating CacheAwareContextLoaderDelegate from class [org.springframework.test.context.cache.DefaultCacheAwareContextLoaderDelegate]
01:56:05.952 [main] DEBUG org.springframework.test.context.BootstrapUtils - Instantiating BootstrapContext using constructor [public org.springframework.test.context.support.DefaultBootstrapContext(java.lang.Class,org.springframework.test.context.CacheAwareContextLoaderDelegate)]
01:56:05.953 [main] DEBUG org.springframework.test.context.BootstrapUtils - Instantiating TestContextBootstrapper for test class [com.bookstore.test.user.UserUnitTest] from class [org.springframework.test.context.web.WebTestContextBootstrapper]
01:56:05.955 [main] DEBUG org.springframework.test.context.support.AbstractDelegatingSmartContextLoader - Delegating to AnnotationConfigWebContextLoader to process context configuration [ContextConfigurationAttributes@371a67ec declaringClass = 'com.bookstore.test.user.UserUnitTest', classes = '{class com.bookstore.datalayer.config.RepositorySpringConfiguration}', locations = '{}', inheritLocations = true, initializers = '{}', inheritInitializers = true, name = [null], contextLoaderClass = 'org.springframework.test.context.ContextLoader'].
01:56:05.959 [main] DEBUG org.springframework.test.context.support.ActiveProfilesUtils - Could not find an 'annotation declaring class' for annotation type [org.springframework.test.context.ActiveProfiles] and class [com.bookstore.test.user.UserUnitTest]
01:56:05.970 [main] DEBUG org.springframework.test.context.web.WebTestContextBootstrapper - @TestExecutionListeners is not present for class [com.bookstore.test.user.UserUnitTest]: using defaults.
01:56:05.972 [main] INFO org.springframework.test.context.web.WebTestContextBootstrapper - Loaded default TestExecutionListener class names from location [META-INF/spring.factories]: [org.springframework.test.context.web.ServletTestExecutionListener, org.springframework.test.context.support.DirtiesContextBeforeModesTestExecutionListener, org.springframework.test.context.support.DependencyInjectionTestExecutionListener, org.springframework.test.context.support.DirtiesContextTestExecutionListener, org.springframework.test.context.transaction.TransactionalTestExecutionListener, org.springframework.test.context.jdbc.SqlScriptsTestExecutionListener]
01:56:05.973 [main] INFO org.springframework.test.context.web.WebTestContextBootstrapper - Using TestExecutionListeners: [org.springframework.test.context.web.ServletTestExecutionListener@42eca56e, org.springframework.test.context.support.DirtiesContextBeforeModesTestExecutionListener@52f759d7, org.springframework.test.context.support.DependencyInjectionTestExecutionListener@7cbd213e, org.springframework.test.context.support.DirtiesContextTestExecutionListener@192d3247, org.springframework.test.context.transaction.TransactionalTestExecutionListener@3ecd23d9, org.springframework.test.context.jdbc.SqlScriptsTestExecutionListener@569cfc36]
01:56:05.978 [main] DEBUG org.springframework.test.annotation.ProfileValueUtils - Retrieved @ProfileValueSourceConfiguration [null] for test class [com.bookstore.test.user.BookTagUnitTest]
01:56:05.978 [main] DEBUG org.springframework.test.annotation.ProfileValueUtils - Retrieved ProfileValueSource type [class org.springframework.test.annotation.SystemProfileValueSource] for class [com.bookstore.test.user.BookTagUnitTest]
01:56:05.979 [main] DEBUG org.springframework.test.annotation.ProfileValueUtils - Retrieved @ProfileValueSourceConfiguration [null] for test class [com.bookstore.test.user.RoleUnitTest]
01:56:05.979 [main] DEBUG org.springframework.test.annotation.ProfileValueUtils - Retrieved ProfileValueSource type [class org.springframework.test.annotation.SystemProfileValueSource] for class [com.bookstore.test.user.RoleUnitTest]
01:56:05.980 [main] DEBUG org.springframework.test.annotation.ProfileValueUtils - Retrieved @ProfileValueSourceConfiguration [null] for test class [com.bookstore.test.user.UserBookTest]
01:56:05.980 [main] DEBUG org.springframework.test.annotation.ProfileValueUtils - Retrieved ProfileValueSource type [class org.springframework.test.annotation.SystemProfileValueSource] for class [com.bookstore.test.user.UserBookTest]
01:56:05.981 [main] DEBUG org.springframework.test.annotation.ProfileValueUtils - Retrieved @ProfileValueSourceConfiguration [null] for test class [com.bookstore.test.user.UserUnitTest]
01:56:05.981 [main] DEBUG org.springframework.test.annotation.ProfileValueUtils - Retrieved ProfileValueSource type [class org.springframework.test.annotation.SystemProfileValueSource] for class [com.bookstore.test.user.UserUnitTest]
01:56:05.985 [main] DEBUG org.springframework.test.context.junit4.SpringJUnit4ClassRunner - SpringJUnit4ClassRunner constructor called with [class com.bookstore.test.user.BookTagUnitTest]
01:56:05.985 [main] DEBUG org.springframework.test.context.BootstrapUtils - Instantiating CacheAwareContextLoaderDelegate from class [org.springframework.test.context.cache.DefaultCacheAwareContextLoaderDelegate]
01:56:05.985 [main] DEBUG org.springframework.test.context.BootstrapUtils - Instantiating BootstrapContext using constructor [public org.springframework.test.context.support.DefaultBootstrapContext(java.lang.Class,org.springframework.test.context.CacheAwareContextLoaderDelegate)]
01:56:05.986 [main] DEBUG org.springframework.test.context.BootstrapUtils - Instantiating TestContextBootstrapper for test class [com.bookstore.test.user.BookTagUnitTest] from class [org.springframework.test.context.web.WebTestContextBootstrapper]
01:56:05.987 [main] DEBUG org.springframework.test.context.support.AbstractDelegatingSmartContextLoader - Delegating to AnnotationConfigWebContextLoader to process context configuration [ContextConfigurationAttributes@22eeefeb declaringClass = 'com.bookstore.test.user.BookTagUnitTest', classes = '{class com.bookstore.datalayer.config.RepositorySpringConfiguration}', locations = '{}', inheritLocations = true, initializers = '{}', inheritInitializers = true, name = [null], contextLoaderClass = 'org.springframework.test.context.ContextLoader'].
01:56:05.990 [main] DEBUG org.springframework.test.context.support.ActiveProfilesUtils - Could not find an 'annotation declaring class' for annotation type [org.springframework.test.context.ActiveProfiles] and class [com.bookstore.test.user.BookTagUnitTest]
01:56:05.991 [main] DEBUG org.springframework.test.context.web.WebTestContextBootstrapper - @TestExecutionListeners is not present for class [com.bookstore.test.user.BookTagUnitTest]: using defaults.
01:56:05.998 [main] INFO org.springframework.test.context.web.WebTestContextBootstrapper - Loaded default TestExecutionListener class names from location [META-INF/spring.factories]: [org.springframework.test.context.web.ServletTestExecutionListener, org.springframework.test.context.support.DirtiesContextBeforeModesTestExecutionListener, org.springframework.test.context.support.DependencyInjectionTestExecutionListener, org.springframework.test.context.support.DirtiesContextTestExecutionListener, org.springframework.test.context.transaction.TransactionalTestExecutionListener, org.springframework.test.context.jdbc.SqlScriptsTestExecutionListener]
01:56:05.999 [main] INFO org.springframework.test.context.web.WebTestContextBootstrapper - Using TestExecutionListeners: [org.springframework.test.context.web.ServletTestExecutionListener@4d1b0d2a, org.springframework.test.context.support.DirtiesContextBeforeModesTestExecutionListener@954b04f, org.springframework.test.context.support.DependencyInjectionTestExecutionListener@149494d8, org.springframework.test.context.support.DirtiesContextTestExecutionListener@710726a3, org.springframework.test.context.transaction.TransactionalTestExecutionListener@646007f4, org.springframework.test.context.jdbc.SqlScriptsTestExecutionListener@481a15ff]
01:56:06.000 [main] DEBUG org.springframework.test.annotation.ProfileValueUtils - Retrieved @ProfileValueSourceConfiguration [null] for test class [com.bookstore.test.user.BookTagUnitTest]
01:56:06.001 [main] DEBUG org.springframework.test.annotation.ProfileValueUtils - Retrieved ProfileValueSource type [class org.springframework.test.annotation.SystemProfileValueSource] for class [com.bookstore.test.user.BookTagUnitTest]
01:56:06.014 [main] DEBUG org.springframework.test.annotation.ProfileValueUtils - Retrieved @ProfileValueSourceConfiguration [null] for test class [com.bookstore.test.user.BookTagUnitTest]
01:56:06.014 [main] DEBUG org.springframework.test.annotation.ProfileValueUtils - Retrieved ProfileValueSource type [class org.springframework.test.annotation.SystemProfileValueSource] for class [com.bookstore.test.user.BookTagUnitTest]
01:56:06.018 [main] DEBUG org.springframework.test.context.support.AbstractDirtiesContextTestExecutionListener - Before test class: context [DefaultTestContext@727803de testClass = BookTagUnitTest, testInstance = [null], testMethod = [null], testException = [null], mergedContextConfiguration = [WebMergedContextConfiguration@704921a5 testClass = BookTagUnitTest, locations = '{}', classes = '{class com.bookstore.datalayer.config.RepositorySpringConfiguration}', contextInitializerClasses = '[]', activeProfiles = '{}', propertySourceLocations = '{}', propertySourceProperties = '{}', contextCustomizers = set[org.springframework.test.context.web.socket.MockServerContainerContextCustomizer@4b4523f8], resourceBasePath = 'src/main/webapp', contextLoader = 'org.springframework.test.context.web.WebDelegatingSmartContextLoader', parent = [null]]], class annotated with @DirtiesContext [false] with mode [null].
01:56:06.019 [main] DEBUG org.springframework.test.annotation.ProfileValueUtils - Retrieved @ProfileValueSourceConfiguration [null] for test class [com.bookstore.test.user.BookTagUnitTest]
01:56:06.020 [main] DEBUG org.springframework.test.annotation.ProfileValueUtils - Retrieved ProfileValueSource type [class org.springframework.test.annotation.SystemProfileValueSource] for class [com.bookstore.test.user.BookTagUnitTest]
01:56:06.040 [main] DEBUG org.springframework.test.context.support.AbstractDelegatingSmartContextLoader - Delegating to AnnotationConfigWebContextLoader to load context from [WebMergedContextConfiguration@704921a5 testClass = BookTagUnitTest, locations = '{}', classes = '{class com.bookstore.datalayer.config.RepositorySpringConfiguration}', contextInitializerClasses = '[]', activeProfiles = '{}', propertySourceLocations = '{}', propertySourceProperties = '{}', contextCustomizers = set[org.springframework.test.context.web.socket.MockServerContainerContextCustomizer@4b4523f8], resourceBasePath = 'src/main/webapp', contextLoader = 'org.springframework.test.context.web.WebDelegatingSmartContextLoader', parent = [null]].
01:56:06.041 [main] DEBUG org.springframework.test.context.web.AbstractGenericWebContextLoader - Loading WebApplicationContext for merged context configuration [WebMergedContextConfiguration@704921a5 testClass = BookTagUnitTest, locations = '{}', classes = '{class com.bookstore.datalayer.config.RepositorySpringConfiguration}', contextInitializerClasses = '[]', activeProfiles = '{}', propertySourceLocations = '{}', propertySourceProperties = '{}', contextCustomizers = set[org.springframework.test.context.web.socket.MockServerContainerContextCustomizer@4b4523f8], resourceBasePath = 'src/main/webapp', contextLoader = 'org.springframework.test.context.web.WebDelegatingSmartContextLoader', parent = [null]].
01:56:06.429 [main] DEBUG org.springframework.web.context.support.StandardServletEnvironment - Adding [servletConfigInitParams] PropertySource with lowest search precedence
01:56:06.429 [main] DEBUG org.springframework.web.context.support.StandardServletEnvironment - Adding [servletContextInitParams] PropertySource with lowest search precedence
01:56:06.434 [main] DEBUG org.springframework.web.context.support.StandardServletEnvironment - Adding [systemProperties] PropertySource with lowest search precedence
01:56:06.435 [main] DEBUG org.springframework.web.context.support.StandardServletEnvironment - Adding [systemEnvironment] PropertySource with lowest search precedence
01:56:06.436 [main] DEBUG org.springframework.web.context.support.StandardServletEnvironment - Initialized StandardServletEnvironment with PropertySources [servletConfigInitParams,servletContextInitParams,systemProperties,systemEnvironment]
01:56:06.436 [main] DEBUG org.springframework.test.context.web.AnnotationConfigWebContextLoader - Registering annotated classes: {class com.bookstore.datalayer.config.RepositorySpringConfiguration}
01:56:06.789 [main] INFO org.springframework.web.context.support.GenericWebApplicationContext - Refreshing org.springframework.web.context.support.GenericWebApplicationContext@48a242ce: startup date [Fri Dec 22 01:56:06 EET 2017]; root of context hierarchy
01:56:06.821 [main] DEBUG org.springframework.web.context.support.StandardServletEnvironment - Replacing [servletContextInitParams] PropertySource with [servletContextInitParams]
01:56:06.822 [main] DEBUG org.springframework.web.context.support.GenericWebApplicationContext - Bean factory for org.springframework.web.context.support.GenericWebApplicationContext@48a242ce: org.springframework.beans.factory.support.DefaultListableBeanFactory@16e7dcfd: defining beans [org.springframework.context.annotation.internalConfigurationAnnotationProcessor,org.springframework.context.annotation.internalAutowiredAnnotationProcessor,org.springframework.context.annotation.internalRequiredAnnotationProcessor,org.springframework.context.annotation.internalCommonAnnotationProcessor,org.springframework.context.annotation.internalPersistenceAnnotationProcessor,org.springframework.context.event.internalEventListenerProcessor,org.springframework.context.event.internalEventListenerFactory,repositorySpringConfiguration]; root of factory hierarchy
01:56:06.880 [main] DEBUG org.springframework.beans.factory.support.DefaultListableBeanFactory - Registering scope 'request' with implementation [org.springframework.web.context.request.RequestScope@4313f5bc]
01:56:06.881 [main] DEBUG org.springframework.beans.factory.support.DefaultListableBeanFactory - Registering scope 'session' with implementation [org.springframework.web.context.request.SessionScope@2b6faea6]
01:56:06.881 [main] DEBUG org.springframework.beans.factory.support.DefaultListableBeanFactory - Registering scope 'globalSession' with implementation [org.springframework.web.context.request.SessionScope@778d1062]
01:56:06.883 [main] DEBUG org.springframework.beans.factory.support.DefaultListableBeanFactory - Registering scope 'application' with implementation [org.springframework.web.context.support.ServletContextScope@49c386c8]
01:56:06.943 [main] DEBUG org.springframework.beans.factory.support.DefaultListableBeanFactory - Creating shared instance of singleton bean 'org.springframework.context.annotation.internalConfigurationAnnotationProcessor'
01:56:06.943 [main] DEBUG org.springframework.beans.factory.support.DefaultListableBeanFactory - Creating instance of bean 'org.springframework.context.annotation.internalConfigurationAnnotationProcessor'
01:56:07.037 [main] DEBUG org.springframework.beans.factory.support.DefaultListableBeanFactory - Eagerly caching bean 'org.springframework.context.annotation.internalConfigurationAnnotationProcessor' to allow for resolving potential circular references
01:56:07.040 [main] DEBUG org.springframework.beans.factory.support.DefaultListableBeanFactory - Finished creating instance of bean 'org.springframework.context.annotation.internalConfigurationAnnotationProcessor'
01:56:07.122 [main] DEBUG org.springframework.context.annotation.ClassPathBeanDefinitionScanner - JSR-250 'javax.annotation.ManagedBean' found and supported for component scanning
01:56:07.125 [main] DEBUG org.springframework.core.io.support.PathMatchingResourcePatternResolver - Resolved classpath location [com/bookstore/] to resources [URL [file:/Users/batux/Downloads/Bookstore_Web/target/test-classes/com/bookstore/], URL [file:/Users/batux/Downloads/Bookstore_Web/target/classes/com/bookstore/]]
01:56:07.126 [main] DEBUG org.springframework.core.io.support.PathMatchingResourcePatternResolver - Looking for matching resources in directory tree [/Users/batux/Downloads/Bookstore_Web/target/test-classes/com/bookstore]
01:56:07.127 [main] DEBUG org.springframework.core.io.support.PathMatchingResourcePatternResolver - Searching directory [/Users/batux/Downloads/Bookstore_Web/target/test-classes/com/bookstore] for files matching pattern [/Users/batux/Downloads/Bookstore_Web/target/test-classes/com/bookstore/**/*.class]
01:56:07.129 [main] DEBUG org.springframework.core.io.support.PathMatchingResourcePatternResolver - Searching directory [/Users/batux/Downloads/Bookstore_Web/target/test-classes/com/bookstore/test] for files matching pattern [/Users/batux/Downloads/Bookstore_Web/target/test-classes/com/bookstore/**/*.class]
01:56:07.130 [main] DEBUG org.springframework.core.io.support.PathMatchingResourcePatternResolver - Searching directory [/Users/batux/Downloads/Bookstore_Web/target/test-classes/com/bookstore/test/user] for files matching pattern [/Users/batux/Downloads/Bookstore_Web/target/test-classes/com/bookstore/**/*.class]
01:56:07.132 [main] DEBUG org.springframework.core.io.support.PathMatchingResourcePatternResolver - Looking for matching resources in directory tree [/Users/batux/Downloads/Bookstore_Web/target/classes/com/bookstore]
01:56:07.132 [main] DEBUG org.springframework.core.io.support.PathMatchingResourcePatternResolver - Searching directory [/Users/batux/Downloads/Bookstore_Web/target/classes/com/bookstore] for files matching pattern [/Users/batux/Downloads/Bookstore_Web/target/classes/com/bookstore/**/*.class]
01:56:07.132 [main] DEBUG org.springframework.core.io.support.PathMatchingResourcePatternResolver - Searching directory [/Users/batux/Downloads/Bookstore_Web/target/classes/com/bookstore/datalayer] for files matching pattern [/Users/batux/Downloads/Bookstore_Web/target/classes/com/bookstore/**/*.class]
01:56:07.133 [main] DEBUG org.springframework.core.io.support.PathMatchingResourcePatternResolver - Searching directory [/Users/batux/Downloads/Bookstore_Web/target/classes/com/bookstore/datalayer/config] for files matching pattern [/Users/batux/Downloads/Bookstore_Web/target/classes/com/bookstore/**/*.class]
01:56:07.133 [main] DEBUG org.springframework.core.io.support.PathMatchingResourcePatternResolver - Searching directory [/Users/batux/Downloads/Bookstore_Web/target/classes/com/bookstore/datalayer/entity] for files matching pattern [/Users/batux/Downloads/Bookstore_Web/target/classes/com/bookstore/**/*.class]
01:56:07.134 [main] DEBUG org.springframework.core.io.support.PathMatchingResourcePatternResolver - Searching directory [/Users/batux/Downloads/Bookstore_Web/target/classes/com/bookstore/datalayer/repository] for files matching pattern [/Users/batux/Downloads/Bookstore_Web/target/classes/com/bookstore/**/*.class]
01:56:07.135 [main] DEBUG org.springframework.core.io.support.PathMatchingResourcePatternResolver - Searching directory [/Users/batux/Downloads/Bookstore_Web/target/classes/com/bookstore/servicelayer] for files matching pattern [/Users/batux/Downloads/Bookstore_Web/target/classes/com/bookstore/**/*.class]
01:56:07.136 [main] DEBUG org.springframework.core.io.support.PathMatchingResourcePatternResolver - Searching directory [/Users/batux/Downloads/Bookstore_Web/target/classes/com/bookstore/weblayer] for files matching pattern [/Users/batux/Downloads/Bookstore_Web/target/classes/com/bookstore/**/*.class]
01:56:07.136 [main] DEBUG org.springframework.core.io.support.PathMatchingResourcePatternResolver - Searching directory [/Users/batux/Downloads/Bookstore_Web/target/classes/com/bookstore/weblayer/model] for files matching pattern [/Users/batux/Downloads/Bookstore_Web/target/classes/com/bookstore/**/*.class]
01:56:07.137 [main] DEBUG org.springframework.core.io.support.PathMatchingResourcePatternResolver - Resolved location pattern [classpath*:com/bookstore/**/*.class] to resources [file [/Users/batux/Downloads/Bookstore_Web/target/test-classes/com/bookstore/test/user/BookTagUnitTest.class], file [/Users/batux/Downloads/Bookstore_Web/target/test-classes/com/bookstore/test/user/RoleUnitTest.class], file [/Users/batux/Downloads/Bookstore_Web/target/test-classes/com/bookstore/test/user/UserBookTest.class], file [/Users/batux/Downloads/Bookstore_Web/target/test-classes/com/bookstore/test/user/UserUnitTest.class], file [/Users/batux/Downloads/Bookstore_Web/target/classes/com/bookstore/datalayer/config/RepositorySpringConfiguration.class], file [/Users/batux/Downloads/Bookstore_Web/target/classes/com/bookstore/datalayer/entity/Book.class], file [/Users/batux/Downloads/Bookstore_Web/target/classes/com/bookstore/datalayer/entity/BookTag.class], file [/Users/batux/Downloads/Bookstore_Web/target/classes/com/bookstore/datalayer/entity/BookTagId.class], file [/Users/batux/Downloads/Bookstore_Web/target/classes/com/bookstore/datalayer/entity/Role.class], file [/Users/batux/Downloads/Bookstore_Web/target/classes/com/bookstore/datalayer/entity/Tag.class], file [/Users/batux/Downloads/Bookstore_Web/target/classes/com/bookstore/datalayer/entity/User.class], file [/Users/batux/Downloads/Bookstore_Web/target/classes/com/bookstore/datalayer/entity/UserBook.class], file [/Users/batux/Downloads/Bookstore_Web/target/classes/com/bookstore/datalayer/entity/UserRole.class], file [/Users/batux/Downloads/Bookstore_Web/target/classes/com/bookstore/datalayer/repository/BookRepository.class], file [/Users/batux/Downloads/Bookstore_Web/target/classes/com/bookstore/datalayer/repository/BookTagQueryRepository.class], file [/Users/batux/Downloads/Bookstore_Web/target/classes/com/bookstore/datalayer/repository/BookTagRepository.class], file [/Users/batux/Downloads/Bookstore_Web/target/classes/com/bookstore/datalayer/repository/RoleRepository.class], file [/Users/batux/Downloads/Bookstore_Web/target/classes/com/bookstore/datalayer/repository/TagRepository.class], file [/Users/batux/Downloads/Bookstore_Web/target/classes/com/bookstore/datalayer/repository/UserBookRepository.class], file [/Users/batux/Downloads/Bookstore_Web/target/classes/com/bookstore/datalayer/repository/UserRepository.class], file [/Users/batux/Downloads/Bookstore_Web/target/classes/com/bookstore/servicelayer/BookService.class], file [/Users/batux/Downloads/Bookstore_Web/target/classes/com/bookstore/servicelayer/RoleService.class], file [/Users/batux/Downloads/Bookstore_Web/target/classes/com/bookstore/servicelayer/UserService.class], file [/Users/batux/Downloads/Bookstore_Web/target/classes/com/bookstore/weblayer/BookStoreController.class], file [/Users/batux/Downloads/Bookstore_Web/target/classes/com/bookstore/weblayer/model/BookTagPair.class], file [/Users/batux/Downloads/Bookstore_Web/target/classes/com/bookstore/weblayer/model/Registration.class], file [/Users/batux/Downloads/Bookstore_Web/target/classes/com/bookstore/weblayer/model/UserAuthentication.class]]
01:56:07.204 [main] DEBUG org.springframework.context.annotation.ClassPathBeanDefinitionScanner - Identified candidate component class: file [/Users/batux/Downloads/Bookstore_Web/target/classes/com/bookstore/datalayer/repository/BookTagQueryRepository.class]
01:56:07.205 [main] DEBUG org.springframework.context.annotation.ClassPathBeanDefinitionScanner - Ignored because not a concrete top-level class: file [/Users/batux/Downloads/Bookstore_Web/target/classes/com/bookstore/datalayer/repository/BookTagRepository.class]
01:56:07.206 [main] DEBUG org.springframework.context.annotation.ClassPathBeanDefinitionScanner - Ignored because not a concrete top-level class: file [/Users/batux/Downloads/Bookstore_Web/target/classes/com/bookstore/datalayer/repository/RoleRepository.class]
01:56:07.206 [main] DEBUG org.springframework.context.annotation.ClassPathBeanDefinitionScanner - Ignored because not a concrete top-level class: file [/Users/batux/Downloads/Bookstore_Web/target/classes/com/bookstore/datalayer/repository/TagRepository.class]
01:56:07.206 [main] DEBUG org.springframework.context.annotation.ClassPathBeanDefinitionScanner - Ignored because not a concrete top-level class: file [/Users/batux/Downloads/Bookstore_Web/target/classes/com/bookstore/datalayer/repository/UserBookRepository.class]
01:56:07.206 [main] DEBUG org.springframework.context.annotation.ClassPathBeanDefinitionScanner - Ignored because not a concrete top-level class: file [/Users/batux/Downloads/Bookstore_Web/target/classes/com/bookstore/datalayer/repository/UserRepository.class]
01:56:07.209 [main] DEBUG org.springframework.context.annotation.ClassPathBeanDefinitionScanner - Identified candidate component class: file [/Users/batux/Downloads/Bookstore_Web/target/classes/com/bookstore/servicelayer/BookService.class]
01:56:07.211 [main] DEBUG org.springframework.context.annotation.ClassPathBeanDefinitionScanner - Identified candidate component class: file [/Users/batux/Downloads/Bookstore_Web/target/classes/com/bookstore/servicelayer/RoleService.class]
01:56:07.212 [main] DEBUG org.springframework.context.annotation.ClassPathBeanDefinitionScanner - Identified candidate component class: file [/Users/batux/Downloads/Bookstore_Web/target/classes/com/bookstore/servicelayer/UserService.class]
01:56:07.247 [main] DEBUG org.springframework.context.annotation.ClassPathBeanDefinitionScanner - Identified candidate component class: file [/Users/batux/Downloads/Bookstore_Web/target/classes/com/bookstore/weblayer/BookStoreController.class]
01:56:07.499 [main] DEBUG org.springframework.context.annotation.ConfigurationClassBeanDefinitionReader - Registered bean definition for imported class 'org.springframework.web.servlet.config.annotation.DelegatingWebMvcConfiguration'
01:56:07.503 [main] DEBUG org.springframework.context.annotation.ConfigurationClassBeanDefinitionReader - Registering bean definition for @Bean method org.springframework.web.servlet.config.annotation.DelegatingWebMvcConfiguration.requestMappingHandlerMapping()
01:56:07.504 [main] DEBUG org.springframework.context.annotation.ConfigurationClassBeanDefinitionReader - Registering bean definition for @Bean method org.springframework.web.servlet.config.annotation.DelegatingWebMvcConfiguration.mvcPathMatcher()
01:56:07.505 [main] DEBUG org.springframework.context.annotation.ConfigurationClassBeanDefinitionReader - Registering bean definition for @Bean method org.springframework.web.servlet.config.annotation.DelegatingWebMvcConfiguration.mvcUrlPathHelper()
01:56:07.506 [main] DEBUG org.springframework.context.annotation.ConfigurationClassBeanDefinitionReader - Registering bean definition for @Bean method org.springframework.web.servlet.config.annotation.DelegatingWebMvcConfiguration.mvcContentNegotiationManager()
01:56:07.507 [main] DEBUG org.springframework.context.annotation.ConfigurationClassBeanDefinitionReader - Registering bean definition for @Bean method org.springframework.web.servlet.config.annotation.DelegatingWebMvcConfiguration.viewControllerHandlerMapping()
01:56:07.508 [main] DEBUG org.springframework.context.annotation.ConfigurationClassBeanDefinitionReader - Registering bean definition for @Bean method org.springframework.web.servlet.config.annotation.DelegatingWebMvcConfiguration.beanNameHandlerMapping()
01:56:07.508 [main] DEBUG org.springframework.context.annotation.ConfigurationClassBeanDefinitionReader - Registering bean definition for @Bean method org.springframework.web.servlet.config.annotation.DelegatingWebMvcConfiguration.resourceHandlerMapping()
01:56:07.509 [main] DEBUG org.springframework.context.annotation.ConfigurationClassBeanDefinitionReader - Registering bean definition for @Bean method org.springframework.web.servlet.config.annotation.DelegatingWebMvcConfiguration.mvcResourceUrlProvider()
01:56:07.509 [main] DEBUG org.springframework.context.annotation.ConfigurationClassBeanDefinitionReader - Registering bean definition for @Bean method org.springframework.web.servlet.config.annotation.DelegatingWebMvcConfiguration.defaultServletHandlerMapping()
01:56:07.510 [main] DEBUG org.springframework.context.annotation.ConfigurationClassBeanDefinitionReader - Registering bean definition for @Bean method org.springframework.web.servlet.config.annotation.DelegatingWebMvcConfiguration.requestMappingHandlerAdapter()
01:56:07.510 [main] DEBUG org.springframework.context.annotation.ConfigurationClassBeanDefinitionReader - Registering bean definition for @Bean method org.springframework.web.servlet.config.annotation.DelegatingWebMvcConfiguration.mvcConversionService()
01:56:07.511 [main] DEBUG org.springframework.context.annotation.ConfigurationClassBeanDefinitionReader - Registering bean definition for @Bean method org.springframework.web.servlet.config.annotation.DelegatingWebMvcConfiguration.mvcValidator()
01:56:07.511 [main] DEBUG org.springframework.context.annotation.ConfigurationClassBeanDefinitionReader - Registering bean definition for @Bean method org.springframework.web.servlet.config.annotation.DelegatingWebMvcConfiguration.mvcUriComponentsContributor()
01:56:07.512 [main] DEBUG org.springframework.context.annotation.ConfigurationClassBeanDefinitionReader - Registering bean definition for @Bean method org.springframework.web.servlet.config.annotation.DelegatingWebMvcConfiguration.httpRequestHandlerAdapter()
01:56:07.513 [main] DEBUG org.springframework.context.annotation.ConfigurationClassBeanDefinitionReader - Registering bean definition for @Bean method org.springframework.web.servlet.config.annotation.DelegatingWebMvcConfiguration.simpleControllerHandlerAdapter()
01:56:07.515 [main] DEBUG org.springframework.context.annotation.ConfigurationClassBeanDefinitionReader - Registering bean definition for @Bean method org.springframework.web.servlet.config.annotation.DelegatingWebMvcConfiguration.handlerExceptionResolver()
01:56:07.516 [main] DEBUG org.springframework.context.annotation.ConfigurationClassBeanDefinitionReader - Registering bean definition for @Bean method org.springframework.web.servlet.config.annotation.DelegatingWebMvcConfiguration.mvcViewResolver()
01:56:07.516 [main] DEBUG org.springframework.context.annotation.ConfigurationClassBeanDefinitionReader - Registered bean definition for imported class 'org.springframework.transaction.annotation.ProxyTransactionManagementConfiguration'
01:56:07.517 [main] DEBUG org.springframework.context.annotation.ConfigurationClassBeanDefinitionReader - Registering bean definition for @Bean method org.springframework.transaction.annotation.ProxyTransactionManagementConfiguration.org.springframework.transaction.config.internalTransactionAdvisor()
01:56:07.517 [main] DEBUG org.springframework.context.annotation.ConfigurationClassBeanDefinitionReader - Registering bean definition for @Bean method org.springframework.transaction.annotation.ProxyTransactionManagementConfiguration.transactionAttributeSource()
01:56:07.517 [main] DEBUG org.springframework.context.annotation.ConfigurationClassBeanDefinitionReader - Registering bean definition for @Bean method org.springframework.transaction.annotation.ProxyTransactionManagementConfiguration.transactionInterceptor()
01:56:07.518 [main] DEBUG org.springframework.context.annotation.ConfigurationClassBeanDefinitionReader - Registering bean definition for @Bean method org.springframework.transaction.annotation.ProxyTransactionManagementConfiguration.org.springframework.transaction.config.internalTransactionalEventListenerFactory()
01:56:07.519 [main] DEBUG org.springframework.context.annotation.ConfigurationClassBeanDefinitionReader - Registering bean definition for @Bean method com.bookstore.datalayer.config.RepositorySpringConfiguration.dataSource()
01:56:07.519 [main] DEBUG org.springframework.context.annotation.ConfigurationClassBeanDefinitionReader - Registering bean definition for @Bean method com.bookstore.datalayer.config.RepositorySpringConfiguration.jdbcTemplate()
01:56:07.520 [main] DEBUG org.springframework.context.annotation.ConfigurationClassBeanDefinitionReader - Registering bean definition for @Bean method com.bookstore.datalayer.config.RepositorySpringConfiguration.entityManagerFactory()
01:56:07.521 [main] DEBUG org.springframework.context.annotation.ConfigurationClassBeanDefinitionReader - Registering bean definition for @Bean method com.bookstore.datalayer.config.RepositorySpringConfiguration.transactionManager()
01:56:07.521 [main] DEBUG org.springframework.context.annotation.ConfigurationClassBeanDefinitionReader - Registering bean definition for @Bean method com.bookstore.datalayer.config.RepositorySpringConfiguration.hibernateExceptionTranslator()
01:56:07.578 [main] DEBUG org.springframework.core.env.StandardEnvironment - Adding [systemProperties] PropertySource with lowest search precedence
01:56:07.579 [main] DEBUG org.springframework.core.env.StandardEnvironment - Adding [systemEnvironment] PropertySource with lowest search precedence
01:56:07.579 [main] DEBUG org.springframework.core.env.StandardEnvironment - Initialized StandardEnvironment with PropertySources [systemProperties,systemEnvironment]
01:56:07.581 [main] DEBUG org.springframework.core.io.support.PathMatchingResourcePatternResolver - Resolved classpath location [com/bookstore/] to resources [URL [file:/Users/batux/Downloads/Bookstore_Web/target/test-classes/com/bookstore/], URL [file:/Users/batux/Downloads/Bookstore_Web/target/classes/com/bookstore/]]
01:56:07.582 [main] DEBUG org.springframework.core.io.support.PathMatchingResourcePatternResolver - Looking for matching resources in directory tree [/Users/batux/Downloads/Bookstore_Web/target/test-classes/com/bookstore]
01:56:07.582 [main] DEBUG org.springframework.core.io.support.PathMatchingResourcePatternResolver - Searching directory [/Users/batux/Downloads/Bookstore_Web/target/test-classes/com/bookstore] for files matching pattern [/Users/batux/Downloads/Bookstore_Web/target/test-classes/com/bookstore/**/*.class]
01:56:07.582 [main] DEBUG org.springframework.core.io.support.PathMatchingResourcePatternResolver - Searching directory [/Users/batux/Downloads/Bookstore_Web/target/test-classes/com/bookstore/test] for files matching pattern [/Users/batux/Downloads/Bookstore_Web/target/test-classes/com/bookstore/**/*.class]
01:56:07.583 [main] DEBUG org.springframework.core.io.support.PathMatchingResourcePatternResolver - Searching directory [/Users/batux/Downloads/Bookstore_Web/target/test-classes/com/bookstore/test/user] for files matching pattern [/Users/batux/Downloads/Bookstore_Web/target/test-classes/com/bookstore/**/*.class]
01:56:07.583 [main] DEBUG org.springframework.core.io.support.PathMatchingResourcePatternResolver - Looking for matching resources in directory tree [/Users/batux/Downloads/Bookstore_Web/target/classes/com/bookstore]
01:56:07.584 [main] DEBUG org.springframework.core.io.support.PathMatchingResourcePatternResolver - Searching directory [/Users/batux/Downloads/Bookstore_Web/target/classes/com/bookstore] for files matching pattern [/Users/batux/Downloads/Bookstore_Web/target/classes/com/bookstore/**/*.class]
01:56:07.584 [main] DEBUG org.springframework.core.io.support.PathMatchingResourcePatternResolver - Searching directory [/Users/batux/Downloads/Bookstore_Web/target/classes/com/bookstore/datalayer] for files matching pattern [/Users/batux/Downloads/Bookstore_Web/target/classes/com/bookstore/**/*.class]
01:56:07.584 [main] DEBUG org.springframework.core.io.support.PathMatchingResourcePatternResolver - Searching directory [/Users/batux/Downloads/Bookstore_Web/target/classes/com/bookstore/datalayer/config] for files matching pattern [/Users/batux/Downloads/Bookstore_Web/target/classes/com/bookstore/**/*.class]
01:56:07.585 [main] DEBUG org.springframework.core.io.support.PathMatchingResourcePatternResolver - Searching directory [/Users/batux/Downloads/Bookstore_Web/target/classes/com/bookstore/datalayer/entity] for files matching pattern [/Users/batux/Downloads/Bookstore_Web/target/classes/com/bookstore/**/*.class]
01:56:07.589 [main] DEBUG org.springframework.core.io.support.PathMatchingResourcePatternResolver - Searching directory [/Users/batux/Downloads/Bookstore_Web/target/classes/com/bookstore/datalayer/repository] for files matching pattern [/Users/batux/Downloads/Bookstore_Web/target/classes/com/bookstore/**/*.class]
01:56:07.590 [main] DEBUG org.springframework.core.io.support.PathMatchingResourcePatternResolver - Searching directory [/Users/batux/Downloads/Bookstore_Web/target/classes/com/bookstore/servicelayer] for files matching pattern [/Users/batux/Downloads/Bookstore_Web/target/classes/com/bookstore/**/*.class]
01:56:07.591 [main] DEBUG org.springframework.core.io.support.PathMatchingResourcePatternResolver - Searching directory [/Users/batux/Downloads/Bookstore_Web/target/classes/com/bookstore/weblayer] for files matching pattern [/Users/batux/Downloads/Bookstore_Web/target/classes/com/bookstore/**/*.class]
01:56:07.591 [main] DEBUG org.springframework.core.io.support.PathMatchingResourcePatternResolver - Searching directory [/Users/batux/Downloads/Bookstore_Web/target/classes/com/bookstore/weblayer/model] for files matching pattern [/Users/batux/Downloads/Bookstore_Web/target/classes/com/bookstore/**/*.class]
01:56:07.592 [main] DEBUG org.springframework.core.io.support.PathMatchingResourcePatternResolver - Resolved location pattern [classpath*:com/bookstore/**/*.class] to resources [file [/Users/batux/Downloads/Bookstore_Web/target/test-classes/com/bookstore/test/user/BookTagUnitTest.class], file [/Users/batux/Downloads/Bookstore_Web/target/test-classes/com/bookstore/test/user/RoleUnitTest.class], file [/Users/batux/Downloads/Bookstore_Web/target/test-classes/com/bookstore/test/user/UserBookTest.class], file [/Users/batux/Downloads/Bookstore_Web/target/test-classes/com/bookstore/test/user/UserUnitTest.class], file [/Users/batux/Downloads/Bookstore_Web/target/classes/com/bookstore/datalayer/config/RepositorySpringConfiguration.class], file [/Users/batux/Downloads/Bookstore_Web/target/classes/com/bookstore/datalayer/entity/Book.class], file [/Users/batux/Downloads/Bookstore_Web/target/classes/com/bookstore/datalayer/entity/BookTag.class], file [/Users/batux/Downloads/Bookstore_Web/target/classes/com/bookstore/datalayer/entity/BookTagId.class], file [/Users/batux/Downloads/Bookstore_Web/target/classes/com/bookstore/datalayer/entity/Role.class], file [/Users/batux/Downloads/Bookstore_Web/target/classes/com/bookstore/datalayer/entity/Tag.class], file [/Users/batux/Downloads/Bookstore_Web/target/classes/com/bookstore/datalayer/entity/User.class], file [/Users/batux/Downloads/Bookstore_Web/target/classes/com/bookstore/datalayer/entity/UserBook.class], file [/Users/batux/Downloads/Bookstore_Web/target/classes/com/bookstore/datalayer/entity/UserRole.class], file [/Users/batux/Downloads/Bookstore_Web/target/classes/com/bookstore/datalayer/repository/BookRepository.class], file [/Users/batux/Downloads/Bookstore_Web/target/classes/com/bookstore/datalayer/repository/BookTagQueryRepository.class], file [/Users/batux/Downloads/Bookstore_Web/target/classes/com/bookstore/datalayer/repository/BookTagRepository.class], file [/Users/batux/Downloads/Bookstore_Web/target/classes/com/bookstore/datalayer/repository/RoleRepository.class], file [/Users/batux/Downloads/Bookstore_Web/target/classes/com/bookstore/datalayer/repository/TagRepository.class], file [/Users/batux/Downloads/Bookstore_Web/target/classes/com/bookstore/datalayer/repository/UserBookRepository.class], file [/Users/batux/Downloads/Bookstore_Web/target/classes/com/bookstore/datalayer/repository/UserRepository.class], file [/Users/batux/Downloads/Bookstore_Web/target/classes/com/bookstore/servicelayer/BookService.class], file [/Users/batux/Downloads/Bookstore_Web/target/classes/com/bookstore/servicelayer/RoleService.class], file [/Users/batux/Downloads/Bookstore_Web/target/classes/com/bookstore/servicelayer/UserService.class], file [/Users/batux/Downloads/Bookstore_Web/target/classes/com/bookstore/weblayer/BookStoreController.class], file [/Users/batux/Downloads/Bookstore_Web/target/classes/com/bookstore/weblayer/model/BookTagPair.class], file [/Users/batux/Downloads/Bookstore_Web/target/classes/com/bookstore/weblayer/model/Registration.class], file [/Users/batux/Downloads/Bookstore_Web/target/classes/com/bookstore/weblayer/model/UserAuthentication.class]]
01:56:07.606 [main] DEBUG org.springframework.data.repository.config.RepositoryComponentProvider - Identified candidate component class: file [/Users/batux/Downloads/Bookstore_Web/target/classes/com/bookstore/datalayer/repository/BookRepository.class]
01:56:07.607 [main] DEBUG org.springframework.data.repository.config.RepositoryComponentProvider - Identified candidate component class: file [/Users/batux/Downloads/Bookstore_Web/target/classes/com/bookstore/datalayer/repository/BookTagRepository.class]
01:56:07.608 [main] DEBUG org.springframework.data.repository.config.RepositoryComponentProvider - Identified candidate component class: file [/Users/batux/Downloads/Bookstore_Web/target/classes/com/bookstore/datalayer/repository/RoleRepository.class]
01:56:07.608 [main] DEBUG org.springframework.data.repository.config.RepositoryComponentProvider - Identified candidate component class: file [/Users/batux/Downloads/Bookstore_Web/target/classes/com/bookstore/datalayer/repository/TagRepository.class]
01:56:07.609 [main] DEBUG org.springframework.data.repository.config.RepositoryComponentProvider - Identified candidate component class: file [/Users/batux/Downloads/Bookstore_Web/target/classes/com/bookstore/datalayer/repository/UserBookRepository.class]
01:56:07.610 [main] DEBUG org.springframework.data.repository.config.RepositoryComponentProvider - Identified candidate component class: file [/Users/batux/Downloads/Bookstore_Web/target/classes/com/bookstore/datalayer/repository/UserRepository.class]
01:56:07.622 [main] DEBUG org.springframework.core.env.StandardEnvironment - Adding [systemProperties] PropertySource with lowest search precedence
01:56:07.623 [main] DEBUG org.springframework.core.env.StandardEnvironment - Adding [systemEnvironment] PropertySource with lowest search precedence
01:56:07.623 [main] DEBUG org.springframework.core.env.StandardEnvironment - Initialized StandardEnvironment with PropertySources [systemProperties,systemEnvironment]
01:56:07.624 [main] DEBUG org.springframework.core.io.support.PathMatchingResourcePatternResolver - Resolved classpath location [com/bookstore/] to resources [URL [file:/Users/batux/Downloads/Bookstore_Web/target/test-classes/com/bookstore/], URL [file:/Users/batux/Downloads/Bookstore_Web/target/classes/com/bookstore/]]
01:56:07.625 [main] DEBUG org.springframework.core.io.support.PathMatchingResourcePatternResolver - Looking for matching resources in directory tree [/Users/batux/Downloads/Bookstore_Web/target/test-classes/com/bookstore]
01:56:07.625 [main] DEBUG org.springframework.core.io.support.PathMatchingResourcePatternResolver - Searching directory [/Users/batux/Downloads/Bookstore_Web/target/test-classes/com/bookstore] for files matching pattern [/Users/batux/Downloads/Bookstore_Web/target/test-classes/com/bookstore/**/*BookTagRepositoryImpl.class]
01:56:07.625 [main] DEBUG org.springframework.core.io.support.PathMatchingResourcePatternResolver - Searching directory [/Users/batux/Downloads/Bookstore_Web/target/test-classes/com/bookstore/test] for files matching pattern [/Users/batux/Downloads/Bookstore_Web/target/test-classes/com/bookstore/**/*BookTagRepositoryImpl.class]
01:56:07.625 [main] DEBUG org.springframework.core.io.support.PathMatchingResourcePatternResolver - Searching directory [/Users/batux/Downloads/Bookstore_Web/target/test-classes/com/bookstore/test/user] for files matching pattern [/Users/batux/Downloads/Bookstore_Web/target/test-classes/com/bookstore/**/*BookTagRepositoryImpl.class]
01:56:07.626 [main] DEBUG org.springframework.core.io.support.PathMatchingResourcePatternResolver - Looking for matching resources in directory tree [/Users/batux/Downloads/Bookstore_Web/target/classes/com/bookstore]
01:56:07.626 [main] DEBUG org.springframework.core.io.support.PathMatchingResourcePatternResolver - Searching directory [/Users/batux/Downloads/Bookstore_Web/target/classes/com/bookstore] for files matching pattern [/Users/batux/Downloads/Bookstore_Web/target/classes/com/bookstore/**/*BookTagRepositoryImpl.class]
01:56:07.627 [main] DEBUG org.springframework.core.io.support.PathMatchingResourcePatternResolver - Searching directory [/Users/batux/Downloads/Bookstore_Web/target/classes/com/bookstore/datalayer] for files matching pattern [/Users/batux/Downloads/Bookstore_Web/target/classes/com/bookstore/**/*BookTagRepositoryImpl.class]
01:56:07.627 [main] DEBUG org.springframework.core.io.support.PathMatchingResourcePatternResolver - Searching directory [/Users/batux/Downloads/Bookstore_Web/target/classes/com/bookstore/datalayer/config] for files matching pattern [/Users/batux/Downloads/Bookstore_Web/target/classes/com/bookstore/**/*BookTagRepositoryImpl.class]
01:56:07.628 [main] DEBUG org.springframework.core.io.support.PathMatchingResourcePatternResolver - Searching directory [/Users/batux/Downloads/Bookstore_Web/target/classes/com/bookstore/datalayer/entity] for files matching pattern [/Users/batux/Downloads/Bookstore_Web/target/classes/com/bookstore/**/*BookTagRepositoryImpl.class]
01:56:07.629 [main] DEBUG org.springframework.core.io.support.PathMatchingResourcePatternResolver - Searching directory [/Users/batux/Downloads/Bookstore_Web/target/classes/com/bookstore/datalayer/repository] for files matching pattern [/Users/batux/Downloads/Bookstore_Web/target/classes/com/bookstore/**/*BookTagRepositoryImpl.class]
01:56:07.630 [main] DEBUG org.springframework.core.io.support.PathMatchingResourcePatternResolver - Searching directory [/Users/batux/Downloads/Bookstore_Web/target/classes/com/bookstore/servicelayer] for files matching pattern [/Users/batux/Downloads/Bookstore_Web/target/classes/com/bookstore/**/*BookTagRepositoryImpl.class]
01:56:07.630 [main] DEBUG org.springframework.core.io.support.PathMatchingResourcePatternResolver - Searching directory [/Users/batux/Downloads/Bookstore_Web/target/classes/com/bookstore/weblayer] for files matching pattern [/Users/batux/Downloads/Bookstore_Web/target/classes/com/bookstore/**/*BookTagRepositoryImpl.class]
01:56:07.631 [main] DEBUG org.springframework.core.io.support.PathMatchingResourcePatternResolver - Searching directory [/Users/batux/Downloads/Bookstore_Web/target/classes/com/bookstore/weblayer/model] for files matching pattern [/Users/batux/Downloads/Bookstore_Web/target/classes/com/bookstore/**/*BookTagRepositoryImpl.class]
01:56:07.631 [main] DEBUG org.springframework.core.io.support.PathMatchingResourcePatternResolver - Resolved location pattern [classpath*:com/bookstore/**/*BookTagRepositoryImpl.class] to resources []
01:56:07.642 [main] DEBUG org.springframework.data.repository.config.RepositoryConfigurationDelegate - Spring Data JPA - Registering repository: bookTagRepository - Interface: com.bookstore.datalayer.repository.BookTagRepository - Factory: org.springframework.data.jpa.repository.support.JpaRepositoryFactoryBean
01:56:07.652 [main] DEBUG org.springframework.core.env.StandardEnvironment - Adding [systemProperties] PropertySource with lowest search precedence
01:56:07.653 [main] DEBUG org.springframework.core.env.StandardEnvironment - Adding [systemEnvironment] PropertySource with lowest search precedence
01:56:07.653 [main] DEBUG org.springframework.core.env.StandardEnvironment - Initialized StandardEnvironment with PropertySources [systemProperties,systemEnvironment]
01:56:07.653 [main] DEBUG org.springframework.core.io.support.PathMatchingResourcePatternResolver - Resolved classpath location [com/bookstore/] to resources [URL [file:/Users/batux/Downloads/Bookstore_Web/target/test-classes/com/bookstore/], URL [file:/Users/batux/Downloads/Bookstore_Web/target/classes/com/bookstore/]]
01:56:07.653 [main] DEBUG org.springframework.core.io.support.PathMatchingResourcePatternResolver - Looking for matching resources in directory tree [/Users/batux/Downloads/Bookstore_Web/target/test-classes/com/bookstore]
01:56:07.653 [main] DEBUG org.springframework.core.io.support.PathMatchingResourcePatternResolver - Searching directory [/Users/batux/Downloads/Bookstore_Web/target/test-classes/com/bookstore] for files matching pattern [/Users/batux/Downloads/Bookstore_Web/target/test-classes/com/bookstore/**/*TagRepositoryImpl.class]
01:56:07.654 [main] DEBUG org.springframework.core.io.support.PathMatchingResourcePatternResolver - Searching directory [/Users/batux/Downloads/Bookstore_Web/target/test-classes/com/bookstore/test] for files matching pattern [/Users/batux/Downloads/Bookstore_Web/target/test-classes/com/bookstore/**/*TagRepositoryImpl.class]
01:56:07.654 [main] DEBUG org.springframework.core.io.support.PathMatchingResourcePatternResolver - Searching directory [/Users/batux/Downloads/Bookstore_Web/target/test-classes/com/bookstore/test/user] for files matching pattern [/Users/batux/Downloads/Bookstore_Web/target/test-classes/com/bookstore/**/*TagRepositoryImpl.class]
01:56:07.655 [main] DEBUG org.springframework.core.io.support.PathMatchingResourcePatternResolver - Looking for matching resources in directory tree [/Users/batux/Downloads/Bookstore_Web/target/classes/com/bookstore]
01:56:07.655 [main] DEBUG org.springframework.core.io.support.PathMatchingResourcePatternResolver - Searching directory [/Users/batux/Downloads/Bookstore_Web/target/classes/com/bookstore] for files matching pattern [/Users/batux/Downloads/Bookstore_Web/target/classes/com/bookstore/**/*TagRepositoryImpl.class]
01:56:07.655 [main] DEBUG org.springframework.core.io.support.PathMatchingResourcePatternResolver - Searching directory [/Users/batux/Downloads/Bookstore_Web/target/classes/com/bookstore/datalayer] for files matching pattern [/Users/batux/Downloads/Bookstore_Web/target/classes/com/bookstore/**/*TagRepositoryImpl.class]
01:56:07.655 [main] DEBUG org.springframework.core.io.support.PathMatchingResourcePatternResolver - Searching directory [/Users/batux/Downloads/Bookstore_Web/target/classes/com/bookstore/datalayer/config] for files matching pattern [/Users/batux/Downloads/Bookstore_Web/target/classes/com/bookstore/**/*TagRepositoryImpl.class]
01:56:07.656 [main] DEBUG org.springframework.core.io.support.PathMatchingResourcePatternResolver - Searching directory [/Users/batux/Downloads/Bookstore_Web/target/classes/com/bookstore/datalayer/entity] for files matching pattern [/Users/batux/Downloads/Bookstore_Web/target/classes/com/bookstore/**/*TagRepositoryImpl.class]
01:56:07.657 [main] DEBUG org.springframework.core.io.support.PathMatchingResourcePatternResolver - Searching directory [/Users/batux/Downloads/Bookstore_Web/target/classes/com/bookstore/datalayer/repository] for files matching pattern [/Users/batux/Downloads/Bookstore_Web/target/classes/com/bookstore/**/*TagRepositoryImpl.class]
01:56:07.658 [main] DEBUG org.springframework.core.io.support.PathMatchingResourcePatternResolver - Searching directory [/Users/batux/Downloads/Bookstore_Web/target/classes/com/bookstore/servicelayer] for files matching pattern [/Users/batux/Downloads/Bookstore_Web/target/classes/com/bookstore/**/*TagRepositoryImpl.class]
01:56:07.659 [main] DEBUG org.springframework.core.io.support.PathMatchingResourcePatternResolver - Searching directory [/Users/batux/Downloads/Bookstore_Web/target/classes/com/bookstore/weblayer] for files matching pattern [/Users/batux/Downloads/Bookstore_Web/target/classes/com/bookstore/**/*TagRepositoryImpl.class]
01:56:07.659 [main] DEBUG org.springframework.core.io.support.PathMatchingResourcePatternResolver - Searching directory [/Users/batux/Downloads/Bookstore_Web/target/classes/com/bookstore/weblayer/model] for files matching pattern [/Users/batux/Downloads/Bookstore_Web/target/classes/com/bookstore/**/*TagRepositoryImpl.class]
01:56:07.659 [main] DEBUG org.springframework.core.io.support.PathMatchingResourcePatternResolver - Resolved location pattern [classpath*:com/bookstore/**/*TagRepositoryImpl.class] to resources []
01:56:07.660 [main] DEBUG org.springframework.data.repository.config.RepositoryConfigurationDelegate - Spring Data JPA - Registering repository: tagRepository - Interface: com.bookstore.datalayer.repository.TagRepository - Factory: org.springframework.data.jpa.repository.support.JpaRepositoryFactoryBean
01:56:07.660 [main] DEBUG org.springframework.core.env.StandardEnvironment - Adding [systemProperties] PropertySource with lowest search precedence
01:56:07.660 [main] DEBUG org.springframework.core.env.StandardEnvironment - Adding [systemEnvironment] PropertySource with lowest search precedence
01:56:07.661 [main] DEBUG org.springframework.core.env.StandardEnvironment - Initialized StandardEnvironment with PropertySources [systemProperties,systemEnvironment]
01:56:07.661 [main] DEBUG org.springframework.core.io.support.PathMatchingResourcePatternResolver - Resolved classpath location [com/bookstore/] to resources [URL [file:/Users/batux/Downloads/Bookstore_Web/target/test-classes/com/bookstore/], URL [file:/Users/batux/Downloads/Bookstore_Web/target/classes/com/bookstore/]]
01:56:07.661 [main] DEBUG org.springframework.core.io.support.PathMatchingResourcePatternResolver - Looking for matching resources in directory tree [/Users/batux/Downloads/Bookstore_Web/target/test-classes/com/bookstore]
01:56:07.661 [main] DEBUG org.springframework.core.io.support.PathMatchingResourcePatternResolver - Searching directory [/Users/batux/Downloads/Bookstore_Web/target/test-classes/com/bookstore] for files matching pattern [/Users/batux/Downloads/Bookstore_Web/target/test-classes/com/bookstore/**/*BookRepositoryImpl.class]
01:56:07.661 [main] DEBUG org.springframework.core.io.support.PathMatchingResourcePatternResolver - Searching directory [/Users/batux/Downloads/Bookstore_Web/target/test-classes/com/bookstore/test] for files matching pattern [/Users/batux/Downloads/Bookstore_Web/target/test-classes/com/bookstore/**/*BookRepositoryImpl.class]
01:56:07.662 [main] DEBUG org.springframework.core.io.support.PathMatchingResourcePatternResolver - Searching directory [/Users/batux/Downloads/Bookstore_Web/target/test-classes/com/bookstore/test/user] for files matching pattern [/Users/batux/Downloads/Bookstore_Web/target/test-classes/com/bookstore/**/*BookRepositoryImpl.class]
01:56:07.662 [main] DEBUG org.springframework.core.io.support.PathMatchingResourcePatternResolver - Looking for matching resources in directory tree [/Users/batux/Downloads/Bookstore_Web/target/classes/com/bookstore]
01:56:07.662 [main] DEBUG org.springframework.core.io.support.PathMatchingResourcePatternResolver - Searching directory [/Users/batux/Downloads/Bookstore_Web/target/classes/com/bookstore] for files matching pattern [/Users/batux/Downloads/Bookstore_Web/target/classes/com/bookstore/**/*BookRepositoryImpl.class]
01:56:07.663 [main] DEBUG org.springframework.core.io.support.PathMatchingResourcePatternResolver - Searching directory [/Users/batux/Downloads/Bookstore_Web/target/classes/com/bookstore/datalayer] for files matching pattern [/Users/batux/Downloads/Bookstore_Web/target/classes/com/bookstore/**/*BookRepositoryImpl.class]
01:56:07.663 [main] DEBUG org.springframework.core.io.support.PathMatchingResourcePatternResolver - Searching directory [/Users/batux/Downloads/Bookstore_Web/target/classes/com/bookstore/datalayer/config] for files matching pattern [/Users/batux/Downloads/Bookstore_Web/target/classes/com/bookstore/**/*BookRepositoryImpl.class]
01:56:07.663 [main] DEBUG org.springframework.core.io.support.PathMatchingResourcePatternResolver - Searching directory [/Users/batux/Downloads/Bookstore_Web/target/classes/com/bookstore/datalayer/entity] for files matching pattern [/Users/batux/Downloads/Bookstore_Web/target/classes/com/bookstore/**/*BookRepositoryImpl.class]
01:56:07.664 [main] DEBUG org.springframework.core.io.support.PathMatchingResourcePatternResolver - Searching directory [/Users/batux/Downloads/Bookstore_Web/target/classes/com/bookstore/datalayer/repository] for files matching pattern [/Users/batux/Downloads/Bookstore_Web/target/classes/com/bookstore/**/*BookRepositoryImpl.class]
01:56:07.686 [main] DEBUG org.springframework.core.io.support.PathMatchingResourcePatternResolver - Searching directory [/Users/batux/Downloads/Bookstore_Web/target/classes/com/bookstore/servicelayer] for files matching pattern [/Users/batux/Downloads/Bookstore_Web/target/classes/com/bookstore/**/*BookRepositoryImpl.class]
01:56:07.687 [main] DEBUG org.springframework.core.io.support.PathMatchingResourcePatternResolver - Searching directory [/Users/batux/Downloads/Bookstore_Web/target/classes/com/bookstore/weblayer] for files matching pattern [/Users/batux/Downloads/Bookstore_Web/target/classes/com/bookstore/**/*BookRepositoryImpl.class]
01:56:07.687 [main] DEBUG org.springframework.core.io.support.PathMatchingResourcePatternResolver - Searching directory [/Users/batux/Downloads/Bookstore_Web/target/classes/com/bookstore/weblayer/model] for files matching pattern [/Users/batux/Downloads/Bookstore_Web/target/classes/com/bookstore/**/*BookRepositoryImpl.class]
01:56:07.688 [main] DEBUG org.springframework.core.io.support.PathMatchingResourcePatternResolver - Resolved location pattern [classpath*:com/bookstore/**/*BookRepositoryImpl.class] to resources []
01:56:07.688 [main] DEBUG org.springframework.data.repository.config.RepositoryConfigurationDelegate - Spring Data JPA - Registering repository: bookRepository - Interface: com.bookstore.datalayer.repository.BookRepository - Factory: org.springframework.data.jpa.repository.support.JpaRepositoryFactoryBean
01:56:07.688 [main] DEBUG org.springframework.core.env.StandardEnvironment - Adding [systemProperties] PropertySource with lowest search precedence
01:56:07.688 [main] DEBUG org.springframework.core.env.StandardEnvironment - Adding [systemEnvironment] PropertySource with lowest search precedence
01:56:07.689 [main] DEBUG org.springframework.core.env.StandardEnvironment - Initialized StandardEnvironment with PropertySources [systemProperties,systemEnvironment]
01:56:07.689 [main] DEBUG org.springframework.core.io.support.PathMatchingResourcePatternResolver - Resolved classpath location [com/bookstore/] to resources [URL [file:/Users/batux/Downloads/Bookstore_Web/target/test-classes/com/bookstore/], URL [file:/Users/batux/Downloads/Bookstore_Web/target/classes/com/bookstore/]]
01:56:07.689 [main] DEBUG org.springframework.core.io.support.PathMatchingResourcePatternResolver - Looking for matching resources in directory tree [/Users/batux/Downloads/Bookstore_Web/target/test-classes/com/bookstore]
01:56:07.689 [main] DEBUG org.springframework.core.io.support.PathMatchingResourcePatternResolver - Searching directory [/Users/batux/Downloads/Bookstore_Web/target/test-classes/com/bookstore] for files matching pattern [/Users/batux/Downloads/Bookstore_Web/target/test-classes/com/bookstore/**/*UserRepositoryImpl.class]
01:56:07.690 [main] DEBUG org.springframework.core.io.support.PathMatchingResourcePatternResolver - Searching directory [/Users/batux/Downloads/Bookstore_Web/target/test-classes/com/bookstore/test] for files matching pattern [/Users/batux/Downloads/Bookstore_Web/target/test-classes/com/bookstore/**/*UserRepositoryImpl.class]
01:56:07.690 [main] DEBUG org.springframework.core.io.support.PathMatchingResourcePatternResolver - Searching directory [/Users/batux/Downloads/Bookstore_Web/target/test-classes/com/bookstore/test/user] for files matching pattern [/Users/batux/Downloads/Bookstore_Web/target/test-classes/com/bookstore/**/*UserRepositoryImpl.class]
01:56:07.692 [main] DEBUG org.springframework.core.io.support.PathMatchingResourcePatternResolver - Looking for matching resources in directory tree [/Users/batux/Downloads/Bookstore_Web/target/classes/com/bookstore]
01:56:07.693 [main] DEBUG org.springframework.core.io.support.PathMatchingResourcePatternResolver - Searching directory [/Users/batux/Downloads/Bookstore_Web/target/classes/com/bookstore] for files matching pattern [/Users/batux/Downloads/Bookstore_Web/target/classes/com/bookstore/**/*UserRepositoryImpl.class]
01:56:07.694 [main] DEBUG org.springframework.core.io.support.PathMatchingResourcePatternResolver - Searching directory [/Users/batux/Downloads/Bookstore_Web/target/classes/com/bookstore/datalayer] for files matching pattern [/Users/batux/Downloads/Bookstore_Web/target/classes/com/bookstore/**/*UserRepositoryImpl.class]
01:56:07.694 [main] DEBUG org.springframework.core.io.support.PathMatchingResourcePatternResolver - Searching directory [/Users/batux/Downloads/Bookstore_Web/target/classes/com/bookstore/datalayer/config] for files matching pattern [/Users/batux/Downloads/Bookstore_Web/target/classes/com/bookstore/**/*UserRepositoryImpl.class]
01:56:07.694 [main] DEBUG org.springframework.core.io.support.PathMatchingResourcePatternResolver - Searching directory [/Users/batux/Downloads/Bookstore_Web/target/classes/com/bookstore/datalayer/entity] for files matching pattern [/Users/batux/Downloads/Bookstore_Web/target/classes/com/bookstore/**/*UserRepositoryImpl.class]
01:56:07.695 [main] DEBUG org.springframework.core.io.support.PathMatchingResourcePatternResolver - Searching directory [/Users/batux/Downloads/Bookstore_Web/target/classes/com/bookstore/datalayer/repository] for files matching pattern [/Users/batux/Downloads/Bookstore_Web/target/classes/com/bookstore/**/*UserRepositoryImpl.class]
01:56:07.695 [main] DEBUG org.springframework.core.io.support.PathMatchingResourcePatternResolver - Searching directory [/Users/batux/Downloads/Bookstore_Web/target/classes/com/bookstore/servicelayer] for files matching pattern [/Users/batux/Downloads/Bookstore_Web/target/classes/com/bookstore/**/*UserRepositoryImpl.class]
01:56:07.696 [main] DEBUG org.springframework.core.io.support.PathMatchingResourcePatternResolver - Searching directory [/Users/batux/Downloads/Bookstore_Web/target/classes/com/bookstore/weblayer] for files matching pattern [/Users/batux/Downloads/Bookstore_Web/target/classes/com/bookstore/**/*UserRepositoryImpl.class]
01:56:07.696 [main] DEBUG org.springframework.core.io.support.PathMatchingResourcePatternResolver - Searching directory [/Users/batux/Downloads/Bookstore_Web/target/classes/com/bookstore/weblayer/model] for files matching pattern [/Users/batux/Downloads/Bookstore_Web/target/classes/com/bookstore/**/*UserRepositoryImpl.class]
01:56:07.697 [main] DEBUG org.springframework.core.io.support.PathMatchingResourcePatternResolver - Resolved location pattern [classpath*:com/bookstore/**/*UserRepositoryImpl.class] to resources []
01:56:07.697 [main] DEBUG org.springframework.data.repository.config.RepositoryConfigurationDelegate - Spring Data JPA - Registering repository: userRepository - Interface: com.bookstore.datalayer.repository.UserRepository - Factory: org.springframework.data.jpa.repository.support.JpaRepositoryFactoryBean
01:56:07.698 [main] DEBUG org.springframework.core.env.StandardEnvironment - Adding [systemProperties] PropertySource with lowest search precedence
01:56:07.698 [main] DEBUG org.springframework.core.env.StandardEnvironment - Adding [systemEnvironment] PropertySource with lowest search precedence
01:56:07.698 [main] DEBUG org.springframework.core.env.StandardEnvironment - Initialized StandardEnvironment with PropertySources [systemProperties,systemEnvironment]
01:56:07.699 [main] DEBUG org.springframework.core.io.support.PathMatchingResourcePatternResolver - Resolved classpath location [com/bookstore/] to resources [URL [file:/Users/batux/Downloads/Bookstore_Web/target/test-classes/com/bookstore/], URL [file:/Users/batux/Downloads/Bookstore_Web/target/classes/com/bookstore/]]
01:56:07.699 [main] DEBUG org.springframework.core.io.support.PathMatchingResourcePatternResolver - Looking for matching resources in directory tree [/Users/batux/Downloads/Bookstore_Web/target/test-classes/com/bookstore]
01:56:07.699 [main] DEBUG org.springframework.core.io.support.PathMatchingResourcePatternResolver - Searching directory [/Users/batux/Downloads/Bookstore_Web/target/test-classes/com/bookstore] for files matching pattern [/Users/batux/Downloads/Bookstore_Web/target/test-classes/com/bookstore/**/*RoleRepositoryImpl.class]
01:56:07.699 [main] DEBUG org.springframework.core.io.support.PathMatchingResourcePatternResolver - Searching directory [/Users/batux/Downloads/Bookstore_Web/target/test-classes/com/bookstore/test] for files matching pattern [/Users/batux/Downloads/Bookstore_Web/target/test-classes/com/bookstore/**/*RoleRepositoryImpl.class]
01:56:07.699 [main] DEBUG org.springframework.core.io.support.PathMatchingResourcePatternResolver - Searching directory [/Users/batux/Downloads/Bookstore_Web/target/test-classes/com/bookstore/test/user] for files matching pattern [/Users/batux/Downloads/Bookstore_Web/target/test-classes/com/bookstore/**/*RoleRepositoryImpl.class]
01:56:07.700 [main] DEBUG org.springframework.core.io.support.PathMatchingResourcePatternResolver - Looking for matching resources in directory tree [/Users/batux/Downloads/Bookstore_Web/target/classes/com/bookstore]
01:56:07.700 [main] DEBUG org.springframework.core.io.support.PathMatchingResourcePatternResolver - Searching directory [/Users/batux/Downloads/Bookstore_Web/target/classes/com/bookstore] for files matching pattern [/Users/batux/Downloads/Bookstore_Web/target/classes/com/bookstore/**/*RoleRepositoryImpl.class]
01:56:07.700 [main] DEBUG org.springframework.core.io.support.PathMatchingResourcePatternResolver - Searching directory [/Users/batux/Downloads/Bookstore_Web/target/classes/com/bookstore/datalayer] for files matching pattern [/Users/batux/Downloads/Bookstore_Web/target/classes/com/bookstore/**/*RoleRepositoryImpl.class]
01:56:07.700 [main] DEBUG org.springframework.core.io.support.PathMatchingResourcePatternResolver - Searching directory [/Users/batux/Downloads/Bookstore_Web/target/classes/com/bookstore/datalayer/config] for files matching pattern [/Users/batux/Downloads/Bookstore_Web/target/classes/com/bookstore/**/*RoleRepositoryImpl.class]
01:56:07.701 [main] DEBUG org.springframework.core.io.support.PathMatchingResourcePatternResolver - Searching directory [/Users/batux/Downloads/Bookstore_Web/target/classes/com/bookstore/datalayer/entity] for files matching pattern [/Users/batux/Downloads/Bookstore_Web/target/classes/com/bookstore/**/*RoleRepositoryImpl.class]
01:56:07.701 [main] DEBUG org.springframework.core.io.support.PathMatchingResourcePatternResolver - Searching directory [/Users/batux/Downloads/Bookstore_Web/target/classes/com/bookstore/datalayer/repository] for files matching pattern [/Users/batux/Downloads/Bookstore_Web/target/classes/com/bookstore/**/*RoleRepositoryImpl.class]
01:56:07.702 [main] DEBUG org.springframework.core.io.support.PathMatchingResourcePatternResolver - Searching directory [/Users/batux/Downloads/Bookstore_Web/target/classes/com/bookstore/servicelayer] for files matching pattern [/Users/batux/Downloads/Bookstore_Web/target/classes/com/bookstore/**/*RoleRepositoryImpl.class]
01:56:07.702 [main] DEBUG org.springframework.core.io.support.PathMatchingResourcePatternResolver - Searching directory [/Users/batux/Downloads/Bookstore_Web/target/classes/com/bookstore/weblayer] for files matching pattern [/Users/batux/Downloads/Bookstore_Web/target/classes/com/bookstore/**/*RoleRepositoryImpl.class]
01:56:07.702 [main] DEBUG org.springframework.core.io.support.PathMatchingResourcePatternResolver - Searching directory [/Users/batux/Downloads/Bookstore_Web/target/classes/com/bookstore/weblayer/model] for files matching pattern [/Users/batux/Downloads/Bookstore_Web/target/classes/com/bookstore/**/*RoleRepositoryImpl.class]
01:56:07.703 [main] DEBUG org.springframework.core.io.support.PathMatchingResourcePatternResolver - Resolved location pattern [classpath*:com/bookstore/**/*RoleRepositoryImpl.class] to resources []
01:56:07.703 [main] DEBUG org.springframework.data.repository.config.RepositoryConfigurationDelegate - Spring Data JPA - Registering repository: roleRepository - Interface: com.bookstore.datalayer.repository.RoleRepository - Factory: org.springframework.data.jpa.repository.support.JpaRepositoryFactoryBean
01:56:07.704 [main] DEBUG org.springframework.core.env.StandardEnvironment - Adding [systemProperties] PropertySource with lowest search precedence
01:56:07.704 [main] DEBUG org.springframework.core.env.StandardEnvironment - Adding [systemEnvironment] PropertySource with lowest search precedence
01:56:07.705 [main] DEBUG org.springframework.core.env.StandardEnvironment - Initialized StandardEnvironment with PropertySources [systemProperties,systemEnvironment]
01:56:07.705 [main] DEBUG org.springframework.core.io.support.PathMatchingResourcePatternResolver - Resolved classpath location [com/bookstore/] to resources [URL [file:/Users/batux/Downloads/Bookstore_Web/target/test-classes/com/bookstore/], URL [file:/Users/batux/Downloads/Bookstore_Web/target/classes/com/bookstore/]]
01:56:07.705 [main] DEBUG org.springframework.core.io.support.PathMatchingResourcePatternResolver - Looking for matching resources in directory tree [/Users/batux/Downloads/Bookstore_Web/target/test-classes/com/bookstore]
01:56:07.705 [main] DEBUG org.springframework.core.io.support.PathMatchingResourcePatternResolver - Searching directory [/Users/batux/Downloads/Bookstore_Web/target/test-classes/com/bookstore] for files matching pattern [/Users/batux/Downloads/Bookstore_Web/target/test-classes/com/bookstore/**/*UserBookRepositoryImpl.class]
01:56:07.706 [main] DEBUG org.springframework.core.io.support.PathMatchingResourcePatternResolver - Searching directory [/Users/batux/Downloads/Bookstore_Web/target/test-classes/com/bookstore/test] for files matching pattern [/Users/batux/Downloads/Bookstore_Web/target/test-classes/com/bookstore/**/*UserBookRepositoryImpl.class]
01:56:07.706 [main] DEBUG org.springframework.core.io.support.PathMatchingResourcePatternResolver - Searching directory [/Users/batux/Downloads/Bookstore_Web/target/test-classes/com/bookstore/test/user] for files matching pattern [/Users/batux/Downloads/Bookstore_Web/target/test-classes/com/bookstore/**/*UserBookRepositoryImpl.class]
01:56:07.706 [main] DEBUG org.springframework.core.io.support.PathMatchingResourcePatternResolver - Looking for matching resources in directory tree [/Users/batux/Downloads/Bookstore_Web/target/classes/com/bookstore]
01:56:07.706 [main] DEBUG org.springframework.core.io.support.PathMatchingResourcePatternResolver - Searching directory [/Users/batux/Downloads/Bookstore_Web/target/classes/com/bookstore] for files matching pattern [/Users/batux/Downloads/Bookstore_Web/target/classes/com/bookstore/**/*UserBookRepositoryImpl.class]
01:56:07.706 [main] DEBUG org.springframework.core.io.support.PathMatchingResourcePatternResolver - Searching directory [/Users/batux/Downloads/Bookstore_Web/target/classes/com/bookstore/datalayer] for files matching pattern [/Users/batux/Downloads/Bookstore_Web/target/classes/com/bookstore/**/*UserBookRepositoryImpl.class]
01:56:07.707 [main] DEBUG org.springframework.core.io.support.PathMatchingResourcePatternResolver - Searching directory [/Users/batux/Downloads/Bookstore_Web/target/classes/com/bookstore/datalayer/config] for files matching pattern [/Users/batux/Downloads/Bookstore_Web/target/classes/com/bookstore/**/*UserBookRepositoryImpl.class]
01:56:07.707 [main] DEBUG org.springframework.core.io.support.PathMatchingResourcePatternResolver - Searching directory [/Users/batux/Downloads/Bookstore_Web/target/classes/com/bookstore/datalayer/entity] for files matching pattern [/Users/batux/Downloads/Bookstore_Web/target/classes/com/bookstore/**/*UserBookRepositoryImpl.class]
01:56:07.707 [main] DEBUG org.springframework.core.io.support.PathMatchingResourcePatternResolver - Searching directory [/Users/batux/Downloads/Bookstore_Web/target/classes/com/bookstore/datalayer/repository] for files matching pattern [/Users/batux/Downloads/Bookstore_Web/target/classes/com/bookstore/**/*UserBookRepositoryImpl.class]
01:56:07.708 [main] DEBUG org.springframework.core.io.support.PathMatchingResourcePatternResolver - Searching directory [/Users/batux/Downloads/Bookstore_Web/target/classes/com/bookstore/servicelayer] for files matching pattern [/Users/batux/Downloads/Bookstore_Web/target/classes/com/bookstore/**/*UserBookRepositoryImpl.class]
01:56:07.708 [main] DEBUG org.springframework.core.io.support.PathMatchingResourcePatternResolver - Searching directory [/Users/batux/Downloads/Bookstore_Web/target/classes/com/bookstore/weblayer] for files matching pattern [/Users/batux/Downloads/Bookstore_Web/target/classes/com/bookstore/**/*UserBookRepositoryImpl.class]
01:56:07.708 [main] DEBUG org.springframework.core.io.support.PathMatchingResourcePatternResolver - Searching directory [/Users/batux/Downloads/Bookstore_Web/target/classes/com/bookstore/weblayer/model] for files matching pattern [/Users/batux/Downloads/Bookstore_Web/target/classes/com/bookstore/**/*UserBookRepositoryImpl.class]
01:56:07.709 [main] DEBUG org.springframework.core.io.support.PathMatchingResourcePatternResolver - Resolved location pattern [classpath*:com/bookstore/**/*UserBookRepositoryImpl.class] to resources []
01:56:07.709 [main] DEBUG org.springframework.data.repository.config.RepositoryConfigurationDelegate - Spring Data JPA - Registering repository: userBookRepository - Interface: com.bookstore.datalayer.repository.UserBookRepository - Factory: org.springframework.data.jpa.repository.support.JpaRepositoryFactoryBean
01:56:07.893 [main] DEBUG org.springframework.context.annotation.ConfigurationClassEnhancer - Successfully enhanced com.bookstore.datalayer.config.RepositorySpringConfiguration; enhanced class name is: com.bookstore.datalayer.config.RepositorySpringConfiguration$$EnhancerBySpringCGLIB$$f891f187
01:56:07.893 [main] DEBUG org.springframework.context.annotation.ConfigurationClassPostProcessor - Replacing bean definition 'repositorySpringConfiguration' existing class 'com.bookstore.datalayer.config.RepositorySpringConfiguration' with enhanced class 'com.bookstore.datalayer.config.RepositorySpringConfiguration$$EnhancerBySpringCGLIB$$f891f187'
01:56:07.941 [main] DEBUG org.springframework.context.annotation.ConfigurationClassEnhancer - Successfully enhanced org.springframework.web.servlet.config.annotation.DelegatingWebMvcConfiguration; enhanced class name is: org.springframework.web.servlet.config.annotation.DelegatingWebMvcConfiguration$$EnhancerBySpringCGLIB$$3abc53bb
01:56:07.941 [main] DEBUG org.springframework.context.annotation.ConfigurationClassPostProcessor - Replacing bean definition 'org.springframework.web.servlet.config.annotation.DelegatingWebMvcConfiguration' existing class 'org.springframework.web.servlet.config.annotation.DelegatingWebMvcConfiguration' with enhanced class 'org.springframework.web.servlet.config.annotation.DelegatingWebMvcConfiguration$$EnhancerBySpringCGLIB$$3abc53bb'
01:56:07.948 [main] DEBUG org.springframework.context.annotation.ConfigurationClassEnhancer - Successfully enhanced org.springframework.transaction.annotation.ProxyTransactionManagementConfiguration; enhanced class name is: org.springframework.transaction.annotation.ProxyTransactionManagementConfiguration$$EnhancerBySpringCGLIB$$75fb6e85
01:56:07.948 [main] DEBUG org.springframework.context.annotation.ConfigurationClassPostProcessor - Replacing bean definition 'org.springframework.transaction.annotation.ProxyTransactionManagementConfiguration' existing class 'org.springframework.transaction.annotation.ProxyTransactionManagementConfiguration' with enhanced class 'org.springframework.transaction.annotation.ProxyTransactionManagementConfiguration$$EnhancerBySpringCGLIB$$75fb6e85'
01:56:07.957 [main] DEBUG org.springframework.beans.factory.support.DefaultListableBeanFactory - Creating shared instance of singleton bean 'emBeanDefinitionRegistrarPostProcessor'
01:56:07.957 [main] DEBUG org.springframework.beans.factory.support.DefaultListableBeanFactory - Creating instance of bean 'emBeanDefinitionRegistrarPostProcessor'
01:56:07.957 [main] DEBUG org.springframework.beans.factory.support.DefaultListableBeanFactory - Eagerly caching bean 'emBeanDefinitionRegistrarPostProcessor' to allow for resolving potential circular references
01:56:07.989 [main] DEBUG org.springframework.beans.factory.support.DefaultListableBeanFactory - Finished creating instance of bean 'emBeanDefinitionRegistrarPostProcessor'
01:56:08.043 [main] DEBUG org.springframework.beans.factory.support.DefaultListableBeanFactory - Creating shared instance of singleton bean 'org.springframework.context.annotation.internalAutowiredAnnotationProcessor'
01:56:08.043 [main] DEBUG org.springframework.beans.factory.support.DefaultListableBeanFactory - Creating instance of bean 'org.springframework.context.annotation.internalAutowiredAnnotationProcessor'
01:56:08.044 [main] DEBUG org.springframework.beans.factory.support.DefaultListableBeanFactory - Eagerly caching bean 'org.springframework.context.annotation.internalAutowiredAnnotationProcessor' to allow for resolving potential circular references
01:56:08.055 [main] DEBUG org.springframework.beans.factory.support.DefaultListableBeanFactory - Finished creating instance of bean 'org.springframework.context.annotation.internalAutowiredAnnotationProcessor'
01:56:08.055 [main] DEBUG org.springframework.beans.factory.support.DefaultListableBeanFactory - Creating shared instance of singleton bean 'org.springframework.context.annotation.internalRequiredAnnotationProcessor'
01:56:08.055 [main] DEBUG org.springframework.beans.factory.support.DefaultListableBeanFactory - Creating instance of bean 'org.springframework.context.annotation.internalRequiredAnnotationProcessor'
01:56:08.056 [main] DEBUG org.springframework.beans.factory.support.DefaultListableBeanFactory - Eagerly caching bean 'org.springframework.context.annotation.internalRequiredAnnotationProcessor' to allow for resolving potential circular references
01:56:08.062 [main] DEBUG org.springframework.beans.factory.support.DefaultListableBeanFactory - Finished creating instance of bean 'org.springframework.context.annotation.internalRequiredAnnotationProcessor'
01:56:08.062 [main] DEBUG org.springframework.beans.factory.support.DefaultListableBeanFactory - Creating shared instance of singleton bean 'org.springframework.context.annotation.internalCommonAnnotationProcessor'
01:56:08.062 [main] DEBUG org.springframework.beans.factory.support.DefaultListableBeanFactory - Creating instance of bean 'org.springframework.context.annotation.internalCommonAnnotationProcessor'
01:56:08.083 [main] DEBUG org.springframework.beans.factory.support.DefaultListableBeanFactory - Eagerly caching bean 'org.springframework.context.annotation.internalCommonAnnotationProcessor' to allow for resolving potential circular references
01:56:08.093 [main] DEBUG org.springframework.beans.factory.support.DefaultListableBeanFactory - Finished creating instance of bean 'org.springframework.context.annotation.internalCommonAnnotationProcessor'
01:56:08.093 [main] DEBUG org.springframework.beans.factory.support.DefaultListableBeanFactory - Creating shared instance of singleton bean 'org.springframework.context.annotation.internalPersistenceAnnotationProcessor'
01:56:08.093 [main] DEBUG org.springframework.beans.factory.support.DefaultListableBeanFactory - Creating instance of bean 'org.springframework.context.annotation.internalPersistenceAnnotationProcessor'
01:56:08.093 [main] DEBUG org.springframework.beans.factory.support.DefaultListableBeanFactory - Eagerly caching bean 'org.springframework.context.annotation.internalPersistenceAnnotationProcessor' to allow for resolving potential circular references
01:56:08.121 [main] DEBUG org.springframework.beans.factory.support.DefaultListableBeanFactory - Finished creating instance of bean 'org.springframework.context.annotation.internalPersistenceAnnotationProcessor'
01:56:08.122 [main] DEBUG org.springframework.beans.factory.support.DefaultListableBeanFactory - Creating shared instance of singleton bean 'org.springframework.aop.config.internalAutoProxyCreator'
01:56:08.122 [main] DEBUG org.springframework.beans.factory.support.DefaultListableBeanFactory - Creating instance of bean 'org.springframework.aop.config.internalAutoProxyCreator'
01:56:08.165 [main] DEBUG org.springframework.beans.factory.support.DefaultListableBeanFactory - Eagerly caching bean 'org.springframework.aop.config.internalAutoProxyCreator' to allow for resolving potential circular references
01:56:08.253 [main] DEBUG org.springframework.beans.factory.support.DefaultListableBeanFactory - Finished creating instance of bean 'org.springframework.aop.config.internalAutoProxyCreator'
01:56:08.265 [main] DEBUG org.springframework.web.context.support.GenericWebApplicationContext - Unable to locate MessageSource with name 'messageSource': using default [org.springframework.context.support.DelegatingMessageSource@25df00a0]
01:56:08.269 [main] DEBUG org.springframework.web.context.support.GenericWebApplicationContext - Unable to locate ApplicationEventMulticaster with name 'applicationEventMulticaster': using default [org.springframework.context.event.SimpleApplicationEventMulticaster@7a6d7e92]
01:56:08.271 [main] DEBUG org.springframework.ui.context.support.UiApplicationContextUtils - Unable to locate ThemeSource with name 'themeSource': using default [org.springframework.ui.context.support.ResourceBundleThemeSource@782859e]
01:56:08.274 [main] DEBUG org.springframework.beans.factory.support.DefaultListableBeanFactory - Pre-instantiating singletons in org.springframework.beans.factory.support.DefaultListableBeanFactory@16e7dcfd: defining beans [org.springframework.context.annotation.internalConfigurationAnnotationProcessor,org.springframework.context.annotation.internalAutowiredAnnotationProcessor,org.springframework.context.annotation.internalRequiredAnnotationProcessor,org.springframework.context.annotation.internalCommonAnnotationProcessor,org.springframework.context.annotation.internalPersistenceAnnotationProcessor,org.springframework.context.event.internalEventListenerProcessor,org.springframework.context.event.internalEventListenerFactory,repositorySpringConfiguration,bookTagQueryRepository,bookService,roleService,userService,bookStoreController,org.springframework.web.servlet.config.annotation.DelegatingWebMvcConfiguration,requestMappingHandlerMapping,mvcPathMatcher,mvcUrlPathHelper,mvcContentNegotiationManager,viewControllerHandlerMapping,beanNameHandlerMapping,resourceHandlerMapping,mvcResourceUrlProvider,defaultServletHandlerMapping,requestMappingHandlerAdapter,mvcConversionService,mvcValidator,mvcUriComponentsContributor,httpRequestHandlerAdapter,simpleControllerHandlerAdapter,handlerExceptionResolver,mvcViewResolver,org.springframework.transaction.annotation.ProxyTransactionManagementConfiguration,org.springframework.transaction.config.internalTransactionAdvisor,transactionAttributeSource,transactionInterceptor,org.springframework.transaction.config.internalTransactionalEventListenerFactory,dataSource,jdbcTemplate,entityManagerFactory,transactionManager,hibernateExceptionTranslator,org.springframework.aop.config.internalAutoProxyCreator,org.springframework.data.jpa.repository.config.JpaRepositoryConfigExtension#0,emBeanDefinitionRegistrarPostProcessor,jpaMappingContext,jpaContext,bookTagRepository,tagRepository,bookRepository,userRepository,roleRepository,userBookRepository,org.springframework.orm.jpa.SharedEntityManagerCreator#0]; root of factory hierarchy
01:56:08.275 [main] DEBUG org.springframework.beans.factory.support.DefaultListableBeanFactory - Returning cached instance of singleton bean 'org.springframework.context.annotation.internalConfigurationAnnotationProcessor'
01:56:08.275 [main] DEBUG org.springframework.beans.factory.support.DefaultListableBeanFactory - Returning cached instance of singleton bean 'org.springframework.context.annotation.internalAutowiredAnnotationProcessor'
01:56:08.275 [main] DEBUG org.springframework.beans.factory.support.DefaultListableBeanFactory - Returning cached instance of singleton bean 'org.springframework.context.annotation.internalRequiredAnnotationProcessor'
01:56:08.275 [main] DEBUG org.springframework.beans.factory.support.DefaultListableBeanFactory - Returning cached instance of singleton bean 'org.springframework.context.annotation.internalCommonAnnotationProcessor'
01:56:08.275 [main] DEBUG org.springframework.beans.factory.support.DefaultListableBeanFactory - Returning cached instance of singleton bean 'org.springframework.context.annotation.internalPersistenceAnnotationProcessor'
01:56:08.275 [main] DEBUG org.springframework.beans.factory.support.DefaultListableBeanFactory - Creating shared instance of singleton bean 'org.springframework.context.event.internalEventListenerProcessor'
01:56:08.275 [main] DEBUG org.springframework.beans.factory.support.DefaultListableBeanFactory - Creating instance of bean 'org.springframework.context.event.internalEventListenerProcessor'
01:56:08.278 [main] DEBUG org.springframework.beans.factory.support.DefaultListableBeanFactory - Eagerly caching bean 'org.springframework.context.event.internalEventListenerProcessor' to allow for resolving potential circular references
01:56:08.281 [main] DEBUG org.springframework.beans.factory.support.DefaultListableBeanFactory - Creating shared instance of singleton bean 'org.springframework.transaction.config.internalTransactionAdvisor'
01:56:08.281 [main] DEBUG org.springframework.beans.factory.support.DefaultListableBeanFactory - Creating instance of bean 'org.springframework.transaction.config.internalTransactionAdvisor'
01:56:08.300 [main] DEBUG org.springframework.beans.factory.support.DefaultListableBeanFactory - Creating shared instance of singleton bean 'org.springframework.transaction.annotation.ProxyTransactionManagementConfiguration'
01:56:08.300 [main] DEBUG org.springframework.beans.factory.support.DefaultListableBeanFactory - Creating instance of bean 'org.springframework.transaction.annotation.ProxyTransactionManagementConfiguration'
01:56:08.312 [main] DEBUG org.springframework.beans.factory.annotation.InjectionMetadata - Registered injected element on class [org.springframework.transaction.annotation.ProxyTransactionManagementConfiguration$$EnhancerBySpringCGLIB$$75fb6e85]: AutowiredMethodElement for void org.springframework.transaction.annotation.AbstractTransactionManagementConfiguration.setConfigurers(java.util.Collection)
01:56:08.312 [main] DEBUG org.springframework.beans.factory.support.DefaultListableBeanFactory - Eagerly caching bean 'org.springframework.transaction.annotation.ProxyTransactionManagementConfiguration' to allow for resolving potential circular references
01:56:08.313 [main] DEBUG org.springframework.beans.factory.annotation.InjectionMetadata - Processing injected element of bean 'org.springframework.transaction.annotation.ProxyTransactionManagementConfiguration': AutowiredMethodElement for void org.springframework.transaction.annotation.AbstractTransactionManagementConfiguration.setConfigurers(java.util.Collection)
01:56:08.361 [main] DEBUG org.springframework.beans.factory.support.DefaultListableBeanFactory - Returning cached instance of singleton bean 'org.springframework.context.annotation.ConfigurationClassPostProcessor.importRegistry'
01:56:08.362 [main] DEBUG org.springframework.aop.framework.autoproxy.BeanFactoryAdvisorRetrievalHelper - Skipping currently created advisor 'org.springframework.transaction.config.internalTransactionAdvisor'
01:56:08.373 [main] DEBUG org.springframework.beans.factory.support.DefaultListableBeanFactory - Finished creating instance of bean 'org.springframework.transaction.annotation.ProxyTransactionManagementConfiguration'
01:56:08.429 [main] DEBUG org.springframework.beans.factory.support.DefaultListableBeanFactory - Creating shared instance of singleton bean 'transactionAttributeSource'
01:56:08.429 [main] DEBUG org.springframework.beans.factory.support.DefaultListableBeanFactory - Creating instance of bean 'transactionAttributeSource'
01:56:08.430 [main] DEBUG org.springframework.beans.factory.support.DefaultListableBeanFactory - Returning cached instance of singleton bean 'org.springframework.transaction.annotation.ProxyTransactionManagementConfiguration'
01:56:08.432 [main] DEBUG org.springframework.beans.factory.support.DefaultListableBeanFactory - Eagerly caching bean 'transactionAttributeSource' to allow for resolving potential circular references
01:56:08.437 [main] DEBUG org.springframework.aop.framework.autoproxy.BeanFactoryAdvisorRetrievalHelper - Skipping currently created advisor 'org.springframework.transaction.config.internalTransactionAdvisor'
01:56:08.437 [main] DEBUG org.springframework.beans.factory.support.DefaultListableBeanFactory - Finished creating instance of bean 'transactionAttributeSource'
01:56:08.438 [main] DEBUG org.springframework.beans.factory.support.DefaultListableBeanFactory - Creating shared instance of singleton bean 'transactionInterceptor'
01:56:08.438 [main] DEBUG org.springframework.beans.factory.support.DefaultListableBeanFactory - Creating instance of bean 'transactionInterceptor'
01:56:08.439 [main] DEBUG org.springframework.beans.factory.support.DefaultListableBeanFactory - Returning cached instance of singleton bean 'org.springframework.transaction.annotation.ProxyTransactionManagementConfiguration'
01:56:08.442 [main] DEBUG org.springframework.beans.factory.support.DefaultListableBeanFactory - Returning cached instance of singleton bean 'transactionAttributeSource'
01:56:08.445 [main] DEBUG org.springframework.beans.factory.support.DefaultListableBeanFactory - Eagerly caching bean 'transactionInterceptor' to allow for resolving potential circular references
01:56:08.450 [main] DEBUG org.springframework.beans.factory.support.DefaultListableBeanFactory - Invoking afterPropertiesSet() on bean with name 'transactionInterceptor'
01:56:08.450 [main] DEBUG org.springframework.beans.factory.support.DefaultListableBeanFactory - Finished creating instance of bean 'transactionInterceptor'
01:56:08.451 [main] DEBUG org.springframework.beans.factory.support.DefaultListableBeanFactory - Eagerly caching bean 'org.springframework.transaction.config.internalTransactionAdvisor' to allow for resolving potential circular references
01:56:08.456 [main] DEBUG org.springframework.beans.factory.support.DefaultListableBeanFactory - Finished creating instance of bean 'org.springframework.transaction.config.internalTransactionAdvisor'
01:56:08.459 [main] DEBUG org.springframework.beans.factory.support.DefaultListableBeanFactory - Finished creating instance of bean 'org.springframework.context.event.internalEventListenerProcessor'
01:56:08.459 [main] DEBUG org.springframework.beans.factory.support.DefaultListableBeanFactory - Creating shared instance of singleton bean 'org.springframework.context.event.internalEventListenerFactory'
01:56:08.459 [main] DEBUG org.springframework.beans.factory.support.DefaultListableBeanFactory - Creating instance of bean 'org.springframework.context.event.internalEventListenerFactory'
01:56:08.460 [main] DEBUG org.springframework.beans.factory.support.DefaultListableBeanFactory - Eagerly caching bean 'org.springframework.context.event.internalEventListenerFactory' to allow for resolving potential circular references
01:56:08.463 [main] DEBUG org.springframework.beans.factory.support.DefaultListableBeanFactory - Returning cached instance of singleton bean 'org.springframework.transaction.config.internalTransactionAdvisor'
01:56:08.464 [main] DEBUG org.springframework.beans.factory.support.DefaultListableBeanFactory - Finished creating instance of bean 'org.springframework.context.event.internalEventListenerFactory'
01:56:08.464 [main] DEBUG org.springframework.beans.factory.support.DefaultListableBeanFactory - Creating shared instance of singleton bean 'repositorySpringConfiguration'
01:56:08.464 [main] DEBUG org.springframework.beans.factory.support.DefaultListableBeanFactory - Creating instance of bean 'repositorySpringConfiguration'
01:56:08.466 [main] DEBUG org.springframework.beans.factory.support.DefaultListableBeanFactory - Eagerly caching bean 'repositorySpringConfiguration' to allow for resolving potential circular references
01:56:08.490 [main] DEBUG org.springframework.beans.factory.support.DefaultListableBeanFactory - Returning cached instance of singleton bean 'org.springframework.transaction.config.internalTransactionAdvisor'
01:56:08.500 [main] DEBUG org.springframework.beans.factory.support.DefaultListableBeanFactory - Finished creating instance of bean 'repositorySpringConfiguration'
01:56:08.501 [main] DEBUG org.springframework.beans.factory.support.DefaultListableBeanFactory - Creating shared instance of singleton bean 'bookTagQueryRepository'
01:56:08.501 [main] DEBUG org.springframework.beans.factory.support.DefaultListableBeanFactory - Creating instance of bean 'bookTagQueryRepository'
01:56:08.517 [main] DEBUG org.springframework.beans.factory.annotation.InjectionMetadata - Registered injected element on class [com.bookstore.datalayer.repository.BookTagQueryRepository]: PersistenceElement for private javax.persistence.EntityManager com.bookstore.datalayer.repository.BookTagQueryRepository.entityManager
01:56:08.518 [main] DEBUG org.springframework.beans.factory.support.DefaultListableBeanFactory - Eagerly caching bean 'bookTagQueryRepository' to allow for resolving potential circular references
01:56:08.532 [main] DEBUG org.springframework.beans.factory.annotation.InjectionMetadata - Processing injected element of bean 'bookTagQueryRepository': PersistenceElement for private javax.persistence.EntityManager com.bookstore.datalayer.repository.BookTagQueryRepository.entityManager
01:56:08.534 [main] DEBUG org.springframework.beans.factory.support.DefaultListableBeanFactory - Creating shared instance of singleton bean 'entityManagerFactory'
01:56:08.534 [main] DEBUG org.springframework.beans.factory.support.DefaultListableBeanFactory - Creating instance of bean 'entityManagerFactory'
01:56:08.534 [main] DEBUG org.springframework.beans.factory.support.DefaultListableBeanFactory - Returning cached instance of singleton bean 'repositorySpringConfiguration'
01:56:08.753 [main] DEBUG org.jboss.logging - Logging Provider: org.jboss.logging.Slf4jLoggerProvider
01:56:08.822 [main] DEBUG org.springframework.beans.factory.support.DefaultListableBeanFactory - Creating shared instance of singleton bean 'dataSource'
01:56:08.822 [main] DEBUG org.springframework.beans.factory.support.DefaultListableBeanFactory - Creating instance of bean 'dataSource'
01:56:08.822 [main] DEBUG org.springframework.beans.factory.support.DefaultListableBeanFactory - Returning cached instance of singleton bean 'repositorySpringConfiguration'
01:56:08.850 [main] INFO org.springframework.jdbc.datasource.DriverManagerDataSource - Loaded JDBC driver: com.mysql.jdbc.Driver
01:56:08.853 [main] DEBUG org.springframework.beans.factory.support.DefaultListableBeanFactory - Eagerly caching bean 'dataSource' to allow for resolving potential circular references
01:56:08.865 [main] DEBUG org.springframework.beans.factory.support.DefaultListableBeanFactory - Returning cached instance of singleton bean 'org.springframework.transaction.config.internalTransactionAdvisor'
01:56:08.867 [main] DEBUG org.springframework.beans.factory.support.DefaultListableBeanFactory - Finished creating instance of bean 'dataSource'
01:56:08.920 [main] DEBUG org.springframework.core.io.support.PathMatchingResourcePatternResolver - Resolved classpath location [META-INF/persistence.xml] to resources []
01:56:08.934 [main] DEBUG org.springframework.core.io.support.PathMatchingResourcePatternResolver - Resolved classpath location [com/bookstore/] to resources [URL [file:/Users/batux/Downloads/Bookstore_Web/target/test-classes/com/bookstore/], URL [file:/Users/batux/Downloads/Bookstore_Web/target/classes/com/bookstore/]]
01:56:08.934 [main] DEBUG org.springframework.core.io.support.PathMatchingResourcePatternResolver - Looking for matching resources in directory tree [/Users/batux/Downloads/Bookstore_Web/target/test-classes/com/bookstore]
01:56:08.934 [main] DEBUG org.springframework.core.io.support.PathMatchingResourcePatternResolver - Searching directory [/Users/batux/Downloads/Bookstore_Web/target/test-classes/com/bookstore] for files matching pattern [/Users/batux/Downloads/Bookstore_Web/target/test-classes/com/bookstore/**/*.class]
01:56:08.935 [main] DEBUG org.springframework.core.io.support.PathMatchingResourcePatternResolver - Searching directory [/Users/batux/Downloads/Bookstore_Web/target/test-classes/com/bookstore/test] for files matching pattern [/Users/batux/Downloads/Bookstore_Web/target/test-classes/com/bookstore/**/*.class]
01:56:08.936 [main] DEBUG org.springframework.core.io.support.PathMatchingResourcePatternResolver - Searching directory [/Users/batux/Downloads/Bookstore_Web/target/test-classes/com/bookstore/test/user] for files matching pattern [/Users/batux/Downloads/Bookstore_Web/target/test-classes/com/bookstore/**/*.class]
01:56:08.937 [main] DEBUG org.springframework.core.io.support.PathMatchingResourcePatternResolver - Looking for matching resources in directory tree [/Users/batux/Downloads/Bookstore_Web/target/classes/com/bookstore]
01:56:08.937 [main] DEBUG org.springframework.core.io.support.PathMatchingResourcePatternResolver - Searching directory [/Users/batux/Downloads/Bookstore_Web/target/classes/com/bookstore] for files matching pattern [/Users/batux/Downloads/Bookstore_Web/target/classes/com/bookstore/**/*.class]
01:56:08.937 [main] DEBUG org.springframework.core.io.support.PathMatchingResourcePatternResolver - Searching directory [/Users/batux/Downloads/Bookstore_Web/target/classes/com/bookstore/datalayer] for files matching pattern [/Users/batux/Downloads/Bookstore_Web/target/classes/com/bookstore/**/*.class]
01:56:08.938 [main] DEBUG org.springframework.core.io.support.PathMatchingResourcePatternResolver - Searching directory [/Users/batux/Downloads/Bookstore_Web/target/classes/com/bookstore/datalayer/config] for files matching pattern [/Users/batux/Downloads/Bookstore_Web/target/classes/com/bookstore/**/*.class]
01:56:08.938 [main] DEBUG org.springframework.core.io.support.PathMatchingResourcePatternResolver - Searching directory [/Users/batux/Downloads/Bookstore_Web/target/classes/com/bookstore/datalayer/entity] for files matching pattern [/Users/batux/Downloads/Bookstore_Web/target/classes/com/bookstore/**/*.class]
01:56:08.939 [main] DEBUG org.springframework.core.io.support.PathMatchingResourcePatternResolver - Searching directory [/Users/batux/Downloads/Bookstore_Web/target/classes/com/bookstore/datalayer/repository] for files matching pattern [/Users/batux/Downloads/Bookstore_Web/target/classes/com/bookstore/**/*.class]
01:56:08.940 [main] DEBUG org.springframework.core.io.support.PathMatchingResourcePatternResolver - Searching directory [/Users/batux/Downloads/Bookstore_Web/target/classes/com/bookstore/servicelayer] for files matching pattern [/Users/batux/Downloads/Bookstore_Web/target/classes/com/bookstore/**/*.class]
01:56:08.940 [main] DEBUG org.springframework.core.io.support.PathMatchingResourcePatternResolver - Searching directory [/Users/batux/Downloads/Bookstore_Web/target/classes/com/bookstore/weblayer] for files matching pattern [/Users/batux/Downloads/Bookstore_Web/target/classes/com/bookstore/**/*.class]
01:56:08.941 [main] DEBUG org.springframework.core.io.support.PathMatchingResourcePatternResolver - Searching directory [/Users/batux/Downloads/Bookstore_Web/target/classes/com/bookstore/weblayer/model] for files matching pattern [/Users/batux/Downloads/Bookstore_Web/target/classes/com/bookstore/**/*.class]
01:56:08.942 [main] DEBUG org.springframework.core.io.support.PathMatchingResourcePatternResolver - Resolved location pattern [classpath*:com/bookstore/**/*.class] to resources [file [/Users/batux/Downloads/Bookstore_Web/target/test-classes/com/bookstore/test/user/BookTagUnitTest.class], file [/Users/batux/Downloads/Bookstore_Web/target/test-classes/com/bookstore/test/user/RoleUnitTest.class], file [/Users/batux/Downloads/Bookstore_Web/target/test-classes/com/bookstore/test/user/UserBookTest.class], file [/Users/batux/Downloads/Bookstore_Web/target/test-classes/com/bookstore/test/user/UserUnitTest.class], file [/Users/batux/Downloads/Bookstore_Web/target/classes/com/bookstore/datalayer/config/RepositorySpringConfiguration.class], file [/Users/batux/Downloads/Bookstore_Web/target/classes/com/bookstore/datalayer/entity/Book.class], file [/Users/batux/Downloads/Bookstore_Web/target/classes/com/bookstore/datalayer/entity/BookTag.class], file [/Users/batux/Downloads/Bookstore_Web/target/classes/com/bookstore/datalayer/entity/BookTagId.class], file [/Users/batux/Downloads/Bookstore_Web/target/classes/com/bookstore/datalayer/entity/Role.class], file [/Users/batux/Downloads/Bookstore_Web/target/classes/com/bookstore/datalayer/entity/Tag.class], file [/Users/batux/Downloads/Bookstore_Web/target/classes/com/bookstore/datalayer/entity/User.class], file [/Users/batux/Downloads/Bookstore_Web/target/classes/com/bookstore/datalayer/entity/UserBook.class], file [/Users/batux/Downloads/Bookstore_Web/target/classes/com/bookstore/datalayer/entity/UserRole.class], file [/Users/batux/Downloads/Bookstore_Web/target/classes/com/bookstore/datalayer/repository/BookRepository.class], file [/Users/batux/Downloads/Bookstore_Web/target/classes/com/bookstore/datalayer/repository/BookTagQueryRepository.class], file [/Users/batux/Downloads/Bookstore_Web/target/classes/com/bookstore/datalayer/repository/BookTagRepository.class], file [/Users/batux/Downloads/Bookstore_Web/target/classes/com/bookstore/datalayer/repository/RoleRepository.class], file [/Users/batux/Downloads/Bookstore_Web/target/classes/com/bookstore/datalayer/repository/TagRepository.class], file [/Users/batux/Downloads/Bookstore_Web/target/classes/com/bookstore/datalayer/repository/UserBookRepository.class], file [/Users/batux/Downloads/Bookstore_Web/target/classes/com/bookstore/datalayer/repository/UserRepository.class], file [/Users/batux/Downloads/Bookstore_Web/target/classes/com/bookstore/servicelayer/BookService.class], file [/Users/batux/Downloads/Bookstore_Web/target/classes/com/bookstore/servicelayer/RoleService.class], file [/Users/batux/Downloads/Bookstore_Web/target/classes/com/bookstore/servicelayer/UserService.class], file [/Users/batux/Downloads/Bookstore_Web/target/classes/com/bookstore/weblayer/BookStoreController.class], file [/Users/batux/Downloads/Bookstore_Web/target/classes/com/bookstore/weblayer/model/BookTagPair.class], file [/Users/batux/Downloads/Bookstore_Web/target/classes/com/bookstore/weblayer/model/Registration.class], file [/Users/batux/Downloads/Bookstore_Web/target/classes/com/bookstore/weblayer/model/UserAuthentication.class]]
01:56:08.967 [main] INFO org.springframework.orm.jpa.LocalContainerEntityManagerFactoryBean - Building JPA container EntityManagerFactory for persistence unit 'default'
01:56:09.095 [main] DEBUG org.hibernate.jpa.internal.util.LogHelper - PersistenceUnitInfo [
	name: default
	persistence provider classname: null
	classloader: sun.misc.Launcher$AppClassLoader@28d93b30
	excludeUnlistedClasses: true
	JTA datasource: null
	Non JTA datasource: org.springframework.jdbc.datasource.DriverManagerDataSource@61eaec38
	Transaction type: RESOURCE_LOCAL
	PU root URL: file:/Users/batux/Downloads/Bookstore_Web/target/test-classes/
	Shared Cache Mode: UNSPECIFIED
	Validation Mode: AUTO
	Jar files URLs []
	Managed classes names [
		com.bookstore.datalayer.entity.Book
		com.bookstore.datalayer.entity.BookTag
		com.bookstore.datalayer.entity.BookTagId
		com.bookstore.datalayer.entity.Role
		com.bookstore.datalayer.entity.Tag
		com.bookstore.datalayer.entity.User
		com.bookstore.datalayer.entity.UserBook
		com.bookstore.datalayer.entity.UserRole]
	Mapping files names []
	Properties []
01:56:09.185 [main] DEBUG org.hibernate.integrator.internal.IntegratorServiceImpl - Adding Integrator [org.hibernate.cfg.beanvalidation.BeanValidationIntegrator].
01:56:09.192 [main] DEBUG org.hibernate.integrator.internal.IntegratorServiceImpl - Adding Integrator [org.hibernate.secure.spi.JaccIntegrator].
01:56:09.215 [main] DEBUG org.hibernate.integrator.internal.IntegratorServiceImpl - Adding Integrator [org.hibernate.cache.internal.CollectionCacheInvalidator].
01:56:09.215 [main] DEBUG org.hibernate.integrator.internal.IntegratorServiceImpl - Adding Integrator [org.hibernate.jpa.event.spi.JpaIntegrator].
01:56:09.392 [main] INFO org.hibernate.Version - HHH000412: Hibernate Core {5.0.11.Final}
01:56:09.401 [main] INFO org.hibernate.cfg.Environment - HHH000206: hibernate.properties not found
01:56:09.405 [main] INFO org.hibernate.cfg.Environment - HHH000021: Bytecode provider name : javassist
01:56:09.462 [main] DEBUG org.hibernate.service.spi.ServiceBinding - Overriding existing service binding [org.hibernate.secure.spi.JaccService]
01:56:09.524 [main] DEBUG org.hibernate.cache.internal.RegionFactoryInitiator - Cache region factory : org.hibernate.cache.internal.NoCachingRegionFactory
01:56:09.563 [main] INFO org.hibernate.annotations.common.Version - HCANN000001: Hibernate Commons Annotations {5.0.1.Final}
01:56:09.856 [main] DEBUG org.hibernate.type.BasicTypeRegistry - Adding type registration boolean -> org.hibernate.type.BooleanType@b70da4c
01:56:09.857 [main] DEBUG org.hibernate.type.BasicTypeRegistry - Adding type registration boolean -> org.hibernate.type.BooleanType@b70da4c
01:56:09.857 [main] DEBUG org.hibernate.type.BasicTypeRegistry - Adding type registration java.lang.Boolean -> org.hibernate.type.BooleanType@b70da4c
01:56:09.860 [main] DEBUG org.hibernate.type.BasicTypeRegistry - Adding type registration numeric_boolean -> org.hibernate.type.NumericBooleanType@b7838a9
01:56:09.863 [main] DEBUG org.hibernate.type.BasicTypeRegistry - Adding type registration true_false -> org.hibernate.type.TrueFalseType@7bb6ab3a
01:56:09.864 [main] DEBUG org.hibernate.type.BasicTypeRegistry - Adding type registration yes_no -> org.hibernate.type.YesNoType@7ce97ee5
01:56:09.866 [main] DEBUG org.hibernate.type.BasicTypeRegistry - Adding type registration byte -> org.hibernate.type.ByteType@14d14731
01:56:09.867 [main] DEBUG org.hibernate.type.BasicTypeRegistry - Adding type registration byte -> org.hibernate.type.ByteType@14d14731
01:56:09.867 [main] DEBUG org.hibernate.type.BasicTypeRegistry - Adding type registration java.lang.Byte -> org.hibernate.type.ByteType@14d14731
01:56:09.878 [main] DEBUG org.hibernate.type.BasicTypeRegistry - Adding type registration character -> org.hibernate.type.CharacterType@4b7e96a
01:56:09.878 [main] DEBUG org.hibernate.type.BasicTypeRegistry - Adding type registration char -> org.hibernate.type.CharacterType@4b7e96a
01:56:09.878 [main] DEBUG org.hibernate.type.BasicTypeRegistry - Adding type registration java.lang.Character -> org.hibernate.type.CharacterType@4b7e96a
01:56:09.880 [main] DEBUG org.hibernate.type.BasicTypeRegistry - Adding type registration short -> org.hibernate.type.ShortType@784b990c
01:56:09.881 [main] DEBUG org.hibernate.type.BasicTypeRegistry - Adding type registration short -> org.hibernate.type.ShortType@784b990c
01:56:09.881 [main] DEBUG org.hibernate.type.BasicTypeRegistry - Adding type registration java.lang.Short -> org.hibernate.type.ShortType@784b990c
01:56:09.882 [main] DEBUG org.hibernate.type.BasicTypeRegistry - Adding type registration integer -> org.hibernate.type.IntegerType@1951b871
01:56:09.882 [main] DEBUG org.hibernate.type.BasicTypeRegistry - Adding type registration int -> org.hibernate.type.IntegerType@1951b871
01:56:09.882 [main] DEBUG org.hibernate.type.BasicTypeRegistry - Adding type registration java.lang.Integer -> org.hibernate.type.IntegerType@1951b871
01:56:09.884 [main] DEBUG org.hibernate.type.BasicTypeRegistry - Adding type registration long -> org.hibernate.type.LongType@1ae67cad
01:56:09.885 [main] DEBUG org.hibernate.type.BasicTypeRegistry - Adding type registration long -> org.hibernate.type.LongType@1ae67cad
01:56:09.885 [main] DEBUG org.hibernate.type.BasicTypeRegistry - Adding type registration java.lang.Long -> org.hibernate.type.LongType@1ae67cad
01:56:09.889 [main] DEBUG org.hibernate.type.BasicTypeRegistry - Adding type registration float -> org.hibernate.type.FloatType@13f17eb4
01:56:09.889 [main] DEBUG org.hibernate.type.BasicTypeRegistry - Adding type registration float -> org.hibernate.type.FloatType@13f17eb4
01:56:09.889 [main] DEBUG org.hibernate.type.BasicTypeRegistry - Adding type registration java.lang.Float -> org.hibernate.type.FloatType@13f17eb4
01:56:09.895 [main] DEBUG org.hibernate.type.BasicTypeRegistry - Adding type registration double -> org.hibernate.type.DoubleType@7ec3394b
01:56:09.895 [main] DEBUG org.hibernate.type.BasicTypeRegistry - Adding type registration double -> org.hibernate.type.DoubleType@7ec3394b
01:56:09.896 [main] DEBUG org.hibernate.type.BasicTypeRegistry - Adding type registration java.lang.Double -> org.hibernate.type.DoubleType@7ec3394b
01:56:09.899 [main] DEBUG org.hibernate.type.BasicTypeRegistry - Adding type registration big_decimal -> org.hibernate.type.BigDecimalType@6bea52d4
01:56:09.899 [main] DEBUG org.hibernate.type.BasicTypeRegistry - Adding type registration java.math.BigDecimal -> org.hibernate.type.BigDecimalType@6bea52d4
01:56:09.901 [main] DEBUG org.hibernate.type.BasicTypeRegistry - Adding type registration big_integer -> org.hibernate.type.BigIntegerType@aeab9a1
01:56:09.901 [main] DEBUG org.hibernate.type.BasicTypeRegistry - Adding type registration java.math.BigInteger -> org.hibernate.type.BigIntegerType@aeab9a1
01:56:09.902 [main] DEBUG org.hibernate.type.BasicTypeRegistry - Adding type registration string -> org.hibernate.type.StringType@72ea6193
01:56:09.902 [main] DEBUG org.hibernate.type.BasicTypeRegistry - Adding type registration java.lang.String -> org.hibernate.type.StringType@72ea6193
01:56:09.904 [main] DEBUG org.hibernate.type.BasicTypeRegistry - Adding type registration nstring -> org.hibernate.type.StringNVarcharType@6b44435b
01:56:09.905 [main] DEBUG org.hibernate.type.BasicTypeRegistry - Adding type registration ncharacter -> org.hibernate.type.CharacterNCharType@3542162a
01:56:09.906 [main] DEBUG org.hibernate.type.BasicTypeRegistry - Adding type registration url -> org.hibernate.type.UrlType@5bd82fed
01:56:09.906 [main] DEBUG org.hibernate.type.BasicTypeRegistry - Adding type registration java.net.URL -> org.hibernate.type.UrlType@5bd82fed
01:56:09.908 [main] DEBUG org.hibernate.type.BasicTypeRegistry - Adding type registration date -> org.hibernate.type.DateType@20a14b55
01:56:09.908 [main] DEBUG org.hibernate.type.BasicTypeRegistry - Adding type registration java.sql.Date -> org.hibernate.type.DateType@20a14b55
01:56:09.910 [main] DEBUG org.hibernate.type.BasicTypeRegistry - Adding type registration time -> org.hibernate.type.TimeType@13cf7d52
01:56:09.910 [main] DEBUG org.hibernate.type.BasicTypeRegistry - Adding type registration java.sql.Time -> org.hibernate.type.TimeType@13cf7d52
01:56:09.913 [main] DEBUG org.hibernate.type.BasicTypeRegistry - Adding type registration timestamp -> org.hibernate.type.TimestampType@3e10dc6
01:56:09.913 [main] DEBUG org.hibernate.type.BasicTypeRegistry - Adding type registration java.sql.Timestamp -> org.hibernate.type.TimestampType@3e10dc6
01:56:09.913 [main] DEBUG org.hibernate.type.BasicTypeRegistry - Adding type registration java.util.Date -> org.hibernate.type.TimestampType@3e10dc6
01:56:09.914 [main] DEBUG org.hibernate.type.BasicTypeRegistry - Adding type registration dbtimestamp -> org.hibernate.type.DbTimestampType@62452cc9
01:56:09.916 [main] DEBUG org.hibernate.type.BasicTypeRegistry - Adding type registration calendar -> org.hibernate.type.CalendarType@7516e4e5
01:56:09.916 [main] DEBUG org.hibernate.type.BasicTypeRegistry - Adding type registration java.util.Calendar -> org.hibernate.type.CalendarType@7516e4e5
01:56:09.916 [main] DEBUG org.hibernate.type.BasicTypeRegistry - Adding type registration java.util.GregorianCalendar -> org.hibernate.type.CalendarType@7516e4e5
01:56:09.917 [main] DEBUG org.hibernate.type.BasicTypeRegistry - Adding type registration calendar_date -> org.hibernate.type.CalendarDateType@4189d70b
01:56:09.919 [main] DEBUG org.hibernate.type.BasicTypeRegistry - Adding type registration locale -> org.hibernate.type.LocaleType@320de594
01:56:09.919 [main] DEBUG org.hibernate.type.BasicTypeRegistry - Adding type registration java.util.Locale -> org.hibernate.type.LocaleType@320de594
01:56:09.920 [main] DEBUG org.hibernate.type.BasicTypeRegistry - Adding type registration currency -> org.hibernate.type.CurrencyType@2974f221
01:56:09.920 [main] DEBUG org.hibernate.type.BasicTypeRegistry - Adding type registration java.util.Currency -> org.hibernate.type.CurrencyType@2974f221
01:56:09.921 [main] DEBUG org.hibernate.type.BasicTypeRegistry - Adding type registration timezone -> org.hibernate.type.TimeZoneType@4044fb95
01:56:09.921 [main] DEBUG org.hibernate.type.BasicTypeRegistry - Adding type registration java.util.TimeZone -> org.hibernate.type.TimeZoneType@4044fb95
01:56:09.922 [main] DEBUG org.hibernate.type.BasicTypeRegistry - Adding type registration class -> org.hibernate.type.ClassType@1bb564e2
01:56:09.923 [main] DEBUG org.hibernate.type.BasicTypeRegistry - Adding type registration java.lang.Class -> org.hibernate.type.ClassType@1bb564e2
01:56:09.925 [main] DEBUG org.hibernate.type.BasicTypeRegistry - Adding type registration uuid-binary -> org.hibernate.type.UUIDBinaryType@2a8d39c4
01:56:09.925 [main] DEBUG org.hibernate.type.BasicTypeRegistry - Adding type registration java.util.UUID -> org.hibernate.type.UUIDBinaryType@2a8d39c4
01:56:09.925 [main] DEBUG org.hibernate.type.BasicTypeRegistry - Adding type registration uuid-char -> org.hibernate.type.UUIDCharType@fb9c7aa
01:56:09.927 [main] DEBUG org.hibernate.type.BasicTypeRegistry - Adding type registration binary -> org.hibernate.type.BinaryType@60a2630a
01:56:09.927 [main] DEBUG org.hibernate.type.BasicTypeRegistry - Adding type registration byte[] -> org.hibernate.type.BinaryType@60a2630a
01:56:09.927 [main] DEBUG org.hibernate.type.BasicTypeRegistry - Adding type registration [B -> org.hibernate.type.BinaryType@60a2630a
01:56:09.928 [main] DEBUG org.hibernate.type.BasicTypeRegistry - Adding type registration wrapper-binary -> org.hibernate.type.WrapperBinaryType@60641ec8
01:56:09.928 [main] DEBUG org.hibernate.type.BasicTypeRegistry - Adding type registration Byte[] -> org.hibernate.type.WrapperBinaryType@60641ec8
01:56:09.928 [main] DEBUG org.hibernate.type.BasicTypeRegistry - Adding type registration [Ljava.lang.Byte; -> org.hibernate.type.WrapperBinaryType@60641ec8
01:56:09.929 [main] DEBUG org.hibernate.type.BasicTypeRegistry - Adding type registration row_version -> org.hibernate.type.RowVersionType@4d18aa28
01:56:09.930 [main] DEBUG org.hibernate.type.BasicTypeRegistry - Adding type registration image -> org.hibernate.type.ImageType@16746061
01:56:09.931 [main] DEBUG org.hibernate.type.BasicTypeRegistry - Adding type registration characters -> org.hibernate.type.CharArrayType@5c8eee0f
01:56:09.931 [main] DEBUG org.hibernate.type.BasicTypeRegistry - Adding type registration char[] -> org.hibernate.type.CharArrayType@5c8eee0f
01:56:09.931 [main] DEBUG org.hibernate.type.BasicTypeRegistry - Adding type registration [C -> org.hibernate.type.CharArrayType@5c8eee0f
01:56:09.932 [main] DEBUG org.hibernate.type.BasicTypeRegistry - Adding type registration wrapper-characters -> org.hibernate.type.CharacterArrayType@56a4479a
01:56:09.932 [main] DEBUG org.hibernate.type.BasicTypeRegistry - Adding type registration [Ljava.lang.Character; -> org.hibernate.type.CharacterArrayType@56a4479a
01:56:09.932 [main] DEBUG org.hibernate.type.BasicTypeRegistry - Adding type registration Character[] -> org.hibernate.type.CharacterArrayType@56a4479a
01:56:09.934 [main] DEBUG org.hibernate.type.BasicTypeRegistry - Adding type registration text -> org.hibernate.type.TextType@4504d271
01:56:09.935 [main] DEBUG org.hibernate.type.BasicTypeRegistry - Adding type registration ntext -> org.hibernate.type.NTextType@2b5825fa
01:56:09.939 [main] DEBUG org.hibernate.type.BasicTypeRegistry - Adding type registration blob -> org.hibernate.type.BlobType@5b444398
01:56:09.939 [main] DEBUG org.hibernate.type.BasicTypeRegistry - Adding type registration java.sql.Blob -> org.hibernate.type.BlobType@5b444398
01:56:09.939 [main] DEBUG org.hibernate.type.BasicTypeRegistry - Adding type registration materialized_blob -> org.hibernate.type.MaterializedBlobType@a776e
01:56:09.943 [main] DEBUG org.hibernate.type.BasicTypeRegistry - Adding type registration clob -> org.hibernate.type.ClobType@d8305c2
01:56:09.944 [main] DEBUG org.hibernate.type.BasicTypeRegistry - Adding type registration java.sql.Clob -> org.hibernate.type.ClobType@d8305c2
01:56:09.947 [main] DEBUG org.hibernate.type.BasicTypeRegistry - Adding type registration nclob -> org.hibernate.type.NClobType@60dce7ea
01:56:09.947 [main] DEBUG org.hibernate.type.BasicTypeRegistry - Adding type registration java.sql.NClob -> org.hibernate.type.NClobType@60dce7ea
01:56:09.948 [main] DEBUG org.hibernate.type.BasicTypeRegistry - Adding type registration materialized_clob -> org.hibernate.type.MaterializedClobType@5974109
01:56:09.948 [main] DEBUG org.hibernate.type.BasicTypeRegistry - Adding type registration materialized_nclob -> org.hibernate.type.MaterializedNClobType@502f1f4c
01:56:09.949 [main] DEBUG org.hibernate.type.BasicTypeRegistry - Adding type registration serializable -> org.hibernate.type.SerializableType@4fbda97b
01:56:09.953 [main] DEBUG org.hibernate.type.BasicTypeRegistry - Adding type registration object -> org.hibernate.type.ObjectType@a4b2d8f
01:56:09.953 [main] DEBUG org.hibernate.type.BasicTypeRegistry - Adding type registration java.lang.Object -> org.hibernate.type.ObjectType@a4b2d8f
01:56:09.954 [main] DEBUG org.hibernate.type.BasicTypeRegistry - Adding type registration imm_date -> org.hibernate.type.AdaptedImmutableType@f73dcd6
01:56:09.954 [main] DEBUG org.hibernate.type.BasicTypeRegistry - Adding type registration imm_time -> org.hibernate.type.AdaptedImmutableType@5c87bfe2
01:56:09.954 [main] DEBUG org.hibernate.type.BasicTypeRegistry - Adding type registration imm_timestamp -> org.hibernate.type.AdaptedImmutableType@2fea7088
01:56:09.954 [main] DEBUG org.hibernate.type.BasicTypeRegistry - Adding type registration imm_dbtimestamp -> org.hibernate.type.AdaptedImmutableType@40499e4f
01:56:09.954 [main] DEBUG org.hibernate.type.BasicTypeRegistry - Adding type registration imm_calendar -> org.hibernate.type.AdaptedImmutableType@51cd7ffc
01:56:09.954 [main] DEBUG org.hibernate.type.BasicTypeRegistry - Adding type registration imm_calendar_date -> org.hibernate.type.AdaptedImmutableType@30d4b288
01:56:09.954 [main] DEBUG org.hibernate.type.BasicTypeRegistry - Adding type registration imm_binary -> org.hibernate.type.AdaptedImmutableType@4cc6fa2a
01:56:09.954 [main] DEBUG org.hibernate.type.BasicTypeRegistry - Adding type registration imm_serializable -> org.hibernate.type.AdaptedImmutableType@40f1be1b
01:56:10.032 [main] DEBUG org.springframework.jdbc.datasource.DriverManagerDataSource - Creating new JDBC DriverManager Connection to [jdbc:mysql://us-cdbr-iron-east-05.cleardb.net:3306/heroku_b97a6a29164fbb3]
01:56:12.146 [main] DEBUG org.hibernate.engine.jdbc.env.internal.JdbcEnvironmentInitiator - Database ->
       name : MySQL
    version : 5.6.36-log
      major : 5
      minor : 6
01:56:12.146 [main] DEBUG org.hibernate.engine.jdbc.env.internal.JdbcEnvironmentInitiator - Driver ->
       name : MySQL Connector Java
    version : mysql-connector-java-5.1.40 ( Revision: 402933ef52cad9aa82624e80acbea46e3a701ce6 )
      major : 5
      minor : 1
01:56:12.147 [main] DEBUG org.hibernate.engine.jdbc.env.internal.JdbcEnvironmentInitiator - JDBC version : 4.0
01:56:12.230 [main] INFO org.hibernate.dialect.Dialect - HHH000400: Using dialect: org.hibernate.dialect.MySQL5Dialect
01:56:12.345 [main] DEBUG org.hibernate.engine.jdbc.env.spi.IdentifierHelperBuilder - JDBC driver metadata reported database stores quoted identifiers in more than one case
01:56:12.350 [main] DEBUG org.hibernate.engine.jdbc.env.spi.IdentifierHelperBuilder - IdentifierCaseStrategy for both quoted and unquoted identifiers was set to the same strategy [LOWER]; that will likely lead to problems in schema update and validation if using quoted identifiers
01:56:12.475 [main] DEBUG org.hibernate.id.factory.internal.DefaultIdentifierGeneratorFactory - Registering IdentifierGenerator strategy [uuid2] -> [org.hibernate.id.UUIDGenerator]
01:56:12.476 [main] DEBUG org.hibernate.id.factory.internal.DefaultIdentifierGeneratorFactory - Registering IdentifierGenerator strategy [guid] -> [org.hibernate.id.GUIDGenerator]
01:56:12.477 [main] DEBUG org.hibernate.id.factory.internal.DefaultIdentifierGeneratorFactory - Registering IdentifierGenerator strategy [uuid] -> [org.hibernate.id.UUIDHexGenerator]
01:56:12.477 [main] DEBUG org.hibernate.id.factory.internal.DefaultIdentifierGeneratorFactory - Registering IdentifierGenerator strategy [uuid.hex] -> [org.hibernate.id.UUIDHexGenerator]
01:56:12.478 [main] DEBUG org.hibernate.id.factory.internal.DefaultIdentifierGeneratorFactory - Registering IdentifierGenerator strategy [assigned] -> [org.hibernate.id.Assigned]
01:56:12.480 [main] DEBUG org.hibernate.id.factory.internal.DefaultIdentifierGeneratorFactory - Registering IdentifierGenerator strategy [identity] -> [org.hibernate.id.IdentityGenerator]
01:56:12.481 [main] DEBUG org.hibernate.id.factory.internal.DefaultIdentifierGeneratorFactory - Registering IdentifierGenerator strategy [select] -> [org.hibernate.id.SelectGenerator]
01:56:12.484 [main] DEBUG org.hibernate.id.factory.internal.DefaultIdentifierGeneratorFactory - Registering IdentifierGenerator strategy [sequence] -> [org.hibernate.id.enhanced.SequenceStyleGenerator]
01:56:12.485 [main] DEBUG org.hibernate.id.factory.internal.DefaultIdentifierGeneratorFactory - Registering IdentifierGenerator strategy [seqhilo] -> [org.hibernate.id.SequenceHiLoGenerator]
01:56:12.487 [main] DEBUG org.hibernate.id.factory.internal.DefaultIdentifierGeneratorFactory - Registering IdentifierGenerator strategy [increment] -> [org.hibernate.id.IncrementGenerator]
01:56:12.487 [main] DEBUG org.hibernate.id.factory.internal.DefaultIdentifierGeneratorFactory - Registering IdentifierGenerator strategy [foreign] -> [org.hibernate.id.ForeignGenerator]
01:56:12.488 [main] DEBUG org.hibernate.id.factory.internal.DefaultIdentifierGeneratorFactory - Registering IdentifierGenerator strategy [sequence-identity] -> [org.hibernate.id.SequenceIdentityGenerator]
01:56:12.488 [main] DEBUG org.hibernate.id.factory.internal.DefaultIdentifierGeneratorFactory - Registering IdentifierGenerator strategy [enhanced-sequence] -> [org.hibernate.id.enhanced.SequenceStyleGenerator]
01:56:12.490 [main] DEBUG org.hibernate.id.factory.internal.DefaultIdentifierGeneratorFactory - Registering IdentifierGenerator strategy [enhanced-table] -> [org.hibernate.id.enhanced.TableGenerator]
01:56:12.574 [main] DEBUG org.hibernate.boot.model.relational.Namespace - Created database namespace [logicalName=Name{catalog=null, schema=null}, physicalName=Name{catalog=null, schema=null}]
01:56:12.683 [main] DEBUG org.hibernate.boot.model.source.internal.annotations.AnnotationMetadataSourceProcessorImpl - Encountered a non-categorized annotated class [com.bookstore.datalayer.entity.BookTagId]; ignoring
01:56:12.744 [main] DEBUG org.hibernate.cfg.AnnotationBinder - Binding entity from annotated class: com.bookstore.datalayer.entity.Book
01:56:12.805 [main] DEBUG org.hibernate.cfg.Ejb3Column - Binding column: Ejb3DiscriminatorColumn{logicalColumnName'DTYPE', discriminatorTypeName='string'}
01:56:12.815 [main] DEBUG org.hibernate.cfg.annotations.EntityBinder - Import with entity name Book
01:56:12.821 [main] DEBUG org.hibernate.cfg.annotations.EntityBinder - Bind entity com.bookstore.datalayer.entity.Book on table book
01:56:12.865 [main] DEBUG org.hibernate.cfg.Ejb3Column - Binding column: Ejb3Column{table=org.hibernate.mapping.Table(book), mappingColumn=book_id, insertable=true, updatable=true, unique=false}
01:56:12.872 [main] DEBUG org.hibernate.cfg.annotations.PropertyBinder - MetadataSourceProcessor property bookId with lazy=false
01:56:12.875 [main] DEBUG org.hibernate.cfg.AbstractPropertyHolder - Attempting to locate auto-apply AttributeConverter for property [com.bookstore.datalayer.entity.Book:bookId]
01:56:12.877 [main] DEBUG org.hibernate.cfg.annotations.SimpleValueBinder - building SimpleValue for bookId
01:56:12.880 [main] DEBUG org.hibernate.cfg.annotations.PropertyBinder - Building property bookId
01:56:12.885 [main] DEBUG org.hibernate.cfg.Ejb3Column - Binding column: Ejb3Column{table=org.hibernate.mapping.Table(book), mappingColumn=author, insertable=true, updatable=true, unique=false}
01:56:12.886 [main] DEBUG org.hibernate.cfg.annotations.PropertyBinder - MetadataSourceProcessor property author with lazy=false
01:56:12.886 [main] DEBUG org.hibernate.cfg.AbstractPropertyHolder - Attempting to locate auto-apply AttributeConverter for property [com.bookstore.datalayer.entity.Book:author]
01:56:12.886 [main] DEBUG org.hibernate.cfg.annotations.SimpleValueBinder - building SimpleValue for author
01:56:12.886 [main] DEBUG org.hibernate.cfg.annotations.PropertyBinder - Building property author
01:56:12.887 [main] DEBUG org.hibernate.cfg.Ejb3Column - Binding column: Ejb3Column{table=org.hibernate.mapping.Table(book), mappingColumn=description, insertable=true, updatable=true, unique=false}
01:56:12.887 [main] DEBUG org.hibernate.cfg.annotations.PropertyBinder - MetadataSourceProcessor property description with lazy=false
01:56:12.887 [main] DEBUG org.hibernate.cfg.AbstractPropertyHolder - Attempting to locate auto-apply AttributeConverter for property [com.bookstore.datalayer.entity.Book:description]
01:56:12.887 [main] DEBUG org.hibernate.cfg.annotations.SimpleValueBinder - building SimpleValue for description
01:56:12.887 [main] DEBUG org.hibernate.cfg.annotations.PropertyBinder - Building property description
01:56:12.887 [main] DEBUG org.hibernate.cfg.Ejb3Column - Binding column: Ejb3Column{table=org.hibernate.mapping.Table(book), mappingColumn=name, insertable=true, updatable=true, unique=false}
01:56:12.888 [main] DEBUG org.hibernate.cfg.annotations.PropertyBinder - MetadataSourceProcessor property name with lazy=false
01:56:12.888 [main] DEBUG org.hibernate.cfg.AbstractPropertyHolder - Attempting to locate auto-apply AttributeConverter for property [com.bookstore.datalayer.entity.Book:name]
01:56:12.888 [main] DEBUG org.hibernate.cfg.annotations.SimpleValueBinder - building SimpleValue for name
01:56:12.888 [main] DEBUG org.hibernate.cfg.annotations.PropertyBinder - Building property name
01:56:12.888 [main] DEBUG org.hibernate.cfg.Ejb3Column - Binding column: Ejb3Column{table=org.hibernate.mapping.Table(book), mappingColumn=published_date, insertable=true, updatable=true, unique=false}
01:56:12.888 [main] DEBUG org.hibernate.cfg.annotations.PropertyBinder - MetadataSourceProcessor property publishedDate with lazy=false
01:56:12.888 [main] DEBUG org.hibernate.cfg.AbstractPropertyHolder - Attempting to locate auto-apply AttributeConverter for property [com.bookstore.datalayer.entity.Book:publishedDate]
01:56:12.889 [main] DEBUG org.hibernate.cfg.annotations.SimpleValueBinder - building SimpleValue for publishedDate
01:56:12.889 [main] DEBUG org.hibernate.cfg.annotations.PropertyBinder - Building property publishedDate
01:56:12.889 [main] DEBUG org.hibernate.cfg.Ejb3Column - Binding column: Ejb3Column{table=org.hibernate.mapping.Table(book), mappingColumn=publisher, insertable=true, updatable=true, unique=false}
01:56:12.889 [main] DEBUG org.hibernate.cfg.annotations.PropertyBinder - MetadataSourceProcessor property publisher with lazy=false
01:56:12.890 [main] DEBUG org.hibernate.cfg.AbstractPropertyHolder - Attempting to locate auto-apply AttributeConverter for property [com.bookstore.datalayer.entity.Book:publisher]
01:56:12.890 [main] DEBUG org.hibernate.cfg.annotations.SimpleValueBinder - building SimpleValue for publisher
01:56:12.890 [main] DEBUG org.hibernate.cfg.annotations.PropertyBinder - Building property publisher
01:56:12.892 [main] DEBUG org.hibernate.cfg.AnnotationBinder - Binding entity from annotated class: com.bookstore.datalayer.entity.BookTag
01:56:12.892 [main] DEBUG org.hibernate.cfg.Ejb3Column - Binding column: Ejb3DiscriminatorColumn{logicalColumnName'DTYPE', discriminatorTypeName='string'}
01:56:12.892 [main] DEBUG org.hibernate.cfg.annotations.EntityBinder - Import with entity name BookTag
01:56:12.893 [main] DEBUG org.hibernate.cfg.annotations.EntityBinder - Bind entity com.bookstore.datalayer.entity.BookTag on table book_tag
01:56:12.917 [main] DEBUG org.hibernate.cfg.Ejb3Column - Binding column: Ejb3Column{table=org.hibernate.mapping.Table(book_tag), mappingColumn=bookTagId, insertable=true, updatable=true, unique=false}
01:56:12.925 [main] DEBUG org.hibernate.cfg.Ejb3Column - Binding column: Ejb3Column{table=org.hibernate.mapping.Table(book_tag), mappingColumn=book_id, insertable=true, updatable=true, unique=false}
01:56:12.926 [main] DEBUG org.hibernate.cfg.annotations.PropertyBinder - MetadataSourceProcessor property book with lazy=false
01:56:12.926 [main] DEBUG org.hibernate.cfg.AbstractPropertyHolder - Attempting to locate auto-apply AttributeConverter for property [com.bookstore.datalayer.entity.BookTag.bookTagId:book]
01:56:12.927 [main] DEBUG org.hibernate.cfg.annotations.SimpleValueBinder - building SimpleValue for book
01:56:12.927 [main] DEBUG org.hibernate.cfg.annotations.PropertyBinder - Building property book
01:56:12.927 [main] DEBUG org.hibernate.cfg.Ejb3Column - Binding column: Ejb3Column{table=org.hibernate.mapping.Table(book_tag), mappingColumn=tag_id, insertable=true, updatable=true, unique=false}
01:56:12.928 [main] DEBUG org.hibernate.cfg.annotations.PropertyBinder - MetadataSourceProcessor property tag with lazy=false
01:56:12.928 [main] DEBUG org.hibernate.cfg.AbstractPropertyHolder - Attempting to locate auto-apply AttributeConverter for property [com.bookstore.datalayer.entity.BookTag.bookTagId:tag]
01:56:12.928 [main] DEBUG org.hibernate.cfg.annotations.SimpleValueBinder - building SimpleValue for tag
01:56:12.928 [main] DEBUG org.hibernate.cfg.annotations.PropertyBinder - Building property tag
01:56:12.929 [main] DEBUG org.hibernate.cfg.Ejb3Column - Binding column: Ejb3Column{table=org.hibernate.mapping.Table(book_tag), mappingColumn=user_id, insertable=true, updatable=true, unique=false}
01:56:12.929 [main] DEBUG org.hibernate.cfg.annotations.PropertyBinder - MetadataSourceProcessor property user with lazy=false
01:56:12.929 [main] DEBUG org.hibernate.cfg.AbstractPropertyHolder - Attempting to locate auto-apply AttributeConverter for property [com.bookstore.datalayer.entity.BookTag.bookTagId:user]
01:56:12.930 [main] DEBUG org.hibernate.cfg.annotations.SimpleValueBinder - building SimpleValue for user
01:56:12.930 [main] DEBUG org.hibernate.cfg.annotations.PropertyBinder - Building property user
01:56:12.930 [main] DEBUG org.hibernate.cfg.annotations.PropertyBinder - Building property bookTagId
01:56:12.933 [main] DEBUG org.hibernate.cfg.Ejb3Column - Binding column: Ejb3JoinColumn{logicalColumnName='book_id', referencedColumn='', mappedBy=''}
01:56:12.933 [main] DEBUG org.hibernate.cfg.Ejb3Column - Binding column: Ejb3Column{table=org.hibernate.mapping.Table(book_tag), mappingColumn=book, insertable=true, updatable=true, unique=false}
01:56:12.946 [main] DEBUG org.hibernate.cfg.annotations.PropertyBinder - Building property book
01:56:12.947 [main] DEBUG org.hibernate.cfg.Ejb3Column - Binding column: Ejb3JoinColumn{logicalColumnName='tag_id', referencedColumn='', mappedBy=''}
01:56:12.947 [main] DEBUG org.hibernate.cfg.Ejb3Column - Binding column: Ejb3Column{table=org.hibernate.mapping.Table(book_tag), mappingColumn=tag, insertable=true, updatable=true, unique=false}
01:56:12.947 [main] DEBUG org.hibernate.cfg.annotations.PropertyBinder - Building property tag
01:56:12.948 [main] DEBUG org.hibernate.cfg.AnnotationBinder - Binding entity from annotated class: com.bookstore.datalayer.entity.Role
01:56:12.948 [main] DEBUG org.hibernate.cfg.Ejb3Column - Binding column: Ejb3DiscriminatorColumn{logicalColumnName'DTYPE', discriminatorTypeName='string'}
01:56:12.949 [main] DEBUG org.hibernate.cfg.annotations.EntityBinder - Import with entity name Role
01:56:12.949 [main] DEBUG org.hibernate.cfg.annotations.EntityBinder - Bind entity com.bookstore.datalayer.entity.Role on table role
01:56:12.950 [main] DEBUG org.hibernate.cfg.Ejb3Column - Binding column: Ejb3Column{table=org.hibernate.mapping.Table(role), mappingColumn=role_id, insertable=true, updatable=true, unique=false}
01:56:12.953 [main] DEBUG org.hibernate.cfg.annotations.PropertyBinder - MetadataSourceProcessor property roleId with lazy=false
01:56:12.954 [main] DEBUG org.hibernate.cfg.AbstractPropertyHolder - Attempting to locate auto-apply AttributeConverter for property [com.bookstore.datalayer.entity.Role:roleId]
01:56:12.954 [main] DEBUG org.hibernate.cfg.annotations.SimpleValueBinder - building SimpleValue for roleId
01:56:12.955 [main] DEBUG org.hibernate.cfg.annotations.PropertyBinder - Building property roleId
01:56:12.955 [main] DEBUG org.hibernate.cfg.Ejb3Column - Binding column: Ejb3Column{table=org.hibernate.mapping.Table(role), mappingColumn=name, insertable=true, updatable=true, unique=false}
01:56:12.956 [main] DEBUG org.hibernate.cfg.annotations.PropertyBinder - MetadataSourceProcessor property name with lazy=false
01:56:12.956 [main] DEBUG org.hibernate.cfg.AbstractPropertyHolder - Attempting to locate auto-apply AttributeConverter for property [com.bookstore.datalayer.entity.Role:name]
01:56:12.956 [main] DEBUG org.hibernate.cfg.annotations.SimpleValueBinder - building SimpleValue for name
01:56:12.956 [main] DEBUG org.hibernate.cfg.annotations.PropertyBinder - Building property name
01:56:12.956 [main] DEBUG org.hibernate.cfg.AnnotationBinder - Binding entity from annotated class: com.bookstore.datalayer.entity.Tag
01:56:12.956 [main] DEBUG org.hibernate.cfg.Ejb3Column - Binding column: Ejb3DiscriminatorColumn{logicalColumnName'DTYPE', discriminatorTypeName='string'}
01:56:12.957 [main] DEBUG org.hibernate.cfg.annotations.EntityBinder - Import with entity name Tag
01:56:12.957 [main] DEBUG org.hibernate.cfg.annotations.EntityBinder - Bind entity com.bookstore.datalayer.entity.Tag on table tag
01:56:12.958 [main] DEBUG org.hibernate.cfg.Ejb3Column - Binding column: Ejb3Column{table=org.hibernate.mapping.Table(tag), mappingColumn=tag_id, insertable=true, updatable=true, unique=false}
01:56:12.958 [main] DEBUG org.hibernate.cfg.annotations.PropertyBinder - MetadataSourceProcessor property tagId with lazy=false
01:56:12.959 [main] DEBUG org.hibernate.cfg.AbstractPropertyHolder - Attempting to locate auto-apply AttributeConverter for property [com.bookstore.datalayer.entity.Tag:tagId]
01:56:12.959 [main] DEBUG org.hibernate.cfg.annotations.SimpleValueBinder - building SimpleValue for tagId
01:56:12.959 [main] DEBUG org.hibernate.cfg.annotations.PropertyBinder - Building property tagId
01:56:12.959 [main] DEBUG org.hibernate.cfg.Ejb3Column - Binding column: Ejb3Column{table=org.hibernate.mapping.Table(tag), mappingColumn=name, insertable=true, updatable=true, unique=false}
01:56:12.959 [main] DEBUG org.hibernate.cfg.annotations.PropertyBinder - MetadataSourceProcessor property name with lazy=false
01:56:12.960 [main] DEBUG org.hibernate.cfg.AbstractPropertyHolder - Attempting to locate auto-apply AttributeConverter for property [com.bookstore.datalayer.entity.Tag:name]
01:56:12.960 [main] DEBUG org.hibernate.cfg.annotations.SimpleValueBinder - building SimpleValue for name
01:56:12.960 [main] DEBUG org.hibernate.cfg.annotations.PropertyBinder - Building property name
01:56:12.960 [main] DEBUG org.hibernate.cfg.AnnotationBinder - Binding entity from annotated class: com.bookstore.datalayer.entity.User
01:56:12.960 [main] DEBUG org.hibernate.cfg.Ejb3Column - Binding column: Ejb3DiscriminatorColumn{logicalColumnName'DTYPE', discriminatorTypeName='string'}
01:56:12.961 [main] DEBUG org.hibernate.cfg.annotations.EntityBinder - Import with entity name User
01:56:12.961 [main] DEBUG org.hibernate.cfg.annotations.EntityBinder - Bind entity com.bookstore.datalayer.entity.User on table user
01:56:12.969 [main] DEBUG org.hibernate.cfg.Ejb3Column - Binding column: Ejb3Column{table=org.hibernate.mapping.Table(user), mappingColumn=id, insertable=true, updatable=true, unique=false}
01:56:12.969 [main] DEBUG org.hibernate.cfg.annotations.PropertyBinder - MetadataSourceProcessor property userId with lazy=false
01:56:12.969 [main] DEBUG org.hibernate.cfg.AbstractPropertyHolder - Attempting to locate auto-apply AttributeConverter for property [com.bookstore.datalayer.entity.User:userId]
01:56:12.969 [main] DEBUG org.hibernate.cfg.annotations.SimpleValueBinder - building SimpleValue for userId
01:56:12.969 [main] DEBUG org.hibernate.cfg.annotations.PropertyBinder - Building property userId
01:56:12.969 [main] DEBUG org.hibernate.cfg.Ejb3Column - Binding column: Ejb3Column{table=org.hibernate.mapping.Table(user), mappingColumn=email, insertable=true, updatable=true, unique=false}
01:56:12.969 [main] DEBUG org.hibernate.cfg.annotations.PropertyBinder - MetadataSourceProcessor property email with lazy=false
01:56:12.970 [main] DEBUG org.hibernate.cfg.AbstractPropertyHolder - Attempting to locate auto-apply AttributeConverter for property [com.bookstore.datalayer.entity.User:email]
01:56:12.970 [main] DEBUG org.hibernate.cfg.annotations.SimpleValueBinder - building SimpleValue for email
01:56:12.970 [main] DEBUG org.hibernate.cfg.annotations.PropertyBinder - Building property email
01:56:12.970 [main] DEBUG org.hibernate.cfg.Ejb3Column - Binding column: Ejb3Column{table=org.hibernate.mapping.Table(user), mappingColumn=enabled, insertable=true, updatable=true, unique=false}
01:56:12.970 [main] DEBUG org.hibernate.cfg.annotations.PropertyBinder - MetadataSourceProcessor property enabled with lazy=false
01:56:12.970 [main] DEBUG org.hibernate.cfg.AbstractPropertyHolder - Attempting to locate auto-apply AttributeConverter for property [com.bookstore.datalayer.entity.User:enabled]
01:56:12.971 [main] DEBUG org.hibernate.cfg.annotations.SimpleValueBinder - building SimpleValue for enabled
01:56:12.971 [main] DEBUG org.hibernate.cfg.annotations.PropertyBinder - Building property enabled
01:56:12.971 [main] DEBUG org.hibernate.cfg.Ejb3Column - Binding column: Ejb3Column{table=org.hibernate.mapping.Table(user), mappingColumn=last_name, insertable=true, updatable=true, unique=false}
01:56:12.971 [main] DEBUG org.hibernate.cfg.annotations.PropertyBinder - MetadataSourceProcessor property lastName with lazy=false
01:56:12.972 [main] DEBUG org.hibernate.cfg.AbstractPropertyHolder - Attempting to locate auto-apply AttributeConverter for property [com.bookstore.datalayer.entity.User:lastName]
01:56:12.974 [main] DEBUG org.hibernate.cfg.annotations.SimpleValueBinder - building SimpleValue for lastName
01:56:12.974 [main] DEBUG org.hibernate.cfg.annotations.PropertyBinder - Building property lastName
01:56:12.975 [main] DEBUG org.hibernate.cfg.Ejb3Column - Binding column: Ejb3Column{table=org.hibernate.mapping.Table(user), mappingColumn=first_name, insertable=true, updatable=true, unique=false}
01:56:12.975 [main] DEBUG org.hibernate.cfg.annotations.PropertyBinder - MetadataSourceProcessor property name with lazy=false
01:56:12.975 [main] DEBUG org.hibernate.cfg.AbstractPropertyHolder - Attempting to locate auto-apply AttributeConverter for property [com.bookstore.datalayer.entity.User:name]
01:56:12.975 [main] DEBUG org.hibernate.cfg.annotations.SimpleValueBinder - building SimpleValue for name
01:56:12.976 [main] DEBUG org.hibernate.cfg.annotations.PropertyBinder - Building property name
01:56:12.976 [main] DEBUG org.hibernate.cfg.Ejb3Column - Binding column: Ejb3Column{table=org.hibernate.mapping.Table(user), mappingColumn=password, insertable=true, updatable=true, unique=false}
01:56:12.976 [main] DEBUG org.hibernate.cfg.annotations.PropertyBinder - MetadataSourceProcessor property password with lazy=false
01:56:12.976 [main] DEBUG org.hibernate.cfg.AbstractPropertyHolder - Attempting to locate auto-apply AttributeConverter for property [com.bookstore.datalayer.entity.User:password]
01:56:12.976 [main] DEBUG org.hibernate.cfg.annotations.SimpleValueBinder - building SimpleValue for password
01:56:12.977 [main] DEBUG org.hibernate.cfg.annotations.PropertyBinder - Building property password
01:56:12.977 [main] DEBUG org.hibernate.cfg.Ejb3Column - Binding column: Ejb3Column{table=org.hibernate.mapping.Table(user), mappingColumn=phone, insertable=true, updatable=true, unique=false}
01:56:12.977 [main] DEBUG org.hibernate.cfg.annotations.PropertyBinder - MetadataSourceProcessor property phone with lazy=false
01:56:12.977 [main] DEBUG org.hibernate.cfg.AbstractPropertyHolder - Attempting to locate auto-apply AttributeConverter for property [com.bookstore.datalayer.entity.User:phone]
01:56:12.977 [main] DEBUG org.hibernate.cfg.annotations.SimpleValueBinder - building SimpleValue for phone
01:56:12.978 [main] DEBUG org.hibernate.cfg.annotations.PropertyBinder - Building property phone
01:56:12.978 [main] DEBUG org.hibernate.cfg.Ejb3Column - Binding column: Ejb3JoinColumn{logicalColumnName='null', referencedColumn='null', mappedBy='user'}
01:56:12.978 [main] DEBUG org.hibernate.cfg.Ejb3Column - Binding column: Ejb3Column{table=org.hibernate.mapping.Table(user), mappingColumn=userBooks, insertable=true, updatable=true, unique=false}
01:56:12.979 [main] DEBUG org.hibernate.cfg.Ejb3Column - Binding column: Ejb3Column{table=org.hibernate.mapping.Table(user), mappingColumn=null, insertable=true, updatable=true, unique=false}
01:56:13.012 [main] DEBUG org.hibernate.cfg.Ejb3Column - Binding column: Ejb3Column{table=org.hibernate.mapping.Table(user), mappingColumn=element, insertable=true, updatable=true, unique=false}
01:56:13.013 [main] DEBUG org.hibernate.cfg.Ejb3Column - Binding column: Ejb3Column{table=org.hibernate.mapping.Table(user), mappingColumn=userBooks_KEY, insertable=true, updatable=true, unique=false}
01:56:13.015 [main] DEBUG org.hibernate.cfg.Ejb3Column - Binding column: Ejb3JoinColumn{logicalColumnName='userBooks_KEY', referencedColumn='null', mappedBy='null'}
01:56:13.016 [main] DEBUG org.hibernate.cfg.Ejb3Column - Binding column: Ejb3JoinColumn{logicalColumnName='null', referencedColumn='null', mappedBy='user'}
01:56:13.016 [main] DEBUG org.hibernate.cfg.Ejb3Column - Binding column: Ejb3JoinColumn{logicalColumnName='null', referencedColumn='null', mappedBy='user'}
01:56:13.017 [main] DEBUG org.hibernate.cfg.annotations.CollectionBinder - Collection role: com.bookstore.datalayer.entity.User.userBooks
01:56:13.021 [main] DEBUG org.hibernate.cfg.annotations.PropertyBinder - Building property userBooks
01:56:13.022 [main] DEBUG org.hibernate.cfg.Ejb3Column - Binding column: Ejb3Column{table=org.hibernate.mapping.Table(user), mappingColumn=username, insertable=true, updatable=true, unique=false}
01:56:13.022 [main] DEBUG org.hibernate.cfg.annotations.PropertyBinder - MetadataSourceProcessor property userName with lazy=false
01:56:13.022 [main] DEBUG org.hibernate.cfg.AbstractPropertyHolder - Attempting to locate auto-apply AttributeConverter for property [com.bookstore.datalayer.entity.User:userName]
01:56:13.022 [main] DEBUG org.hibernate.cfg.annotations.SimpleValueBinder - building SimpleValue for userName
01:56:13.022 [main] DEBUG org.hibernate.cfg.annotations.PropertyBinder - Building property userName
01:56:13.023 [main] DEBUG org.hibernate.cfg.Ejb3Column - Binding column: Ejb3JoinColumn{logicalColumnName='null', referencedColumn='null', mappedBy='user'}
01:56:13.024 [main] DEBUG org.hibernate.cfg.Ejb3Column - Binding column: Ejb3Column{table=org.hibernate.mapping.Table(user), mappingColumn=userRoles, insertable=true, updatable=true, unique=false}
01:56:13.024 [main] DEBUG org.hibernate.cfg.Ejb3Column - Binding column: Ejb3Column{table=org.hibernate.mapping.Table(user), mappingColumn=null, insertable=true, updatable=true, unique=false}
01:56:13.024 [main] DEBUG org.hibernate.cfg.Ejb3Column - Binding column: Ejb3Column{table=org.hibernate.mapping.Table(user), mappingColumn=element, insertable=true, updatable=true, unique=false}
01:56:13.025 [main] DEBUG org.hibernate.cfg.Ejb3Column - Binding column: Ejb3Column{table=org.hibernate.mapping.Table(user), mappingColumn=userRoles_KEY, insertable=true, updatable=true, unique=false}
01:56:13.025 [main] DEBUG org.hibernate.cfg.Ejb3Column - Binding column: Ejb3JoinColumn{logicalColumnName='userRoles_KEY', referencedColumn='null', mappedBy='null'}
01:56:13.025 [main] DEBUG org.hibernate.cfg.Ejb3Column - Binding column: Ejb3JoinColumn{logicalColumnName='null', referencedColumn='null', mappedBy='user'}
01:56:13.025 [main] DEBUG org.hibernate.cfg.Ejb3Column - Binding column: Ejb3JoinColumn{logicalColumnName='null', referencedColumn='null', mappedBy='user'}
01:56:13.025 [main] DEBUG org.hibernate.cfg.annotations.CollectionBinder - Collection role: com.bookstore.datalayer.entity.User.userRoles
01:56:13.025 [main] DEBUG org.hibernate.cfg.annotations.PropertyBinder - Building property userRoles
01:56:13.025 [main] DEBUG org.hibernate.cfg.AnnotationBinder - Binding entity from annotated class: com.bookstore.datalayer.entity.UserBook
01:56:13.025 [main] DEBUG org.hibernate.cfg.Ejb3Column - Binding column: Ejb3DiscriminatorColumn{logicalColumnName'DTYPE', discriminatorTypeName='string'}
01:56:13.026 [main] DEBUG org.hibernate.cfg.annotations.EntityBinder - Import with entity name UserBook
01:56:13.026 [main] DEBUG org.hibernate.cfg.annotations.EntityBinder - Bind entity com.bookstore.datalayer.entity.UserBook on table user_book
01:56:13.041 [main] DEBUG org.hibernate.cfg.Ejb3Column - Binding column: Ejb3Column{table=org.hibernate.mapping.Table(user_book), mappingColumn=user_book_id, insertable=true, updatable=true, unique=false}
01:56:13.041 [main] DEBUG org.hibernate.cfg.annotations.PropertyBinder - MetadataSourceProcessor property userBookId with lazy=false
01:56:13.041 [main] DEBUG org.hibernate.cfg.AbstractPropertyHolder - Attempting to locate auto-apply AttributeConverter for property [com.bookstore.datalayer.entity.UserBook:userBookId]
01:56:13.041 [main] DEBUG org.hibernate.cfg.annotations.SimpleValueBinder - building SimpleValue for userBookId
01:56:13.042 [main] DEBUG org.hibernate.cfg.annotations.PropertyBinder - Building property userBookId
01:56:13.042 [main] DEBUG org.hibernate.cfg.Ejb3Column - Binding column: Ejb3JoinColumn{logicalColumnName='book_id', referencedColumn='', mappedBy=''}
01:56:13.042 [main] DEBUG org.hibernate.cfg.Ejb3Column - Binding column: Ejb3Column{table=org.hibernate.mapping.Table(user_book), mappingColumn=book, insertable=true, updatable=true, unique=false}
01:56:13.042 [main] DEBUG org.hibernate.cfg.annotations.PropertyBinder - Building property book
01:56:13.043 [main] DEBUG org.hibernate.cfg.Ejb3Column - Binding column: Ejb3JoinColumn{logicalColumnName='user_id', referencedColumn='', mappedBy=''}
01:56:13.043 [main] DEBUG org.hibernate.cfg.Ejb3Column - Binding column: Ejb3Column{table=org.hibernate.mapping.Table(user_book), mappingColumn=user, insertable=true, updatable=true, unique=false}
01:56:13.043 [main] DEBUG org.hibernate.cfg.annotations.PropertyBinder - Building property user
01:56:13.045 [main] DEBUG org.hibernate.cfg.AnnotationBinder - Binding entity from annotated class: com.bookstore.datalayer.entity.UserRole
01:56:13.045 [main] DEBUG org.hibernate.cfg.Ejb3Column - Binding column: Ejb3DiscriminatorColumn{logicalColumnName'DTYPE', discriminatorTypeName='string'}
01:56:13.045 [main] DEBUG org.hibernate.cfg.annotations.EntityBinder - Import with entity name UserRole
01:56:13.045 [main] DEBUG org.hibernate.cfg.annotations.EntityBinder - Bind entity com.bookstore.datalayer.entity.UserRole on table user_role
01:56:13.047 [main] DEBUG org.hibernate.cfg.Ejb3Column - Binding column: Ejb3Column{table=org.hibernate.mapping.Table(user_role), mappingColumn=user_role_id, insertable=true, updatable=true, unique=false}
01:56:13.047 [main] DEBUG org.hibernate.cfg.annotations.PropertyBinder - MetadataSourceProcessor property userRoleId with lazy=false
01:56:13.047 [main] DEBUG org.hibernate.cfg.AbstractPropertyHolder - Attempting to locate auto-apply AttributeConverter for property [com.bookstore.datalayer.entity.UserRole:userRoleId]
01:56:13.047 [main] DEBUG org.hibernate.cfg.annotations.SimpleValueBinder - building SimpleValue for userRoleId
01:56:13.047 [main] DEBUG org.hibernate.cfg.annotations.PropertyBinder - Building property userRoleId
01:56:13.048 [main] DEBUG org.hibernate.cfg.Ejb3Column - Binding column: Ejb3JoinColumn{logicalColumnName='role_role_id', referencedColumn='', mappedBy=''}
01:56:13.048 [main] DEBUG org.hibernate.cfg.Ejb3Column - Binding column: Ejb3Column{table=org.hibernate.mapping.Table(user_role), mappingColumn=role, insertable=true, updatable=true, unique=false}
01:56:13.048 [main] DEBUG org.hibernate.cfg.annotations.PropertyBinder - Building property role
01:56:13.048 [main] DEBUG org.hibernate.cfg.Ejb3Column - Binding column: Ejb3JoinColumn{logicalColumnName='user_id', referencedColumn='', mappedBy=''}
01:56:13.048 [main] DEBUG org.hibernate.cfg.Ejb3Column - Binding column: Ejb3Column{table=org.hibernate.mapping.Table(user_role), mappingColumn=user, insertable=true, updatable=true, unique=false}
01:56:13.049 [main] DEBUG org.hibernate.cfg.annotations.PropertyBinder - Building property user
01:56:13.050 [main] DEBUG org.hibernate.cfg.annotations.SimpleValueBinder - Starting fillSimpleValue for bookId
01:56:13.050 [main] DEBUG org.hibernate.cfg.annotations.SimpleValueBinder - Starting fillSimpleValue for author
01:56:13.050 [main] DEBUG org.hibernate.cfg.annotations.SimpleValueBinder - Starting fillSimpleValue for description
01:56:13.050 [main] DEBUG org.hibernate.cfg.annotations.SimpleValueBinder - Starting fillSimpleValue for name
01:56:13.050 [main] DEBUG org.hibernate.cfg.annotations.SimpleValueBinder - Starting fillSimpleValue for publishedDate
01:56:13.050 [main] DEBUG org.hibernate.cfg.annotations.SimpleValueBinder - Starting fillSimpleValue for publisher
01:56:13.050 [main] DEBUG org.hibernate.cfg.annotations.SimpleValueBinder - Starting fillSimpleValue for book
01:56:13.050 [main] DEBUG org.hibernate.cfg.annotations.SimpleValueBinder - Starting fillSimpleValue for tag
01:56:13.050 [main] DEBUG org.hibernate.cfg.annotations.SimpleValueBinder - Starting fillSimpleValue for user
01:56:13.050 [main] DEBUG org.hibernate.cfg.annotations.SimpleValueBinder - Starting fillSimpleValue for roleId
01:56:13.050 [main] DEBUG org.hibernate.cfg.annotations.SimpleValueBinder - Starting fillSimpleValue for name
01:56:13.050 [main] DEBUG org.hibernate.cfg.annotations.SimpleValueBinder - Starting fillSimpleValue for tagId
01:56:13.051 [main] DEBUG org.hibernate.cfg.annotations.SimpleValueBinder - Starting fillSimpleValue for name
01:56:13.051 [main] DEBUG org.hibernate.cfg.annotations.SimpleValueBinder - Starting fillSimpleValue for userId
01:56:13.051 [main] DEBUG org.hibernate.cfg.annotations.SimpleValueBinder - Starting fillSimpleValue for email
01:56:13.051 [main] DEBUG org.hibernate.cfg.annotations.SimpleValueBinder - Starting fillSimpleValue for enabled
01:56:13.051 [main] DEBUG org.hibernate.cfg.annotations.SimpleValueBinder - Starting fillSimpleValue for lastName
01:56:13.051 [main] DEBUG org.hibernate.cfg.annotations.SimpleValueBinder - Starting fillSimpleValue for name
01:56:13.051 [main] DEBUG org.hibernate.cfg.annotations.SimpleValueBinder - Starting fillSimpleValue for password
01:56:13.051 [main] DEBUG org.hibernate.cfg.annotations.SimpleValueBinder - Starting fillSimpleValue for phone
01:56:13.051 [main] DEBUG org.hibernate.cfg.annotations.SimpleValueBinder - Starting fillSimpleValue for userName
01:56:13.051 [main] DEBUG org.hibernate.cfg.annotations.SimpleValueBinder - Starting fillSimpleValue for userBookId
01:56:13.051 [main] DEBUG org.hibernate.cfg.annotations.SimpleValueBinder - Starting fillSimpleValue for userRoleId
01:56:13.058 [main] DEBUG org.hibernate.mapping.PrimaryKey - Forcing column [book_id] to be non-null as it is part of the primary key for table [book]
01:56:13.059 [main] DEBUG org.hibernate.mapping.PrimaryKey - Forcing column [book_id] to be non-null as it is part of the primary key for table [book_tag]
01:56:13.060 [main] DEBUG org.hibernate.mapping.PrimaryKey - Forcing column [tag_id] to be non-null as it is part of the primary key for table [book_tag]
01:56:13.060 [main] DEBUG org.hibernate.mapping.PrimaryKey - Forcing column [user_id] to be non-null as it is part of the primary key for table [book_tag]
01:56:13.060 [main] DEBUG org.hibernate.mapping.PrimaryKey - Forcing column [role_id] to be non-null as it is part of the primary key for table [role]
01:56:13.060 [main] DEBUG org.hibernate.mapping.PrimaryKey - Forcing column [tag_id] to be non-null as it is part of the primary key for table [tag]
01:56:13.060 [main] DEBUG org.hibernate.mapping.PrimaryKey - Forcing column [id] to be non-null as it is part of the primary key for table [user]
01:56:13.060 [main] DEBUG org.hibernate.mapping.PrimaryKey - Forcing column [user_book_id] to be non-null as it is part of the primary key for table [user_book]
01:56:13.060 [main] DEBUG org.hibernate.mapping.PrimaryKey - Forcing column [user_role_id] to be non-null as it is part of the primary key for table [user_role]
01:56:13.060 [main] DEBUG org.hibernate.cfg.CollectionSecondPass - Second pass for collection: com.bookstore.datalayer.entity.User.userBooks
01:56:13.061 [main] DEBUG org.hibernate.cfg.annotations.CollectionBinder - Binding a OneToMany: com.bookstore.datalayer.entity.User.userBooks through a foreign key
01:56:13.062 [main] DEBUG org.hibernate.cfg.annotations.CollectionBinder - Mapping collection: com.bookstore.datalayer.entity.User.userBooks -> user_book
01:56:13.063 [main] DEBUG org.hibernate.cfg.annotations.TableBinder - Retrieving property com.bookstore.datalayer.entity.UserBook.user
01:56:13.064 [main] DEBUG org.hibernate.cfg.CollectionSecondPass - Mapped collection key: user_id, one-to-many: com.bookstore.datalayer.entity.UserBook
01:56:13.064 [main] DEBUG org.hibernate.cfg.CollectionSecondPass - Second pass for collection: com.bookstore.datalayer.entity.User.userRoles
01:56:13.064 [main] DEBUG org.hibernate.cfg.annotations.CollectionBinder - Binding a OneToMany: com.bookstore.datalayer.entity.User.userRoles through a foreign key
01:56:13.064 [main] DEBUG org.hibernate.cfg.annotations.CollectionBinder - Mapping collection: com.bookstore.datalayer.entity.User.userRoles -> user_role
01:56:13.064 [main] DEBUG org.hibernate.cfg.annotations.TableBinder - Retrieving property com.bookstore.datalayer.entity.UserRole.user
01:56:13.064 [main] DEBUG org.hibernate.cfg.CollectionSecondPass - Mapped collection key: user_id, one-to-many: com.bookstore.datalayer.entity.UserRole
01:56:13.065 [main] DEBUG org.hibernate.boot.internal.InFlightMetadataCollectorImpl - Resolving reference to class: com.bookstore.datalayer.entity.Book
01:56:13.071 [main] DEBUG org.hibernate.boot.internal.InFlightMetadataCollectorImpl - Resolving reference to class: com.bookstore.datalayer.entity.Tag
01:56:13.071 [main] DEBUG org.hibernate.boot.internal.InFlightMetadataCollectorImpl - Resolving reference to class: com.bookstore.datalayer.entity.Book
01:56:13.071 [main] DEBUG org.hibernate.boot.internal.InFlightMetadataCollectorImpl - Resolving reference to class: com.bookstore.datalayer.entity.User
01:56:13.071 [main] DEBUG org.hibernate.boot.internal.InFlightMetadataCollectorImpl - Resolving reference to class: com.bookstore.datalayer.entity.Role
01:56:13.072 [main] DEBUG org.hibernate.boot.internal.InFlightMetadataCollectorImpl - Resolving reference to class: com.bookstore.datalayer.entity.User
01:56:13.073 [main] DEBUG org.hibernate.boot.internal.InFlightMetadataCollectorImpl - Resolving reference to class: com.bookstore.datalayer.entity.Book
01:56:13.073 [main] DEBUG org.hibernate.boot.internal.InFlightMetadataCollectorImpl - Resolving reference to class: com.bookstore.datalayer.entity.Tag
01:56:13.073 [main] DEBUG org.hibernate.boot.internal.InFlightMetadataCollectorImpl - Resolving reference to class: com.bookstore.datalayer.entity.Book
01:56:13.073 [main] DEBUG org.hibernate.boot.internal.InFlightMetadataCollectorImpl - Resolving reference to class: com.bookstore.datalayer.entity.User
01:56:13.073 [main] DEBUG org.hibernate.boot.internal.InFlightMetadataCollectorImpl - Resolving reference to class: com.bookstore.datalayer.entity.Role
01:56:13.073 [main] DEBUG org.hibernate.boot.internal.InFlightMetadataCollectorImpl - Resolving reference to class: com.bookstore.datalayer.entity.User
01:56:13.097 [main] DEBUG org.hibernate.boot.internal.ClassLoaderAccessImpl - Not known whether passed class name [com.bookstore.datalayer.entity.BookTag] is safe
01:56:13.097 [main] DEBUG org.hibernate.boot.internal.ClassLoaderAccessImpl - No temp ClassLoader provided; using live ClassLoader for loading potentially unsafe class : com.bookstore.datalayer.entity.BookTag
01:56:13.275 [main] WARN org.hibernate.mapping.RootClass - HHH000038: Composite-id class does not override equals(): com.bookstore.datalayer.entity.BookTagId
01:56:13.275 [main] WARN org.hibernate.mapping.RootClass - HHH000039: Composite-id class does not override hashCode(): com.bookstore.datalayer.entity.BookTagId
01:56:13.298 [main] DEBUG org.hibernate.internal.SessionFactoryImpl - Building session factory
01:56:13.300 [main] DEBUG org.hibernate.cfg.Settings - SessionFactory name : null
01:56:13.300 [main] DEBUG org.hibernate.cfg.Settings - Automatic flush during beforeCompletion(): disabled
01:56:13.300 [main] DEBUG org.hibernate.cfg.Settings - Automatic session close at end of transaction: disabled
01:56:13.300 [main] DEBUG org.hibernate.cfg.Settings - Statistics: disabled
01:56:13.300 [main] DEBUG org.hibernate.cfg.Settings - Deleted entity synthetic identifier rollback: disabled
01:56:13.300 [main] DEBUG org.hibernate.cfg.Settings - Default entity-mode: pojo
01:56:13.300 [main] DEBUG org.hibernate.cfg.Settings - Check Nullability in Core (should be disabled when Bean Validation is on): enabled
01:56:13.300 [main] DEBUG org.hibernate.cfg.Settings - Allow initialization of lazy state outside session : disabled
01:56:13.300 [main] DEBUG org.hibernate.cfg.Settings - Using BatchFetchStyle : LEGACY
01:56:13.300 [main] DEBUG org.hibernate.cfg.Settings - Default batch fetch size: -1
01:56:13.301 [main] DEBUG org.hibernate.cfg.Settings - Maximum outer join fetch depth: 2
01:56:13.301 [main] DEBUG org.hibernate.cfg.Settings - Default null ordering: NONE
01:56:13.301 [main] DEBUG org.hibernate.cfg.Settings - Order SQL updates by primary key: disabled
01:56:13.301 [main] DEBUG org.hibernate.cfg.Settings - Order SQL inserts for batching: disabled
01:56:13.301 [main] DEBUG org.hibernate.cfg.Settings - multi-tenancy strategy : NONE
01:56:13.301 [main] DEBUG org.hibernate.cfg.Settings - JTA Track by Thread: enabled
01:56:13.301 [main] DEBUG org.hibernate.cfg.Settings - Query language substitutions: {}
01:56:13.301 [main] DEBUG org.hibernate.cfg.Settings - JPA query language strict compliance: disabled
01:56:13.301 [main] DEBUG org.hibernate.cfg.Settings - Named query checking : enabled
01:56:13.301 [main] DEBUG org.hibernate.cfg.Settings - Second-level cache: enabled
01:56:13.301 [main] DEBUG org.hibernate.cfg.Settings - Second-level query cache: disabled
01:56:13.301 [main] DEBUG org.hibernate.cfg.Settings - Second-level query cache factory: org.hibernate.cache.internal.StandardQueryCacheFactory@7dcc91fd
01:56:13.301 [main] DEBUG org.hibernate.cfg.Settings - Second-level cache region prefix: null
01:56:13.301 [main] DEBUG org.hibernate.cfg.Settings - Optimize second-level cache for minimal puts: disabled
01:56:13.301 [main] DEBUG org.hibernate.cfg.Settings - Structured second-level cache entries: disabled
01:56:13.301 [main] DEBUG org.hibernate.cfg.Settings - Second-level cache direct-reference entries: disabled
01:56:13.301 [main] DEBUG org.hibernate.cfg.Settings - Automatic eviction of collection cache: disabled
01:56:13.302 [main] DEBUG org.hibernate.cfg.Settings - JDBC batch size: 15
01:56:13.302 [main] DEBUG org.hibernate.cfg.Settings - JDBC batch updates for versioned data: enabled
01:56:13.302 [main] DEBUG org.hibernate.cfg.Settings - Scrollable result sets: enabled
01:56:13.302 [main] DEBUG org.hibernate.cfg.Settings - Wrap result sets: disabled
01:56:13.302 [main] DEBUG org.hibernate.cfg.Settings - JDBC3 getGeneratedKeys(): enabled
01:56:13.302 [main] DEBUG org.hibernate.cfg.Settings - JDBC result set fetch size: null
01:56:13.302 [main] DEBUG org.hibernate.cfg.Settings - Connection release mode: ON_CLOSE
01:56:13.302 [main] DEBUG org.hibernate.cfg.Settings - Generate SQL with comments: disabled
01:56:13.405 [main] DEBUG org.hibernate.internal.SessionFactoryImpl - Returning a Reference to the SessionFactory
01:56:13.414 [main] DEBUG org.hibernate.internal.SessionFactoryImpl - Session factory constructed with filter configurations : {}
01:56:13.414 [main] DEBUG org.hibernate.internal.SessionFactoryImpl - Instantiating session factory with properties: {java.runtime.name=Java(TM) SE Runtime Environment, java.vm.version=25.131-b11, sun.boot.library.path=/Library/Java/JavaVirtualMachines/jdk1.8.0_131.jdk/Contents/Home/jre/lib, user.country.format=TR, hibernate.boot.CfgXmlAccessService.key=org.hibernate.boot.cfgxml.spi.LoadedConfig@57bd2029, gopherProxySet=false, java.vm.vendor=Oracle Corporation, java.vendor.url=http://java.oracle.com/, path.separator=:, java.vm.name=Java HotSpot(TM) 64-Bit Server VM, file.encoding.pkg=sun.io, sun.os.patch.level=unknown, user.country=US, sun.java.launcher=SUN_STANDARD, java.vm.specification.name=Java Virtual Machine Specification, user.dir=/Users/batux/Downloads/Bookstore_Web, java.runtime.version=1.8.0_131-b11, javax.persistence.sharedCache.mode=UNSPECIFIED, java.awt.graphicsenv=sun.awt.CGraphicsEnvironment, basedir=/Users/batux/Downloads/Bookstore_Web, os.arch=x86_64, java.endorsed.dirs=/Library/Java/JavaVirtualMachines/jdk1.8.0_131.jdk/Contents/Home/jre/lib/endorsed, surefire.real.class.path=/Users/batux/Downloads/Bookstore_Web/target/surefire/surefirebooter6930935429492135096.jar, java.io.tmpdir=/var/folders/70/9zsln9gd743gnk8pb1vd2p4h0000gn/T/, line.separator=
, java.vm.specification.vendor=Oracle Corporation, os.name=Mac OS X, hibernate.transaction.coordinator_class=class org.hibernate.resource.transaction.backend.jdbc.internal.JdbcResourceLocalTransactionCoordinatorBuilderImpl, sun.jnu.encoding=UTF-8, hibernate.connection.datasource=org.springframework.jdbc.datasource.DriverManagerDataSource@61eaec38, java.library.path=/Users/batux/Library/Java/Extensions:/Library/Java/Extensions:/Network/Library/Java/Extensions:/System/Library/Java/Extensions:/usr/lib/java:., surefire.test.class.path=/Users/batux/Downloads/Bookstore_Web/target/test-classes:/Users/batux/Downloads/Bookstore_Web/target/classes:/Users/batux/.m2/repository/javax/servlet/javax.servlet-api/3.0.1/javax.servlet-api-3.0.1.jar:/Users/batux/.m2/repository/com/github/jsimone/webapp-runner/7.0.22/webapp-runner-7.0.22.jar:/Users/batux/.m2/repository/org/apache/tomcat/embed/tomcat-embed-core/8.5.23/tomcat-embed-core-8.5.23.jar:/Users/batux/.m2/repository/org/apache/tomcat/tomcat-annotations-api/8.5.23/tomcat-annotations-api-8.5.23.jar:/Users/batux/.m2/repository/org/apache/tomcat/embed/tomcat-embed-logging-juli/7.0.22/tomcat-embed-logging-juli-7.0.22.jar:/Users/batux/.m2/repository/org/apache/tomcat/embed/tomcat-embed-jasper/8.5.23/tomcat-embed-jasper-8.5.23.jar:/Users/batux/.m2/repository/org/apache/tomcat/embed/tomcat-embed-el/8.5.23/tomcat-embed-el-8.5.23.jar:/Users/batux/.m2/repository/org/eclipse/jdt/ecj/3.12.3/ecj-3.12.3.jar:/Users/batux/.m2/repository/org/apache/tomcat/tomcat-jasper/7.0.22/tomcat-jasper-7.0.22.jar:/Users/batux/.m2/repository/org/apache/tomcat/tomcat-servlet-api/7.0.22/tomcat-servlet-api-7.0.22.jar:/Users/batux/.m2/repository/org/apache/tomcat/tomcat-juli/7.0.22/tomcat-juli-7.0.22.jar:/Users/batux/.m2/repository/org/apache/tomcat/tomcat-el-api/7.0.22/tomcat-el-api-7.0.22.jar:/Users/batux/.m2/repository/org/eclipse/jdt/core/compiler/ecj/3.7/ecj-3.7.jar:/Users/batux/.m2/repository/org/apache/tomcat/tomcat-api/7.0.22/tomcat-api-7.0.22.jar:/Users/batux/.m2/repository/org/apache/tomcat/tomcat-util/7.0.22/tomcat-util-7.0.22.jar:/Users/batux/.m2/repository/org/apache/tomcat/tomcat-jasper-el/7.0.22/tomcat-jasper-el-7.0.22.jar:/Users/batux/.m2/repository/org/apache/tomcat/tomcat-jsp-api/8.5.23/tomcat-jsp-api-8.5.23.jar:/Users/batux/.m2/repository/org/springframework/boot/spring-boot-starter/1.5.1.RELEASE/spring-boot-starter-1.5.1.RELEASE.jar:/Users/batux/.m2/repository/org/springframework/boot/spring-boot/1.5.1.RELEASE/spring-boot-1.5.1.RELEASE.jar:/Users/batux/.m2/repository/org/springframework/spring-context/4.3.6.RELEASE/spring-context-4.3.6.RELEASE.jar:/Users/batux/.m2/repository/org/springframework/boot/spring-boot-autoconfigure/1.5.1.RELEASE/spring-boot-autoconfigure-1.5.1.RELEASE.jar:/Users/batux/.m2/repository/org/springframework/boot/spring-boot-starter-logging/1.5.1.RELEASE/spring-boot-starter-logging-1.5.1.RELEASE.jar:/Users/batux/.m2/repository/ch/qos/logback/logback-classic/1.1.9/logback-classic-1.1.9.jar:/Users/batux/.m2/repository/ch/qos/logback/logback-core/1.1.9/logback-core-1.1.9.jar:/Users/batux/.m2/repository/org/slf4j/jcl-over-slf4j/1.7.22/jcl-over-slf4j-1.7.22.jar:/Users/batux/.m2/repository/org/slf4j/jul-to-slf4j/1.7.22/jul-to-slf4j-1.7.22.jar:/Users/batux/.m2/repository/org/slf4j/log4j-over-slf4j/1.7.22/log4j-over-slf4j-1.7.22.jar:/Users/batux/.m2/repository/org/springframework/spring-core/4.3.6.RELEASE/spring-core-4.3.6.RELEASE.jar:/Users/batux/.m2/repository/org/yaml/snakeyaml/1.17/snakeyaml-1.17.jar:/Users/batux/.m2/repository/org/springframework/boot/spring-boot-starter-web/1.5.1.RELEASE/spring-boot-starter-web-1.5.1.RELEASE.jar:/Users/batux/.m2/repository/org/springframework/boot/spring-boot-starter-tomcat/1.5.1.RELEASE/spring-boot-starter-tomcat-1.5.1.RELEASE.jar:/Users/batux/.m2/repository/org/apache/tomcat/embed/tomcat-embed-websocket/8.5.23/tomcat-embed-websocket-8.5.23.jar:/Users/batux/.m2/repository/org/hibernate/hibernate-validator/5.3.4.Final/hibernate-validator-5.3.4.Final.jar:/Users/batux/.m2/repository/javax/validation/validation-api/1.1.0.Final/validation-api-1.1.0.Final.jar:/Users/batux/.m2/repository/org/jboss/logging/jboss-logging/3.3.0.Final/jboss-logging-3.3.0.Final.jar:/Users/batux/.m2/repository/com/fasterxml/classmate/1.3.3/classmate-1.3.3.jar:/Users/batux/.m2/repository/com/fasterxml/jackson/core/jackson-databind/2.8.6/jackson-databind-2.8.6.jar:/Users/batux/.m2/repository/com/fasterxml/jackson/core/jackson-annotations/2.8.0/jackson-annotations-2.8.0.jar:/Users/batux/.m2/repository/com/fasterxml/jackson/core/jackson-core/2.8.6/jackson-core-2.8.6.jar:/Users/batux/.m2/repository/org/springframework/spring-web/4.3.6.RELEASE/spring-web-4.3.6.RELEASE.jar:/Users/batux/.m2/repository/org/springframework/spring-beans/4.3.6.RELEASE/spring-beans-4.3.6.RELEASE.jar:/Users/batux/.m2/repository/org/springframework/spring-webmvc/4.3.6.RELEASE/spring-webmvc-4.3.6.RELEASE.jar:/Users/batux/.m2/repository/org/springframework/spring-expression/4.3.6.RELEASE/spring-expression-4.3.6.RELEASE.jar:/Users/batux/.m2/repository/org/springframework/boot/spring-boot-starter-security/1.5.1.RELEASE/spring-boot-starter-security-1.5.1.RELEASE.jar:/Users/batux/.m2/repository/org/springframework/spring-aop/4.3.6.RELEASE/spring-aop-4.3.6.RELEASE.jar:/Users/batux/.m2/repository/org/springframework/security/spring-security-config/4.2.1.RELEASE/spring-security-config-4.2.1.RELEASE.jar:/Users/batux/.m2/repository/org/springframework/security/spring-security-core/4.2.1.RELEASE/spring-security-core-4.2.1.RELEASE.jar:/Users/batux/.m2/repository/org/springframework/security/spring-security-web/4.2.1.RELEASE/spring-security-web-4.2.1.RELEASE.jar:/Users/batux/.m2/repository/org/springframework/boot/spring-boot-starter-data-jpa/1.5.1.RELEASE/spring-boot-starter-data-jpa-1.5.1.RELEASE.jar:/Users/batux/.m2/repository/org/springframework/boot/spring-boot-starter-aop/1.5.1.RELEASE/spring-boot-starter-aop-1.5.1.RELEASE.jar:/Users/batux/.m2/repository/org/aspectj/aspectjweaver/1.8.9/aspectjweaver-1.8.9.jar:/Users/batux/.m2/repository/org/springframework/boot/spring-boot-starter-jdbc/1.5.1.RELEASE/spring-boot-starter-jdbc-1.5.1.RELEASE.jar:/Users/batux/.m2/repository/org/springframework/spring-jdbc/4.3.6.RELEASE/spring-jdbc-4.3.6.RELEASE.jar:/Users/batux/.m2/repository/org/hibernate/hibernate-core/5.0.11.Final/hibernate-core-5.0.11.Final.jar:/Users/batux/.m2/repository/org/hibernate/javax/persistence/hibernate-jpa-2.1-api/1.0.0.Final/hibernate-jpa-2.1-api-1.0.0.Final.jar:/Users/batux/.m2/repository/org/javassist/javassist/3.21.0-GA/javassist-3.21.0-GA.jar:/Users/batux/.m2/repository/antlr/antlr/2.7.7/antlr-2.7.7.jar:/Users/batux/.m2/repository/org/jboss/jandex/2.0.0.Final/jandex-2.0.0.Final.jar:/Users/batux/.m2/repository/dom4j/dom4j/1.6.1/dom4j-1.6.1.jar:/Users/batux/.m2/repository/org/hibernate/common/hibernate-commons-annotations/5.0.1.Final/hibernate-commons-annotations-5.0.1.Final.jar:/Users/batux/.m2/repository/org/hibernate/hibernate-entitymanager/5.0.11.Final/hibernate-entitymanager-5.0.11.Final.jar:/Users/batux/.m2/repository/javax/transaction/javax.transaction-api/1.2/javax.transaction-api-1.2.jar:/Users/batux/.m2/repository/org/springframework/data/spring-data-jpa/1.11.0.RELEASE/spring-data-jpa-1.11.0.RELEASE.jar:/Users/batux/.m2/repository/org/springframework/data/spring-data-commons/1.13.0.RELEASE/spring-data-commons-1.13.0.RELEASE.jar:/Users/batux/.m2/repository/org/springframework/spring-orm/4.3.6.RELEASE/spring-orm-4.3.6.RELEASE.jar:/Users/batux/.m2/repository/org/springframework/spring-tx/4.3.6.RELEASE/spring-tx-4.3.6.RELEASE.jar:/Users/batux/.m2/repository/org/slf4j/slf4j-api/1.7.22/slf4j-api-1.7.22.jar:/Users/batux/.m2/repository/org/springframework/spring-aspects/4.3.6.RELEASE/spring-aspects-4.3.6.RELEASE.jar:/Users/batux/.m2/repository/junit/junit/4.12/junit-4.12.jar:/Users/batux/.m2/repository/org/hamcrest/hamcrest-core/1.3/hamcrest-core-1.3.jar:/Users/batux/.m2/repository/org/springframework/spring-test/4.3.6.RELEASE/spring-test-4.3.6.RELEASE.jar:/Users/batux/.m2/repository/mysql/mysql-connector-java/5.1.40/mysql-connector-java-5.1.40.jar:/Users/batux/.m2/repository/commons-logging/commons-logging/1.2/commons-logging-1.2.jar:, java.class.version=52.0, hibernate.ejb.persistenceUnitName=default, java.specification.name=Java Platform API Specification, sun.management.compiler=HotSpot 64-Bit Tiered Compilers, os.version=10.12.3, http.nonProxyHosts=local|*.local|169.254/16|*.169.254/16, user.home=/Users/batux, user.timezone=Europe/Istanbul, java.awt.printerjob=sun.lwawt.macosx.CPrinterJob, file.encoding=UTF-8, java.specification.version=1.8, user.name=batux, java.class.path=/Users/batux/Downloads/Bookstore_Web/target/test-classes:/Users/batux/Downloads/Bookstore_Web/target/classes:/Users/batux/.m2/repository/javax/servlet/javax.servlet-api/3.0.1/javax.servlet-api-3.0.1.jar:/Users/batux/.m2/repository/com/github/jsimone/webapp-runner/7.0.22/webapp-runner-7.0.22.jar:/Users/batux/.m2/repository/org/apache/tomcat/embed/tomcat-embed-core/8.5.23/tomcat-embed-core-8.5.23.jar:/Users/batux/.m2/repository/org/apache/tomcat/tomcat-annotations-api/8.5.23/tomcat-annotations-api-8.5.23.jar:/Users/batux/.m2/repository/org/apache/tomcat/embed/tomcat-embed-logging-juli/7.0.22/tomcat-embed-logging-juli-7.0.22.jar:/Users/batux/.m2/repository/org/apache/tomcat/embed/tomcat-embed-jasper/8.5.23/tomcat-embed-jasper-8.5.23.jar:/Users/batux/.m2/repository/org/apache/tomcat/embed/tomcat-embed-el/8.5.23/tomcat-embed-el-8.5.23.jar:/Users/batux/.m2/repository/org/eclipse/jdt/ecj/3.12.3/ecj-3.12.3.jar:/Users/batux/.m2/repository/org/apache/tomcat/tomcat-jasper/7.0.22/tomcat-jasper-7.0.22.jar:/Users/batux/.m2/repository/org/apache/tomcat/tomcat-servlet-api/7.0.22/tomcat-servlet-api-7.0.22.jar:/Users/batux/.m2/repository/org/apache/tomcat/tomcat-juli/7.0.22/tomcat-juli-7.0.22.jar:/Users/batux/.m2/repository/org/apache/tomcat/tomcat-el-api/7.0.22/tomcat-el-api-7.0.22.jar:/Users/batux/.m2/repository/org/eclipse/jdt/core/compiler/ecj/3.7/ecj-3.7.jar:/Users/batux/.m2/repository/org/apache/tomcat/tomcat-api/7.0.22/tomcat-api-7.0.22.jar:/Users/batux/.m2/repository/org/apache/tomcat/tomcat-util/7.0.22/tomcat-util-7.0.22.jar:/Users/batux/.m2/repository/org/apache/tomcat/tomcat-jasper-el/7.0.22/tomcat-jasper-el-7.0.22.jar:/Users/batux/.m2/repository/org/apache/tomcat/tomcat-jsp-api/8.5.23/tomcat-jsp-api-8.5.23.jar:/Users/batux/.m2/repository/org/springframework/boot/spring-boot-starter/1.5.1.RELEASE/spring-boot-starter-1.5.1.RELEASE.jar:/Users/batux/.m2/repository/org/springframework/boot/spring-boot/1.5.1.RELEASE/spring-boot-1.5.1.RELEASE.jar:/Users/batux/.m2/repository/org/springframework/spring-context/4.3.6.RELEASE/spring-context-4.3.6.RELEASE.jar:/Users/batux/.m2/repository/org/springframework/boot/spring-boot-autoconfigure/1.5.1.RELEASE/spring-boot-autoconfigure-1.5.1.RELEASE.jar:/Users/batux/.m2/repository/org/springframework/boot/spring-boot-starter-logging/1.5.1.RELEASE/spring-boot-starter-logging-1.5.1.RELEASE.jar:/Users/batux/.m2/repository/ch/qos/logback/logback-classic/1.1.9/logback-classic-1.1.9.jar:/Users/batux/.m2/repository/ch/qos/logback/logback-core/1.1.9/logback-core-1.1.9.jar:/Users/batux/.m2/repository/org/slf4j/jcl-over-slf4j/1.7.22/jcl-over-slf4j-1.7.22.jar:/Users/batux/.m2/repository/org/slf4j/jul-to-slf4j/1.7.22/jul-to-slf4j-1.7.22.jar:/Users/batux/.m2/repository/org/slf4j/log4j-over-slf4j/1.7.22/log4j-over-slf4j-1.7.22.jar:/Users/batux/.m2/repository/org/springframework/spring-core/4.3.6.RELEASE/spring-core-4.3.6.RELEASE.jar:/Users/batux/.m2/repository/org/yaml/snakeyaml/1.17/snakeyaml-1.17.jar:/Users/batux/.m2/repository/org/springframework/boot/spring-boot-starter-web/1.5.1.RELEASE/spring-boot-starter-web-1.5.1.RELEASE.jar:/Users/batux/.m2/repository/org/springframework/boot/spring-boot-starter-tomcat/1.5.1.RELEASE/spring-boot-starter-tomcat-1.5.1.RELEASE.jar:/Users/batux/.m2/repository/org/apache/tomcat/embed/tomcat-embed-websocket/8.5.23/tomcat-embed-websocket-8.5.23.jar:/Users/batux/.m2/repository/org/hibernate/hibernate-validator/5.3.4.Final/hibernate-validator-5.3.4.Final.jar:/Users/batux/.m2/repository/javax/validation/validation-api/1.1.0.Final/validation-api-1.1.0.Final.jar:/Users/batux/.m2/repository/org/jboss/logging/jboss-logging/3.3.0.Final/jboss-logging-3.3.0.Final.jar:/Users/batux/.m2/repository/com/fasterxml/classmate/1.3.3/classmate-1.3.3.jar:/Users/batux/.m2/repository/com/fasterxml/jackson/core/jackson-databind/2.8.6/jackson-databind-2.8.6.jar:/Users/batux/.m2/repository/com/fasterxml/jackson/core/jackson-annotations/2.8.0/jackson-annotations-2.8.0.jar:/Users/batux/.m2/repository/com/fasterxml/jackson/core/jackson-core/2.8.6/jackson-core-2.8.6.jar:/Users/batux/.m2/repository/org/springframework/spring-web/4.3.6.RELEASE/spring-web-4.3.6.RELEASE.jar:/Users/batux/.m2/repository/org/springframework/spring-beans/4.3.6.RELEASE/spring-beans-4.3.6.RELEASE.jar:/Users/batux/.m2/repository/org/springframework/spring-webmvc/4.3.6.RELEASE/spring-webmvc-4.3.6.RELEASE.jar:/Users/batux/.m2/repository/org/springframework/spring-expression/4.3.6.RELEASE/spring-expression-4.3.6.RELEASE.jar:/Users/batux/.m2/repository/org/springframework/boot/spring-boot-starter-security/1.5.1.RELEASE/spring-boot-starter-security-1.5.1.RELEASE.jar:/Users/batux/.m2/repository/org/springframework/spring-aop/4.3.6.RELEASE/spring-aop-4.3.6.RELEASE.jar:/Users/batux/.m2/repository/org/springframework/security/spring-security-config/4.2.1.RELEASE/spring-security-config-4.2.1.RELEASE.jar:/Users/batux/.m2/repository/org/springframework/security/spring-security-core/4.2.1.RELEASE/spring-security-core-4.2.1.RELEASE.jar:/Users/batux/.m2/repository/org/springframework/security/spring-security-web/4.2.1.RELEASE/spring-security-web-4.2.1.RELEASE.jar:/Users/batux/.m2/repository/org/springframework/boot/spring-boot-starter-data-jpa/1.5.1.RELEASE/spring-boot-starter-data-jpa-1.5.1.RELEASE.jar:/Users/batux/.m2/repository/org/springframework/boot/spring-boot-starter-aop/1.5.1.RELEASE/spring-boot-starter-aop-1.5.1.RELEASE.jar:/Users/batux/.m2/repository/org/aspectj/aspectjweaver/1.8.9/aspectjweaver-1.8.9.jar:/Users/batux/.m2/repository/org/springframework/boot/spring-boot-starter-jdbc/1.5.1.RELEASE/spring-boot-starter-jdbc-1.5.1.RELEASE.jar:/Users/batux/.m2/repository/org/springframework/spring-jdbc/4.3.6.RELEASE/spring-jdbc-4.3.6.RELEASE.jar:/Users/batux/.m2/repository/org/hibernate/hibernate-core/5.0.11.Final/hibernate-core-5.0.11.Final.jar:/Users/batux/.m2/repository/org/hibernate/javax/persistence/hibernate-jpa-2.1-api/1.0.0.Final/hibernate-jpa-2.1-api-1.0.0.Final.jar:/Users/batux/.m2/repository/org/javassist/javassist/3.21.0-GA/javassist-3.21.0-GA.jar:/Users/batux/.m2/repository/antlr/antlr/2.7.7/antlr-2.7.7.jar:/Users/batux/.m2/repository/org/jboss/jandex/2.0.0.Final/jandex-2.0.0.Final.jar:/Users/batux/.m2/repository/dom4j/dom4j/1.6.1/dom4j-1.6.1.jar:/Users/batux/.m2/repository/org/hibernate/common/hibernate-commons-annotations/5.0.1.Final/hibernate-commons-annotations-5.0.1.Final.jar:/Users/batux/.m2/repository/org/hibernate/hibernate-entitymanager/5.0.11.Final/hibernate-entitymanager-5.0.11.Final.jar:/Users/batux/.m2/repository/javax/transaction/javax.transaction-api/1.2/javax.transaction-api-1.2.jar:/Users/batux/.m2/repository/org/springframework/data/spring-data-jpa/1.11.0.RELEASE/spring-data-jpa-1.11.0.RELEASE.jar:/Users/batux/.m2/repository/org/springframework/data/spring-data-commons/1.13.0.RELEASE/spring-data-commons-1.13.0.RELEASE.jar:/Users/batux/.m2/repository/org/springframework/spring-orm/4.3.6.RELEASE/spring-orm-4.3.6.RELEASE.jar:/Users/batux/.m2/repository/org/springframework/spring-tx/4.3.6.RELEASE/spring-tx-4.3.6.RELEASE.jar:/Users/batux/.m2/repository/org/slf4j/slf4j-api/1.7.22/slf4j-api-1.7.22.jar:/Users/batux/.m2/repository/org/springframework/spring-aspects/4.3.6.RELEASE/spring-aspects-4.3.6.RELEASE.jar:/Users/batux/.m2/repository/junit/junit/4.12/junit-4.12.jar:/Users/batux/.m2/repository/org/hamcrest/hamcrest-core/1.3/hamcrest-core-1.3.jar:/Users/batux/.m2/repository/org/springframework/spring-test/4.3.6.RELEASE/spring-test-4.3.6.RELEASE.jar:/Users/batux/.m2/repository/mysql/mysql-connector-java/5.1.40/mysql-connector-java-5.1.40.jar:/Users/batux/.m2/repository/commons-logging/commons-logging/1.2/commons-logging-1.2.jar:, hibernate.bytecode.use_reflection_optimizer=false, hibernate.show_sql=true, javax.persistence.validation.mode=AUTO, java.vm.specification.version=1.8, sun.arch.data.model=64, sun.java.command=/Users/batux/Downloads/Bookstore_Web/target/surefire/surefirebooter6930935429492135096.jar /Users/batux/Downloads/Bookstore_Web/target/surefire/surefire332977667771140852tmp /Users/batux/Downloads/Bookstore_Web/target/surefire/surefire_06699420546221347021tmp, java.home=/Library/Java/JavaVirtualMachines/jdk1.8.0_131.jdk/Contents/Home/jre, user.language=en, java.specification.vendor=Oracle Corporation, awt.toolkit=sun.lwawt.macosx.LWCToolkit, java.vm.info=mixed mode, java.version=1.8.0_131, java.ext.dirs=/Users/batux/Library/Java/Extensions:/Library/Java/JavaVirtualMachines/jdk1.8.0_131.jdk/Contents/Home/jre/lib/ext:/Library/Java/Extensions:/Network/Library/Java/Extensions:/System/Library/Java/Extensions:/usr/lib/java, sun.boot.class.path=/Library/Java/JavaVirtualMachines/jdk1.8.0_131.jdk/Contents/Home/jre/lib/resources.jar:/Library/Java/JavaVirtualMachines/jdk1.8.0_131.jdk/Contents/Home/jre/lib/rt.jar:/Library/Java/JavaVirtualMachines/jdk1.8.0_131.jdk/Contents/Home/jre/lib/sunrsasign.jar:/Library/Java/JavaVirtualMachines/jdk1.8.0_131.jdk/Contents/Home/jre/lib/jsse.jar:/Library/Java/JavaVirtualMachines/jdk1.8.0_131.jdk/Contents/Home/jre/lib/jce.jar:/Library/Java/JavaVirtualMachines/jdk1.8.0_131.jdk/Contents/Home/jre/lib/charsets.jar:/Library/Java/JavaVirtualMachines/jdk1.8.0_131.jdk/Contents/Home/jre/lib/jfr.jar:/Library/Java/JavaVirtualMachines/jdk1.8.0_131.jdk/Contents/Home/jre/classes, java.vendor=Oracle Corporation, localRepository=/Users/batux/.m2/repository, file.separator=/, java.vendor.url.bug=http://bugreport.sun.com/bugreport/, hibernate.hbm2ddl.auto=update, sun.io.unicode.encoding=UnicodeBig, sun.cpu.endian=little, socksNonProxyHosts=local|*.local|169.254/16|*.169.254/16, ftp.nonProxyHosts=local|*.local|169.254/16|*.169.254/16, sun.cpu.isalist=}
01:56:13.542 [main] INFO org.hibernate.validator.internal.util.Version - HV000001: Hibernate Validator 5.3.4.Final
01:56:13.664 [main] DEBUG org.hibernate.validator.internal.engine.resolver.DefaultTraversableResolver - Found javax.persistence.Persistence on classpath containing 'getPersistenceUtil'. Assuming JPA 2 environment. Trying to instantiate JPA aware TraversableResolver
01:56:13.666 [main] DEBUG org.hibernate.validator.internal.engine.resolver.DefaultTraversableResolver - Instantiated JPA aware TraversableResolver of type org.hibernate.validator.internal.engine.resolver.JPATraversableResolver.
01:56:13.674 [main] DEBUG org.hibernate.validator.internal.xml.ValidationXmlParser - Trying to load META-INF/validation.xml for XML based Validator configuration.
01:56:13.690 [main] DEBUG org.hibernate.validator.internal.xml.ResourceLoaderHelper - Trying to load META-INF/validation.xml via TCCL
01:56:13.691 [main] DEBUG org.hibernate.validator.internal.xml.ResourceLoaderHelper - Trying to load META-INF/validation.xml via Hibernate Validator's class loader
01:56:13.691 [main] DEBUG org.hibernate.validator.internal.xml.ValidationXmlParser - No META-INF/validation.xml found. Using annotation based configuration only.
01:56:13.857 [main] DEBUG org.hibernate.boot.internal.ClassLoaderAccessImpl - Not known whether passed class name [com.bookstore.datalayer.entity.UserRole] is safe
01:56:13.857 [main] DEBUG org.hibernate.boot.internal.ClassLoaderAccessImpl - No temp ClassLoader provided; using live ClassLoader for loading potentially unsafe class : com.bookstore.datalayer.entity.UserRole
01:56:13.967 [main] DEBUG org.hibernate.boot.internal.ClassLoaderAccessImpl - Not known whether passed class name [com.bookstore.datalayer.entity.BookTag] is safe
01:56:13.967 [main] DEBUG org.hibernate.boot.internal.ClassLoaderAccessImpl - No temp ClassLoader provided; using live ClassLoader for loading potentially unsafe class : com.bookstore.datalayer.entity.BookTag
01:56:13.972 [main] DEBUG org.hibernate.boot.internal.ClassLoaderAccessImpl - Not known whether passed class name [com.bookstore.datalayer.entity.Role] is safe
01:56:13.972 [main] DEBUG org.hibernate.boot.internal.ClassLoaderAccessImpl - No temp ClassLoader provided; using live ClassLoader for loading potentially unsafe class : com.bookstore.datalayer.entity.Role
01:56:13.977 [main] DEBUG org.hibernate.boot.internal.ClassLoaderAccessImpl - Not known whether passed class name [com.bookstore.datalayer.entity.Book] is safe
01:56:13.977 [main] DEBUG org.hibernate.boot.internal.ClassLoaderAccessImpl - No temp ClassLoader provided; using live ClassLoader for loading potentially unsafe class : com.bookstore.datalayer.entity.Book
01:56:13.985 [main] DEBUG org.hibernate.boot.internal.ClassLoaderAccessImpl - Not known whether passed class name [com.bookstore.datalayer.entity.User] is safe
01:56:13.985 [main] DEBUG org.hibernate.boot.internal.ClassLoaderAccessImpl - No temp ClassLoader provided; using live ClassLoader for loading potentially unsafe class : com.bookstore.datalayer.entity.User
01:56:13.998 [main] DEBUG org.hibernate.boot.internal.ClassLoaderAccessImpl - Not known whether passed class name [com.bookstore.datalayer.entity.Tag] is safe
01:56:13.998 [main] DEBUG org.hibernate.boot.internal.ClassLoaderAccessImpl - No temp ClassLoader provided; using live ClassLoader for loading potentially unsafe class : com.bookstore.datalayer.entity.Tag
01:56:14.002 [main] DEBUG org.hibernate.boot.internal.ClassLoaderAccessImpl - Not known whether passed class name [com.bookstore.datalayer.entity.UserBook] is safe
01:56:14.002 [main] DEBUG org.hibernate.boot.internal.ClassLoaderAccessImpl - No temp ClassLoader provided; using live ClassLoader for loading potentially unsafe class : com.bookstore.datalayer.entity.UserBook
01:56:14.011 [main] DEBUG org.hibernate.secure.spi.JaccIntegrator - Skipping JACC integration as it was not enabled
01:56:14.011 [main] DEBUG org.hibernate.engine.spi.CascadeStyles - External cascade style regsitration [persist : STYLE_PERSIST_SKIPLAZY] overrode base registration [STYLE_PERSIST]
01:56:14.124 [main] DEBUG org.hibernate.boot.internal.ClassLoaderAccessImpl - Not known whether passed class name [com.bookstore.datalayer.entity.UserRole] is safe
01:56:14.124 [main] DEBUG org.hibernate.boot.internal.ClassLoaderAccessImpl - No temp ClassLoader provided; using live ClassLoader for loading potentially unsafe class : com.bookstore.datalayer.entity.UserRole
01:56:14.135 [main] DEBUG org.hibernate.boot.internal.ClassLoaderAccessImpl - Not known whether passed class name [com.bookstore.datalayer.entity.UserRole] is safe
01:56:14.136 [main] DEBUG org.hibernate.boot.internal.ClassLoaderAccessImpl - No temp ClassLoader provided; using live ClassLoader for loading potentially unsafe class : com.bookstore.datalayer.entity.UserRole
01:56:14.254 [main] DEBUG org.hibernate.boot.internal.ClassLoaderAccessImpl - Not known whether passed class name [com.bookstore.datalayer.entity.BookTag] is safe
01:56:14.254 [main] DEBUG org.hibernate.boot.internal.ClassLoaderAccessImpl - No temp ClassLoader provided; using live ClassLoader for loading potentially unsafe class : com.bookstore.datalayer.entity.BookTag
01:56:14.259 [main] DEBUG org.hibernate.boot.internal.ClassLoaderAccessImpl - Not known whether passed class name [com.bookstore.datalayer.entity.Role] is safe
01:56:14.259 [main] DEBUG org.hibernate.boot.internal.ClassLoaderAccessImpl - No temp ClassLoader provided; using live ClassLoader for loading potentially unsafe class : com.bookstore.datalayer.entity.Role
01:56:14.260 [main] DEBUG org.hibernate.boot.internal.ClassLoaderAccessImpl - Not known whether passed class name [com.bookstore.datalayer.entity.Role] is safe
01:56:14.261 [main] DEBUG org.hibernate.boot.internal.ClassLoaderAccessImpl - No temp ClassLoader provided; using live ClassLoader for loading potentially unsafe class : com.bookstore.datalayer.entity.Role
01:56:14.265 [main] DEBUG org.hibernate.boot.internal.ClassLoaderAccessImpl - Not known whether passed class name [com.bookstore.datalayer.entity.Book] is safe
01:56:14.265 [main] DEBUG org.hibernate.boot.internal.ClassLoaderAccessImpl - No temp ClassLoader provided; using live ClassLoader for loading potentially unsafe class : com.bookstore.datalayer.entity.Book
01:56:14.265 [main] DEBUG org.hibernate.boot.internal.ClassLoaderAccessImpl - Not known whether passed class name [com.bookstore.datalayer.entity.Book] is safe
01:56:14.265 [main] DEBUG org.hibernate.boot.internal.ClassLoaderAccessImpl - No temp ClassLoader provided; using live ClassLoader for loading potentially unsafe class : com.bookstore.datalayer.entity.Book
01:56:14.272 [main] DEBUG org.hibernate.boot.internal.ClassLoaderAccessImpl - Not known whether passed class name [com.bookstore.datalayer.entity.User] is safe
01:56:14.272 [main] DEBUG org.hibernate.boot.internal.ClassLoaderAccessImpl - No temp ClassLoader provided; using live ClassLoader for loading potentially unsafe class : com.bookstore.datalayer.entity.User
01:56:14.275 [main] DEBUG org.hibernate.boot.internal.ClassLoaderAccessImpl - Not known whether passed class name [com.bookstore.datalayer.entity.User] is safe
01:56:14.275 [main] DEBUG org.hibernate.boot.internal.ClassLoaderAccessImpl - No temp ClassLoader provided; using live ClassLoader for loading potentially unsafe class : com.bookstore.datalayer.entity.User
01:56:14.292 [main] DEBUG org.hibernate.boot.internal.ClassLoaderAccessImpl - Not known whether passed class name [com.bookstore.datalayer.entity.Tag] is safe
01:56:14.292 [main] DEBUG org.hibernate.boot.internal.ClassLoaderAccessImpl - No temp ClassLoader provided; using live ClassLoader for loading potentially unsafe class : com.bookstore.datalayer.entity.Tag
01:56:14.292 [main] DEBUG org.hibernate.boot.internal.ClassLoaderAccessImpl - Not known whether passed class name [com.bookstore.datalayer.entity.Tag] is safe
01:56:14.293 [main] DEBUG org.hibernate.boot.internal.ClassLoaderAccessImpl - No temp ClassLoader provided; using live ClassLoader for loading potentially unsafe class : com.bookstore.datalayer.entity.Tag
01:56:14.297 [main] DEBUG org.hibernate.boot.internal.ClassLoaderAccessImpl - Not known whether passed class name [com.bookstore.datalayer.entity.UserBook] is safe
01:56:14.297 [main] DEBUG org.hibernate.boot.internal.ClassLoaderAccessImpl - No temp ClassLoader provided; using live ClassLoader for loading potentially unsafe class : com.bookstore.datalayer.entity.UserBook
01:56:14.298 [main] DEBUG org.hibernate.boot.internal.ClassLoaderAccessImpl - Not known whether passed class name [com.bookstore.datalayer.entity.UserBook] is safe
01:56:14.298 [main] DEBUG org.hibernate.boot.internal.ClassLoaderAccessImpl - No temp ClassLoader provided; using live ClassLoader for loading potentially unsafe class : com.bookstore.datalayer.entity.UserBook
01:56:14.339 [main] DEBUG org.hibernate.persister.collection.AbstractCollectionPersister - Static SQL for collection: com.bookstore.datalayer.entity.User.userBooks
01:56:14.339 [main] DEBUG org.hibernate.persister.collection.AbstractCollectionPersister -  Row insert: update user_book set user_id=? where user_book_id=?
01:56:14.339 [main] DEBUG org.hibernate.persister.collection.AbstractCollectionPersister -  Row update: update user_book set  where user_book_id=?
01:56:14.339 [main] DEBUG org.hibernate.persister.collection.AbstractCollectionPersister -  Row delete: update user_book set user_id=null where user_id=? and user_book_id=?
01:56:14.340 [main] DEBUG org.hibernate.persister.collection.AbstractCollectionPersister -  One-shot delete: update user_book set user_id=null where user_id=?
01:56:14.340 [main] DEBUG org.hibernate.persister.collection.AbstractCollectionPersister - Static SQL for collection: com.bookstore.datalayer.entity.User.userRoles
01:56:14.340 [main] DEBUG org.hibernate.persister.collection.AbstractCollectionPersister -  Row insert: update user_role set user_id=? where user_role_id=?
01:56:14.340 [main] DEBUG org.hibernate.persister.collection.AbstractCollectionPersister -  Row update: update user_role set  where user_role_id=?
01:56:14.340 [main] DEBUG org.hibernate.persister.collection.AbstractCollectionPersister -  Row delete: update user_role set user_id=null where user_id=? and user_role_id=?
01:56:14.340 [main] DEBUG org.hibernate.persister.collection.AbstractCollectionPersister -  One-shot delete: update user_role set user_id=null where user_id=?
01:56:14.348 [main] DEBUG org.hibernate.persister.entity.AbstractEntityPersister - Static SQL for entity: com.bookstore.datalayer.entity.UserRole
01:56:14.348 [main] DEBUG org.hibernate.persister.entity.AbstractEntityPersister -  Version select: select user_role_id from user_role where user_role_id =?
01:56:14.348 [main] DEBUG org.hibernate.persister.entity.AbstractEntityPersister -  Snapshot select: select userrole_.user_role_id, userrole_.role_role_id as role_rol2_6_, userrole_.user_id as user_id3_6_ from user_role userrole_ where userrole_.user_role_id=?
01:56:14.348 [main] DEBUG org.hibernate.persister.entity.AbstractEntityPersister -  Insert 0: insert into user_role (role_role_id, user_id, user_role_id) values (?, ?, ?)
01:56:14.348 [main] DEBUG org.hibernate.persister.entity.AbstractEntityPersister -  Update 0: update user_role set role_role_id=?, user_id=? where user_role_id=?
01:56:14.348 [main] DEBUG org.hibernate.persister.entity.AbstractEntityPersister -  Delete 0: delete from user_role where user_role_id=?
01:56:14.414 [main] DEBUG org.hibernate.loader.plan.build.internal.spaces.QuerySpacesImpl - Adding QuerySpace : uid = <gen:0> -> org.hibernate.loader.plan.build.internal.spaces.EntityQuerySpaceImpl@3672276e]
01:56:14.416 [main] DEBUG org.hibernate.persister.walking.spi.MetamodelGraphWalker - Visiting attribute path : role
01:56:14.421 [main] DEBUG org.hibernate.loader.plan.build.internal.spaces.QuerySpacesImpl - Adding QuerySpace : uid = <gen:1> -> org.hibernate.loader.plan.build.internal.spaces.EntityQuerySpaceImpl@3964d79]
01:56:14.423 [main] DEBUG org.hibernate.persister.walking.spi.MetamodelGraphWalker - Visiting attribute path : role.name
01:56:14.423 [main] DEBUG org.hibernate.persister.walking.spi.MetamodelGraphWalker - Visiting attribute path : user
01:56:14.423 [main] DEBUG org.hibernate.loader.plan.build.internal.spaces.QuerySpacesImpl - Adding QuerySpace : uid = <gen:2> -> org.hibernate.loader.plan.build.internal.spaces.EntityQuerySpaceImpl@3baf6936]
01:56:14.424 [main] DEBUG org.hibernate.persister.walking.spi.MetamodelGraphWalker - Visiting attribute path : user.email
01:56:14.424 [main] DEBUG org.hibernate.persister.walking.spi.MetamodelGraphWalker - Visiting attribute path : user.enabled
01:56:14.424 [main] DEBUG org.hibernate.persister.walking.spi.MetamodelGraphWalker - Visiting attribute path : user.lastName
01:56:14.424 [main] DEBUG org.hibernate.persister.walking.spi.MetamodelGraphWalker - Visiting attribute path : user.name
01:56:14.424 [main] DEBUG org.hibernate.persister.walking.spi.MetamodelGraphWalker - Visiting attribute path : user.password
01:56:14.424 [main] DEBUG org.hibernate.persister.walking.spi.MetamodelGraphWalker - Visiting attribute path : user.phone
01:56:14.424 [main] DEBUG org.hibernate.persister.walking.spi.MetamodelGraphWalker - Visiting attribute path : user.userBooks
01:56:14.425 [main] DEBUG org.hibernate.loader.plan.build.internal.spaces.QuerySpacesImpl - Adding QuerySpace : uid = <gen:3> -> org.hibernate.loader.plan.build.internal.spaces.CollectionQuerySpaceImpl@7a904f32]
01:56:14.428 [main] DEBUG org.hibernate.loader.plan.build.internal.spaces.QuerySpacesImpl - Adding QuerySpace : uid = <gen:4> -> org.hibernate.loader.plan.build.internal.spaces.EntityQuerySpaceImpl@61d84e08]
01:56:14.428 [main] DEBUG org.hibernate.persister.walking.spi.MetamodelGraphWalker - Visiting attribute path : user.userName
01:56:14.428 [main] DEBUG org.hibernate.persister.walking.spi.MetamodelGraphWalker - Visiting attribute path : user.userRoles
01:56:14.428 [main] DEBUG org.hibernate.persister.walking.spi.MetamodelGraphWalker - Property path deemed to be circular : user.userRoles
01:56:14.429 [main] DEBUG org.hibernate.loader.plan.build.internal.FetchStyleLoadPlanBuildingAssociationVisitationStrategy - Building LoadPlan...
01:56:14.466 [main] DEBUG org.hibernate.loader.plan.exec.internal.LoadQueryJoinAndFetchProcessor - processing queryspace <gen:0>
01:56:14.474 [main] DEBUG org.hibernate.loader.plan.build.spi.LoadPlanTreePrinter - LoadPlan(entity=com.bookstore.datalayer.entity.UserRole)
    - Returns
       - EntityReturnImpl(entity=com.bookstore.datalayer.entity.UserRole, querySpaceUid=<gen:0>, path=com.bookstore.datalayer.entity.UserRole)
          - EntityAttributeFetchImpl(entity=com.bookstore.datalayer.entity.Role, querySpaceUid=<gen:1>, path=com.bookstore.datalayer.entity.UserRole.role)
          - EntityAttributeFetchImpl(entity=com.bookstore.datalayer.entity.User, querySpaceUid=<gen:2>, path=com.bookstore.datalayer.entity.UserRole.user)
             - CollectionAttributeFetchImpl(collection=com.bookstore.datalayer.entity.User.userBooks, querySpaceUid=<gen:3>, path=com.bookstore.datalayer.entity.UserRole.user.userBooks)
                - (collection element) CollectionFetchableElementEntityGraph(entity=com.bookstore.datalayer.entity.UserBook, querySpaceUid=<gen:4>, path=com.bookstore.datalayer.entity.UserRole.user.userBooks.<elements>)
    - QuerySpaces
       - EntityQuerySpaceImpl(uid=<gen:0>, entity=com.bookstore.datalayer.entity.UserRole)
          - SQL table alias mapping - userrole0_
          - alias suffix - 0_
          - suffixed key columns - {user_rol1_6_0_}
          - JOIN (JoinDefinedByMetadata(role)) : <gen:0> -> <gen:1>
             - EntityQuerySpaceImpl(uid=<gen:1>, entity=com.bookstore.datalayer.entity.Role)
                - SQL table alias mapping - role1_
                - alias suffix - 1_
                - suffixed key columns - {role_id1_2_1_}
          - JOIN (JoinDefinedByMetadata(user)) : <gen:0> -> <gen:2>
             - EntityQuerySpaceImpl(uid=<gen:2>, entity=com.bookstore.datalayer.entity.User)
                - SQL table alias mapping - user2_
                - alias suffix - 2_
                - suffixed key columns - {id1_4_2_}

01:56:14.478 [main] DEBUG org.hibernate.loader.entity.plan.EntityLoader - Static select for entity com.bookstore.datalayer.entity.UserRole [NONE]: select userrole0_.user_role_id as user_rol1_6_0_, userrole0_.role_role_id as role_rol2_6_0_, userrole0_.user_id as user_id3_6_0_, role1_.role_id as role_id1_2_1_, role1_.name as name2_2_1_, user2_.id as id1_4_2_, user2_.email as email2_4_2_, user2_.enabled as enabled3_4_2_, user2_.last_name as last_nam4_4_2_, user2_.first_name as first_na5_4_2_, user2_.password as password6_4_2_, user2_.phone as phone7_4_2_, user2_.username as username8_4_2_ from user_role userrole0_ left outer join role role1_ on userrole0_.role_role_id=role1_.role_id inner join user user2_ on userrole0_.user_id=user2_.id where userrole0_.user_role_id=?
01:56:14.479 [main] DEBUG org.hibernate.loader.plan.build.internal.spaces.QuerySpacesImpl - Adding QuerySpace : uid = <gen:0> -> org.hibernate.loader.plan.build.internal.spaces.EntityQuerySpaceImpl@e8ea697]
01:56:14.479 [main] DEBUG org.hibernate.persister.walking.spi.MetamodelGraphWalker - Visiting attribute path : role
01:56:14.479 [main] DEBUG org.hibernate.loader.plan.build.internal.spaces.QuerySpacesImpl - Adding QuerySpace : uid = <gen:1> -> org.hibernate.loader.plan.build.internal.spaces.EntityQuerySpaceImpl@70f822e]
01:56:14.479 [main] DEBUG org.hibernate.persister.walking.spi.MetamodelGraphWalker - Visiting attribute path : role.name
01:56:14.479 [main] DEBUG org.hibernate.persister.walking.spi.MetamodelGraphWalker - Visiting attribute path : user
01:56:14.480 [main] DEBUG org.hibernate.loader.plan.build.internal.spaces.QuerySpacesImpl - Adding QuerySpace : uid = <gen:2> -> org.hibernate.loader.plan.build.internal.spaces.EntityQuerySpaceImpl@45bf6f39]
01:56:14.480 [main] DEBUG org.hibernate.persister.walking.spi.MetamodelGraphWalker - Visiting attribute path : user.email
01:56:14.480 [main] DEBUG org.hibernate.persister.walking.spi.MetamodelGraphWalker - Visiting attribute path : user.enabled
01:56:14.480 [main] DEBUG org.hibernate.persister.walking.spi.MetamodelGraphWalker - Visiting attribute path : user.lastName
01:56:14.480 [main] DEBUG org.hibernate.persister.walking.spi.MetamodelGraphWalker - Visiting attribute path : user.name
01:56:14.480 [main] DEBUG org.hibernate.persister.walking.spi.MetamodelGraphWalker - Visiting attribute path : user.password
01:56:14.480 [main] DEBUG org.hibernate.persister.walking.spi.MetamodelGraphWalker - Visiting attribute path : user.phone
01:56:14.480 [main] DEBUG org.hibernate.persister.walking.spi.MetamodelGraphWalker - Visiting attribute path : user.userBooks
01:56:14.480 [main] DEBUG org.hibernate.loader.plan.build.internal.spaces.QuerySpacesImpl - Adding QuerySpace : uid = <gen:3> -> org.hibernate.loader.plan.build.internal.spaces.CollectionQuerySpaceImpl@17a703f5]
01:56:14.480 [main] DEBUG org.hibernate.loader.plan.build.internal.spaces.QuerySpacesImpl - Adding QuerySpace : uid = <gen:4> -> org.hibernate.loader.plan.build.internal.spaces.EntityQuerySpaceImpl@5ff2b8ca]
01:56:14.480 [main] DEBUG org.hibernate.persister.walking.spi.MetamodelGraphWalker - Visiting attribute path : user.userName
01:56:14.480 [main] DEBUG org.hibernate.persister.walking.spi.MetamodelGraphWalker - Visiting attribute path : user.userRoles
01:56:14.480 [main] DEBUG org.hibernate.persister.walking.spi.MetamodelGraphWalker - Property path deemed to be circular : user.userRoles
01:56:14.480 [main] DEBUG org.hibernate.loader.plan.build.internal.FetchStyleLoadPlanBuildingAssociationVisitationStrategy - Building LoadPlan...
01:56:14.480 [main] DEBUG org.hibernate.loader.plan.exec.internal.LoadQueryJoinAndFetchProcessor - processing queryspace <gen:0>
01:56:14.482 [main] DEBUG org.hibernate.loader.plan.build.spi.LoadPlanTreePrinter - LoadPlan(entity=com.bookstore.datalayer.entity.UserRole)
    - Returns
       - EntityReturnImpl(entity=com.bookstore.datalayer.entity.UserRole, querySpaceUid=<gen:0>, path=com.bookstore.datalayer.entity.UserRole)
          - EntityAttributeFetchImpl(entity=com.bookstore.datalayer.entity.Role, querySpaceUid=<gen:1>, path=com.bookstore.datalayer.entity.UserRole.role)
          - EntityAttributeFetchImpl(entity=com.bookstore.datalayer.entity.User, querySpaceUid=<gen:2>, path=com.bookstore.datalayer.entity.UserRole.user)
             - CollectionAttributeFetchImpl(collection=com.bookstore.datalayer.entity.User.userBooks, querySpaceUid=<gen:3>, path=com.bookstore.datalayer.entity.UserRole.user.userBooks)
                - (collection element) CollectionFetchableElementEntityGraph(entity=com.bookstore.datalayer.entity.UserBook, querySpaceUid=<gen:4>, path=com.bookstore.datalayer.entity.UserRole.user.userBooks.<elements>)
    - QuerySpaces
       - EntityQuerySpaceImpl(uid=<gen:0>, entity=com.bookstore.datalayer.entity.UserRole)
          - SQL table alias mapping - userrole0_
          - alias suffix - 0_
          - suffixed key columns - {user_rol1_6_0_}
          - JOIN (JoinDefinedByMetadata(role)) : <gen:0> -> <gen:1>
             - EntityQuerySpaceImpl(uid=<gen:1>, entity=com.bookstore.datalayer.entity.Role)
                - SQL table alias mapping - role1_
                - alias suffix - 1_
                - suffixed key columns - {role_id1_2_1_}
          - JOIN (JoinDefinedByMetadata(user)) : <gen:0> -> <gen:2>
             - EntityQuerySpaceImpl(uid=<gen:2>, entity=com.bookstore.datalayer.entity.User)
                - SQL table alias mapping - user2_
                - alias suffix - 2_
                - suffixed key columns - {id1_4_2_}

01:56:14.483 [main] DEBUG org.hibernate.loader.entity.plan.EntityLoader - Static select for entity com.bookstore.datalayer.entity.UserRole [READ]: select userrole0_.user_role_id as user_rol1_6_0_, userrole0_.role_role_id as role_rol2_6_0_, userrole0_.user_id as user_id3_6_0_, role1_.role_id as role_id1_2_1_, role1_.name as name2_2_1_, user2_.id as id1_4_2_, user2_.email as email2_4_2_, user2_.enabled as enabled3_4_2_, user2_.last_name as last_nam4_4_2_, user2_.first_name as first_na5_4_2_, user2_.password as password6_4_2_, user2_.phone as phone7_4_2_, user2_.username as username8_4_2_ from user_role userrole0_ left outer join role role1_ on userrole0_.role_role_id=role1_.role_id inner join user user2_ on userrole0_.user_id=user2_.id where userrole0_.user_role_id=?
01:56:14.483 [main] DEBUG org.hibernate.loader.plan.build.internal.spaces.QuerySpacesImpl - Adding QuerySpace : uid = <gen:0> -> org.hibernate.loader.plan.build.internal.spaces.EntityQuerySpaceImpl@618ad2aa]
01:56:14.483 [main] DEBUG org.hibernate.persister.walking.spi.MetamodelGraphWalker - Visiting attribute path : role
01:56:14.483 [main] DEBUG org.hibernate.loader.plan.build.internal.spaces.QuerySpacesImpl - Adding QuerySpace : uid = <gen:1> -> org.hibernate.loader.plan.build.internal.spaces.EntityQuerySpaceImpl@3531f3ca]
01:56:14.483 [main] DEBUG org.hibernate.persister.walking.spi.MetamodelGraphWalker - Visiting attribute path : user
01:56:14.483 [main] DEBUG org.hibernate.loader.plan.build.internal.spaces.QuerySpacesImpl - Adding QuerySpace : uid = <gen:2> -> org.hibernate.loader.plan.build.internal.spaces.EntityQuerySpaceImpl@7fcf294e]
01:56:14.484 [main] DEBUG org.hibernate.loader.plan.build.internal.FetchStyleLoadPlanBuildingAssociationVisitationStrategy - Building LoadPlan...
01:56:14.484 [main] DEBUG org.hibernate.loader.plan.exec.internal.LoadQueryJoinAndFetchProcessor - processing queryspace <gen:0>
01:56:14.485 [main] DEBUG org.hibernate.loader.plan.build.spi.LoadPlanTreePrinter - LoadPlan(entity=com.bookstore.datalayer.entity.UserRole)
    - Returns
       - EntityReturnImpl(entity=com.bookstore.datalayer.entity.UserRole, querySpaceUid=<gen:0>, path=com.bookstore.datalayer.entity.UserRole)
          - EntityAttributeFetchImpl(entity=com.bookstore.datalayer.entity.Role, querySpaceUid=<gen:1>, path=com.bookstore.datalayer.entity.UserRole.role)
          - EntityAttributeFetchImpl(entity=com.bookstore.datalayer.entity.User, querySpaceUid=<gen:2>, path=com.bookstore.datalayer.entity.UserRole.user)
    - QuerySpaces
       - EntityQuerySpaceImpl(uid=<gen:0>, entity=com.bookstore.datalayer.entity.UserRole)
          - SQL table alias mapping - userrole0_
          - alias suffix - 0_
          - suffixed key columns - {user_rol1_6_0_}

01:56:14.485 [main] DEBUG org.hibernate.loader.entity.plan.EntityLoader - Static select for entity com.bookstore.datalayer.entity.UserRole [UPGRADE]: select userrole0_.user_role_id as user_rol1_6_0_, userrole0_.role_role_id as role_rol2_6_0_, userrole0_.user_id as user_id3_6_0_ from user_role userrole0_ where userrole0_.user_role_id=? for update
01:56:14.485 [main] DEBUG org.hibernate.loader.plan.build.internal.spaces.QuerySpacesImpl - Adding QuerySpace : uid = <gen:0> -> org.hibernate.loader.plan.build.internal.spaces.EntityQuerySpaceImpl@4867ab9f]
01:56:14.485 [main] DEBUG org.hibernate.persister.walking.spi.MetamodelGraphWalker - Visiting attribute path : role
01:56:14.485 [main] DEBUG org.hibernate.loader.plan.build.internal.spaces.QuerySpacesImpl - Adding QuerySpace : uid = <gen:1> -> org.hibernate.loader.plan.build.internal.spaces.EntityQuerySpaceImpl@5fe7f967]
01:56:14.485 [main] DEBUG org.hibernate.persister.walking.spi.MetamodelGraphWalker - Visiting attribute path : user
01:56:14.485 [main] DEBUG org.hibernate.loader.plan.build.internal.spaces.QuerySpacesImpl - Adding QuerySpace : uid = <gen:2> -> org.hibernate.loader.plan.build.internal.spaces.EntityQuerySpaceImpl@59e43e8c]
01:56:14.485 [main] DEBUG org.hibernate.loader.plan.build.internal.FetchStyleLoadPlanBuildingAssociationVisitationStrategy - Building LoadPlan...
01:56:14.486 [main] DEBUG org.hibernate.loader.plan.exec.internal.LoadQueryJoinAndFetchProcessor - processing queryspace <gen:0>
01:56:14.486 [main] DEBUG org.hibernate.loader.plan.build.spi.LoadPlanTreePrinter - LoadPlan(entity=com.bookstore.datalayer.entity.UserRole)
    - Returns
       - EntityReturnImpl(entity=com.bookstore.datalayer.entity.UserRole, querySpaceUid=<gen:0>, path=com.bookstore.datalayer.entity.UserRole)
          - EntityAttributeFetchImpl(entity=com.bookstore.datalayer.entity.Role, querySpaceUid=<gen:1>, path=com.bookstore.datalayer.entity.UserRole.role)
          - EntityAttributeFetchImpl(entity=com.bookstore.datalayer.entity.User, querySpaceUid=<gen:2>, path=com.bookstore.datalayer.entity.UserRole.user)
    - QuerySpaces
       - EntityQuerySpaceImpl(uid=<gen:0>, entity=com.bookstore.datalayer.entity.UserRole)
          - SQL table alias mapping - userrole0_
          - alias suffix - 0_
          - suffixed key columns - {user_rol1_6_0_}

01:56:14.487 [main] DEBUG org.hibernate.loader.entity.plan.EntityLoader - Static select for entity com.bookstore.datalayer.entity.UserRole [UPGRADE_NOWAIT]: select userrole0_.user_role_id as user_rol1_6_0_, userrole0_.role_role_id as role_rol2_6_0_, userrole0_.user_id as user_id3_6_0_ from user_role userrole0_ where userrole0_.user_role_id=? for update
01:56:14.487 [main] DEBUG org.hibernate.loader.plan.build.internal.spaces.QuerySpacesImpl - Adding QuerySpace : uid = <gen:0> -> org.hibernate.loader.plan.build.internal.spaces.EntityQuerySpaceImpl@2caa5d7c]
01:56:14.487 [main] DEBUG org.hibernate.persister.walking.spi.MetamodelGraphWalker - Visiting attribute path : role
01:56:14.487 [main] DEBUG org.hibernate.loader.plan.build.internal.spaces.QuerySpacesImpl - Adding QuerySpace : uid = <gen:1> -> org.hibernate.loader.plan.build.internal.spaces.EntityQuerySpaceImpl@3eabe84a]
01:56:14.487 [main] DEBUG org.hibernate.persister.walking.spi.MetamodelGraphWalker - Visiting attribute path : user
01:56:14.488 [main] DEBUG org.hibernate.loader.plan.build.internal.spaces.QuerySpacesImpl - Adding QuerySpace : uid = <gen:2> -> org.hibernate.loader.plan.build.internal.spaces.EntityQuerySpaceImpl@46c3a14d]
01:56:14.488 [main] DEBUG org.hibernate.loader.plan.build.internal.FetchStyleLoadPlanBuildingAssociationVisitationStrategy - Building LoadPlan...
01:56:14.488 [main] DEBUG org.hibernate.loader.plan.exec.internal.LoadQueryJoinAndFetchProcessor - processing queryspace <gen:0>
01:56:14.489 [main] DEBUG org.hibernate.loader.plan.build.spi.LoadPlanTreePrinter - LoadPlan(entity=com.bookstore.datalayer.entity.UserRole)
    - Returns
       - EntityReturnImpl(entity=com.bookstore.datalayer.entity.UserRole, querySpaceUid=<gen:0>, path=com.bookstore.datalayer.entity.UserRole)
          - EntityAttributeFetchImpl(entity=com.bookstore.datalayer.entity.Role, querySpaceUid=<gen:1>, path=com.bookstore.datalayer.entity.UserRole.role)
          - EntityAttributeFetchImpl(entity=com.bookstore.datalayer.entity.User, querySpaceUid=<gen:2>, path=com.bookstore.datalayer.entity.UserRole.user)
    - QuerySpaces
       - EntityQuerySpaceImpl(uid=<gen:0>, entity=com.bookstore.datalayer.entity.UserRole)
          - SQL table alias mapping - userrole0_
          - alias suffix - 0_
          - suffixed key columns - {user_rol1_6_0_}

01:56:14.489 [main] DEBUG org.hibernate.loader.entity.plan.EntityLoader - Static select for entity com.bookstore.datalayer.entity.UserRole [UPGRADE_SKIPLOCKED]: select userrole0_.user_role_id as user_rol1_6_0_, userrole0_.role_role_id as role_rol2_6_0_, userrole0_.user_id as user_id3_6_0_ from user_role userrole0_ where userrole0_.user_role_id=? for update
01:56:14.489 [main] DEBUG org.hibernate.loader.plan.build.internal.spaces.QuerySpacesImpl - Adding QuerySpace : uid = <gen:0> -> org.hibernate.loader.plan.build.internal.spaces.EntityQuerySpaceImpl@38fc5554]
01:56:14.489 [main] DEBUG org.hibernate.persister.walking.spi.MetamodelGraphWalker - Visiting attribute path : role
01:56:14.489 [main] DEBUG org.hibernate.loader.plan.build.internal.spaces.QuerySpacesImpl - Adding QuerySpace : uid = <gen:1> -> org.hibernate.loader.plan.build.internal.spaces.EntityQuerySpaceImpl@3f049056]
01:56:14.489 [main] DEBUG org.hibernate.persister.walking.spi.MetamodelGraphWalker - Visiting attribute path : user
01:56:14.489 [main] DEBUG org.hibernate.loader.plan.build.internal.spaces.QuerySpacesImpl - Adding QuerySpace : uid = <gen:2> -> org.hibernate.loader.plan.build.internal.spaces.EntityQuerySpaceImpl@64968732]
01:56:14.489 [main] DEBUG org.hibernate.loader.plan.build.internal.FetchStyleLoadPlanBuildingAssociationVisitationStrategy - Building LoadPlan...
01:56:14.489 [main] DEBUG org.hibernate.loader.plan.exec.internal.LoadQueryJoinAndFetchProcessor - processing queryspace <gen:0>
01:56:14.490 [main] DEBUG org.hibernate.loader.plan.build.spi.LoadPlanTreePrinter - LoadPlan(entity=com.bookstore.datalayer.entity.UserRole)
    - Returns
       - EntityReturnImpl(entity=com.bookstore.datalayer.entity.UserRole, querySpaceUid=<gen:0>, path=com.bookstore.datalayer.entity.UserRole)
          - EntityAttributeFetchImpl(entity=com.bookstore.datalayer.entity.Role, querySpaceUid=<gen:1>, path=com.bookstore.datalayer.entity.UserRole.role)
          - EntityAttributeFetchImpl(entity=com.bookstore.datalayer.entity.User, querySpaceUid=<gen:2>, path=com.bookstore.datalayer.entity.UserRole.user)
    - QuerySpaces
       - EntityQuerySpaceImpl(uid=<gen:0>, entity=com.bookstore.datalayer.entity.UserRole)
          - SQL table alias mapping - userrole0_
          - alias suffix - 0_
          - suffixed key columns - {user_rol1_6_0_}

01:56:14.490 [main] DEBUG org.hibernate.loader.entity.plan.EntityLoader - Static select for entity com.bookstore.datalayer.entity.UserRole [FORCE]: select userrole0_.user_role_id as user_rol1_6_0_, userrole0_.role_role_id as role_rol2_6_0_, userrole0_.user_id as user_id3_6_0_ from user_role userrole0_ where userrole0_.user_role_id=? for update
01:56:14.490 [main] DEBUG org.hibernate.loader.plan.build.internal.spaces.QuerySpacesImpl - Adding QuerySpace : uid = <gen:0> -> org.hibernate.loader.plan.build.internal.spaces.EntityQuerySpaceImpl@3e1a3801]
01:56:14.490 [main] DEBUG org.hibernate.persister.walking.spi.MetamodelGraphWalker - Visiting attribute path : role
01:56:14.490 [main] DEBUG org.hibernate.loader.plan.build.internal.spaces.QuerySpacesImpl - Adding QuerySpace : uid = <gen:1> -> org.hibernate.loader.plan.build.internal.spaces.EntityQuerySpaceImpl@1de0a46c]
01:56:14.490 [main] DEBUG org.hibernate.persister.walking.spi.MetamodelGraphWalker - Visiting attribute path : user
01:56:14.491 [main] DEBUG org.hibernate.loader.plan.build.internal.spaces.QuerySpacesImpl - Adding QuerySpace : uid = <gen:2> -> org.hibernate.loader.plan.build.internal.spaces.EntityQuerySpaceImpl@4d1f1ff5]
01:56:14.491 [main] DEBUG org.hibernate.loader.plan.build.internal.FetchStyleLoadPlanBuildingAssociationVisitationStrategy - Building LoadPlan...
01:56:14.491 [main] DEBUG org.hibernate.loader.plan.exec.internal.LoadQueryJoinAndFetchProcessor - processing queryspace <gen:0>
01:56:14.491 [main] DEBUG org.hibernate.loader.plan.build.spi.LoadPlanTreePrinter - LoadPlan(entity=com.bookstore.datalayer.entity.UserRole)
    - Returns
       - EntityReturnImpl(entity=com.bookstore.datalayer.entity.UserRole, querySpaceUid=<gen:0>, path=com.bookstore.datalayer.entity.UserRole)
          - EntityAttributeFetchImpl(entity=com.bookstore.datalayer.entity.Role, querySpaceUid=<gen:1>, path=com.bookstore.datalayer.entity.UserRole.role)
          - EntityAttributeFetchImpl(entity=com.bookstore.datalayer.entity.User, querySpaceUid=<gen:2>, path=com.bookstore.datalayer.entity.UserRole.user)
    - QuerySpaces
       - EntityQuerySpaceImpl(uid=<gen:0>, entity=com.bookstore.datalayer.entity.UserRole)
          - SQL table alias mapping - userrole0_
          - alias suffix - 0_
          - suffixed key columns - {user_rol1_6_0_}

01:56:14.491 [main] DEBUG org.hibernate.loader.entity.plan.EntityLoader - Static select for entity com.bookstore.datalayer.entity.UserRole [PESSIMISTIC_READ]: select userrole0_.user_role_id as user_rol1_6_0_, userrole0_.role_role_id as role_rol2_6_0_, userrole0_.user_id as user_id3_6_0_ from user_role userrole0_ where userrole0_.user_role_id=? lock in share mode
01:56:14.492 [main] DEBUG org.hibernate.loader.plan.build.internal.spaces.QuerySpacesImpl - Adding QuerySpace : uid = <gen:0> -> org.hibernate.loader.plan.build.internal.spaces.EntityQuerySpaceImpl@222afc67]
01:56:14.492 [main] DEBUG org.hibernate.persister.walking.spi.MetamodelGraphWalker - Visiting attribute path : role
01:56:14.492 [main] DEBUG org.hibernate.loader.plan.build.internal.spaces.QuerySpacesImpl - Adding QuerySpace : uid = <gen:1> -> org.hibernate.loader.plan.build.internal.spaces.EntityQuerySpaceImpl@54f4a7f0]
01:56:14.492 [main] DEBUG org.hibernate.persister.walking.spi.MetamodelGraphWalker - Visiting attribute path : user
01:56:14.492 [main] DEBUG org.hibernate.loader.plan.build.internal.spaces.QuerySpacesImpl - Adding QuerySpace : uid = <gen:2> -> org.hibernate.loader.plan.build.internal.spaces.EntityQuerySpaceImpl@61a1ea2c]
01:56:14.492 [main] DEBUG org.hibernate.loader.plan.build.internal.FetchStyleLoadPlanBuildingAssociationVisitationStrategy - Building LoadPlan...
01:56:14.492 [main] DEBUG org.hibernate.loader.plan.exec.internal.LoadQueryJoinAndFetchProcessor - processing queryspace <gen:0>
01:56:14.493 [main] DEBUG org.hibernate.loader.plan.build.spi.LoadPlanTreePrinter - LoadPlan(entity=com.bookstore.datalayer.entity.UserRole)
    - Returns
       - EntityReturnImpl(entity=com.bookstore.datalayer.entity.UserRole, querySpaceUid=<gen:0>, path=com.bookstore.datalayer.entity.UserRole)
          - EntityAttributeFetchImpl(entity=com.bookstore.datalayer.entity.Role, querySpaceUid=<gen:1>, path=com.bookstore.datalayer.entity.UserRole.role)
          - EntityAttributeFetchImpl(entity=com.bookstore.datalayer.entity.User, querySpaceUid=<gen:2>, path=com.bookstore.datalayer.entity.UserRole.user)
    - QuerySpaces
       - EntityQuerySpaceImpl(uid=<gen:0>, entity=com.bookstore.datalayer.entity.UserRole)
          - SQL table alias mapping - userrole0_
          - alias suffix - 0_
          - suffixed key columns - {user_rol1_6_0_}

01:56:14.493 [main] DEBUG org.hibernate.loader.entity.plan.EntityLoader - Static select for entity com.bookstore.datalayer.entity.UserRole [PESSIMISTIC_WRITE]: select userrole0_.user_role_id as user_rol1_6_0_, userrole0_.role_role_id as role_rol2_6_0_, userrole0_.user_id as user_id3_6_0_ from user_role userrole0_ where userrole0_.user_role_id=? for update
01:56:14.493 [main] DEBUG org.hibernate.loader.plan.build.internal.spaces.QuerySpacesImpl - Adding QuerySpace : uid = <gen:0> -> org.hibernate.loader.plan.build.internal.spaces.EntityQuerySpaceImpl@149debbb]
01:56:14.493 [main] DEBUG org.hibernate.persister.walking.spi.MetamodelGraphWalker - Visiting attribute path : role
01:56:14.493 [main] DEBUG org.hibernate.loader.plan.build.internal.spaces.QuerySpacesImpl - Adding QuerySpace : uid = <gen:1> -> org.hibernate.loader.plan.build.internal.spaces.EntityQuerySpaceImpl@5477a1ca]
01:56:14.493 [main] DEBUG org.hibernate.persister.walking.spi.MetamodelGraphWalker - Visiting attribute path : user
01:56:14.493 [main] DEBUG org.hibernate.loader.plan.build.internal.spaces.QuerySpacesImpl - Adding QuerySpace : uid = <gen:2> -> org.hibernate.loader.plan.build.internal.spaces.EntityQuerySpaceImpl@3ae9d1e2]
01:56:14.493 [main] DEBUG org.hibernate.loader.plan.build.internal.FetchStyleLoadPlanBuildingAssociationVisitationStrategy - Building LoadPlan...
01:56:14.494 [main] DEBUG org.hibernate.loader.plan.exec.internal.LoadQueryJoinAndFetchProcessor - processing queryspace <gen:0>
01:56:14.494 [main] DEBUG org.hibernate.loader.plan.build.spi.LoadPlanTreePrinter - LoadPlan(entity=com.bookstore.datalayer.entity.UserRole)
    - Returns
       - EntityReturnImpl(entity=com.bookstore.datalayer.entity.UserRole, querySpaceUid=<gen:0>, path=com.bookstore.datalayer.entity.UserRole)
          - EntityAttributeFetchImpl(entity=com.bookstore.datalayer.entity.Role, querySpaceUid=<gen:1>, path=com.bookstore.datalayer.entity.UserRole.role)
          - EntityAttributeFetchImpl(entity=com.bookstore.datalayer.entity.User, querySpaceUid=<gen:2>, path=com.bookstore.datalayer.entity.UserRole.user)
    - QuerySpaces
       - EntityQuerySpaceImpl(uid=<gen:0>, entity=com.bookstore.datalayer.entity.UserRole)
          - SQL table alias mapping - userrole0_
          - alias suffix - 0_
          - suffixed key columns - {user_rol1_6_0_}

01:56:14.494 [main] DEBUG org.hibernate.loader.entity.plan.EntityLoader - Static select for entity com.bookstore.datalayer.entity.UserRole [PESSIMISTIC_FORCE_INCREMENT]: select userrole0_.user_role_id as user_rol1_6_0_, userrole0_.role_role_id as role_rol2_6_0_, userrole0_.user_id as user_id3_6_0_ from user_role userrole0_ where userrole0_.user_role_id=? for update
01:56:14.495 [main] DEBUG org.hibernate.loader.plan.build.internal.spaces.QuerySpacesImpl - Adding QuerySpace : uid = <gen:0> -> org.hibernate.loader.plan.build.internal.spaces.EntityQuerySpaceImpl@41522537]
01:56:14.495 [main] DEBUG org.hibernate.persister.walking.spi.MetamodelGraphWalker - Visiting attribute path : role
01:56:14.495 [main] DEBUG org.hibernate.loader.plan.build.internal.spaces.QuerySpacesImpl - Adding QuerySpace : uid = <gen:1> -> org.hibernate.loader.plan.build.internal.spaces.EntityQuerySpaceImpl@670d4d38]
01:56:14.495 [main] DEBUG org.hibernate.persister.walking.spi.MetamodelGraphWalker - Visiting attribute path : user
01:56:14.495 [main] DEBUG org.hibernate.loader.plan.build.internal.spaces.QuerySpacesImpl - Adding QuerySpace : uid = <gen:2> -> org.hibernate.loader.plan.build.internal.spaces.EntityQuerySpaceImpl@131ff6fa]
01:56:14.495 [main] DEBUG org.hibernate.loader.plan.build.internal.FetchStyleLoadPlanBuildingAssociationVisitationStrategy - Building LoadPlan...
01:56:14.495 [main] DEBUG org.hibernate.loader.plan.exec.internal.LoadQueryJoinAndFetchProcessor - processing queryspace <gen:0>
01:56:14.496 [main] DEBUG org.hibernate.loader.plan.build.spi.LoadPlanTreePrinter - LoadPlan(entity=com.bookstore.datalayer.entity.UserRole)
    - Returns
       - EntityReturnImpl(entity=com.bookstore.datalayer.entity.UserRole, querySpaceUid=<gen:0>, path=com.bookstore.datalayer.entity.UserRole)
          - EntityAttributeFetchImpl(entity=com.bookstore.datalayer.entity.Role, querySpaceUid=<gen:1>, path=com.bookstore.datalayer.entity.UserRole.role)
          - EntityAttributeFetchImpl(entity=com.bookstore.datalayer.entity.User, querySpaceUid=<gen:2>, path=com.bookstore.datalayer.entity.UserRole.user)
    - QuerySpaces
       - EntityQuerySpaceImpl(uid=<gen:0>, entity=com.bookstore.datalayer.entity.UserRole)
          - SQL table alias mapping - userrole0_
          - alias suffix - 0_
          - suffixed key columns - {user_rol1_6_0_}

01:56:14.496 [main] DEBUG org.hibernate.loader.entity.plan.EntityLoader - Static select for entity com.bookstore.datalayer.entity.UserRole [OPTIMISTIC]: select userrole0_.user_role_id as user_rol1_6_0_, userrole0_.role_role_id as role_rol2_6_0_, userrole0_.user_id as user_id3_6_0_ from user_role userrole0_ where userrole0_.user_role_id=?
01:56:14.496 [main] DEBUG org.hibernate.loader.plan.build.internal.spaces.QuerySpacesImpl - Adding QuerySpace : uid = <gen:0> -> org.hibernate.loader.plan.build.internal.spaces.EntityQuerySpaceImpl@43b40233]
01:56:14.496 [main] DEBUG org.hibernate.persister.walking.spi.MetamodelGraphWalker - Visiting attribute path : role
01:56:14.496 [main] DEBUG org.hibernate.loader.plan.build.internal.spaces.QuerySpacesImpl - Adding QuerySpace : uid = <gen:1> -> org.hibernate.loader.plan.build.internal.spaces.EntityQuerySpaceImpl@2e060819]
01:56:14.496 [main] DEBUG org.hibernate.persister.walking.spi.MetamodelGraphWalker - Visiting attribute path : user
01:56:14.496 [main] DEBUG org.hibernate.loader.plan.build.internal.spaces.QuerySpacesImpl - Adding QuerySpace : uid = <gen:2> -> org.hibernate.loader.plan.build.internal.spaces.EntityQuerySpaceImpl@42c28305]
01:56:14.496 [main] DEBUG org.hibernate.loader.plan.build.internal.FetchStyleLoadPlanBuildingAssociationVisitationStrategy - Building LoadPlan...
01:56:14.497 [main] DEBUG org.hibernate.loader.plan.exec.internal.LoadQueryJoinAndFetchProcessor - processing queryspace <gen:0>
01:56:14.497 [main] DEBUG org.hibernate.loader.plan.build.spi.LoadPlanTreePrinter - LoadPlan(entity=com.bookstore.datalayer.entity.UserRole)
    - Returns
       - EntityReturnImpl(entity=com.bookstore.datalayer.entity.UserRole, querySpaceUid=<gen:0>, path=com.bookstore.datalayer.entity.UserRole)
          - EntityAttributeFetchImpl(entity=com.bookstore.datalayer.entity.Role, querySpaceUid=<gen:1>, path=com.bookstore.datalayer.entity.UserRole.role)
          - EntityAttributeFetchImpl(entity=com.bookstore.datalayer.entity.User, querySpaceUid=<gen:2>, path=com.bookstore.datalayer.entity.UserRole.user)
    - QuerySpaces
       - EntityQuerySpaceImpl(uid=<gen:0>, entity=com.bookstore.datalayer.entity.UserRole)
          - SQL table alias mapping - userrole0_
          - alias suffix - 0_
          - suffixed key columns - {user_rol1_6_0_}

01:56:14.497 [main] DEBUG org.hibernate.loader.entity.plan.EntityLoader - Static select for entity com.bookstore.datalayer.entity.UserRole [OPTIMISTIC_FORCE_INCREMENT]: select userrole0_.user_role_id as user_rol1_6_0_, userrole0_.role_role_id as role_rol2_6_0_, userrole0_.user_id as user_id3_6_0_ from user_role userrole0_ where userrole0_.user_role_id=?
01:56:14.525 [main] DEBUG org.hibernate.loader.Loader - Static select for action ACTION_MERGE on entity com.bookstore.datalayer.entity.UserRole: select userrole0_.user_role_id as user_rol1_6_1_, userrole0_.role_role_id as role_rol2_6_1_, userrole0_.user_id as user_id3_6_1_, role1_.role_id as role_id1_2_0_, role1_.name as name2_2_0_ from user_role userrole0_ left outer join role role1_ on userrole0_.role_role_id=role1_.role_id where userrole0_.user_role_id=?
01:56:14.526 [main] DEBUG org.hibernate.loader.Loader - Static select for action ACTION_REFRESH on entity com.bookstore.datalayer.entity.UserRole: select userrole0_.user_role_id as user_rol1_6_1_, userrole0_.role_role_id as role_rol2_6_1_, userrole0_.user_id as user_id3_6_1_, role1_.role_id as role_id1_2_0_, role1_.name as name2_2_0_ from user_role userrole0_ left outer join role role1_ on userrole0_.role_role_id=role1_.role_id where userrole0_.user_role_id=?
01:56:14.526 [main] DEBUG org.hibernate.persister.entity.AbstractEntityPersister - Static SQL for entity: com.bookstore.datalayer.entity.BookTag
01:56:14.526 [main] DEBUG org.hibernate.persister.entity.AbstractEntityPersister -  Version select: select book_id, tag_id, user_id from book_tag where book_id =? and tag_id =? and user_id =?
01:56:14.526 [main] DEBUG org.hibernate.persister.entity.AbstractEntityPersister -  Snapshot select: select booktag_.book_id, booktag_.tag_id, booktag_.user_id from book_tag booktag_ where booktag_.book_id=? and booktag_.tag_id=? and booktag_.user_id=?
01:56:14.526 [main] DEBUG org.hibernate.persister.entity.AbstractEntityPersister -  Insert 0: insert into book_tag (book_id, tag_id, user_id) values (?, ?, ?)
01:56:14.527 [main] DEBUG org.hibernate.persister.entity.AbstractEntityPersister -  Update 0: null
01:56:14.527 [main] DEBUG org.hibernate.persister.entity.AbstractEntityPersister -  Delete 0: delete from book_tag where book_id=? and tag_id=? and user_id=?
01:56:14.527 [main] DEBUG org.hibernate.loader.plan.build.internal.spaces.QuerySpacesImpl - Adding QuerySpace : uid = <gen:0> -> org.hibernate.loader.plan.build.internal.spaces.EntityQuerySpaceImpl@69228e85]
01:56:14.528 [main] DEBUG org.hibernate.loader.plan.build.internal.spaces.QuerySpacesImpl - Adding QuerySpace : uid = <gen:0>-id -> org.hibernate.loader.plan.build.internal.spaces.CompositeQuerySpaceImpl@332820f4]
01:56:14.532 [main] DEBUG org.hibernate.persister.walking.spi.MetamodelGraphWalker - Visiting attribute path : book
01:56:14.532 [main] DEBUG org.hibernate.persister.walking.spi.MetamodelGraphWalker - Visiting attribute path : tag
01:56:14.532 [main] DEBUG org.hibernate.persister.walking.spi.MetamodelGraphWalker - Visiting attribute path : user
01:56:14.532 [main] DEBUG org.hibernate.persister.walking.spi.MetamodelGraphWalker - Visiting attribute path : book
01:56:14.532 [main] DEBUG org.hibernate.loader.plan.build.internal.spaces.QuerySpacesImpl - Adding QuerySpace : uid = <gen:1> -> org.hibernate.loader.plan.build.internal.spaces.EntityQuerySpaceImpl@1290c49]
01:56:14.532 [main] DEBUG org.hibernate.persister.walking.spi.MetamodelGraphWalker - Visiting attribute path : book.author
01:56:14.532 [main] DEBUG org.hibernate.persister.walking.spi.MetamodelGraphWalker - Visiting attribute path : book.description
01:56:14.532 [main] DEBUG org.hibernate.persister.walking.spi.MetamodelGraphWalker - Visiting attribute path : book.name
01:56:14.532 [main] DEBUG org.hibernate.persister.walking.spi.MetamodelGraphWalker - Visiting attribute path : book.publishedDate
01:56:14.532 [main] DEBUG org.hibernate.persister.walking.spi.MetamodelGraphWalker - Visiting attribute path : book.publisher
01:56:14.532 [main] DEBUG org.hibernate.persister.walking.spi.MetamodelGraphWalker - Visiting attribute path : tag
01:56:14.533 [main] DEBUG org.hibernate.loader.plan.build.internal.spaces.QuerySpacesImpl - Adding QuerySpace : uid = <gen:2> -> org.hibernate.loader.plan.build.internal.spaces.EntityQuerySpaceImpl@55d9b8f0]
01:56:14.533 [main] DEBUG org.hibernate.persister.walking.spi.MetamodelGraphWalker - Visiting attribute path : tag.name
01:56:14.533 [main] DEBUG org.hibernate.loader.plan.build.internal.FetchStyleLoadPlanBuildingAssociationVisitationStrategy - Building LoadPlan...
01:56:14.534 [main] DEBUG org.hibernate.loader.plan.exec.internal.LoadQueryJoinAndFetchProcessor - processing queryspace <gen:0>
01:56:14.535 [main] DEBUG org.hibernate.loader.plan.build.spi.LoadPlanTreePrinter - LoadPlan(entity=com.bookstore.datalayer.entity.BookTag)
    - Returns
       - EntityReturnImpl(entity=com.bookstore.datalayer.entity.BookTag, querySpaceUid=<gen:0>, path=com.bookstore.datalayer.entity.BookTag)
          - EntityAttributeFetchImpl(entity=com.bookstore.datalayer.entity.Book, querySpaceUid=<gen:1>, path=com.bookstore.datalayer.entity.BookTag.book)
          - EntityAttributeFetchImpl(entity=com.bookstore.datalayer.entity.Tag, querySpaceUid=<gen:2>, path=com.bookstore.datalayer.entity.BookTag.tag)
    - QuerySpaces
       - EntityQuerySpaceImpl(uid=<gen:0>, entity=com.bookstore.datalayer.entity.BookTag)
          - SQL table alias mapping - booktag0_
          - alias suffix - 0_
          - suffixed key columns - {book_id1_1_0_, tag_id2_1_0_, user_id3_1_0_}
          - JOIN (JoinDefinedByMetadata(id)) : <gen:0> -> <gen:0>-id
             - CompositeQuerySpaceImpl(uid=<gen:0>-id)
                - SQL table alias mapping - booktag0_
          - JOIN (JoinDefinedByMetadata(book)) : <gen:0> -> <gen:1>
             - EntityQuerySpaceImpl(uid=<gen:1>, entity=com.bookstore.datalayer.entity.Book)
                - SQL table alias mapping - book1_
                - alias suffix - 1_
                - suffixed key columns - {book_id1_0_1_}
          - JOIN (JoinDefinedByMetadata(tag)) : <gen:0> -> <gen:2>
             - EntityQuerySpaceImpl(uid=<gen:2>, entity=com.bookstore.datalayer.entity.Tag)
                - SQL table alias mapping - tag2_
                - alias suffix - 2_
                - suffixed key columns - {tag_id1_3_2_}

01:56:14.535 [main] DEBUG org.hibernate.loader.entity.plan.EntityLoader - Static select for entity com.bookstore.datalayer.entity.BookTag [NONE]: select booktag0_.book_id as book_id1_1_0_, booktag0_.tag_id as tag_id2_1_0_, booktag0_.user_id as user_id3_1_0_, book1_.book_id as book_id1_0_1_, book1_.author as author2_0_1_, book1_.description as descript3_0_1_, book1_.name as name4_0_1_, book1_.published_date as publishe5_0_1_, book1_.publisher as publishe6_0_1_, tag2_.tag_id as tag_id1_3_2_, tag2_.name as name2_3_2_ from book_tag booktag0_ left outer join book book1_ on booktag0_.book_id=book1_.book_id left outer join tag tag2_ on booktag0_.tag_id=tag2_.tag_id where booktag0_.book_id=? and booktag0_.tag_id=? and booktag0_.user_id=?
01:56:14.535 [main] DEBUG org.hibernate.loader.plan.build.internal.spaces.QuerySpacesImpl - Adding QuerySpace : uid = <gen:0> -> org.hibernate.loader.plan.build.internal.spaces.EntityQuerySpaceImpl@6d303498]
01:56:14.535 [main] DEBUG org.hibernate.loader.plan.build.internal.spaces.QuerySpacesImpl - Adding QuerySpace : uid = <gen:0>-id -> org.hibernate.loader.plan.build.internal.spaces.CompositeQuerySpaceImpl@6ba7383d]
01:56:14.536 [main] DEBUG org.hibernate.persister.walking.spi.MetamodelGraphWalker - Visiting attribute path : book
01:56:14.536 [main] DEBUG org.hibernate.persister.walking.spi.MetamodelGraphWalker - Visiting attribute path : tag
01:56:14.536 [main] DEBUG org.hibernate.persister.walking.spi.MetamodelGraphWalker - Visiting attribute path : user
01:56:14.536 [main] DEBUG org.hibernate.persister.walking.spi.MetamodelGraphWalker - Visiting attribute path : book
01:56:14.536 [main] DEBUG org.hibernate.loader.plan.build.internal.spaces.QuerySpacesImpl - Adding QuerySpace : uid = <gen:1> -> org.hibernate.loader.plan.build.internal.spaces.EntityQuerySpaceImpl@1d75e7af]
01:56:14.536 [main] DEBUG org.hibernate.persister.walking.spi.MetamodelGraphWalker - Visiting attribute path : book.author
01:56:14.536 [main] DEBUG org.hibernate.persister.walking.spi.MetamodelGraphWalker - Visiting attribute path : book.description
01:56:14.536 [main] DEBUG org.hibernate.persister.walking.spi.MetamodelGraphWalker - Visiting attribute path : book.name
01:56:14.536 [main] DEBUG org.hibernate.persister.walking.spi.MetamodelGraphWalker - Visiting attribute path : book.publishedDate
01:56:14.536 [main] DEBUG org.hibernate.persister.walking.spi.MetamodelGraphWalker - Visiting attribute path : book.publisher
01:56:14.536 [main] DEBUG org.hibernate.persister.walking.spi.MetamodelGraphWalker - Visiting attribute path : tag
01:56:14.536 [main] DEBUG org.hibernate.loader.plan.build.internal.spaces.QuerySpacesImpl - Adding QuerySpace : uid = <gen:2> -> org.hibernate.loader.plan.build.internal.spaces.EntityQuerySpaceImpl@34b27915]
01:56:14.536 [main] DEBUG org.hibernate.persister.walking.spi.MetamodelGraphWalker - Visiting attribute path : tag.name
01:56:14.537 [main] DEBUG org.hibernate.loader.plan.build.internal.FetchStyleLoadPlanBuildingAssociationVisitationStrategy - Building LoadPlan...
01:56:14.537 [main] DEBUG org.hibernate.loader.plan.exec.internal.LoadQueryJoinAndFetchProcessor - processing queryspace <gen:0>
01:56:14.538 [main] DEBUG org.hibernate.loader.plan.build.spi.LoadPlanTreePrinter - LoadPlan(entity=com.bookstore.datalayer.entity.BookTag)
    - Returns
       - EntityReturnImpl(entity=com.bookstore.datalayer.entity.BookTag, querySpaceUid=<gen:0>, path=com.bookstore.datalayer.entity.BookTag)
          - EntityAttributeFetchImpl(entity=com.bookstore.datalayer.entity.Book, querySpaceUid=<gen:1>, path=com.bookstore.datalayer.entity.BookTag.book)
          - EntityAttributeFetchImpl(entity=com.bookstore.datalayer.entity.Tag, querySpaceUid=<gen:2>, path=com.bookstore.datalayer.entity.BookTag.tag)
    - QuerySpaces
       - EntityQuerySpaceImpl(uid=<gen:0>, entity=com.bookstore.datalayer.entity.BookTag)
          - SQL table alias mapping - booktag0_
          - alias suffix - 0_
          - suffixed key columns - {book_id1_1_0_, tag_id2_1_0_, user_id3_1_0_}
          - JOIN (JoinDefinedByMetadata(id)) : <gen:0> -> <gen:0>-id
             - CompositeQuerySpaceImpl(uid=<gen:0>-id)
                - SQL table alias mapping - booktag0_
          - JOIN (JoinDefinedByMetadata(book)) : <gen:0> -> <gen:1>
             - EntityQuerySpaceImpl(uid=<gen:1>, entity=com.bookstore.datalayer.entity.Book)
                - SQL table alias mapping - book1_
                - alias suffix - 1_
                - suffixed key columns - {book_id1_0_1_}
          - JOIN (JoinDefinedByMetadata(tag)) : <gen:0> -> <gen:2>
             - EntityQuerySpaceImpl(uid=<gen:2>, entity=com.bookstore.datalayer.entity.Tag)
                - SQL table alias mapping - tag2_
                - alias suffix - 2_
                - suffixed key columns - {tag_id1_3_2_}

01:56:14.538 [main] DEBUG org.hibernate.loader.entity.plan.EntityLoader - Static select for entity com.bookstore.datalayer.entity.BookTag [READ]: select booktag0_.book_id as book_id1_1_0_, booktag0_.tag_id as tag_id2_1_0_, booktag0_.user_id as user_id3_1_0_, book1_.book_id as book_id1_0_1_, book1_.author as author2_0_1_, book1_.description as descript3_0_1_, book1_.name as name4_0_1_, book1_.published_date as publishe5_0_1_, book1_.publisher as publishe6_0_1_, tag2_.tag_id as tag_id1_3_2_, tag2_.name as name2_3_2_ from book_tag booktag0_ left outer join book book1_ on booktag0_.book_id=book1_.book_id left outer join tag tag2_ on booktag0_.tag_id=tag2_.tag_id where booktag0_.book_id=? and booktag0_.tag_id=? and booktag0_.user_id=?
01:56:14.538 [main] DEBUG org.hibernate.loader.plan.build.internal.spaces.QuerySpacesImpl - Adding QuerySpace : uid = <gen:0> -> org.hibernate.loader.plan.build.internal.spaces.EntityQuerySpaceImpl@1b9776f5]
01:56:14.538 [main] DEBUG org.hibernate.loader.plan.build.internal.spaces.QuerySpacesImpl - Adding QuerySpace : uid = <gen:0>-id -> org.hibernate.loader.plan.build.internal.spaces.CompositeQuerySpaceImpl@5e048149]
01:56:14.538 [main] DEBUG org.hibernate.persister.walking.spi.MetamodelGraphWalker - Visiting attribute path : book
01:56:14.538 [main] DEBUG org.hibernate.persister.walking.spi.MetamodelGraphWalker - Visiting attribute path : tag
01:56:14.538 [main] DEBUG org.hibernate.persister.walking.spi.MetamodelGraphWalker - Visiting attribute path : user
01:56:14.539 [main] DEBUG org.hibernate.persister.walking.spi.MetamodelGraphWalker - Visiting attribute path : book
01:56:14.539 [main] DEBUG org.hibernate.loader.plan.build.internal.spaces.QuerySpacesImpl - Adding QuerySpace : uid = <gen:1> -> org.hibernate.loader.plan.build.internal.spaces.EntityQuerySpaceImpl@1dd7796b]
01:56:14.539 [main] DEBUG org.hibernate.persister.walking.spi.MetamodelGraphWalker - Visiting attribute path : tag
01:56:14.539 [main] DEBUG org.hibernate.loader.plan.build.internal.spaces.QuerySpacesImpl - Adding QuerySpace : uid = <gen:2> -> org.hibernate.loader.plan.build.internal.spaces.EntityQuerySpaceImpl@67a3bd51]
01:56:14.539 [main] DEBUG org.hibernate.loader.plan.build.internal.FetchStyleLoadPlanBuildingAssociationVisitationStrategy - Building LoadPlan...
01:56:14.539 [main] DEBUG org.hibernate.loader.plan.exec.internal.LoadQueryJoinAndFetchProcessor - processing queryspace <gen:0>
01:56:14.540 [main] DEBUG org.hibernate.loader.plan.build.spi.LoadPlanTreePrinter - LoadPlan(entity=com.bookstore.datalayer.entity.BookTag)
    - Returns
       - EntityReturnImpl(entity=com.bookstore.datalayer.entity.BookTag, querySpaceUid=<gen:0>, path=com.bookstore.datalayer.entity.BookTag)
          - EntityAttributeFetchImpl(entity=com.bookstore.datalayer.entity.Book, querySpaceUid=<gen:1>, path=com.bookstore.datalayer.entity.BookTag.book)
          - EntityAttributeFetchImpl(entity=com.bookstore.datalayer.entity.Tag, querySpaceUid=<gen:2>, path=com.bookstore.datalayer.entity.BookTag.tag)
    - QuerySpaces
       - EntityQuerySpaceImpl(uid=<gen:0>, entity=com.bookstore.datalayer.entity.BookTag)
          - SQL table alias mapping - booktag0_
          - alias suffix - 0_
          - suffixed key columns - {book_id1_1_0_, tag_id2_1_0_, user_id3_1_0_}
          - JOIN (JoinDefinedByMetadata(id)) : <gen:0> -> <gen:0>-id
             - CompositeQuerySpaceImpl(uid=<gen:0>-id)
                - SQL table alias mapping - booktag0_

01:56:14.540 [main] DEBUG org.hibernate.loader.entity.plan.EntityLoader - Static select for entity com.bookstore.datalayer.entity.BookTag [UPGRADE]: select booktag0_.book_id as book_id1_1_0_, booktag0_.tag_id as tag_id2_1_0_, booktag0_.user_id as user_id3_1_0_ from book_tag booktag0_ where booktag0_.book_id=? and booktag0_.tag_id=? and booktag0_.user_id=? for update
01:56:14.540 [main] DEBUG org.hibernate.loader.plan.build.internal.spaces.QuerySpacesImpl - Adding QuerySpace : uid = <gen:0> -> org.hibernate.loader.plan.build.internal.spaces.EntityQuerySpaceImpl@57402ba1]
01:56:14.540 [main] DEBUG org.hibernate.loader.plan.build.internal.spaces.QuerySpacesImpl - Adding QuerySpace : uid = <gen:0>-id -> org.hibernate.loader.plan.build.internal.spaces.CompositeQuerySpaceImpl@56913163]
01:56:14.540 [main] DEBUG org.hibernate.persister.walking.spi.MetamodelGraphWalker - Visiting attribute path : book
01:56:14.540 [main] DEBUG org.hibernate.persister.walking.spi.MetamodelGraphWalker - Visiting attribute path : tag
01:56:14.540 [main] DEBUG org.hibernate.persister.walking.spi.MetamodelGraphWalker - Visiting attribute path : user
01:56:14.540 [main] DEBUG org.hibernate.persister.walking.spi.MetamodelGraphWalker - Visiting attribute path : book
01:56:14.540 [main] DEBUG org.hibernate.loader.plan.build.internal.spaces.QuerySpacesImpl - Adding QuerySpace : uid = <gen:1> -> org.hibernate.loader.plan.build.internal.spaces.EntityQuerySpaceImpl@5c534b5b]
01:56:14.540 [main] DEBUG org.hibernate.persister.walking.spi.MetamodelGraphWalker - Visiting attribute path : tag
01:56:14.541 [main] DEBUG org.hibernate.loader.plan.build.internal.spaces.QuerySpacesImpl - Adding QuerySpace : uid = <gen:2> -> org.hibernate.loader.plan.build.internal.spaces.EntityQuerySpaceImpl@396639b]
01:56:14.541 [main] DEBUG org.hibernate.loader.plan.build.internal.FetchStyleLoadPlanBuildingAssociationVisitationStrategy - Building LoadPlan...
01:56:14.541 [main] DEBUG org.hibernate.loader.plan.exec.internal.LoadQueryJoinAndFetchProcessor - processing queryspace <gen:0>
01:56:14.541 [main] DEBUG org.hibernate.loader.plan.build.spi.LoadPlanTreePrinter - LoadPlan(entity=com.bookstore.datalayer.entity.BookTag)
    - Returns
       - EntityReturnImpl(entity=com.bookstore.datalayer.entity.BookTag, querySpaceUid=<gen:0>, path=com.bookstore.datalayer.entity.BookTag)
          - EntityAttributeFetchImpl(entity=com.bookstore.datalayer.entity.Book, querySpaceUid=<gen:1>, path=com.bookstore.datalayer.entity.BookTag.book)
          - EntityAttributeFetchImpl(entity=com.bookstore.datalayer.entity.Tag, querySpaceUid=<gen:2>, path=com.bookstore.datalayer.entity.BookTag.tag)
    - QuerySpaces
       - EntityQuerySpaceImpl(uid=<gen:0>, entity=com.bookstore.datalayer.entity.BookTag)
          - SQL table alias mapping - booktag0_
          - alias suffix - 0_
          - suffixed key columns - {book_id1_1_0_, tag_id2_1_0_, user_id3_1_0_}
          - JOIN (JoinDefinedByMetadata(id)) : <gen:0> -> <gen:0>-id
             - CompositeQuerySpaceImpl(uid=<gen:0>-id)
                - SQL table alias mapping - booktag0_

01:56:14.541 [main] DEBUG org.hibernate.loader.entity.plan.EntityLoader - Static select for entity com.bookstore.datalayer.entity.BookTag [UPGRADE_NOWAIT]: select booktag0_.book_id as book_id1_1_0_, booktag0_.tag_id as tag_id2_1_0_, booktag0_.user_id as user_id3_1_0_ from book_tag booktag0_ where booktag0_.book_id=? and booktag0_.tag_id=? and booktag0_.user_id=? for update
01:56:14.542 [main] DEBUG org.hibernate.loader.plan.build.internal.spaces.QuerySpacesImpl - Adding QuerySpace : uid = <gen:0> -> org.hibernate.loader.plan.build.internal.spaces.EntityQuerySpaceImpl@2b22a1cc]
01:56:14.542 [main] DEBUG org.hibernate.loader.plan.build.internal.spaces.QuerySpacesImpl - Adding QuerySpace : uid = <gen:0>-id -> org.hibernate.loader.plan.build.internal.spaces.CompositeQuerySpaceImpl@62573c86]
01:56:14.542 [main] DEBUG org.hibernate.persister.walking.spi.MetamodelGraphWalker - Visiting attribute path : book
01:56:14.542 [main] DEBUG org.hibernate.persister.walking.spi.MetamodelGraphWalker - Visiting attribute path : tag
01:56:14.542 [main] DEBUG org.hibernate.persister.walking.spi.MetamodelGraphWalker - Visiting attribute path : user
01:56:14.542 [main] DEBUG org.hibernate.persister.walking.spi.MetamodelGraphWalker - Visiting attribute path : book
01:56:14.542 [main] DEBUG org.hibernate.loader.plan.build.internal.spaces.QuerySpacesImpl - Adding QuerySpace : uid = <gen:1> -> org.hibernate.loader.plan.build.internal.spaces.EntityQuerySpaceImpl@2ab0702e]
01:56:14.542 [main] DEBUG org.hibernate.persister.walking.spi.MetamodelGraphWalker - Visiting attribute path : tag
01:56:14.542 [main] DEBUG org.hibernate.loader.plan.build.internal.spaces.QuerySpacesImpl - Adding QuerySpace : uid = <gen:2> -> org.hibernate.loader.plan.build.internal.spaces.EntityQuerySpaceImpl@7158daf2]
01:56:14.542 [main] DEBUG org.hibernate.loader.plan.build.internal.FetchStyleLoadPlanBuildingAssociationVisitationStrategy - Building LoadPlan...
01:56:14.543 [main] DEBUG org.hibernate.loader.plan.exec.internal.LoadQueryJoinAndFetchProcessor - processing queryspace <gen:0>
01:56:14.543 [main] DEBUG org.hibernate.loader.plan.build.spi.LoadPlanTreePrinter - LoadPlan(entity=com.bookstore.datalayer.entity.BookTag)
    - Returns
       - EntityReturnImpl(entity=com.bookstore.datalayer.entity.BookTag, querySpaceUid=<gen:0>, path=com.bookstore.datalayer.entity.BookTag)
          - EntityAttributeFetchImpl(entity=com.bookstore.datalayer.entity.Book, querySpaceUid=<gen:1>, path=com.bookstore.datalayer.entity.BookTag.book)
          - EntityAttributeFetchImpl(entity=com.bookstore.datalayer.entity.Tag, querySpaceUid=<gen:2>, path=com.bookstore.datalayer.entity.BookTag.tag)
    - QuerySpaces
       - EntityQuerySpaceImpl(uid=<gen:0>, entity=com.bookstore.datalayer.entity.BookTag)
          - SQL table alias mapping - booktag0_
          - alias suffix - 0_
          - suffixed key columns - {book_id1_1_0_, tag_id2_1_0_, user_id3_1_0_}
          - JOIN (JoinDefinedByMetadata(id)) : <gen:0> -> <gen:0>-id
             - CompositeQuerySpaceImpl(uid=<gen:0>-id)
                - SQL table alias mapping - booktag0_

01:56:14.543 [main] DEBUG org.hibernate.loader.entity.plan.EntityLoader - Static select for entity com.bookstore.datalayer.entity.BookTag [UPGRADE_SKIPLOCKED]: select booktag0_.book_id as book_id1_1_0_, booktag0_.tag_id as tag_id2_1_0_, booktag0_.user_id as user_id3_1_0_ from book_tag booktag0_ where booktag0_.book_id=? and booktag0_.tag_id=? and booktag0_.user_id=? for update
01:56:14.544 [main] DEBUG org.hibernate.loader.plan.build.internal.spaces.QuerySpacesImpl - Adding QuerySpace : uid = <gen:0> -> org.hibernate.loader.plan.build.internal.spaces.EntityQuerySpaceImpl@10f19647]
01:56:14.544 [main] DEBUG org.hibernate.loader.plan.build.internal.spaces.QuerySpacesImpl - Adding QuerySpace : uid = <gen:0>-id -> org.hibernate.loader.plan.build.internal.spaces.CompositeQuerySpaceImpl@102efc59]
01:56:14.544 [main] DEBUG org.hibernate.persister.walking.spi.MetamodelGraphWalker - Visiting attribute path : book
01:56:14.544 [main] DEBUG org.hibernate.persister.walking.spi.MetamodelGraphWalker - Visiting attribute path : tag
01:56:14.544 [main] DEBUG org.hibernate.persister.walking.spi.MetamodelGraphWalker - Visiting attribute path : user
01:56:14.544 [main] DEBUG org.hibernate.persister.walking.spi.MetamodelGraphWalker - Visiting attribute path : book
01:56:14.544 [main] DEBUG org.hibernate.loader.plan.build.internal.spaces.QuerySpacesImpl - Adding QuerySpace : uid = <gen:1> -> org.hibernate.loader.plan.build.internal.spaces.EntityQuerySpaceImpl@12d1f1d4]
01:56:14.544 [main] DEBUG org.hibernate.persister.walking.spi.MetamodelGraphWalker - Visiting attribute path : tag
01:56:14.544 [main] DEBUG org.hibernate.loader.plan.build.internal.spaces.QuerySpacesImpl - Adding QuerySpace : uid = <gen:2> -> org.hibernate.loader.plan.build.internal.spaces.EntityQuerySpaceImpl@75fa1be3]
01:56:14.544 [main] DEBUG org.hibernate.loader.plan.build.internal.FetchStyleLoadPlanBuildingAssociationVisitationStrategy - Building LoadPlan...
01:56:14.544 [main] DEBUG org.hibernate.loader.plan.exec.internal.LoadQueryJoinAndFetchProcessor - processing queryspace <gen:0>
01:56:14.545 [main] DEBUG org.hibernate.loader.plan.build.spi.LoadPlanTreePrinter - LoadPlan(entity=com.bookstore.datalayer.entity.BookTag)
    - Returns
       - EntityReturnImpl(entity=com.bookstore.datalayer.entity.BookTag, querySpaceUid=<gen:0>, path=com.bookstore.datalayer.entity.BookTag)
          - EntityAttributeFetchImpl(entity=com.bookstore.datalayer.entity.Book, querySpaceUid=<gen:1>, path=com.bookstore.datalayer.entity.BookTag.book)
          - EntityAttributeFetchImpl(entity=com.bookstore.datalayer.entity.Tag, querySpaceUid=<gen:2>, path=com.bookstore.datalayer.entity.BookTag.tag)
    - QuerySpaces
       - EntityQuerySpaceImpl(uid=<gen:0>, entity=com.bookstore.datalayer.entity.BookTag)
          - SQL table alias mapping - booktag0_
          - alias suffix - 0_
          - suffixed key columns - {book_id1_1_0_, tag_id2_1_0_, user_id3_1_0_}
          - JOIN (JoinDefinedByMetadata(id)) : <gen:0> -> <gen:0>-id
             - CompositeQuerySpaceImpl(uid=<gen:0>-id)
                - SQL table alias mapping - booktag0_

01:56:14.545 [main] DEBUG org.hibernate.loader.entity.plan.EntityLoader - Static select for entity com.bookstore.datalayer.entity.BookTag [FORCE]: select booktag0_.book_id as book_id1_1_0_, booktag0_.tag_id as tag_id2_1_0_, booktag0_.user_id as user_id3_1_0_ from book_tag booktag0_ where booktag0_.book_id=? and booktag0_.tag_id=? and booktag0_.user_id=? for update
01:56:14.545 [main] DEBUG org.hibernate.loader.plan.build.internal.spaces.QuerySpacesImpl - Adding QuerySpace : uid = <gen:0> -> org.hibernate.loader.plan.build.internal.spaces.EntityQuerySpaceImpl@7a389761]
01:56:14.545 [main] DEBUG org.hibernate.loader.plan.build.internal.spaces.QuerySpacesImpl - Adding QuerySpace : uid = <gen:0>-id -> org.hibernate.loader.plan.build.internal.spaces.CompositeQuerySpaceImpl@42714a7]
01:56:14.545 [main] DEBUG org.hibernate.persister.walking.spi.MetamodelGraphWalker - Visiting attribute path : book
01:56:14.546 [main] DEBUG org.hibernate.persister.walking.spi.MetamodelGraphWalker - Visiting attribute path : tag
01:56:14.546 [main] DEBUG org.hibernate.persister.walking.spi.MetamodelGraphWalker - Visiting attribute path : user
01:56:14.546 [main] DEBUG org.hibernate.persister.walking.spi.MetamodelGraphWalker - Visiting attribute path : book
01:56:14.546 [main] DEBUG org.hibernate.loader.plan.build.internal.spaces.QuerySpacesImpl - Adding QuerySpace : uid = <gen:1> -> org.hibernate.loader.plan.build.internal.spaces.EntityQuerySpaceImpl@2d82408]
01:56:14.546 [main] DEBUG org.hibernate.persister.walking.spi.MetamodelGraphWalker - Visiting attribute path : tag
01:56:14.546 [main] DEBUG org.hibernate.loader.plan.build.internal.spaces.QuerySpacesImpl - Adding QuerySpace : uid = <gen:2> -> org.hibernate.loader.plan.build.internal.spaces.EntityQuerySpaceImpl@3ee69ad8]
01:56:14.546 [main] DEBUG org.hibernate.loader.plan.build.internal.FetchStyleLoadPlanBuildingAssociationVisitationStrategy - Building LoadPlan...
01:56:14.546 [main] DEBUG org.hibernate.loader.plan.exec.internal.LoadQueryJoinAndFetchProcessor - processing queryspace <gen:0>
01:56:14.547 [main] DEBUG org.hibernate.loader.plan.build.spi.LoadPlanTreePrinter - LoadPlan(entity=com.bookstore.datalayer.entity.BookTag)
    - Returns
       - EntityReturnImpl(entity=com.bookstore.datalayer.entity.BookTag, querySpaceUid=<gen:0>, path=com.bookstore.datalayer.entity.BookTag)
          - EntityAttributeFetchImpl(entity=com.bookstore.datalayer.entity.Book, querySpaceUid=<gen:1>, path=com.bookstore.datalayer.entity.BookTag.book)
          - EntityAttributeFetchImpl(entity=com.bookstore.datalayer.entity.Tag, querySpaceUid=<gen:2>, path=com.bookstore.datalayer.entity.BookTag.tag)
    - QuerySpaces
       - EntityQuerySpaceImpl(uid=<gen:0>, entity=com.bookstore.datalayer.entity.BookTag)
          - SQL table alias mapping - booktag0_
          - alias suffix - 0_
          - suffixed key columns - {book_id1_1_0_, tag_id2_1_0_, user_id3_1_0_}
          - JOIN (JoinDefinedByMetadata(id)) : <gen:0> -> <gen:0>-id
             - CompositeQuerySpaceImpl(uid=<gen:0>-id)
                - SQL table alias mapping - booktag0_

01:56:14.547 [main] DEBUG org.hibernate.loader.entity.plan.EntityLoader - Static select for entity com.bookstore.datalayer.entity.BookTag [PESSIMISTIC_READ]: select booktag0_.book_id as book_id1_1_0_, booktag0_.tag_id as tag_id2_1_0_, booktag0_.user_id as user_id3_1_0_ from book_tag booktag0_ where booktag0_.book_id=? and booktag0_.tag_id=? and booktag0_.user_id=? lock in share mode
01:56:14.547 [main] DEBUG org.hibernate.loader.plan.build.internal.spaces.QuerySpacesImpl - Adding QuerySpace : uid = <gen:0> -> org.hibernate.loader.plan.build.internal.spaces.EntityQuerySpaceImpl@f679798]
01:56:14.547 [main] DEBUG org.hibernate.loader.plan.build.internal.spaces.QuerySpacesImpl - Adding QuerySpace : uid = <gen:0>-id -> org.hibernate.loader.plan.build.internal.spaces.CompositeQuerySpaceImpl@1a6cf771]
01:56:14.547 [main] DEBUG org.hibernate.persister.walking.spi.MetamodelGraphWalker - Visiting attribute path : book
01:56:14.547 [main] DEBUG org.hibernate.persister.walking.spi.MetamodelGraphWalker - Visiting attribute path : tag
01:56:14.547 [main] DEBUG org.hibernate.persister.walking.spi.MetamodelGraphWalker - Visiting attribute path : user
01:56:14.547 [main] DEBUG org.hibernate.persister.walking.spi.MetamodelGraphWalker - Visiting attribute path : book
01:56:14.548 [main] DEBUG org.hibernate.loader.plan.build.internal.spaces.QuerySpacesImpl - Adding QuerySpace : uid = <gen:1> -> org.hibernate.loader.plan.build.internal.spaces.EntityQuerySpaceImpl@60859f5a]
01:56:14.548 [main] DEBUG org.hibernate.persister.walking.spi.MetamodelGraphWalker - Visiting attribute path : tag
01:56:14.548 [main] DEBUG org.hibernate.loader.plan.build.internal.spaces.QuerySpacesImpl - Adding QuerySpace : uid = <gen:2> -> org.hibernate.loader.plan.build.internal.spaces.EntityQuerySpaceImpl@1daf3b44]
01:56:14.548 [main] DEBUG org.hibernate.loader.plan.build.internal.FetchStyleLoadPlanBuildingAssociationVisitationStrategy - Building LoadPlan...
01:56:14.548 [main] DEBUG org.hibernate.loader.plan.exec.internal.LoadQueryJoinAndFetchProcessor - processing queryspace <gen:0>
01:56:14.549 [main] DEBUG org.hibernate.loader.plan.build.spi.LoadPlanTreePrinter - LoadPlan(entity=com.bookstore.datalayer.entity.BookTag)
    - Returns
       - EntityReturnImpl(entity=com.bookstore.datalayer.entity.BookTag, querySpaceUid=<gen:0>, path=com.bookstore.datalayer.entity.BookTag)
          - EntityAttributeFetchImpl(entity=com.bookstore.datalayer.entity.Book, querySpaceUid=<gen:1>, path=com.bookstore.datalayer.entity.BookTag.book)
          - EntityAttributeFetchImpl(entity=com.bookstore.datalayer.entity.Tag, querySpaceUid=<gen:2>, path=com.bookstore.datalayer.entity.BookTag.tag)
    - QuerySpaces
       - EntityQuerySpaceImpl(uid=<gen:0>, entity=com.bookstore.datalayer.entity.BookTag)
          - SQL table alias mapping - booktag0_
          - alias suffix - 0_
          - suffixed key columns - {book_id1_1_0_, tag_id2_1_0_, user_id3_1_0_}
          - JOIN (JoinDefinedByMetadata(id)) : <gen:0> -> <gen:0>-id
             - CompositeQuerySpaceImpl(uid=<gen:0>-id)
                - SQL table alias mapping - booktag0_

01:56:14.549 [main] DEBUG org.hibernate.loader.entity.plan.EntityLoader - Static select for entity com.bookstore.datalayer.entity.BookTag [PESSIMISTIC_WRITE]: select booktag0_.book_id as book_id1_1_0_, booktag0_.tag_id as tag_id2_1_0_, booktag0_.user_id as user_id3_1_0_ from book_tag booktag0_ where booktag0_.book_id=? and booktag0_.tag_id=? and booktag0_.user_id=? for update
01:56:14.549 [main] DEBUG org.hibernate.loader.plan.build.internal.spaces.QuerySpacesImpl - Adding QuerySpace : uid = <gen:0> -> org.hibernate.loader.plan.build.internal.spaces.EntityQuerySpaceImpl@7fd8c559]
01:56:14.549 [main] DEBUG org.hibernate.loader.plan.build.internal.spaces.QuerySpacesImpl - Adding QuerySpace : uid = <gen:0>-id -> org.hibernate.loader.plan.build.internal.spaces.CompositeQuerySpaceImpl@44c13103]
01:56:14.549 [main] DEBUG org.hibernate.persister.walking.spi.MetamodelGraphWalker - Visiting attribute path : book
01:56:14.549 [main] DEBUG org.hibernate.persister.walking.spi.MetamodelGraphWalker - Visiting attribute path : tag
01:56:14.549 [main] DEBUG org.hibernate.persister.walking.spi.MetamodelGraphWalker - Visiting attribute path : user
01:56:14.549 [main] DEBUG org.hibernate.persister.walking.spi.MetamodelGraphWalker - Visiting attribute path : book
01:56:14.550 [main] DEBUG org.hibernate.loader.plan.build.internal.spaces.QuerySpacesImpl - Adding QuerySpace : uid = <gen:1> -> org.hibernate.loader.plan.build.internal.spaces.EntityQuerySpaceImpl@55a88417]
01:56:14.550 [main] DEBUG org.hibernate.persister.walking.spi.MetamodelGraphWalker - Visiting attribute path : tag
01:56:14.550 [main] DEBUG org.hibernate.loader.plan.build.internal.spaces.QuerySpacesImpl - Adding QuerySpace : uid = <gen:2> -> org.hibernate.loader.plan.build.internal.spaces.EntityQuerySpaceImpl@18acfe88]
01:56:14.550 [main] DEBUG org.hibernate.loader.plan.build.internal.FetchStyleLoadPlanBuildingAssociationVisitationStrategy - Building LoadPlan...
01:56:14.550 [main] DEBUG org.hibernate.loader.plan.exec.internal.LoadQueryJoinAndFetchProcessor - processing queryspace <gen:0>
01:56:14.551 [main] DEBUG org.hibernate.loader.plan.build.spi.LoadPlanTreePrinter - LoadPlan(entity=com.bookstore.datalayer.entity.BookTag)
    - Returns
       - EntityReturnImpl(entity=com.bookstore.datalayer.entity.BookTag, querySpaceUid=<gen:0>, path=com.bookstore.datalayer.entity.BookTag)
          - EntityAttributeFetchImpl(entity=com.bookstore.datalayer.entity.Book, querySpaceUid=<gen:1>, path=com.bookstore.datalayer.entity.BookTag.book)
          - EntityAttributeFetchImpl(entity=com.bookstore.datalayer.entity.Tag, querySpaceUid=<gen:2>, path=com.bookstore.datalayer.entity.BookTag.tag)
    - QuerySpaces
       - EntityQuerySpaceImpl(uid=<gen:0>, entity=com.bookstore.datalayer.entity.BookTag)
          - SQL table alias mapping - booktag0_
          - alias suffix - 0_
          - suffixed key columns - {book_id1_1_0_, tag_id2_1_0_, user_id3_1_0_}
          - JOIN (JoinDefinedByMetadata(id)) : <gen:0> -> <gen:0>-id
             - CompositeQuerySpaceImpl(uid=<gen:0>-id)
                - SQL table alias mapping - booktag0_

01:56:14.551 [main] DEBUG org.hibernate.loader.entity.plan.EntityLoader - Static select for entity com.bookstore.datalayer.entity.BookTag [PESSIMISTIC_FORCE_INCREMENT]: select booktag0_.book_id as book_id1_1_0_, booktag0_.tag_id as tag_id2_1_0_, booktag0_.user_id as user_id3_1_0_ from book_tag booktag0_ where booktag0_.book_id=? and booktag0_.tag_id=? and booktag0_.user_id=? for update
01:56:14.551 [main] DEBUG org.hibernate.loader.plan.build.internal.spaces.QuerySpacesImpl - Adding QuerySpace : uid = <gen:0> -> org.hibernate.loader.plan.build.internal.spaces.EntityQuerySpaceImpl@8a2a6a]
01:56:14.551 [main] DEBUG org.hibernate.loader.plan.build.internal.spaces.QuerySpacesImpl - Adding QuerySpace : uid = <gen:0>-id -> org.hibernate.loader.plan.build.internal.spaces.CompositeQuerySpaceImpl@772861aa]
01:56:14.551 [main] DEBUG org.hibernate.persister.walking.spi.MetamodelGraphWalker - Visiting attribute path : book
01:56:14.551 [main] DEBUG org.hibernate.persister.walking.spi.MetamodelGraphWalker - Visiting attribute path : tag
01:56:14.551 [main] DEBUG org.hibernate.persister.walking.spi.MetamodelGraphWalker - Visiting attribute path : user
01:56:14.551 [main] DEBUG org.hibernate.persister.walking.spi.MetamodelGraphWalker - Visiting attribute path : book
01:56:14.552 [main] DEBUG org.hibernate.loader.plan.build.internal.spaces.QuerySpacesImpl - Adding QuerySpace : uid = <gen:1> -> org.hibernate.loader.plan.build.internal.spaces.EntityQuerySpaceImpl@481e91b6]
01:56:14.552 [main] DEBUG org.hibernate.persister.walking.spi.MetamodelGraphWalker - Visiting attribute path : tag
01:56:14.552 [main] DEBUG org.hibernate.loader.plan.build.internal.spaces.QuerySpacesImpl - Adding QuerySpace : uid = <gen:2> -> org.hibernate.loader.plan.build.internal.spaces.EntityQuerySpaceImpl@7c8f9c2e]
01:56:14.552 [main] DEBUG org.hibernate.loader.plan.build.internal.FetchStyleLoadPlanBuildingAssociationVisitationStrategy - Building LoadPlan...
01:56:14.552 [main] DEBUG org.hibernate.loader.plan.exec.internal.LoadQueryJoinAndFetchProcessor - processing queryspace <gen:0>
01:56:14.553 [main] DEBUG org.hibernate.loader.plan.build.spi.LoadPlanTreePrinter - LoadPlan(entity=com.bookstore.datalayer.entity.BookTag)
    - Returns
       - EntityReturnImpl(entity=com.bookstore.datalayer.entity.BookTag, querySpaceUid=<gen:0>, path=com.bookstore.datalayer.entity.BookTag)
          - EntityAttributeFetchImpl(entity=com.bookstore.datalayer.entity.Book, querySpaceUid=<gen:1>, path=com.bookstore.datalayer.entity.BookTag.book)
          - EntityAttributeFetchImpl(entity=com.bookstore.datalayer.entity.Tag, querySpaceUid=<gen:2>, path=com.bookstore.datalayer.entity.BookTag.tag)
    - QuerySpaces
       - EntityQuerySpaceImpl(uid=<gen:0>, entity=com.bookstore.datalayer.entity.BookTag)
          - SQL table alias mapping - booktag0_
          - alias suffix - 0_
          - suffixed key columns - {book_id1_1_0_, tag_id2_1_0_, user_id3_1_0_}
          - JOIN (JoinDefinedByMetadata(id)) : <gen:0> -> <gen:0>-id
             - CompositeQuerySpaceImpl(uid=<gen:0>-id)
                - SQL table alias mapping - booktag0_

01:56:14.553 [main] DEBUG org.hibernate.loader.entity.plan.EntityLoader - Static select for entity com.bookstore.datalayer.entity.BookTag [OPTIMISTIC]: select booktag0_.book_id as book_id1_1_0_, booktag0_.tag_id as tag_id2_1_0_, booktag0_.user_id as user_id3_1_0_ from book_tag booktag0_ where booktag0_.book_id=? and booktag0_.tag_id=? and booktag0_.user_id=?
01:56:14.553 [main] DEBUG org.hibernate.loader.plan.build.internal.spaces.QuerySpacesImpl - Adding QuerySpace : uid = <gen:0> -> org.hibernate.loader.plan.build.internal.spaces.EntityQuerySpaceImpl@140d1230]
01:56:14.553 [main] DEBUG org.hibernate.loader.plan.build.internal.spaces.QuerySpacesImpl - Adding QuerySpace : uid = <gen:0>-id -> org.hibernate.loader.plan.build.internal.spaces.CompositeQuerySpaceImpl@3cbf1ba4]
01:56:14.553 [main] DEBUG org.hibernate.persister.walking.spi.MetamodelGraphWalker - Visiting attribute path : book
01:56:14.553 [main] DEBUG org.hibernate.persister.walking.spi.MetamodelGraphWalker - Visiting attribute path : tag
01:56:14.553 [main] DEBUG org.hibernate.persister.walking.spi.MetamodelGraphWalker - Visiting attribute path : user
01:56:14.553 [main] DEBUG org.hibernate.persister.walking.spi.MetamodelGraphWalker - Visiting attribute path : book
01:56:14.553 [main] DEBUG org.hibernate.loader.plan.build.internal.spaces.QuerySpacesImpl - Adding QuerySpace : uid = <gen:1> -> org.hibernate.loader.plan.build.internal.spaces.EntityQuerySpaceImpl@7c1e32c9]
01:56:14.553 [main] DEBUG org.hibernate.persister.walking.spi.MetamodelGraphWalker - Visiting attribute path : tag
01:56:14.554 [main] DEBUG org.hibernate.loader.plan.build.internal.spaces.QuerySpacesImpl - Adding QuerySpace : uid = <gen:2> -> org.hibernate.loader.plan.build.internal.spaces.EntityQuerySpaceImpl@383864d5]
01:56:14.554 [main] DEBUG org.hibernate.loader.plan.build.internal.FetchStyleLoadPlanBuildingAssociationVisitationStrategy - Building LoadPlan...
01:56:14.554 [main] DEBUG org.hibernate.loader.plan.exec.internal.LoadQueryJoinAndFetchProcessor - processing queryspace <gen:0>
01:56:14.554 [main] DEBUG org.hibernate.loader.plan.build.spi.LoadPlanTreePrinter - LoadPlan(entity=com.bookstore.datalayer.entity.BookTag)
    - Returns
       - EntityReturnImpl(entity=com.bookstore.datalayer.entity.BookTag, querySpaceUid=<gen:0>, path=com.bookstore.datalayer.entity.BookTag)
          - EntityAttributeFetchImpl(entity=com.bookstore.datalayer.entity.Book, querySpaceUid=<gen:1>, path=com.bookstore.datalayer.entity.BookTag.book)
          - EntityAttributeFetchImpl(entity=com.bookstore.datalayer.entity.Tag, querySpaceUid=<gen:2>, path=com.bookstore.datalayer.entity.BookTag.tag)
    - QuerySpaces
       - EntityQuerySpaceImpl(uid=<gen:0>, entity=com.bookstore.datalayer.entity.BookTag)
          - SQL table alias mapping - booktag0_
          - alias suffix - 0_
          - suffixed key columns - {book_id1_1_0_, tag_id2_1_0_, user_id3_1_0_}
          - JOIN (JoinDefinedByMetadata(id)) : <gen:0> -> <gen:0>-id
             - CompositeQuerySpaceImpl(uid=<gen:0>-id)
                - SQL table alias mapping - booktag0_

01:56:14.555 [main] DEBUG org.hibernate.loader.entity.plan.EntityLoader - Static select for entity com.bookstore.datalayer.entity.BookTag [OPTIMISTIC_FORCE_INCREMENT]: select booktag0_.book_id as book_id1_1_0_, booktag0_.tag_id as tag_id2_1_0_, booktag0_.user_id as user_id3_1_0_ from book_tag booktag0_ where booktag0_.book_id=? and booktag0_.tag_id=? and booktag0_.user_id=?
01:56:14.555 [main] DEBUG org.hibernate.loader.Loader - Static select for action ACTION_MERGE on entity com.bookstore.datalayer.entity.BookTag: select booktag0_.book_id as book_id1_1_0_, booktag0_.tag_id as tag_id2_1_0_, booktag0_.user_id as user_id3_1_0_ from book_tag booktag0_ where booktag0_.book_id=? and booktag0_.tag_id=? and booktag0_.user_id=?
01:56:14.555 [main] DEBUG org.hibernate.loader.Loader - Static select for action ACTION_REFRESH on entity com.bookstore.datalayer.entity.BookTag: select booktag0_.book_id as book_id1_1_0_, booktag0_.tag_id as tag_id2_1_0_, booktag0_.user_id as user_id3_1_0_ from book_tag booktag0_ where booktag0_.book_id=? and booktag0_.tag_id=? and booktag0_.user_id=?
01:56:14.556 [main] DEBUG org.hibernate.persister.entity.AbstractEntityPersister - Static SQL for entity: com.bookstore.datalayer.entity.Role
01:56:14.556 [main] DEBUG org.hibernate.persister.entity.AbstractEntityPersister -  Version select: select role_id from role where role_id =?
01:56:14.556 [main] DEBUG org.hibernate.persister.entity.AbstractEntityPersister -  Snapshot select: select role_.role_id, role_.name as name2_2_ from role role_ where role_.role_id=?
01:56:14.556 [main] DEBUG org.hibernate.persister.entity.AbstractEntityPersister -  Insert 0: insert into role (name, role_id) values (?, ?)
01:56:14.556 [main] DEBUG org.hibernate.persister.entity.AbstractEntityPersister -  Update 0: update role set name=? where role_id=?
01:56:14.556 [main] DEBUG org.hibernate.persister.entity.AbstractEntityPersister -  Delete 0: delete from role where role_id=?
01:56:14.556 [main] DEBUG org.hibernate.loader.plan.build.internal.spaces.QuerySpacesImpl - Adding QuerySpace : uid = <gen:0> -> org.hibernate.loader.plan.build.internal.spaces.EntityQuerySpaceImpl@3dd818e8]
01:56:14.556 [main] DEBUG org.hibernate.persister.walking.spi.MetamodelGraphWalker - Visiting attribute path : name
01:56:14.556 [main] DEBUG org.hibernate.loader.plan.build.internal.FetchStyleLoadPlanBuildingAssociationVisitationStrategy - Building LoadPlan...
01:56:14.556 [main] DEBUG org.hibernate.loader.plan.exec.internal.LoadQueryJoinAndFetchProcessor - processing queryspace <gen:0>
01:56:14.557 [main] DEBUG org.hibernate.loader.plan.build.spi.LoadPlanTreePrinter - LoadPlan(entity=com.bookstore.datalayer.entity.Role)
    - Returns
       - EntityReturnImpl(entity=com.bookstore.datalayer.entity.Role, querySpaceUid=<gen:0>, path=com.bookstore.datalayer.entity.Role)
    - QuerySpaces
       - EntityQuerySpaceImpl(uid=<gen:0>, entity=com.bookstore.datalayer.entity.Role)
          - SQL table alias mapping - role0_
          - alias suffix - 0_
          - suffixed key columns - {role_id1_2_0_}

01:56:14.557 [main] DEBUG org.hibernate.loader.entity.plan.EntityLoader - Static select for entity com.bookstore.datalayer.entity.Role [NONE]: select role0_.role_id as role_id1_2_0_, role0_.name as name2_2_0_ from role role0_ where role0_.role_id=?
01:56:14.557 [main] DEBUG org.hibernate.loader.plan.build.internal.spaces.QuerySpacesImpl - Adding QuerySpace : uid = <gen:0> -> org.hibernate.loader.plan.build.internal.spaces.EntityQuerySpaceImpl@41b1f51e]
01:56:14.557 [main] DEBUG org.hibernate.persister.walking.spi.MetamodelGraphWalker - Visiting attribute path : name
01:56:14.557 [main] DEBUG org.hibernate.loader.plan.build.internal.FetchStyleLoadPlanBuildingAssociationVisitationStrategy - Building LoadPlan...
01:56:14.561 [main] DEBUG org.hibernate.loader.plan.exec.internal.LoadQueryJoinAndFetchProcessor - processing queryspace <gen:0>
01:56:14.562 [main] DEBUG org.hibernate.loader.plan.build.spi.LoadPlanTreePrinter - LoadPlan(entity=com.bookstore.datalayer.entity.Role)
    - Returns
       - EntityReturnImpl(entity=com.bookstore.datalayer.entity.Role, querySpaceUid=<gen:0>, path=com.bookstore.datalayer.entity.Role)
    - QuerySpaces
       - EntityQuerySpaceImpl(uid=<gen:0>, entity=com.bookstore.datalayer.entity.Role)
          - SQL table alias mapping - role0_
          - alias suffix - 0_
          - suffixed key columns - {role_id1_2_0_}

01:56:14.562 [main] DEBUG org.hibernate.loader.entity.plan.EntityLoader - Static select for entity com.bookstore.datalayer.entity.Role [READ]: select role0_.role_id as role_id1_2_0_, role0_.name as name2_2_0_ from role role0_ where role0_.role_id=?
01:56:14.562 [main] DEBUG org.hibernate.loader.plan.build.internal.spaces.QuerySpacesImpl - Adding QuerySpace : uid = <gen:0> -> org.hibernate.loader.plan.build.internal.spaces.EntityQuerySpaceImpl@47b67fcb]
01:56:14.562 [main] DEBUG org.hibernate.persister.walking.spi.MetamodelGraphWalker - Visiting attribute path : name
01:56:14.562 [main] DEBUG org.hibernate.loader.plan.build.internal.FetchStyleLoadPlanBuildingAssociationVisitationStrategy - Building LoadPlan...
01:56:14.563 [main] DEBUG org.hibernate.loader.plan.exec.internal.LoadQueryJoinAndFetchProcessor - processing queryspace <gen:0>
01:56:14.563 [main] DEBUG org.hibernate.loader.plan.build.spi.LoadPlanTreePrinter - LoadPlan(entity=com.bookstore.datalayer.entity.Role)
    - Returns
       - EntityReturnImpl(entity=com.bookstore.datalayer.entity.Role, querySpaceUid=<gen:0>, path=com.bookstore.datalayer.entity.Role)
    - QuerySpaces
       - EntityQuerySpaceImpl(uid=<gen:0>, entity=com.bookstore.datalayer.entity.Role)
          - SQL table alias mapping - role0_
          - alias suffix - 0_
          - suffixed key columns - {role_id1_2_0_}

01:56:14.563 [main] DEBUG org.hibernate.loader.entity.plan.EntityLoader - Static select for entity com.bookstore.datalayer.entity.Role [UPGRADE]: select role0_.role_id as role_id1_2_0_, role0_.name as name2_2_0_ from role role0_ where role0_.role_id=? for update
01:56:14.563 [main] DEBUG org.hibernate.loader.plan.build.internal.spaces.QuerySpacesImpl - Adding QuerySpace : uid = <gen:0> -> org.hibernate.loader.plan.build.internal.spaces.EntityQuerySpaceImpl@65c86db8]
01:56:14.564 [main] DEBUG org.hibernate.persister.walking.spi.MetamodelGraphWalker - Visiting attribute path : name
01:56:14.564 [main] DEBUG org.hibernate.loader.plan.build.internal.FetchStyleLoadPlanBuildingAssociationVisitationStrategy - Building LoadPlan...
01:56:14.564 [main] DEBUG org.hibernate.loader.plan.exec.internal.LoadQueryJoinAndFetchProcessor - processing queryspace <gen:0>
01:56:14.564 [main] DEBUG org.hibernate.loader.plan.build.spi.LoadPlanTreePrinter - LoadPlan(entity=com.bookstore.datalayer.entity.Role)
    - Returns
       - EntityReturnImpl(entity=com.bookstore.datalayer.entity.Role, querySpaceUid=<gen:0>, path=com.bookstore.datalayer.entity.Role)
    - QuerySpaces
       - EntityQuerySpaceImpl(uid=<gen:0>, entity=com.bookstore.datalayer.entity.Role)
          - SQL table alias mapping - role0_
          - alias suffix - 0_
          - suffixed key columns - {role_id1_2_0_}

01:56:14.564 [main] DEBUG org.hibernate.loader.entity.plan.EntityLoader - Static select for entity com.bookstore.datalayer.entity.Role [UPGRADE_NOWAIT]: select role0_.role_id as role_id1_2_0_, role0_.name as name2_2_0_ from role role0_ where role0_.role_id=? for update
01:56:14.564 [main] DEBUG org.hibernate.loader.plan.build.internal.spaces.QuerySpacesImpl - Adding QuerySpace : uid = <gen:0> -> org.hibernate.loader.plan.build.internal.spaces.EntityQuerySpaceImpl@ac20bb4]
01:56:14.565 [main] DEBUG org.hibernate.persister.walking.spi.MetamodelGraphWalker - Visiting attribute path : name
01:56:14.565 [main] DEBUG org.hibernate.loader.plan.build.internal.FetchStyleLoadPlanBuildingAssociationVisitationStrategy - Building LoadPlan...
01:56:14.565 [main] DEBUG org.hibernate.loader.plan.exec.internal.LoadQueryJoinAndFetchProcessor - processing queryspace <gen:0>
01:56:14.565 [main] DEBUG org.hibernate.loader.plan.build.spi.LoadPlanTreePrinter - LoadPlan(entity=com.bookstore.datalayer.entity.Role)
    - Returns
       - EntityReturnImpl(entity=com.bookstore.datalayer.entity.Role, querySpaceUid=<gen:0>, path=com.bookstore.datalayer.entity.Role)
    - QuerySpaces
       - EntityQuerySpaceImpl(uid=<gen:0>, entity=com.bookstore.datalayer.entity.Role)
          - SQL table alias mapping - role0_
          - alias suffix - 0_
          - suffixed key columns - {role_id1_2_0_}

01:56:14.565 [main] DEBUG org.hibernate.loader.entity.plan.EntityLoader - Static select for entity com.bookstore.datalayer.entity.Role [UPGRADE_SKIPLOCKED]: select role0_.role_id as role_id1_2_0_, role0_.name as name2_2_0_ from role role0_ where role0_.role_id=? for update
01:56:14.566 [main] DEBUG org.hibernate.loader.plan.build.internal.spaces.QuerySpacesImpl - Adding QuerySpace : uid = <gen:0> -> org.hibernate.loader.plan.build.internal.spaces.EntityQuerySpaceImpl@7ca8d498]
01:56:14.566 [main] DEBUG org.hibernate.persister.walking.spi.MetamodelGraphWalker - Visiting attribute path : name
01:56:14.566 [main] DEBUG org.hibernate.loader.plan.build.internal.FetchStyleLoadPlanBuildingAssociationVisitationStrategy - Building LoadPlan...
01:56:14.566 [main] DEBUG org.hibernate.loader.plan.exec.internal.LoadQueryJoinAndFetchProcessor - processing queryspace <gen:0>
01:56:14.567 [main] DEBUG org.hibernate.loader.plan.build.spi.LoadPlanTreePrinter - LoadPlan(entity=com.bookstore.datalayer.entity.Role)
    - Returns
       - EntityReturnImpl(entity=com.bookstore.datalayer.entity.Role, querySpaceUid=<gen:0>, path=com.bookstore.datalayer.entity.Role)
    - QuerySpaces
       - EntityQuerySpaceImpl(uid=<gen:0>, entity=com.bookstore.datalayer.entity.Role)
          - SQL table alias mapping - role0_
          - alias suffix - 0_
          - suffixed key columns - {role_id1_2_0_}

01:56:14.567 [main] DEBUG org.hibernate.loader.entity.plan.EntityLoader - Static select for entity com.bookstore.datalayer.entity.Role [FORCE]: select role0_.role_id as role_id1_2_0_, role0_.name as name2_2_0_ from role role0_ where role0_.role_id=? for update
01:56:14.567 [main] DEBUG org.hibernate.loader.plan.build.internal.spaces.QuerySpacesImpl - Adding QuerySpace : uid = <gen:0> -> org.hibernate.loader.plan.build.internal.spaces.EntityQuerySpaceImpl@6b8280e6]
01:56:14.567 [main] DEBUG org.hibernate.persister.walking.spi.MetamodelGraphWalker - Visiting attribute path : name
01:56:14.568 [main] DEBUG org.hibernate.loader.plan.build.internal.FetchStyleLoadPlanBuildingAssociationVisitationStrategy - Building LoadPlan...
01:56:14.569 [main] DEBUG org.hibernate.loader.plan.exec.internal.LoadQueryJoinAndFetchProcessor - processing queryspace <gen:0>
01:56:14.569 [main] DEBUG org.hibernate.loader.plan.build.spi.LoadPlanTreePrinter - LoadPlan(entity=com.bookstore.datalayer.entity.Role)
    - Returns
       - EntityReturnImpl(entity=com.bookstore.datalayer.entity.Role, querySpaceUid=<gen:0>, path=com.bookstore.datalayer.entity.Role)
    - QuerySpaces
       - EntityQuerySpaceImpl(uid=<gen:0>, entity=com.bookstore.datalayer.entity.Role)
          - SQL table alias mapping - role0_
          - alias suffix - 0_
          - suffixed key columns - {role_id1_2_0_}

01:56:14.569 [main] DEBUG org.hibernate.loader.entity.plan.EntityLoader - Static select for entity com.bookstore.datalayer.entity.Role [PESSIMISTIC_READ]: select role0_.role_id as role_id1_2_0_, role0_.name as name2_2_0_ from role role0_ where role0_.role_id=? lock in share mode
01:56:14.569 [main] DEBUG org.hibernate.loader.plan.build.internal.spaces.QuerySpacesImpl - Adding QuerySpace : uid = <gen:0> -> org.hibernate.loader.plan.build.internal.spaces.EntityQuerySpaceImpl@55259aa7]
01:56:14.569 [main] DEBUG org.hibernate.persister.walking.spi.MetamodelGraphWalker - Visiting attribute path : name
01:56:14.570 [main] DEBUG org.hibernate.loader.plan.build.internal.FetchStyleLoadPlanBuildingAssociationVisitationStrategy - Building LoadPlan...
01:56:14.570 [main] DEBUG org.hibernate.loader.plan.exec.internal.LoadQueryJoinAndFetchProcessor - processing queryspace <gen:0>
01:56:14.570 [main] DEBUG org.hibernate.loader.plan.build.spi.LoadPlanTreePrinter - LoadPlan(entity=com.bookstore.datalayer.entity.Role)
    - Returns
       - EntityReturnImpl(entity=com.bookstore.datalayer.entity.Role, querySpaceUid=<gen:0>, path=com.bookstore.datalayer.entity.Role)
    - QuerySpaces
       - EntityQuerySpaceImpl(uid=<gen:0>, entity=com.bookstore.datalayer.entity.Role)
          - SQL table alias mapping - role0_
          - alias suffix - 0_
          - suffixed key columns - {role_id1_2_0_}

01:56:14.570 [main] DEBUG org.hibernate.loader.entity.plan.EntityLoader - Static select for entity com.bookstore.datalayer.entity.Role [PESSIMISTIC_WRITE]: select role0_.role_id as role_id1_2_0_, role0_.name as name2_2_0_ from role role0_ where role0_.role_id=? for update
01:56:14.570 [main] DEBUG org.hibernate.loader.plan.build.internal.spaces.QuerySpacesImpl - Adding QuerySpace : uid = <gen:0> -> org.hibernate.loader.plan.build.internal.spaces.EntityQuerySpaceImpl@66420549]
01:56:14.570 [main] DEBUG org.hibernate.persister.walking.spi.MetamodelGraphWalker - Visiting attribute path : name
01:56:14.571 [main] DEBUG org.hibernate.loader.plan.build.internal.FetchStyleLoadPlanBuildingAssociationVisitationStrategy - Building LoadPlan...
01:56:14.571 [main] DEBUG org.hibernate.loader.plan.exec.internal.LoadQueryJoinAndFetchProcessor - processing queryspace <gen:0>
01:56:14.571 [main] DEBUG org.hibernate.loader.plan.build.spi.LoadPlanTreePrinter - LoadPlan(entity=com.bookstore.datalayer.entity.Role)
    - Returns
       - EntityReturnImpl(entity=com.bookstore.datalayer.entity.Role, querySpaceUid=<gen:0>, path=com.bookstore.datalayer.entity.Role)
    - QuerySpaces
       - EntityQuerySpaceImpl(uid=<gen:0>, entity=com.bookstore.datalayer.entity.Role)
          - SQL table alias mapping - role0_
          - alias suffix - 0_
          - suffixed key columns - {role_id1_2_0_}

01:56:14.571 [main] DEBUG org.hibernate.loader.entity.plan.EntityLoader - Static select for entity com.bookstore.datalayer.entity.Role [PESSIMISTIC_FORCE_INCREMENT]: select role0_.role_id as role_id1_2_0_, role0_.name as name2_2_0_ from role role0_ where role0_.role_id=? for update
01:56:14.571 [main] DEBUG org.hibernate.loader.plan.build.internal.spaces.QuerySpacesImpl - Adding QuerySpace : uid = <gen:0> -> org.hibernate.loader.plan.build.internal.spaces.EntityQuerySpaceImpl@6cd56321]
01:56:14.572 [main] DEBUG org.hibernate.persister.walking.spi.MetamodelGraphWalker - Visiting attribute path : name
01:56:14.572 [main] DEBUG org.hibernate.loader.plan.build.internal.FetchStyleLoadPlanBuildingAssociationVisitationStrategy - Building LoadPlan...
01:56:14.572 [main] DEBUG org.hibernate.loader.plan.exec.internal.LoadQueryJoinAndFetchProcessor - processing queryspace <gen:0>
01:56:14.572 [main] DEBUG org.hibernate.loader.plan.build.spi.LoadPlanTreePrinter - LoadPlan(entity=com.bookstore.datalayer.entity.Role)
    - Returns
       - EntityReturnImpl(entity=com.bookstore.datalayer.entity.Role, querySpaceUid=<gen:0>, path=com.bookstore.datalayer.entity.Role)
    - QuerySpaces
       - EntityQuerySpaceImpl(uid=<gen:0>, entity=com.bookstore.datalayer.entity.Role)
          - SQL table alias mapping - role0_
          - alias suffix - 0_
          - suffixed key columns - {role_id1_2_0_}

01:56:14.572 [main] DEBUG org.hibernate.loader.entity.plan.EntityLoader - Static select for entity com.bookstore.datalayer.entity.Role [OPTIMISTIC]: select role0_.role_id as role_id1_2_0_, role0_.name as name2_2_0_ from role role0_ where role0_.role_id=?
01:56:14.572 [main] DEBUG org.hibernate.loader.plan.build.internal.spaces.QuerySpacesImpl - Adding QuerySpace : uid = <gen:0> -> org.hibernate.loader.plan.build.internal.spaces.EntityQuerySpaceImpl@42b28ff1]
01:56:14.573 [main] DEBUG org.hibernate.persister.walking.spi.MetamodelGraphWalker - Visiting attribute path : name
01:56:14.573 [main] DEBUG org.hibernate.loader.plan.build.internal.FetchStyleLoadPlanBuildingAssociationVisitationStrategy - Building LoadPlan...
01:56:14.573 [main] DEBUG org.hibernate.loader.plan.exec.internal.LoadQueryJoinAndFetchProcessor - processing queryspace <gen:0>
01:56:14.573 [main] DEBUG org.hibernate.loader.plan.build.spi.LoadPlanTreePrinter - LoadPlan(entity=com.bookstore.datalayer.entity.Role)
    - Returns
       - EntityReturnImpl(entity=com.bookstore.datalayer.entity.Role, querySpaceUid=<gen:0>, path=com.bookstore.datalayer.entity.Role)
    - QuerySpaces
       - EntityQuerySpaceImpl(uid=<gen:0>, entity=com.bookstore.datalayer.entity.Role)
          - SQL table alias mapping - role0_
          - alias suffix - 0_
          - suffixed key columns - {role_id1_2_0_}

01:56:14.573 [main] DEBUG org.hibernate.loader.entity.plan.EntityLoader - Static select for entity com.bookstore.datalayer.entity.Role [OPTIMISTIC_FORCE_INCREMENT]: select role0_.role_id as role_id1_2_0_, role0_.name as name2_2_0_ from role role0_ where role0_.role_id=?
01:56:14.574 [main] DEBUG org.hibernate.loader.Loader - Static select for action ACTION_MERGE on entity com.bookstore.datalayer.entity.Role: select role0_.role_id as role_id1_2_0_, role0_.name as name2_2_0_ from role role0_ where role0_.role_id=?
01:56:14.574 [main] DEBUG org.hibernate.loader.Loader - Static select for action ACTION_REFRESH on entity com.bookstore.datalayer.entity.Role: select role0_.role_id as role_id1_2_0_, role0_.name as name2_2_0_ from role role0_ where role0_.role_id=?
01:56:14.574 [main] DEBUG org.hibernate.persister.entity.AbstractEntityPersister - Static SQL for entity: com.bookstore.datalayer.entity.Book
01:56:14.574 [main] DEBUG org.hibernate.persister.entity.AbstractEntityPersister -  Version select: select book_id from book where book_id =?
01:56:14.574 [main] DEBUG org.hibernate.persister.entity.AbstractEntityPersister -  Snapshot select: select book_.book_id, book_.author as author2_0_, book_.description as descript3_0_, book_.name as name4_0_, book_.published_date as publishe5_0_, book_.publisher as publishe6_0_ from book book_ where book_.book_id=?
01:56:14.574 [main] DEBUG org.hibernate.persister.entity.AbstractEntityPersister -  Insert 0: insert into book (author, description, name, published_date, publisher, book_id) values (?, ?, ?, ?, ?, ?)
01:56:14.574 [main] DEBUG org.hibernate.persister.entity.AbstractEntityPersister -  Update 0: update book set author=?, description=?, name=?, published_date=?, publisher=? where book_id=?
01:56:14.574 [main] DEBUG org.hibernate.persister.entity.AbstractEntityPersister -  Delete 0: delete from book where book_id=?
01:56:14.575 [main] DEBUG org.hibernate.loader.plan.build.internal.spaces.QuerySpacesImpl - Adding QuerySpace : uid = <gen:0> -> org.hibernate.loader.plan.build.internal.spaces.EntityQuerySpaceImpl@718dbd79]
01:56:14.575 [main] DEBUG org.hibernate.persister.walking.spi.MetamodelGraphWalker - Visiting attribute path : author
01:56:14.575 [main] DEBUG org.hibernate.persister.walking.spi.MetamodelGraphWalker - Visiting attribute path : description
01:56:14.575 [main] DEBUG org.hibernate.persister.walking.spi.MetamodelGraphWalker - Visiting attribute path : name
01:56:14.575 [main] DEBUG org.hibernate.persister.walking.spi.MetamodelGraphWalker - Visiting attribute path : publishedDate
01:56:14.575 [main] DEBUG org.hibernate.persister.walking.spi.MetamodelGraphWalker - Visiting attribute path : publisher
01:56:14.575 [main] DEBUG org.hibernate.loader.plan.build.internal.FetchStyleLoadPlanBuildingAssociationVisitationStrategy - Building LoadPlan...
01:56:14.575 [main] DEBUG org.hibernate.loader.plan.exec.internal.LoadQueryJoinAndFetchProcessor - processing queryspace <gen:0>
01:56:14.575 [main] DEBUG org.hibernate.loader.plan.build.spi.LoadPlanTreePrinter - LoadPlan(entity=com.bookstore.datalayer.entity.Book)
    - Returns
       - EntityReturnImpl(entity=com.bookstore.datalayer.entity.Book, querySpaceUid=<gen:0>, path=com.bookstore.datalayer.entity.Book)
    - QuerySpaces
       - EntityQuerySpaceImpl(uid=<gen:0>, entity=com.bookstore.datalayer.entity.Book)
          - SQL table alias mapping - book0_
          - alias suffix - 0_
          - suffixed key columns - {book_id1_0_0_}

01:56:14.576 [main] DEBUG org.hibernate.loader.entity.plan.EntityLoader - Static select for entity com.bookstore.datalayer.entity.Book [NONE]: select book0_.book_id as book_id1_0_0_, book0_.author as author2_0_0_, book0_.description as descript3_0_0_, book0_.name as name4_0_0_, book0_.published_date as publishe5_0_0_, book0_.publisher as publishe6_0_0_ from book book0_ where book0_.book_id=?
01:56:14.576 [main] DEBUG org.hibernate.loader.plan.build.internal.spaces.QuerySpacesImpl - Adding QuerySpace : uid = <gen:0> -> org.hibernate.loader.plan.build.internal.spaces.EntityQuerySpaceImpl@76889e60]
01:56:14.576 [main] DEBUG org.hibernate.persister.walking.spi.MetamodelGraphWalker - Visiting attribute path : author
01:56:14.576 [main] DEBUG org.hibernate.persister.walking.spi.MetamodelGraphWalker - Visiting attribute path : description
01:56:14.576 [main] DEBUG org.hibernate.persister.walking.spi.MetamodelGraphWalker - Visiting attribute path : name
01:56:14.576 [main] DEBUG org.hibernate.persister.walking.spi.MetamodelGraphWalker - Visiting attribute path : publishedDate
01:56:14.576 [main] DEBUG org.hibernate.persister.walking.spi.MetamodelGraphWalker - Visiting attribute path : publisher
01:56:14.576 [main] DEBUG org.hibernate.loader.plan.build.internal.FetchStyleLoadPlanBuildingAssociationVisitationStrategy - Building LoadPlan...
01:56:14.577 [main] DEBUG org.hibernate.loader.plan.exec.internal.LoadQueryJoinAndFetchProcessor - processing queryspace <gen:0>
01:56:14.577 [main] DEBUG org.hibernate.loader.plan.build.spi.LoadPlanTreePrinter - LoadPlan(entity=com.bookstore.datalayer.entity.Book)
    - Returns
       - EntityReturnImpl(entity=com.bookstore.datalayer.entity.Book, querySpaceUid=<gen:0>, path=com.bookstore.datalayer.entity.Book)
    - QuerySpaces
       - EntityQuerySpaceImpl(uid=<gen:0>, entity=com.bookstore.datalayer.entity.Book)
          - SQL table alias mapping - book0_
          - alias suffix - 0_
          - suffixed key columns - {book_id1_0_0_}

01:56:14.577 [main] DEBUG org.hibernate.loader.entity.plan.EntityLoader - Static select for entity com.bookstore.datalayer.entity.Book [READ]: select book0_.book_id as book_id1_0_0_, book0_.author as author2_0_0_, book0_.description as descript3_0_0_, book0_.name as name4_0_0_, book0_.published_date as publishe5_0_0_, book0_.publisher as publishe6_0_0_ from book book0_ where book0_.book_id=?
01:56:14.577 [main] DEBUG org.hibernate.loader.plan.build.internal.spaces.QuerySpacesImpl - Adding QuerySpace : uid = <gen:0> -> org.hibernate.loader.plan.build.internal.spaces.EntityQuerySpaceImpl@6c15e8c7]
01:56:14.577 [main] DEBUG org.hibernate.persister.walking.spi.MetamodelGraphWalker - Visiting attribute path : author
01:56:14.577 [main] DEBUG org.hibernate.persister.walking.spi.MetamodelGraphWalker - Visiting attribute path : description
01:56:14.577 [main] DEBUG org.hibernate.persister.walking.spi.MetamodelGraphWalker - Visiting attribute path : name
01:56:14.578 [main] DEBUG org.hibernate.persister.walking.spi.MetamodelGraphWalker - Visiting attribute path : publishedDate
01:56:14.578 [main] DEBUG org.hibernate.persister.walking.spi.MetamodelGraphWalker - Visiting attribute path : publisher
01:56:14.578 [main] DEBUG org.hibernate.loader.plan.build.internal.FetchStyleLoadPlanBuildingAssociationVisitationStrategy - Building LoadPlan...
01:56:14.578 [main] DEBUG org.hibernate.loader.plan.exec.internal.LoadQueryJoinAndFetchProcessor - processing queryspace <gen:0>
01:56:14.578 [main] DEBUG org.hibernate.loader.plan.build.spi.LoadPlanTreePrinter - LoadPlan(entity=com.bookstore.datalayer.entity.Book)
    - Returns
       - EntityReturnImpl(entity=com.bookstore.datalayer.entity.Book, querySpaceUid=<gen:0>, path=com.bookstore.datalayer.entity.Book)
    - QuerySpaces
       - EntityQuerySpaceImpl(uid=<gen:0>, entity=com.bookstore.datalayer.entity.Book)
          - SQL table alias mapping - book0_
          - alias suffix - 0_
          - suffixed key columns - {book_id1_0_0_}

01:56:14.578 [main] DEBUG org.hibernate.loader.entity.plan.EntityLoader - Static select for entity com.bookstore.datalayer.entity.Book [UPGRADE]: select book0_.book_id as book_id1_0_0_, book0_.author as author2_0_0_, book0_.description as descript3_0_0_, book0_.name as name4_0_0_, book0_.published_date as publishe5_0_0_, book0_.publisher as publishe6_0_0_ from book book0_ where book0_.book_id=? for update
01:56:14.578 [main] DEBUG org.hibernate.loader.plan.build.internal.spaces.QuerySpacesImpl - Adding QuerySpace : uid = <gen:0> -> org.hibernate.loader.plan.build.internal.spaces.EntityQuerySpaceImpl@64f1fd08]
01:56:14.579 [main] DEBUG org.hibernate.persister.walking.spi.MetamodelGraphWalker - Visiting attribute path : author
01:56:14.579 [main] DEBUG org.hibernate.persister.walking.spi.MetamodelGraphWalker - Visiting attribute path : description
01:56:14.579 [main] DEBUG org.hibernate.persister.walking.spi.MetamodelGraphWalker - Visiting attribute path : name
01:56:14.579 [main] DEBUG org.hibernate.persister.walking.spi.MetamodelGraphWalker - Visiting attribute path : publishedDate
01:56:14.579 [main] DEBUG org.hibernate.persister.walking.spi.MetamodelGraphWalker - Visiting attribute path : publisher
01:56:14.579 [main] DEBUG org.hibernate.loader.plan.build.internal.FetchStyleLoadPlanBuildingAssociationVisitationStrategy - Building LoadPlan...
01:56:14.579 [main] DEBUG org.hibernate.loader.plan.exec.internal.LoadQueryJoinAndFetchProcessor - processing queryspace <gen:0>
01:56:14.579 [main] DEBUG org.hibernate.loader.plan.build.spi.LoadPlanTreePrinter - LoadPlan(entity=com.bookstore.datalayer.entity.Book)
    - Returns
       - EntityReturnImpl(entity=com.bookstore.datalayer.entity.Book, querySpaceUid=<gen:0>, path=com.bookstore.datalayer.entity.Book)
    - QuerySpaces
       - EntityQuerySpaceImpl(uid=<gen:0>, entity=com.bookstore.datalayer.entity.Book)
          - SQL table alias mapping - book0_
          - alias suffix - 0_
          - suffixed key columns - {book_id1_0_0_}

01:56:14.579 [main] DEBUG org.hibernate.loader.entity.plan.EntityLoader - Static select for entity com.bookstore.datalayer.entity.Book [UPGRADE_NOWAIT]: select book0_.book_id as book_id1_0_0_, book0_.author as author2_0_0_, book0_.description as descript3_0_0_, book0_.name as name4_0_0_, book0_.published_date as publishe5_0_0_, book0_.publisher as publishe6_0_0_ from book book0_ where book0_.book_id=? for update
01:56:14.580 [main] DEBUG org.hibernate.loader.plan.build.internal.spaces.QuerySpacesImpl - Adding QuerySpace : uid = <gen:0> -> org.hibernate.loader.plan.build.internal.spaces.EntityQuerySpaceImpl@282ffbf5]
01:56:14.580 [main] DEBUG org.hibernate.persister.walking.spi.MetamodelGraphWalker - Visiting attribute path : author
01:56:14.580 [main] DEBUG org.hibernate.persister.walking.spi.MetamodelGraphWalker - Visiting attribute path : description
01:56:14.580 [main] DEBUG org.hibernate.persister.walking.spi.MetamodelGraphWalker - Visiting attribute path : name
01:56:14.580 [main] DEBUG org.hibernate.persister.walking.spi.MetamodelGraphWalker - Visiting attribute path : publishedDate
01:56:14.580 [main] DEBUG org.hibernate.persister.walking.spi.MetamodelGraphWalker - Visiting attribute path : publisher
01:56:14.580 [main] DEBUG org.hibernate.loader.plan.build.internal.FetchStyleLoadPlanBuildingAssociationVisitationStrategy - Building LoadPlan...
01:56:14.580 [main] DEBUG org.hibernate.loader.plan.exec.internal.LoadQueryJoinAndFetchProcessor - processing queryspace <gen:0>
01:56:14.580 [main] DEBUG org.hibernate.loader.plan.build.spi.LoadPlanTreePrinter - LoadPlan(entity=com.bookstore.datalayer.entity.Book)
    - Returns
       - EntityReturnImpl(entity=com.bookstore.datalayer.entity.Book, querySpaceUid=<gen:0>, path=com.bookstore.datalayer.entity.Book)
    - QuerySpaces
       - EntityQuerySpaceImpl(uid=<gen:0>, entity=com.bookstore.datalayer.entity.Book)
          - SQL table alias mapping - book0_
          - alias suffix - 0_
          - suffixed key columns - {book_id1_0_0_}

01:56:14.581 [main] DEBUG org.hibernate.loader.entity.plan.EntityLoader - Static select for entity com.bookstore.datalayer.entity.Book [UPGRADE_SKIPLOCKED]: select book0_.book_id as book_id1_0_0_, book0_.author as author2_0_0_, book0_.description as descript3_0_0_, book0_.name as name4_0_0_, book0_.published_date as publishe5_0_0_, book0_.publisher as publishe6_0_0_ from book book0_ where book0_.book_id=? for update
01:56:14.581 [main] DEBUG org.hibernate.loader.plan.build.internal.spaces.QuerySpacesImpl - Adding QuerySpace : uid = <gen:0> -> org.hibernate.loader.plan.build.internal.spaces.EntityQuerySpaceImpl@55e2fe3c]
01:56:14.581 [main] DEBUG org.hibernate.persister.walking.spi.MetamodelGraphWalker - Visiting attribute path : author
01:56:14.581 [main] DEBUG org.hibernate.persister.walking.spi.MetamodelGraphWalker - Visiting attribute path : description
01:56:14.581 [main] DEBUG org.hibernate.persister.walking.spi.MetamodelGraphWalker - Visiting attribute path : name
01:56:14.581 [main] DEBUG org.hibernate.persister.walking.spi.MetamodelGraphWalker - Visiting attribute path : publishedDate
01:56:14.581 [main] DEBUG org.hibernate.persister.walking.spi.MetamodelGraphWalker - Visiting attribute path : publisher
01:56:14.581 [main] DEBUG org.hibernate.loader.plan.build.internal.FetchStyleLoadPlanBuildingAssociationVisitationStrategy - Building LoadPlan...
01:56:14.581 [main] DEBUG org.hibernate.loader.plan.exec.internal.LoadQueryJoinAndFetchProcessor - processing queryspace <gen:0>
01:56:14.582 [main] DEBUG org.hibernate.loader.plan.build.spi.LoadPlanTreePrinter - LoadPlan(entity=com.bookstore.datalayer.entity.Book)
    - Returns
       - EntityReturnImpl(entity=com.bookstore.datalayer.entity.Book, querySpaceUid=<gen:0>, path=com.bookstore.datalayer.entity.Book)
    - QuerySpaces
       - EntityQuerySpaceImpl(uid=<gen:0>, entity=com.bookstore.datalayer.entity.Book)
          - SQL table alias mapping - book0_
          - alias suffix - 0_
          - suffixed key columns - {book_id1_0_0_}

01:56:14.582 [main] DEBUG org.hibernate.loader.entity.plan.EntityLoader - Static select for entity com.bookstore.datalayer.entity.Book [FORCE]: select book0_.book_id as book_id1_0_0_, book0_.author as author2_0_0_, book0_.description as descript3_0_0_, book0_.name as name4_0_0_, book0_.published_date as publishe5_0_0_, book0_.publisher as publishe6_0_0_ from book book0_ where book0_.book_id=? for update
01:56:14.582 [main] DEBUG org.hibernate.loader.plan.build.internal.spaces.QuerySpacesImpl - Adding QuerySpace : uid = <gen:0> -> org.hibernate.loader.plan.build.internal.spaces.EntityQuerySpaceImpl@12c60152]
01:56:14.582 [main] DEBUG org.hibernate.persister.walking.spi.MetamodelGraphWalker - Visiting attribute path : author
01:56:14.582 [main] DEBUG org.hibernate.persister.walking.spi.MetamodelGraphWalker - Visiting attribute path : description
01:56:14.582 [main] DEBUG org.hibernate.persister.walking.spi.MetamodelGraphWalker - Visiting attribute path : name
01:56:14.582 [main] DEBUG org.hibernate.persister.walking.spi.MetamodelGraphWalker - Visiting attribute path : publishedDate
01:56:14.582 [main] DEBUG org.hibernate.persister.walking.spi.MetamodelGraphWalker - Visiting attribute path : publisher
01:56:14.582 [main] DEBUG org.hibernate.loader.plan.build.internal.FetchStyleLoadPlanBuildingAssociationVisitationStrategy - Building LoadPlan...
01:56:14.582 [main] DEBUG org.hibernate.loader.plan.exec.internal.LoadQueryJoinAndFetchProcessor - processing queryspace <gen:0>
01:56:14.583 [main] DEBUG org.hibernate.loader.plan.build.spi.LoadPlanTreePrinter - LoadPlan(entity=com.bookstore.datalayer.entity.Book)
    - Returns
       - EntityReturnImpl(entity=com.bookstore.datalayer.entity.Book, querySpaceUid=<gen:0>, path=com.bookstore.datalayer.entity.Book)
    - QuerySpaces
       - EntityQuerySpaceImpl(uid=<gen:0>, entity=com.bookstore.datalayer.entity.Book)
          - SQL table alias mapping - book0_
          - alias suffix - 0_
          - suffixed key columns - {book_id1_0_0_}

01:56:14.583 [main] DEBUG org.hibernate.loader.entity.plan.EntityLoader - Static select for entity com.bookstore.datalayer.entity.Book [PESSIMISTIC_READ]: select book0_.book_id as book_id1_0_0_, book0_.author as author2_0_0_, book0_.description as descript3_0_0_, book0_.name as name4_0_0_, book0_.published_date as publishe5_0_0_, book0_.publisher as publishe6_0_0_ from book book0_ where book0_.book_id=? lock in share mode
01:56:14.583 [main] DEBUG org.hibernate.loader.plan.build.internal.spaces.QuerySpacesImpl - Adding QuerySpace : uid = <gen:0> -> org.hibernate.loader.plan.build.internal.spaces.EntityQuerySpaceImpl@6cd164a6]
01:56:14.583 [main] DEBUG org.hibernate.persister.walking.spi.MetamodelGraphWalker - Visiting attribute path : author
01:56:14.583 [main] DEBUG org.hibernate.persister.walking.spi.MetamodelGraphWalker - Visiting attribute path : description
01:56:14.583 [main] DEBUG org.hibernate.persister.walking.spi.MetamodelGraphWalker - Visiting attribute path : name
01:56:14.583 [main] DEBUG org.hibernate.persister.walking.spi.MetamodelGraphWalker - Visiting attribute path : publishedDate
01:56:14.583 [main] DEBUG org.hibernate.persister.walking.spi.MetamodelGraphWalker - Visiting attribute path : publisher
01:56:14.583 [main] DEBUG org.hibernate.loader.plan.build.internal.FetchStyleLoadPlanBuildingAssociationVisitationStrategy - Building LoadPlan...
01:56:14.584 [main] DEBUG org.hibernate.loader.plan.exec.internal.LoadQueryJoinAndFetchProcessor - processing queryspace <gen:0>
01:56:14.584 [main] DEBUG org.hibernate.loader.plan.build.spi.LoadPlanTreePrinter - LoadPlan(entity=com.bookstore.datalayer.entity.Book)
    - Returns
       - EntityReturnImpl(entity=com.bookstore.datalayer.entity.Book, querySpaceUid=<gen:0>, path=com.bookstore.datalayer.entity.Book)
    - QuerySpaces
       - EntityQuerySpaceImpl(uid=<gen:0>, entity=com.bookstore.datalayer.entity.Book)
          - SQL table alias mapping - book0_
          - alias suffix - 0_
          - suffixed key columns - {book_id1_0_0_}

01:56:14.584 [main] DEBUG org.hibernate.loader.entity.plan.EntityLoader - Static select for entity com.bookstore.datalayer.entity.Book [PESSIMISTIC_WRITE]: select book0_.book_id as book_id1_0_0_, book0_.author as author2_0_0_, book0_.description as descript3_0_0_, book0_.name as name4_0_0_, book0_.published_date as publishe5_0_0_, book0_.publisher as publishe6_0_0_ from book book0_ where book0_.book_id=? for update
01:56:14.584 [main] DEBUG org.hibernate.loader.plan.build.internal.spaces.QuerySpacesImpl - Adding QuerySpace : uid = <gen:0> -> org.hibernate.loader.plan.build.internal.spaces.EntityQuerySpaceImpl@64469d8]
01:56:14.584 [main] DEBUG org.hibernate.persister.walking.spi.MetamodelGraphWalker - Visiting attribute path : author
01:56:14.584 [main] DEBUG org.hibernate.persister.walking.spi.MetamodelGraphWalker - Visiting attribute path : description
01:56:14.584 [main] DEBUG org.hibernate.persister.walking.spi.MetamodelGraphWalker - Visiting attribute path : name
01:56:14.584 [main] DEBUG org.hibernate.persister.walking.spi.MetamodelGraphWalker - Visiting attribute path : publishedDate
01:56:14.585 [main] DEBUG org.hibernate.persister.walking.spi.MetamodelGraphWalker - Visiting attribute path : publisher
01:56:14.585 [main] DEBUG org.hibernate.loader.plan.build.internal.FetchStyleLoadPlanBuildingAssociationVisitationStrategy - Building LoadPlan...
01:56:14.585 [main] DEBUG org.hibernate.loader.plan.exec.internal.LoadQueryJoinAndFetchProcessor - processing queryspace <gen:0>
01:56:14.585 [main] DEBUG org.hibernate.loader.plan.build.spi.LoadPlanTreePrinter - LoadPlan(entity=com.bookstore.datalayer.entity.Book)
    - Returns
       - EntityReturnImpl(entity=com.bookstore.datalayer.entity.Book, querySpaceUid=<gen:0>, path=com.bookstore.datalayer.entity.Book)
    - QuerySpaces
       - EntityQuerySpaceImpl(uid=<gen:0>, entity=com.bookstore.datalayer.entity.Book)
          - SQL table alias mapping - book0_
          - alias suffix - 0_
          - suffixed key columns - {book_id1_0_0_}

01:56:14.585 [main] DEBUG org.hibernate.loader.entity.plan.EntityLoader - Static select for entity com.bookstore.datalayer.entity.Book [PESSIMISTIC_FORCE_INCREMENT]: select book0_.book_id as book_id1_0_0_, book0_.author as author2_0_0_, book0_.description as descript3_0_0_, book0_.name as name4_0_0_, book0_.published_date as publishe5_0_0_, book0_.publisher as publishe6_0_0_ from book book0_ where book0_.book_id=? for update
01:56:14.595 [main] DEBUG org.hibernate.loader.plan.build.internal.spaces.QuerySpacesImpl - Adding QuerySpace : uid = <gen:0> -> org.hibernate.loader.plan.build.internal.spaces.EntityQuerySpaceImpl@4c18621b]
01:56:14.595 [main] DEBUG org.hibernate.persister.walking.spi.MetamodelGraphWalker - Visiting attribute path : author
01:56:14.596 [main] DEBUG org.hibernate.persister.walking.spi.MetamodelGraphWalker - Visiting attribute path : description
01:56:14.596 [main] DEBUG org.hibernate.persister.walking.spi.MetamodelGraphWalker - Visiting attribute path : name
01:56:14.596 [main] DEBUG org.hibernate.persister.walking.spi.MetamodelGraphWalker - Visiting attribute path : publishedDate
01:56:14.596 [main] DEBUG org.hibernate.persister.walking.spi.MetamodelGraphWalker - Visiting attribute path : publisher
01:56:14.596 [main] DEBUG org.hibernate.loader.plan.build.internal.FetchStyleLoadPlanBuildingAssociationVisitationStrategy - Building LoadPlan...
01:56:14.596 [main] DEBUG org.hibernate.loader.plan.exec.internal.LoadQueryJoinAndFetchProcessor - processing queryspace <gen:0>
01:56:14.598 [main] DEBUG org.hibernate.loader.plan.build.spi.LoadPlanTreePrinter - LoadPlan(entity=com.bookstore.datalayer.entity.Book)
    - Returns
       - EntityReturnImpl(entity=com.bookstore.datalayer.entity.Book, querySpaceUid=<gen:0>, path=com.bookstore.datalayer.entity.Book)
    - QuerySpaces
       - EntityQuerySpaceImpl(uid=<gen:0>, entity=com.bookstore.datalayer.entity.Book)
          - SQL table alias mapping - book0_
          - alias suffix - 0_
          - suffixed key columns - {book_id1_0_0_}

01:56:14.598 [main] DEBUG org.hibernate.loader.entity.plan.EntityLoader - Static select for entity com.bookstore.datalayer.entity.Book [OPTIMISTIC]: select book0_.book_id as book_id1_0_0_, book0_.author as author2_0_0_, book0_.description as descript3_0_0_, book0_.name as name4_0_0_, book0_.published_date as publishe5_0_0_, book0_.publisher as publishe6_0_0_ from book book0_ where book0_.book_id=?
01:56:14.598 [main] DEBUG org.hibernate.loader.plan.build.internal.spaces.QuerySpacesImpl - Adding QuerySpace : uid = <gen:0> -> org.hibernate.loader.plan.build.internal.spaces.EntityQuerySpaceImpl@1cec219f]
01:56:14.598 [main] DEBUG org.hibernate.persister.walking.spi.MetamodelGraphWalker - Visiting attribute path : author
01:56:14.598 [main] DEBUG org.hibernate.persister.walking.spi.MetamodelGraphWalker - Visiting attribute path : description
01:56:14.599 [main] DEBUG org.hibernate.persister.walking.spi.MetamodelGraphWalker - Visiting attribute path : name
01:56:14.599 [main] DEBUG org.hibernate.persister.walking.spi.MetamodelGraphWalker - Visiting attribute path : publishedDate
01:56:14.599 [main] DEBUG org.hibernate.persister.walking.spi.MetamodelGraphWalker - Visiting attribute path : publisher
01:56:14.599 [main] DEBUG org.hibernate.loader.plan.build.internal.FetchStyleLoadPlanBuildingAssociationVisitationStrategy - Building LoadPlan...
01:56:14.599 [main] DEBUG org.hibernate.loader.plan.exec.internal.LoadQueryJoinAndFetchProcessor - processing queryspace <gen:0>
01:56:14.600 [main] DEBUG org.hibernate.loader.plan.build.spi.LoadPlanTreePrinter - LoadPlan(entity=com.bookstore.datalayer.entity.Book)
    - Returns
       - EntityReturnImpl(entity=com.bookstore.datalayer.entity.Book, querySpaceUid=<gen:0>, path=com.bookstore.datalayer.entity.Book)
    - QuerySpaces
       - EntityQuerySpaceImpl(uid=<gen:0>, entity=com.bookstore.datalayer.entity.Book)
          - SQL table alias mapping - book0_
          - alias suffix - 0_
          - suffixed key columns - {book_id1_0_0_}

01:56:14.600 [main] DEBUG org.hibernate.loader.entity.plan.EntityLoader - Static select for entity com.bookstore.datalayer.entity.Book [OPTIMISTIC_FORCE_INCREMENT]: select book0_.book_id as book_id1_0_0_, book0_.author as author2_0_0_, book0_.description as descript3_0_0_, book0_.name as name4_0_0_, book0_.published_date as publishe5_0_0_, book0_.publisher as publishe6_0_0_ from book book0_ where book0_.book_id=?
01:56:14.601 [main] DEBUG org.hibernate.loader.Loader - Static select for action ACTION_MERGE on entity com.bookstore.datalayer.entity.Book: select book0_.book_id as book_id1_0_0_, book0_.author as author2_0_0_, book0_.description as descript3_0_0_, book0_.name as name4_0_0_, book0_.published_date as publishe5_0_0_, book0_.publisher as publishe6_0_0_ from book book0_ where book0_.book_id=?
01:56:14.602 [main] DEBUG org.hibernate.loader.Loader - Static select for action ACTION_REFRESH on entity com.bookstore.datalayer.entity.Book: select book0_.book_id as book_id1_0_0_, book0_.author as author2_0_0_, book0_.description as descript3_0_0_, book0_.name as name4_0_0_, book0_.published_date as publishe5_0_0_, book0_.publisher as publishe6_0_0_ from book book0_ where book0_.book_id=?
01:56:14.604 [main] DEBUG org.hibernate.persister.entity.AbstractEntityPersister - Static SQL for entity: com.bookstore.datalayer.entity.User
01:56:14.605 [main] DEBUG org.hibernate.persister.entity.AbstractEntityPersister -  Version select: select id from user where id =?
01:56:14.605 [main] DEBUG org.hibernate.persister.entity.AbstractEntityPersister -  Snapshot select: select user_.id, user_.email as email2_4_, user_.enabled as enabled3_4_, user_.last_name as last_nam4_4_, user_.first_name as first_na5_4_, user_.password as password6_4_, user_.phone as phone7_4_, user_.username as username8_4_ from user user_ where user_.id=?
01:56:14.605 [main] DEBUG org.hibernate.persister.entity.AbstractEntityPersister -  Insert 0: insert into user (email, enabled, last_name, first_name, password, phone, username, id) values (?, ?, ?, ?, ?, ?, ?, ?)
01:56:14.606 [main] DEBUG org.hibernate.persister.entity.AbstractEntityPersister -  Update 0: update user set email=?, enabled=?, last_name=?, first_name=?, password=?, phone=?, username=? where id=?
01:56:14.606 [main] DEBUG org.hibernate.persister.entity.AbstractEntityPersister -  Delete 0: delete from user where id=?
01:56:14.611 [main] DEBUG org.hibernate.loader.plan.build.internal.spaces.QuerySpacesImpl - Adding QuerySpace : uid = <gen:0> -> org.hibernate.loader.plan.build.internal.spaces.EntityQuerySpaceImpl@6629ad09]
01:56:14.612 [main] DEBUG org.hibernate.persister.walking.spi.MetamodelGraphWalker - Visiting attribute path : email
01:56:14.612 [main] DEBUG org.hibernate.persister.walking.spi.MetamodelGraphWalker - Visiting attribute path : enabled
01:56:14.612 [main] DEBUG org.hibernate.persister.walking.spi.MetamodelGraphWalker - Visiting attribute path : lastName
01:56:14.612 [main] DEBUG org.hibernate.persister.walking.spi.MetamodelGraphWalker - Visiting attribute path : name
01:56:14.612 [main] DEBUG org.hibernate.persister.walking.spi.MetamodelGraphWalker - Visiting attribute path : password
01:56:14.612 [main] DEBUG org.hibernate.persister.walking.spi.MetamodelGraphWalker - Visiting attribute path : phone
01:56:14.612 [main] DEBUG org.hibernate.persister.walking.spi.MetamodelGraphWalker - Visiting attribute path : userBooks
01:56:14.612 [main] DEBUG org.hibernate.loader.plan.build.internal.spaces.QuerySpacesImpl - Adding QuerySpace : uid = <gen:1> -> org.hibernate.loader.plan.build.internal.spaces.CollectionQuerySpaceImpl@3e7c4815]
01:56:14.613 [main] DEBUG org.hibernate.loader.plan.build.internal.spaces.QuerySpacesImpl - Adding QuerySpace : uid = <gen:2> -> org.hibernate.loader.plan.build.internal.spaces.EntityQuerySpaceImpl@27df0f3d]
01:56:14.613 [main] DEBUG org.hibernate.persister.walking.spi.MetamodelGraphWalker - Visiting attribute path : userName
01:56:14.613 [main] DEBUG org.hibernate.persister.walking.spi.MetamodelGraphWalker - Visiting attribute path : userRoles
01:56:14.613 [main] DEBUG org.hibernate.loader.plan.build.internal.spaces.QuerySpacesImpl - Adding QuerySpace : uid = <gen:3> -> org.hibernate.loader.plan.build.internal.spaces.CollectionQuerySpaceImpl@c35af2a]
01:56:14.613 [main] DEBUG org.hibernate.loader.plan.build.internal.spaces.QuerySpacesImpl - Adding QuerySpace : uid = <gen:4> -> org.hibernate.loader.plan.build.internal.spaces.EntityQuerySpaceImpl@44550792]
01:56:14.614 [main] DEBUG org.hibernate.loader.plan.build.internal.FetchStyleLoadPlanBuildingAssociationVisitationStrategy - Building LoadPlan...
01:56:14.614 [main] DEBUG org.hibernate.loader.plan.exec.internal.LoadQueryJoinAndFetchProcessor - processing queryspace <gen:0>
01:56:14.615 [main] DEBUG org.hibernate.loader.plan.build.spi.LoadPlanTreePrinter - LoadPlan(entity=com.bookstore.datalayer.entity.User)
    - Returns
       - EntityReturnImpl(entity=com.bookstore.datalayer.entity.User, querySpaceUid=<gen:0>, path=com.bookstore.datalayer.entity.User)
          - CollectionAttributeFetchImpl(collection=com.bookstore.datalayer.entity.User.userBooks, querySpaceUid=<gen:1>, path=com.bookstore.datalayer.entity.User.userBooks)
             - (collection element) CollectionFetchableElementEntityGraph(entity=com.bookstore.datalayer.entity.UserBook, querySpaceUid=<gen:2>, path=com.bookstore.datalayer.entity.User.userBooks.<elements>)
          - CollectionAttributeFetchImpl(collection=com.bookstore.datalayer.entity.User.userRoles, querySpaceUid=<gen:3>, path=com.bookstore.datalayer.entity.User.userRoles)
             - (collection element) CollectionFetchableElementEntityGraph(entity=com.bookstore.datalayer.entity.UserRole, querySpaceUid=<gen:4>, path=com.bookstore.datalayer.entity.User.userRoles.<elements>)
    - QuerySpaces
       - EntityQuerySpaceImpl(uid=<gen:0>, entity=com.bookstore.datalayer.entity.User)
          - SQL table alias mapping - user0_
          - alias suffix - 0_
          - suffixed key columns - {id1_4_0_}

01:56:14.615 [main] DEBUG org.hibernate.loader.entity.plan.EntityLoader - Static select for entity com.bookstore.datalayer.entity.User [NONE]: select user0_.id as id1_4_0_, user0_.email as email2_4_0_, user0_.enabled as enabled3_4_0_, user0_.last_name as last_nam4_4_0_, user0_.first_name as first_na5_4_0_, user0_.password as password6_4_0_, user0_.phone as phone7_4_0_, user0_.username as username8_4_0_ from user user0_ where user0_.id=?
01:56:14.615 [main] DEBUG org.hibernate.loader.plan.build.internal.spaces.QuerySpacesImpl - Adding QuerySpace : uid = <gen:0> -> org.hibernate.loader.plan.build.internal.spaces.EntityQuerySpaceImpl@1835d3ed]
01:56:14.616 [main] DEBUG org.hibernate.persister.walking.spi.MetamodelGraphWalker - Visiting attribute path : email
01:56:14.616 [main] DEBUG org.hibernate.persister.walking.spi.MetamodelGraphWalker - Visiting attribute path : enabled
01:56:14.616 [main] DEBUG org.hibernate.persister.walking.spi.MetamodelGraphWalker - Visiting attribute path : lastName
01:56:14.616 [main] DEBUG org.hibernate.persister.walking.spi.MetamodelGraphWalker - Visiting attribute path : name
01:56:14.616 [main] DEBUG org.hibernate.persister.walking.spi.MetamodelGraphWalker - Visiting attribute path : password
01:56:14.616 [main] DEBUG org.hibernate.persister.walking.spi.MetamodelGraphWalker - Visiting attribute path : phone
01:56:14.616 [main] DEBUG org.hibernate.persister.walking.spi.MetamodelGraphWalker - Visiting attribute path : userBooks
01:56:14.617 [main] DEBUG org.hibernate.loader.plan.build.internal.spaces.QuerySpacesImpl - Adding QuerySpace : uid = <gen:1> -> org.hibernate.loader.plan.build.internal.spaces.CollectionQuerySpaceImpl@66213a0d]
01:56:14.617 [main] DEBUG org.hibernate.loader.plan.build.internal.spaces.QuerySpacesImpl - Adding QuerySpace : uid = <gen:2> -> org.hibernate.loader.plan.build.internal.spaces.EntityQuerySpaceImpl@aa4d8cc]
01:56:14.618 [main] DEBUG org.hibernate.persister.walking.spi.MetamodelGraphWalker - Visiting attribute path : userName
01:56:14.618 [main] DEBUG org.hibernate.persister.walking.spi.MetamodelGraphWalker - Visiting attribute path : userRoles
01:56:14.618 [main] DEBUG org.hibernate.loader.plan.build.internal.spaces.QuerySpacesImpl - Adding QuerySpace : uid = <gen:3> -> org.hibernate.loader.plan.build.internal.spaces.CollectionQuerySpaceImpl@3cb8c8ce]
01:56:14.618 [main] DEBUG org.hibernate.loader.plan.build.internal.spaces.QuerySpacesImpl - Adding QuerySpace : uid = <gen:4> -> org.hibernate.loader.plan.build.internal.spaces.EntityQuerySpaceImpl@1fde0371]
01:56:14.619 [main] DEBUG org.hibernate.loader.plan.build.internal.FetchStyleLoadPlanBuildingAssociationVisitationStrategy - Building LoadPlan...
01:56:14.619 [main] DEBUG org.hibernate.loader.plan.exec.internal.LoadQueryJoinAndFetchProcessor - processing queryspace <gen:0>
01:56:14.620 [main] DEBUG org.hibernate.loader.plan.build.spi.LoadPlanTreePrinter - LoadPlan(entity=com.bookstore.datalayer.entity.User)
    - Returns
       - EntityReturnImpl(entity=com.bookstore.datalayer.entity.User, querySpaceUid=<gen:0>, path=com.bookstore.datalayer.entity.User)
          - CollectionAttributeFetchImpl(collection=com.bookstore.datalayer.entity.User.userBooks, querySpaceUid=<gen:1>, path=com.bookstore.datalayer.entity.User.userBooks)
             - (collection element) CollectionFetchableElementEntityGraph(entity=com.bookstore.datalayer.entity.UserBook, querySpaceUid=<gen:2>, path=com.bookstore.datalayer.entity.User.userBooks.<elements>)
          - CollectionAttributeFetchImpl(collection=com.bookstore.datalayer.entity.User.userRoles, querySpaceUid=<gen:3>, path=com.bookstore.datalayer.entity.User.userRoles)
             - (collection element) CollectionFetchableElementEntityGraph(entity=com.bookstore.datalayer.entity.UserRole, querySpaceUid=<gen:4>, path=com.bookstore.datalayer.entity.User.userRoles.<elements>)
    - QuerySpaces
       - EntityQuerySpaceImpl(uid=<gen:0>, entity=com.bookstore.datalayer.entity.User)
          - SQL table alias mapping - user0_
          - alias suffix - 0_
          - suffixed key columns - {id1_4_0_}

01:56:14.620 [main] DEBUG org.hibernate.loader.entity.plan.EntityLoader - Static select for entity com.bookstore.datalayer.entity.User [READ]: select user0_.id as id1_4_0_, user0_.email as email2_4_0_, user0_.enabled as enabled3_4_0_, user0_.last_name as last_nam4_4_0_, user0_.first_name as first_na5_4_0_, user0_.password as password6_4_0_, user0_.phone as phone7_4_0_, user0_.username as username8_4_0_ from user user0_ where user0_.id=?
01:56:14.621 [main] DEBUG org.hibernate.loader.plan.build.internal.spaces.QuerySpacesImpl - Adding QuerySpace : uid = <gen:0> -> org.hibernate.loader.plan.build.internal.spaces.EntityQuerySpaceImpl@70c0a3d5]
01:56:14.623 [main] DEBUG org.hibernate.persister.walking.spi.MetamodelGraphWalker - Visiting attribute path : email
01:56:14.623 [main] DEBUG org.hibernate.persister.walking.spi.MetamodelGraphWalker - Visiting attribute path : enabled
01:56:14.623 [main] DEBUG org.hibernate.persister.walking.spi.MetamodelGraphWalker - Visiting attribute path : lastName
01:56:14.623 [main] DEBUG org.hibernate.persister.walking.spi.MetamodelGraphWalker - Visiting attribute path : name
01:56:14.623 [main] DEBUG org.hibernate.persister.walking.spi.MetamodelGraphWalker - Visiting attribute path : password
01:56:14.623 [main] DEBUG org.hibernate.persister.walking.spi.MetamodelGraphWalker - Visiting attribute path : phone
01:56:14.623 [main] DEBUG org.hibernate.persister.walking.spi.MetamodelGraphWalker - Visiting attribute path : userBooks
01:56:14.623 [main] DEBUG org.hibernate.loader.plan.build.internal.spaces.QuerySpacesImpl - Adding QuerySpace : uid = <gen:1> -> org.hibernate.loader.plan.build.internal.spaces.CollectionQuerySpaceImpl@260a3a5e]
01:56:14.623 [main] DEBUG org.hibernate.loader.plan.build.internal.spaces.QuerySpacesImpl - Adding QuerySpace : uid = <gen:2> -> org.hibernate.loader.plan.build.internal.spaces.EntityQuerySpaceImpl@49206065]
01:56:14.623 [main] DEBUG org.hibernate.persister.walking.spi.MetamodelGraphWalker - Visiting attribute path : userName
01:56:14.623 [main] DEBUG org.hibernate.persister.walking.spi.MetamodelGraphWalker - Visiting attribute path : userRoles
01:56:14.624 [main] DEBUG org.hibernate.loader.plan.build.internal.spaces.QuerySpacesImpl - Adding QuerySpace : uid = <gen:3> -> org.hibernate.loader.plan.build.internal.spaces.CollectionQuerySpaceImpl@3c0bbc9f]
01:56:14.624 [main] DEBUG org.hibernate.loader.plan.build.internal.spaces.QuerySpacesImpl - Adding QuerySpace : uid = <gen:4> -> org.hibernate.loader.plan.build.internal.spaces.EntityQuerySpaceImpl@1317b708]
01:56:14.624 [main] DEBUG org.hibernate.loader.plan.build.internal.FetchStyleLoadPlanBuildingAssociationVisitationStrategy - Building LoadPlan...
01:56:14.625 [main] DEBUG org.hibernate.loader.plan.exec.internal.LoadQueryJoinAndFetchProcessor - processing queryspace <gen:0>
01:56:14.626 [main] DEBUG org.hibernate.loader.plan.build.spi.LoadPlanTreePrinter - LoadPlan(entity=com.bookstore.datalayer.entity.User)
    - Returns
       - EntityReturnImpl(entity=com.bookstore.datalayer.entity.User, querySpaceUid=<gen:0>, path=com.bookstore.datalayer.entity.User)
          - CollectionAttributeFetchImpl(collection=com.bookstore.datalayer.entity.User.userBooks, querySpaceUid=<gen:1>, path=com.bookstore.datalayer.entity.User.userBooks)
             - (collection element) CollectionFetchableElementEntityGraph(entity=com.bookstore.datalayer.entity.UserBook, querySpaceUid=<gen:2>, path=com.bookstore.datalayer.entity.User.userBooks.<elements>)
          - CollectionAttributeFetchImpl(collection=com.bookstore.datalayer.entity.User.userRoles, querySpaceUid=<gen:3>, path=com.bookstore.datalayer.entity.User.userRoles)
             - (collection element) CollectionFetchableElementEntityGraph(entity=com.bookstore.datalayer.entity.UserRole, querySpaceUid=<gen:4>, path=com.bookstore.datalayer.entity.User.userRoles.<elements>)
    - QuerySpaces
       - EntityQuerySpaceImpl(uid=<gen:0>, entity=com.bookstore.datalayer.entity.User)
          - SQL table alias mapping - user0_
          - alias suffix - 0_
          - suffixed key columns - {id1_4_0_}

01:56:14.626 [main] DEBUG org.hibernate.loader.entity.plan.EntityLoader - Static select for entity com.bookstore.datalayer.entity.User [UPGRADE]: select user0_.id as id1_4_0_, user0_.email as email2_4_0_, user0_.enabled as enabled3_4_0_, user0_.last_name as last_nam4_4_0_, user0_.first_name as first_na5_4_0_, user0_.password as password6_4_0_, user0_.phone as phone7_4_0_, user0_.username as username8_4_0_ from user user0_ where user0_.id=? for update
01:56:14.627 [main] DEBUG org.hibernate.loader.plan.build.internal.spaces.QuerySpacesImpl - Adding QuerySpace : uid = <gen:0> -> org.hibernate.loader.plan.build.internal.spaces.EntityQuerySpaceImpl@6438a7fe]
01:56:14.637 [main] DEBUG org.hibernate.persister.walking.spi.MetamodelGraphWalker - Visiting attribute path : email
01:56:14.637 [main] DEBUG org.hibernate.persister.walking.spi.MetamodelGraphWalker - Visiting attribute path : enabled
01:56:14.637 [main] DEBUG org.hibernate.persister.walking.spi.MetamodelGraphWalker - Visiting attribute path : lastName
01:56:14.637 [main] DEBUG org.hibernate.persister.walking.spi.MetamodelGraphWalker - Visiting attribute path : name
01:56:14.637 [main] DEBUG org.hibernate.persister.walking.spi.MetamodelGraphWalker - Visiting attribute path : password
01:56:14.637 [main] DEBUG org.hibernate.persister.walking.spi.MetamodelGraphWalker - Visiting attribute path : phone
01:56:14.637 [main] DEBUG org.hibernate.persister.walking.spi.MetamodelGraphWalker - Visiting attribute path : userBooks
01:56:14.637 [main] DEBUG org.hibernate.loader.plan.build.internal.spaces.QuerySpacesImpl - Adding QuerySpace : uid = <gen:1> -> org.hibernate.loader.plan.build.internal.spaces.CollectionQuerySpaceImpl@4f5f6e45]
01:56:14.637 [main] DEBUG org.hibernate.loader.plan.build.internal.spaces.QuerySpacesImpl - Adding QuerySpace : uid = <gen:2> -> org.hibernate.loader.plan.build.internal.spaces.EntityQuerySpaceImpl@615e3f51]
01:56:14.637 [main] DEBUG org.hibernate.persister.walking.spi.MetamodelGraphWalker - Visiting attribute path : userName
01:56:14.637 [main] DEBUG org.hibernate.persister.walking.spi.MetamodelGraphWalker - Visiting attribute path : userRoles
01:56:14.638 [main] DEBUG org.hibernate.loader.plan.build.internal.spaces.QuerySpacesImpl - Adding QuerySpace : uid = <gen:3> -> org.hibernate.loader.plan.build.internal.spaces.CollectionQuerySpaceImpl@407873d3]
01:56:14.638 [main] DEBUG org.hibernate.loader.plan.build.internal.spaces.QuerySpacesImpl - Adding QuerySpace : uid = <gen:4> -> org.hibernate.loader.plan.build.internal.spaces.EntityQuerySpaceImpl@608bc8f8]
01:56:14.638 [main] DEBUG org.hibernate.loader.plan.build.internal.FetchStyleLoadPlanBuildingAssociationVisitationStrategy - Building LoadPlan...
01:56:14.638 [main] DEBUG org.hibernate.loader.plan.exec.internal.LoadQueryJoinAndFetchProcessor - processing queryspace <gen:0>
01:56:14.639 [main] DEBUG org.hibernate.loader.plan.build.spi.LoadPlanTreePrinter - LoadPlan(entity=com.bookstore.datalayer.entity.User)
    - Returns
       - EntityReturnImpl(entity=com.bookstore.datalayer.entity.User, querySpaceUid=<gen:0>, path=com.bookstore.datalayer.entity.User)
          - CollectionAttributeFetchImpl(collection=com.bookstore.datalayer.entity.User.userBooks, querySpaceUid=<gen:1>, path=com.bookstore.datalayer.entity.User.userBooks)
             - (collection element) CollectionFetchableElementEntityGraph(entity=com.bookstore.datalayer.entity.UserBook, querySpaceUid=<gen:2>, path=com.bookstore.datalayer.entity.User.userBooks.<elements>)
          - CollectionAttributeFetchImpl(collection=com.bookstore.datalayer.entity.User.userRoles, querySpaceUid=<gen:3>, path=com.bookstore.datalayer.entity.User.userRoles)
             - (collection element) CollectionFetchableElementEntityGraph(entity=com.bookstore.datalayer.entity.UserRole, querySpaceUid=<gen:4>, path=com.bookstore.datalayer.entity.User.userRoles.<elements>)
    - QuerySpaces
       - EntityQuerySpaceImpl(uid=<gen:0>, entity=com.bookstore.datalayer.entity.User)
          - SQL table alias mapping - user0_
          - alias suffix - 0_
          - suffixed key columns - {id1_4_0_}

01:56:14.639 [main] DEBUG org.hibernate.loader.entity.plan.EntityLoader - Static select for entity com.bookstore.datalayer.entity.User [UPGRADE_NOWAIT]: select user0_.id as id1_4_0_, user0_.email as email2_4_0_, user0_.enabled as enabled3_4_0_, user0_.last_name as last_nam4_4_0_, user0_.first_name as first_na5_4_0_, user0_.password as password6_4_0_, user0_.phone as phone7_4_0_, user0_.username as username8_4_0_ from user user0_ where user0_.id=? for update
01:56:14.639 [main] DEBUG org.hibernate.loader.plan.build.internal.spaces.QuerySpacesImpl - Adding QuerySpace : uid = <gen:0> -> org.hibernate.loader.plan.build.internal.spaces.EntityQuerySpaceImpl@5412bfea]
01:56:14.639 [main] DEBUG org.hibernate.persister.walking.spi.MetamodelGraphWalker - Visiting attribute path : email
01:56:14.639 [main] DEBUG org.hibernate.persister.walking.spi.MetamodelGraphWalker - Visiting attribute path : enabled
01:56:14.639 [main] DEBUG org.hibernate.persister.walking.spi.MetamodelGraphWalker - Visiting attribute path : lastName
01:56:14.639 [main] DEBUG org.hibernate.persister.walking.spi.MetamodelGraphWalker - Visiting attribute path : name
01:56:14.639 [main] DEBUG org.hibernate.persister.walking.spi.MetamodelGraphWalker - Visiting attribute path : password
01:56:14.639 [main] DEBUG org.hibernate.persister.walking.spi.MetamodelGraphWalker - Visiting attribute path : phone
01:56:14.639 [main] DEBUG org.hibernate.persister.walking.spi.MetamodelGraphWalker - Visiting attribute path : userBooks
01:56:14.639 [main] DEBUG org.hibernate.loader.plan.build.internal.spaces.QuerySpacesImpl - Adding QuerySpace : uid = <gen:1> -> org.hibernate.loader.plan.build.internal.spaces.CollectionQuerySpaceImpl@4743a322]
01:56:14.640 [main] DEBUG org.hibernate.loader.plan.build.internal.spaces.QuerySpacesImpl - Adding QuerySpace : uid = <gen:2> -> org.hibernate.loader.plan.build.internal.spaces.EntityQuerySpaceImpl@79316f3a]
01:56:14.640 [main] DEBUG org.hibernate.persister.walking.spi.MetamodelGraphWalker - Visiting attribute path : userName
01:56:14.640 [main] DEBUG org.hibernate.persister.walking.spi.MetamodelGraphWalker - Visiting attribute path : userRoles
01:56:14.640 [main] DEBUG org.hibernate.loader.plan.build.internal.spaces.QuerySpacesImpl - Adding QuerySpace : uid = <gen:3> -> org.hibernate.loader.plan.build.internal.spaces.CollectionQuerySpaceImpl@381d7219]
01:56:14.640 [main] DEBUG org.hibernate.loader.plan.build.internal.spaces.QuerySpacesImpl - Adding QuerySpace : uid = <gen:4> -> org.hibernate.loader.plan.build.internal.spaces.EntityQuerySpaceImpl@49fe3142]
01:56:14.640 [main] DEBUG org.hibernate.loader.plan.build.internal.FetchStyleLoadPlanBuildingAssociationVisitationStrategy - Building LoadPlan...
01:56:14.640 [main] DEBUG org.hibernate.loader.plan.exec.internal.LoadQueryJoinAndFetchProcessor - processing queryspace <gen:0>
01:56:14.641 [main] DEBUG org.hibernate.loader.plan.build.spi.LoadPlanTreePrinter - LoadPlan(entity=com.bookstore.datalayer.entity.User)
    - Returns
       - EntityReturnImpl(entity=com.bookstore.datalayer.entity.User, querySpaceUid=<gen:0>, path=com.bookstore.datalayer.entity.User)
          - CollectionAttributeFetchImpl(collection=com.bookstore.datalayer.entity.User.userBooks, querySpaceUid=<gen:1>, path=com.bookstore.datalayer.entity.User.userBooks)
             - (collection element) CollectionFetchableElementEntityGraph(entity=com.bookstore.datalayer.entity.UserBook, querySpaceUid=<gen:2>, path=com.bookstore.datalayer.entity.User.userBooks.<elements>)
          - CollectionAttributeFetchImpl(collection=com.bookstore.datalayer.entity.User.userRoles, querySpaceUid=<gen:3>, path=com.bookstore.datalayer.entity.User.userRoles)
             - (collection element) CollectionFetchableElementEntityGraph(entity=com.bookstore.datalayer.entity.UserRole, querySpaceUid=<gen:4>, path=com.bookstore.datalayer.entity.User.userRoles.<elements>)
    - QuerySpaces
       - EntityQuerySpaceImpl(uid=<gen:0>, entity=com.bookstore.datalayer.entity.User)
          - SQL table alias mapping - user0_
          - alias suffix - 0_
          - suffixed key columns - {id1_4_0_}

01:56:14.641 [main] DEBUG org.hibernate.loader.entity.plan.EntityLoader - Static select for entity com.bookstore.datalayer.entity.User [UPGRADE_SKIPLOCKED]: select user0_.id as id1_4_0_, user0_.email as email2_4_0_, user0_.enabled as enabled3_4_0_, user0_.last_name as last_nam4_4_0_, user0_.first_name as first_na5_4_0_, user0_.password as password6_4_0_, user0_.phone as phone7_4_0_, user0_.username as username8_4_0_ from user user0_ where user0_.id=? for update
01:56:14.641 [main] DEBUG org.hibernate.loader.plan.build.internal.spaces.QuerySpacesImpl - Adding QuerySpace : uid = <gen:0> -> org.hibernate.loader.plan.build.internal.spaces.EntityQuerySpaceImpl@13fed1ec]
01:56:14.641 [main] DEBUG org.hibernate.persister.walking.spi.MetamodelGraphWalker - Visiting attribute path : email
01:56:14.641 [main] DEBUG org.hibernate.persister.walking.spi.MetamodelGraphWalker - Visiting attribute path : enabled
01:56:14.641 [main] DEBUG org.hibernate.persister.walking.spi.MetamodelGraphWalker - Visiting attribute path : lastName
01:56:14.641 [main] DEBUG org.hibernate.persister.walking.spi.MetamodelGraphWalker - Visiting attribute path : name
01:56:14.641 [main] DEBUG org.hibernate.persister.walking.spi.MetamodelGraphWalker - Visiting attribute path : password
01:56:14.641 [main] DEBUG org.hibernate.persister.walking.spi.MetamodelGraphWalker - Visiting attribute path : phone
01:56:14.641 [main] DEBUG org.hibernate.persister.walking.spi.MetamodelGraphWalker - Visiting attribute path : userBooks
01:56:14.641 [main] DEBUG org.hibernate.loader.plan.build.internal.spaces.QuerySpacesImpl - Adding QuerySpace : uid = <gen:1> -> org.hibernate.loader.plan.build.internal.spaces.CollectionQuerySpaceImpl@329a1f8d]
01:56:14.641 [main] DEBUG org.hibernate.loader.plan.build.internal.spaces.QuerySpacesImpl - Adding QuerySpace : uid = <gen:2> -> org.hibernate.loader.plan.build.internal.spaces.EntityQuerySpaceImpl@a565cbd]
01:56:14.642 [main] DEBUG org.hibernate.persister.walking.spi.MetamodelGraphWalker - Visiting attribute path : userName
01:56:14.642 [main] DEBUG org.hibernate.persister.walking.spi.MetamodelGraphWalker - Visiting attribute path : userRoles
01:56:14.642 [main] DEBUG org.hibernate.loader.plan.build.internal.spaces.QuerySpacesImpl - Adding QuerySpace : uid = <gen:3> -> org.hibernate.loader.plan.build.internal.spaces.CollectionQuerySpaceImpl@6fc29daa]
01:56:14.642 [main] DEBUG org.hibernate.loader.plan.build.internal.spaces.QuerySpacesImpl - Adding QuerySpace : uid = <gen:4> -> org.hibernate.loader.plan.build.internal.spaces.EntityQuerySpaceImpl@2f66f0d0]
01:56:14.642 [main] DEBUG org.hibernate.loader.plan.build.internal.FetchStyleLoadPlanBuildingAssociationVisitationStrategy - Building LoadPlan...
01:56:14.642 [main] DEBUG org.hibernate.loader.plan.exec.internal.LoadQueryJoinAndFetchProcessor - processing queryspace <gen:0>
01:56:14.643 [main] DEBUG org.hibernate.loader.plan.build.spi.LoadPlanTreePrinter - LoadPlan(entity=com.bookstore.datalayer.entity.User)
    - Returns
       - EntityReturnImpl(entity=com.bookstore.datalayer.entity.User, querySpaceUid=<gen:0>, path=com.bookstore.datalayer.entity.User)
          - CollectionAttributeFetchImpl(collection=com.bookstore.datalayer.entity.User.userBooks, querySpaceUid=<gen:1>, path=com.bookstore.datalayer.entity.User.userBooks)
             - (collection element) CollectionFetchableElementEntityGraph(entity=com.bookstore.datalayer.entity.UserBook, querySpaceUid=<gen:2>, path=com.bookstore.datalayer.entity.User.userBooks.<elements>)
          - CollectionAttributeFetchImpl(collection=com.bookstore.datalayer.entity.User.userRoles, querySpaceUid=<gen:3>, path=com.bookstore.datalayer.entity.User.userRoles)
             - (collection element) CollectionFetchableElementEntityGraph(entity=com.bookstore.datalayer.entity.UserRole, querySpaceUid=<gen:4>, path=com.bookstore.datalayer.entity.User.userRoles.<elements>)
    - QuerySpaces
       - EntityQuerySpaceImpl(uid=<gen:0>, entity=com.bookstore.datalayer.entity.User)
          - SQL table alias mapping - user0_
          - alias suffix - 0_
          - suffixed key columns - {id1_4_0_}

01:56:14.643 [main] DEBUG org.hibernate.loader.entity.plan.EntityLoader - Static select for entity com.bookstore.datalayer.entity.User [FORCE]: select user0_.id as id1_4_0_, user0_.email as email2_4_0_, user0_.enabled as enabled3_4_0_, user0_.last_name as last_nam4_4_0_, user0_.first_name as first_na5_4_0_, user0_.password as password6_4_0_, user0_.phone as phone7_4_0_, user0_.username as username8_4_0_ from user user0_ where user0_.id=? for update
01:56:14.643 [main] DEBUG org.hibernate.loader.plan.build.internal.spaces.QuerySpacesImpl - Adding QuerySpace : uid = <gen:0> -> org.hibernate.loader.plan.build.internal.spaces.EntityQuerySpaceImpl@4d62f4c6]
01:56:14.643 [main] DEBUG org.hibernate.persister.walking.spi.MetamodelGraphWalker - Visiting attribute path : email
01:56:14.643 [main] DEBUG org.hibernate.persister.walking.spi.MetamodelGraphWalker - Visiting attribute path : enabled
01:56:14.643 [main] DEBUG org.hibernate.persister.walking.spi.MetamodelGraphWalker - Visiting attribute path : lastName
01:56:14.643 [main] DEBUG org.hibernate.persister.walking.spi.MetamodelGraphWalker - Visiting attribute path : name
01:56:14.643 [main] DEBUG org.hibernate.persister.walking.spi.MetamodelGraphWalker - Visiting attribute path : password
01:56:14.643 [main] DEBUG org.hibernate.persister.walking.spi.MetamodelGraphWalker - Visiting attribute path : phone
01:56:14.643 [main] DEBUG org.hibernate.persister.walking.spi.MetamodelGraphWalker - Visiting attribute path : userBooks
01:56:14.643 [main] DEBUG org.hibernate.loader.plan.build.internal.spaces.QuerySpacesImpl - Adding QuerySpace : uid = <gen:1> -> org.hibernate.loader.plan.build.internal.spaces.CollectionQuerySpaceImpl@ebd06a9]
01:56:14.644 [main] DEBUG org.hibernate.loader.plan.build.internal.spaces.QuerySpacesImpl - Adding QuerySpace : uid = <gen:2> -> org.hibernate.loader.plan.build.internal.spaces.EntityQuerySpaceImpl@16c587de]
01:56:14.644 [main] DEBUG org.hibernate.persister.walking.spi.MetamodelGraphWalker - Visiting attribute path : userName
01:56:14.644 [main] DEBUG org.hibernate.persister.walking.spi.MetamodelGraphWalker - Visiting attribute path : userRoles
01:56:14.644 [main] DEBUG org.hibernate.loader.plan.build.internal.spaces.QuerySpacesImpl - Adding QuerySpace : uid = <gen:3> -> org.hibernate.loader.plan.build.internal.spaces.CollectionQuerySpaceImpl@4cdb8504]
01:56:14.644 [main] DEBUG org.hibernate.loader.plan.build.internal.spaces.QuerySpacesImpl - Adding QuerySpace : uid = <gen:4> -> org.hibernate.loader.plan.build.internal.spaces.EntityQuerySpaceImpl@76db540e]
01:56:14.644 [main] DEBUG org.hibernate.loader.plan.build.internal.FetchStyleLoadPlanBuildingAssociationVisitationStrategy - Building LoadPlan...
01:56:14.644 [main] DEBUG org.hibernate.loader.plan.exec.internal.LoadQueryJoinAndFetchProcessor - processing queryspace <gen:0>
01:56:14.645 [main] DEBUG org.hibernate.loader.plan.build.spi.LoadPlanTreePrinter - LoadPlan(entity=com.bookstore.datalayer.entity.User)
    - Returns
       - EntityReturnImpl(entity=com.bookstore.datalayer.entity.User, querySpaceUid=<gen:0>, path=com.bookstore.datalayer.entity.User)
          - CollectionAttributeFetchImpl(collection=com.bookstore.datalayer.entity.User.userBooks, querySpaceUid=<gen:1>, path=com.bookstore.datalayer.entity.User.userBooks)
             - (collection element) CollectionFetchableElementEntityGraph(entity=com.bookstore.datalayer.entity.UserBook, querySpaceUid=<gen:2>, path=com.bookstore.datalayer.entity.User.userBooks.<elements>)
          - CollectionAttributeFetchImpl(collection=com.bookstore.datalayer.entity.User.userRoles, querySpaceUid=<gen:3>, path=com.bookstore.datalayer.entity.User.userRoles)
             - (collection element) CollectionFetchableElementEntityGraph(entity=com.bookstore.datalayer.entity.UserRole, querySpaceUid=<gen:4>, path=com.bookstore.datalayer.entity.User.userRoles.<elements>)
    - QuerySpaces
       - EntityQuerySpaceImpl(uid=<gen:0>, entity=com.bookstore.datalayer.entity.User)
          - SQL table alias mapping - user0_
          - alias suffix - 0_
          - suffixed key columns - {id1_4_0_}

01:56:14.645 [main] DEBUG org.hibernate.loader.entity.plan.EntityLoader - Static select for entity com.bookstore.datalayer.entity.User [PESSIMISTIC_READ]: select user0_.id as id1_4_0_, user0_.email as email2_4_0_, user0_.enabled as enabled3_4_0_, user0_.last_name as last_nam4_4_0_, user0_.first_name as first_na5_4_0_, user0_.password as password6_4_0_, user0_.phone as phone7_4_0_, user0_.username as username8_4_0_ from user user0_ where user0_.id=? lock in share mode
01:56:14.645 [main] DEBUG org.hibernate.loader.plan.build.internal.spaces.QuerySpacesImpl - Adding QuerySpace : uid = <gen:0> -> org.hibernate.loader.plan.build.internal.spaces.EntityQuerySpaceImpl@10358c32]
01:56:14.645 [main] DEBUG org.hibernate.persister.walking.spi.MetamodelGraphWalker - Visiting attribute path : email
01:56:14.645 [main] DEBUG org.hibernate.persister.walking.spi.MetamodelGraphWalker - Visiting attribute path : enabled
01:56:14.645 [main] DEBUG org.hibernate.persister.walking.spi.MetamodelGraphWalker - Visiting attribute path : lastName
01:56:14.645 [main] DEBUG org.hibernate.persister.walking.spi.MetamodelGraphWalker - Visiting attribute path : name
01:56:14.645 [main] DEBUG org.hibernate.persister.walking.spi.MetamodelGraphWalker - Visiting attribute path : password
01:56:14.645 [main] DEBUG org.hibernate.persister.walking.spi.MetamodelGraphWalker - Visiting attribute path : phone
01:56:14.645 [main] DEBUG org.hibernate.persister.walking.spi.MetamodelGraphWalker - Visiting attribute path : userBooks
01:56:14.646 [main] DEBUG org.hibernate.loader.plan.build.internal.spaces.QuerySpacesImpl - Adding QuerySpace : uid = <gen:1> -> org.hibernate.loader.plan.build.internal.spaces.CollectionQuerySpaceImpl@3a175162]
01:56:14.646 [main] DEBUG org.hibernate.loader.plan.build.internal.spaces.QuerySpacesImpl - Adding QuerySpace : uid = <gen:2> -> org.hibernate.loader.plan.build.internal.spaces.EntityQuerySpaceImpl@1640190a]
01:56:14.646 [main] DEBUG org.hibernate.persister.walking.spi.MetamodelGraphWalker - Visiting attribute path : userName
01:56:14.646 [main] DEBUG org.hibernate.persister.walking.spi.MetamodelGraphWalker - Visiting attribute path : userRoles
01:56:14.646 [main] DEBUG org.hibernate.loader.plan.build.internal.spaces.QuerySpacesImpl - Adding QuerySpace : uid = <gen:3> -> org.hibernate.loader.plan.build.internal.spaces.CollectionQuerySpaceImpl@2a2843ec]
01:56:14.646 [main] DEBUG org.hibernate.loader.plan.build.internal.spaces.QuerySpacesImpl - Adding QuerySpace : uid = <gen:4> -> org.hibernate.loader.plan.build.internal.spaces.EntityQuerySpaceImpl@2042ccce]
01:56:14.646 [main] DEBUG org.hibernate.loader.plan.build.internal.FetchStyleLoadPlanBuildingAssociationVisitationStrategy - Building LoadPlan...
01:56:14.646 [main] DEBUG org.hibernate.loader.plan.exec.internal.LoadQueryJoinAndFetchProcessor - processing queryspace <gen:0>
01:56:14.647 [main] DEBUG org.hibernate.loader.plan.build.spi.LoadPlanTreePrinter - LoadPlan(entity=com.bookstore.datalayer.entity.User)
    - Returns
       - EntityReturnImpl(entity=com.bookstore.datalayer.entity.User, querySpaceUid=<gen:0>, path=com.bookstore.datalayer.entity.User)
          - CollectionAttributeFetchImpl(collection=com.bookstore.datalayer.entity.User.userBooks, querySpaceUid=<gen:1>, path=com.bookstore.datalayer.entity.User.userBooks)
             - (collection element) CollectionFetchableElementEntityGraph(entity=com.bookstore.datalayer.entity.UserBook, querySpaceUid=<gen:2>, path=com.bookstore.datalayer.entity.User.userBooks.<elements>)
          - CollectionAttributeFetchImpl(collection=com.bookstore.datalayer.entity.User.userRoles, querySpaceUid=<gen:3>, path=com.bookstore.datalayer.entity.User.userRoles)
             - (collection element) CollectionFetchableElementEntityGraph(entity=com.bookstore.datalayer.entity.UserRole, querySpaceUid=<gen:4>, path=com.bookstore.datalayer.entity.User.userRoles.<elements>)
    - QuerySpaces
       - EntityQuerySpaceImpl(uid=<gen:0>, entity=com.bookstore.datalayer.entity.User)
          - SQL table alias mapping - user0_
          - alias suffix - 0_
          - suffixed key columns - {id1_4_0_}

01:56:14.647 [main] DEBUG org.hibernate.loader.entity.plan.EntityLoader - Static select for entity com.bookstore.datalayer.entity.User [PESSIMISTIC_WRITE]: select user0_.id as id1_4_0_, user0_.email as email2_4_0_, user0_.enabled as enabled3_4_0_, user0_.last_name as last_nam4_4_0_, user0_.first_name as first_na5_4_0_, user0_.password as password6_4_0_, user0_.phone as phone7_4_0_, user0_.username as username8_4_0_ from user user0_ where user0_.id=? for update
01:56:14.647 [main] DEBUG org.hibernate.loader.plan.build.internal.spaces.QuerySpacesImpl - Adding QuerySpace : uid = <gen:0> -> org.hibernate.loader.plan.build.internal.spaces.EntityQuerySpaceImpl@20de05e5]
01:56:14.647 [main] DEBUG org.hibernate.persister.walking.spi.MetamodelGraphWalker - Visiting attribute path : email
01:56:14.647 [main] DEBUG org.hibernate.persister.walking.spi.MetamodelGraphWalker - Visiting attribute path : enabled
01:56:14.647 [main] DEBUG org.hibernate.persister.walking.spi.MetamodelGraphWalker - Visiting attribute path : lastName
01:56:14.647 [main] DEBUG org.hibernate.persister.walking.spi.MetamodelGraphWalker - Visiting attribute path : name
01:56:14.647 [main] DEBUG org.hibernate.persister.walking.spi.MetamodelGraphWalker - Visiting attribute path : password
01:56:14.647 [main] DEBUG org.hibernate.persister.walking.spi.MetamodelGraphWalker - Visiting attribute path : phone
01:56:14.648 [main] DEBUG org.hibernate.persister.walking.spi.MetamodelGraphWalker - Visiting attribute path : userBooks
01:56:14.648 [main] DEBUG org.hibernate.loader.plan.build.internal.spaces.QuerySpacesImpl - Adding QuerySpace : uid = <gen:1> -> org.hibernate.loader.plan.build.internal.spaces.CollectionQuerySpaceImpl@5e1fc2aa]
01:56:14.648 [main] DEBUG org.hibernate.loader.plan.build.internal.spaces.QuerySpacesImpl - Adding QuerySpace : uid = <gen:2> -> org.hibernate.loader.plan.build.internal.spaces.EntityQuerySpaceImpl@688d411b]
01:56:14.648 [main] DEBUG org.hibernate.persister.walking.spi.MetamodelGraphWalker - Visiting attribute path : userName
01:56:14.648 [main] DEBUG org.hibernate.persister.walking.spi.MetamodelGraphWalker - Visiting attribute path : userRoles
01:56:14.650 [main] DEBUG org.hibernate.loader.plan.build.internal.spaces.QuerySpacesImpl - Adding QuerySpace : uid = <gen:3> -> org.hibernate.loader.plan.build.internal.spaces.CollectionQuerySpaceImpl@382c90c2]
01:56:14.650 [main] DEBUG org.hibernate.loader.plan.build.internal.spaces.QuerySpacesImpl - Adding QuerySpace : uid = <gen:4> -> org.hibernate.loader.plan.build.internal.spaces.EntityQuerySpaceImpl@859ea42]
01:56:14.650 [main] DEBUG org.hibernate.loader.plan.build.internal.FetchStyleLoadPlanBuildingAssociationVisitationStrategy - Building LoadPlan...
01:56:14.650 [main] DEBUG org.hibernate.loader.plan.exec.internal.LoadQueryJoinAndFetchProcessor - processing queryspace <gen:0>
01:56:14.651 [main] DEBUG org.hibernate.loader.plan.build.spi.LoadPlanTreePrinter - LoadPlan(entity=com.bookstore.datalayer.entity.User)
    - Returns
       - EntityReturnImpl(entity=com.bookstore.datalayer.entity.User, querySpaceUid=<gen:0>, path=com.bookstore.datalayer.entity.User)
          - CollectionAttributeFetchImpl(collection=com.bookstore.datalayer.entity.User.userBooks, querySpaceUid=<gen:1>, path=com.bookstore.datalayer.entity.User.userBooks)
             - (collection element) CollectionFetchableElementEntityGraph(entity=com.bookstore.datalayer.entity.UserBook, querySpaceUid=<gen:2>, path=com.bookstore.datalayer.entity.User.userBooks.<elements>)
          - CollectionAttributeFetchImpl(collection=com.bookstore.datalayer.entity.User.userRoles, querySpaceUid=<gen:3>, path=com.bookstore.datalayer.entity.User.userRoles)
             - (collection element) CollectionFetchableElementEntityGraph(entity=com.bookstore.datalayer.entity.UserRole, querySpaceUid=<gen:4>, path=com.bookstore.datalayer.entity.User.userRoles.<elements>)
    - QuerySpaces
       - EntityQuerySpaceImpl(uid=<gen:0>, entity=com.bookstore.datalayer.entity.User)
          - SQL table alias mapping - user0_
          - alias suffix - 0_
          - suffixed key columns - {id1_4_0_}

01:56:14.651 [main] DEBUG org.hibernate.loader.entity.plan.EntityLoader - Static select for entity com.bookstore.datalayer.entity.User [PESSIMISTIC_FORCE_INCREMENT]: select user0_.id as id1_4_0_, user0_.email as email2_4_0_, user0_.enabled as enabled3_4_0_, user0_.last_name as last_nam4_4_0_, user0_.first_name as first_na5_4_0_, user0_.password as password6_4_0_, user0_.phone as phone7_4_0_, user0_.username as username8_4_0_ from user user0_ where user0_.id=? for update
01:56:14.651 [main] DEBUG org.hibernate.loader.plan.build.internal.spaces.QuerySpacesImpl - Adding QuerySpace : uid = <gen:0> -> org.hibernate.loader.plan.build.internal.spaces.EntityQuerySpaceImpl@28737371]
01:56:14.652 [main] DEBUG org.hibernate.persister.walking.spi.MetamodelGraphWalker - Visiting attribute path : email
01:56:14.652 [main] DEBUG org.hibernate.persister.walking.spi.MetamodelGraphWalker - Visiting attribute path : enabled
01:56:14.652 [main] DEBUG org.hibernate.persister.walking.spi.MetamodelGraphWalker - Visiting attribute path : lastName
01:56:14.652 [main] DEBUG org.hibernate.persister.walking.spi.MetamodelGraphWalker - Visiting attribute path : name
01:56:14.652 [main] DEBUG org.hibernate.persister.walking.spi.MetamodelGraphWalker - Visiting attribute path : password
01:56:14.652 [main] DEBUG org.hibernate.persister.walking.spi.MetamodelGraphWalker - Visiting attribute path : phone
01:56:14.652 [main] DEBUG org.hibernate.persister.walking.spi.MetamodelGraphWalker - Visiting attribute path : userBooks
01:56:14.652 [main] DEBUG org.hibernate.loader.plan.build.internal.spaces.QuerySpacesImpl - Adding QuerySpace : uid = <gen:1> -> org.hibernate.loader.plan.build.internal.spaces.CollectionQuerySpaceImpl@760245e1]
01:56:14.652 [main] DEBUG org.hibernate.loader.plan.build.internal.spaces.QuerySpacesImpl - Adding QuerySpace : uid = <gen:2> -> org.hibernate.loader.plan.build.internal.spaces.EntityQuerySpaceImpl@31ceba99]
01:56:14.653 [main] DEBUG org.hibernate.persister.walking.spi.MetamodelGraphWalker - Visiting attribute path : userName
01:56:14.653 [main] DEBUG org.hibernate.persister.walking.spi.MetamodelGraphWalker - Visiting attribute path : userRoles
01:56:14.653 [main] DEBUG org.hibernate.loader.plan.build.internal.spaces.QuerySpacesImpl - Adding QuerySpace : uid = <gen:3> -> org.hibernate.loader.plan.build.internal.spaces.CollectionQuerySpaceImpl@295bf2a]
01:56:14.653 [main] DEBUG org.hibernate.loader.plan.build.internal.spaces.QuerySpacesImpl - Adding QuerySpace : uid = <gen:4> -> org.hibernate.loader.plan.build.internal.spaces.EntityQuerySpaceImpl@bbf9e07]
01:56:14.654 [main] DEBUG org.hibernate.loader.plan.build.internal.FetchStyleLoadPlanBuildingAssociationVisitationStrategy - Building LoadPlan...
01:56:14.654 [main] DEBUG org.hibernate.loader.plan.exec.internal.LoadQueryJoinAndFetchProcessor - processing queryspace <gen:0>
01:56:14.654 [main] DEBUG org.hibernate.loader.plan.build.spi.LoadPlanTreePrinter - LoadPlan(entity=com.bookstore.datalayer.entity.User)
    - Returns
       - EntityReturnImpl(entity=com.bookstore.datalayer.entity.User, querySpaceUid=<gen:0>, path=com.bookstore.datalayer.entity.User)
          - CollectionAttributeFetchImpl(collection=com.bookstore.datalayer.entity.User.userBooks, querySpaceUid=<gen:1>, path=com.bookstore.datalayer.entity.User.userBooks)
             - (collection element) CollectionFetchableElementEntityGraph(entity=com.bookstore.datalayer.entity.UserBook, querySpaceUid=<gen:2>, path=com.bookstore.datalayer.entity.User.userBooks.<elements>)
          - CollectionAttributeFetchImpl(collection=com.bookstore.datalayer.entity.User.userRoles, querySpaceUid=<gen:3>, path=com.bookstore.datalayer.entity.User.userRoles)
             - (collection element) CollectionFetchableElementEntityGraph(entity=com.bookstore.datalayer.entity.UserRole, querySpaceUid=<gen:4>, path=com.bookstore.datalayer.entity.User.userRoles.<elements>)
    - QuerySpaces
       - EntityQuerySpaceImpl(uid=<gen:0>, entity=com.bookstore.datalayer.entity.User)
          - SQL table alias mapping - user0_
          - alias suffix - 0_
          - suffixed key columns - {id1_4_0_}

01:56:14.655 [main] DEBUG org.hibernate.loader.entity.plan.EntityLoader - Static select for entity com.bookstore.datalayer.entity.User [OPTIMISTIC]: select user0_.id as id1_4_0_, user0_.email as email2_4_0_, user0_.enabled as enabled3_4_0_, user0_.last_name as last_nam4_4_0_, user0_.first_name as first_na5_4_0_, user0_.password as password6_4_0_, user0_.phone as phone7_4_0_, user0_.username as username8_4_0_ from user user0_ where user0_.id=?
01:56:14.655 [main] DEBUG org.hibernate.loader.plan.build.internal.spaces.QuerySpacesImpl - Adding QuerySpace : uid = <gen:0> -> org.hibernate.loader.plan.build.internal.spaces.EntityQuerySpaceImpl@6ff6efdc]
01:56:14.656 [main] DEBUG org.hibernate.persister.walking.spi.MetamodelGraphWalker - Visiting attribute path : email
01:56:14.656 [main] DEBUG org.hibernate.persister.walking.spi.MetamodelGraphWalker - Visiting attribute path : enabled
01:56:14.656 [main] DEBUG org.hibernate.persister.walking.spi.MetamodelGraphWalker - Visiting attribute path : lastName
01:56:14.656 [main] DEBUG org.hibernate.persister.walking.spi.MetamodelGraphWalker - Visiting attribute path : name
01:56:14.656 [main] DEBUG org.hibernate.persister.walking.spi.MetamodelGraphWalker - Visiting attribute path : password
01:56:14.656 [main] DEBUG org.hibernate.persister.walking.spi.MetamodelGraphWalker - Visiting attribute path : phone
01:56:14.656 [main] DEBUG org.hibernate.persister.walking.spi.MetamodelGraphWalker - Visiting attribute path : userBooks
01:56:14.657 [main] DEBUG org.hibernate.loader.plan.build.internal.spaces.QuerySpacesImpl - Adding QuerySpace : uid = <gen:1> -> org.hibernate.loader.plan.build.internal.spaces.CollectionQuerySpaceImpl@4eb1c69]
01:56:14.657 [main] DEBUG org.hibernate.loader.plan.build.internal.spaces.QuerySpacesImpl - Adding QuerySpace : uid = <gen:2> -> org.hibernate.loader.plan.build.internal.spaces.EntityQuerySpaceImpl@73d3e555]
01:56:14.657 [main] DEBUG org.hibernate.persister.walking.spi.MetamodelGraphWalker - Visiting attribute path : userName
01:56:14.657 [main] DEBUG org.hibernate.persister.walking.spi.MetamodelGraphWalker - Visiting attribute path : userRoles
01:56:14.657 [main] DEBUG org.hibernate.loader.plan.build.internal.spaces.QuerySpacesImpl - Adding QuerySpace : uid = <gen:3> -> org.hibernate.loader.plan.build.internal.spaces.CollectionQuerySpaceImpl@2b037cfc]
01:56:14.658 [main] DEBUG org.hibernate.loader.plan.build.internal.spaces.QuerySpacesImpl - Adding QuerySpace : uid = <gen:4> -> org.hibernate.loader.plan.build.internal.spaces.EntityQuerySpaceImpl@44924587]
01:56:14.658 [main] DEBUG org.hibernate.loader.plan.build.internal.FetchStyleLoadPlanBuildingAssociationVisitationStrategy - Building LoadPlan...
01:56:14.659 [main] DEBUG org.hibernate.loader.plan.exec.internal.LoadQueryJoinAndFetchProcessor - processing queryspace <gen:0>
01:56:14.659 [main] DEBUG org.hibernate.loader.plan.build.spi.LoadPlanTreePrinter - LoadPlan(entity=com.bookstore.datalayer.entity.User)
    - Returns
       - EntityReturnImpl(entity=com.bookstore.datalayer.entity.User, querySpaceUid=<gen:0>, path=com.bookstore.datalayer.entity.User)
          - CollectionAttributeFetchImpl(collection=com.bookstore.datalayer.entity.User.userBooks, querySpaceUid=<gen:1>, path=com.bookstore.datalayer.entity.User.userBooks)
             - (collection element) CollectionFetchableElementEntityGraph(entity=com.bookstore.datalayer.entity.UserBook, querySpaceUid=<gen:2>, path=com.bookstore.datalayer.entity.User.userBooks.<elements>)
          - CollectionAttributeFetchImpl(collection=com.bookstore.datalayer.entity.User.userRoles, querySpaceUid=<gen:3>, path=com.bookstore.datalayer.entity.User.userRoles)
             - (collection element) CollectionFetchableElementEntityGraph(entity=com.bookstore.datalayer.entity.UserRole, querySpaceUid=<gen:4>, path=com.bookstore.datalayer.entity.User.userRoles.<elements>)
    - QuerySpaces
       - EntityQuerySpaceImpl(uid=<gen:0>, entity=com.bookstore.datalayer.entity.User)
          - SQL table alias mapping - user0_
          - alias suffix - 0_
          - suffixed key columns - {id1_4_0_}

01:56:14.661 [main] DEBUG org.hibernate.loader.entity.plan.EntityLoader - Static select for entity com.bookstore.datalayer.entity.User [OPTIMISTIC_FORCE_INCREMENT]: select user0_.id as id1_4_0_, user0_.email as email2_4_0_, user0_.enabled as enabled3_4_0_, user0_.last_name as last_nam4_4_0_, user0_.first_name as first_na5_4_0_, user0_.password as password6_4_0_, user0_.phone as phone7_4_0_, user0_.username as username8_4_0_ from user user0_ where user0_.id=?
01:56:14.665 [main] DEBUG org.hibernate.loader.Loader - Static select for action ACTION_MERGE on entity com.bookstore.datalayer.entity.User: select user0_.id as id1_4_2_, user0_.email as email2_4_2_, user0_.enabled as enabled3_4_2_, user0_.last_name as last_nam4_4_2_, user0_.first_name as first_na5_4_2_, user0_.password as password6_4_2_, user0_.phone as phone7_4_2_, user0_.username as username8_4_2_, userbooks1_.user_id as user_id3_5_4_, userbooks1_.user_book_id as user_boo1_5_4_, userbooks1_.user_book_id as user_boo1_5_0_, userbooks1_.book_id as book_id2_5_0_, userbooks1_.user_id as user_id3_5_0_, book2_.book_id as book_id1_0_1_, book2_.author as author2_0_1_, book2_.description as descript3_0_1_, book2_.name as name4_0_1_, book2_.published_date as publishe5_0_1_, book2_.publisher as publishe6_0_1_ from user user0_ left outer join user_book userbooks1_ on user0_.id=userbooks1_.user_id left outer join book book2_ on userbooks1_.book_id=book2_.book_id where user0_.id=?
01:56:14.669 [main] DEBUG org.hibernate.loader.Loader - Static select for action ACTION_REFRESH on entity com.bookstore.datalayer.entity.User: select user0_.id as id1_4_2_, user0_.email as email2_4_2_, user0_.enabled as enabled3_4_2_, user0_.last_name as last_nam4_4_2_, user0_.first_name as first_na5_4_2_, user0_.password as password6_4_2_, user0_.phone as phone7_4_2_, user0_.username as username8_4_2_, userbooks1_.user_id as user_id3_5_4_, userbooks1_.user_book_id as user_boo1_5_4_, userbooks1_.user_book_id as user_boo1_5_0_, userbooks1_.book_id as book_id2_5_0_, userbooks1_.user_id as user_id3_5_0_, book2_.book_id as book_id1_0_1_, book2_.author as author2_0_1_, book2_.description as descript3_0_1_, book2_.name as name4_0_1_, book2_.published_date as publishe5_0_1_, book2_.publisher as publishe6_0_1_ from user user0_ left outer join user_book userbooks1_ on user0_.id=userbooks1_.user_id left outer join book book2_ on userbooks1_.book_id=book2_.book_id where user0_.id=?
01:56:14.669 [main] DEBUG org.hibernate.persister.entity.AbstractEntityPersister - Static SQL for entity: com.bookstore.datalayer.entity.Tag
01:56:14.669 [main] DEBUG org.hibernate.persister.entity.AbstractEntityPersister -  Version select: select tag_id from tag where tag_id =?
01:56:14.669 [main] DEBUG org.hibernate.persister.entity.AbstractEntityPersister -  Snapshot select: select tag_.tag_id, tag_.name as name2_3_ from tag tag_ where tag_.tag_id=?
01:56:14.669 [main] DEBUG org.hibernate.persister.entity.AbstractEntityPersister -  Insert 0: insert into tag (name, tag_id) values (?, ?)
01:56:14.670 [main] DEBUG org.hibernate.persister.entity.AbstractEntityPersister -  Update 0: update tag set name=? where tag_id=?
01:56:14.670 [main] DEBUG org.hibernate.persister.entity.AbstractEntityPersister -  Delete 0: delete from tag where tag_id=?
01:56:14.670 [main] DEBUG org.hibernate.loader.plan.build.internal.spaces.QuerySpacesImpl - Adding QuerySpace : uid = <gen:0> -> org.hibernate.loader.plan.build.internal.spaces.EntityQuerySpaceImpl@4487c0c2]
01:56:14.670 [main] DEBUG org.hibernate.persister.walking.spi.MetamodelGraphWalker - Visiting attribute path : name
01:56:14.670 [main] DEBUG org.hibernate.loader.plan.build.internal.FetchStyleLoadPlanBuildingAssociationVisitationStrategy - Building LoadPlan...
01:56:14.671 [main] DEBUG org.hibernate.loader.plan.exec.internal.LoadQueryJoinAndFetchProcessor - processing queryspace <gen:0>
01:56:14.671 [main] DEBUG org.hibernate.loader.plan.build.spi.LoadPlanTreePrinter - LoadPlan(entity=com.bookstore.datalayer.entity.Tag)
    - Returns
       - EntityReturnImpl(entity=com.bookstore.datalayer.entity.Tag, querySpaceUid=<gen:0>, path=com.bookstore.datalayer.entity.Tag)
    - QuerySpaces
       - EntityQuerySpaceImpl(uid=<gen:0>, entity=com.bookstore.datalayer.entity.Tag)
          - SQL table alias mapping - tag0_
          - alias suffix - 0_
          - suffixed key columns - {tag_id1_3_0_}

01:56:14.672 [main] DEBUG org.hibernate.loader.entity.plan.EntityLoader - Static select for entity com.bookstore.datalayer.entity.Tag [NONE]: select tag0_.tag_id as tag_id1_3_0_, tag0_.name as name2_3_0_ from tag tag0_ where tag0_.tag_id=?
01:56:14.672 [main] DEBUG org.hibernate.loader.plan.build.internal.spaces.QuerySpacesImpl - Adding QuerySpace : uid = <gen:0> -> org.hibernate.loader.plan.build.internal.spaces.EntityQuerySpaceImpl@3a08078c]
01:56:14.672 [main] DEBUG org.hibernate.persister.walking.spi.MetamodelGraphWalker - Visiting attribute path : name
01:56:14.672 [main] DEBUG org.hibernate.loader.plan.build.internal.FetchStyleLoadPlanBuildingAssociationVisitationStrategy - Building LoadPlan...
01:56:14.672 [main] DEBUG org.hibernate.loader.plan.exec.internal.LoadQueryJoinAndFetchProcessor - processing queryspace <gen:0>
01:56:14.673 [main] DEBUG org.hibernate.loader.plan.build.spi.LoadPlanTreePrinter - LoadPlan(entity=com.bookstore.datalayer.entity.Tag)
    - Returns
       - EntityReturnImpl(entity=com.bookstore.datalayer.entity.Tag, querySpaceUid=<gen:0>, path=com.bookstore.datalayer.entity.Tag)
    - QuerySpaces
       - EntityQuerySpaceImpl(uid=<gen:0>, entity=com.bookstore.datalayer.entity.Tag)
          - SQL table alias mapping - tag0_
          - alias suffix - 0_
          - suffixed key columns - {tag_id1_3_0_}

01:56:14.673 [main] DEBUG org.hibernate.loader.entity.plan.EntityLoader - Static select for entity com.bookstore.datalayer.entity.Tag [READ]: select tag0_.tag_id as tag_id1_3_0_, tag0_.name as name2_3_0_ from tag tag0_ where tag0_.tag_id=?
01:56:14.673 [main] DEBUG org.hibernate.loader.plan.build.internal.spaces.QuerySpacesImpl - Adding QuerySpace : uid = <gen:0> -> org.hibernate.loader.plan.build.internal.spaces.EntityQuerySpaceImpl@29f85fe1]
01:56:14.673 [main] DEBUG org.hibernate.persister.walking.spi.MetamodelGraphWalker - Visiting attribute path : name
01:56:14.673 [main] DEBUG org.hibernate.loader.plan.build.internal.FetchStyleLoadPlanBuildingAssociationVisitationStrategy - Building LoadPlan...
01:56:14.674 [main] DEBUG org.hibernate.loader.plan.exec.internal.LoadQueryJoinAndFetchProcessor - processing queryspace <gen:0>
01:56:14.674 [main] DEBUG org.hibernate.loader.plan.build.spi.LoadPlanTreePrinter - LoadPlan(entity=com.bookstore.datalayer.entity.Tag)
    - Returns
       - EntityReturnImpl(entity=com.bookstore.datalayer.entity.Tag, querySpaceUid=<gen:0>, path=com.bookstore.datalayer.entity.Tag)
    - QuerySpaces
       - EntityQuerySpaceImpl(uid=<gen:0>, entity=com.bookstore.datalayer.entity.Tag)
          - SQL table alias mapping - tag0_
          - alias suffix - 0_
          - suffixed key columns - {tag_id1_3_0_}

01:56:14.674 [main] DEBUG org.hibernate.loader.entity.plan.EntityLoader - Static select for entity com.bookstore.datalayer.entity.Tag [UPGRADE]: select tag0_.tag_id as tag_id1_3_0_, tag0_.name as name2_3_0_ from tag tag0_ where tag0_.tag_id=? for update
01:56:14.674 [main] DEBUG org.hibernate.loader.plan.build.internal.spaces.QuerySpacesImpl - Adding QuerySpace : uid = <gen:0> -> org.hibernate.loader.plan.build.internal.spaces.EntityQuerySpaceImpl@396ef8b2]
01:56:14.674 [main] DEBUG org.hibernate.persister.walking.spi.MetamodelGraphWalker - Visiting attribute path : name
01:56:14.675 [main] DEBUG org.hibernate.loader.plan.build.internal.FetchStyleLoadPlanBuildingAssociationVisitationStrategy - Building LoadPlan...
01:56:14.675 [main] DEBUG org.hibernate.loader.plan.exec.internal.LoadQueryJoinAndFetchProcessor - processing queryspace <gen:0>
01:56:14.675 [main] DEBUG org.hibernate.loader.plan.build.spi.LoadPlanTreePrinter - LoadPlan(entity=com.bookstore.datalayer.entity.Tag)
    - Returns
       - EntityReturnImpl(entity=com.bookstore.datalayer.entity.Tag, querySpaceUid=<gen:0>, path=com.bookstore.datalayer.entity.Tag)
    - QuerySpaces
       - EntityQuerySpaceImpl(uid=<gen:0>, entity=com.bookstore.datalayer.entity.Tag)
          - SQL table alias mapping - tag0_
          - alias suffix - 0_
          - suffixed key columns - {tag_id1_3_0_}

01:56:14.675 [main] DEBUG org.hibernate.loader.entity.plan.EntityLoader - Static select for entity com.bookstore.datalayer.entity.Tag [UPGRADE_NOWAIT]: select tag0_.tag_id as tag_id1_3_0_, tag0_.name as name2_3_0_ from tag tag0_ where tag0_.tag_id=? for update
01:56:14.675 [main] DEBUG org.hibernate.loader.plan.build.internal.spaces.QuerySpacesImpl - Adding QuerySpace : uid = <gen:0> -> org.hibernate.loader.plan.build.internal.spaces.EntityQuerySpaceImpl@19ee1ae6]
01:56:14.675 [main] DEBUG org.hibernate.persister.walking.spi.MetamodelGraphWalker - Visiting attribute path : name
01:56:14.676 [main] DEBUG org.hibernate.loader.plan.build.internal.FetchStyleLoadPlanBuildingAssociationVisitationStrategy - Building LoadPlan...
01:56:14.676 [main] DEBUG org.hibernate.loader.plan.exec.internal.LoadQueryJoinAndFetchProcessor - processing queryspace <gen:0>
01:56:14.676 [main] DEBUG org.hibernate.loader.plan.build.spi.LoadPlanTreePrinter - LoadPlan(entity=com.bookstore.datalayer.entity.Tag)
    - Returns
       - EntityReturnImpl(entity=com.bookstore.datalayer.entity.Tag, querySpaceUid=<gen:0>, path=com.bookstore.datalayer.entity.Tag)
    - QuerySpaces
       - EntityQuerySpaceImpl(uid=<gen:0>, entity=com.bookstore.datalayer.entity.Tag)
          - SQL table alias mapping - tag0_
          - alias suffix - 0_
          - suffixed key columns - {tag_id1_3_0_}

01:56:14.676 [main] DEBUG org.hibernate.loader.entity.plan.EntityLoader - Static select for entity com.bookstore.datalayer.entity.Tag [UPGRADE_SKIPLOCKED]: select tag0_.tag_id as tag_id1_3_0_, tag0_.name as name2_3_0_ from tag tag0_ where tag0_.tag_id=? for update
01:56:14.676 [main] DEBUG org.hibernate.loader.plan.build.internal.spaces.QuerySpacesImpl - Adding QuerySpace : uid = <gen:0> -> org.hibernate.loader.plan.build.internal.spaces.EntityQuerySpaceImpl@1174a305]
01:56:14.677 [main] DEBUG org.hibernate.persister.walking.spi.MetamodelGraphWalker - Visiting attribute path : name
01:56:14.677 [main] DEBUG org.hibernate.loader.plan.build.internal.FetchStyleLoadPlanBuildingAssociationVisitationStrategy - Building LoadPlan...
01:56:14.677 [main] DEBUG org.hibernate.loader.plan.exec.internal.LoadQueryJoinAndFetchProcessor - processing queryspace <gen:0>
01:56:14.677 [main] DEBUG org.hibernate.loader.plan.build.spi.LoadPlanTreePrinter - LoadPlan(entity=com.bookstore.datalayer.entity.Tag)
    - Returns
       - EntityReturnImpl(entity=com.bookstore.datalayer.entity.Tag, querySpaceUid=<gen:0>, path=com.bookstore.datalayer.entity.Tag)
    - QuerySpaces
       - EntityQuerySpaceImpl(uid=<gen:0>, entity=com.bookstore.datalayer.entity.Tag)
          - SQL table alias mapping - tag0_
          - alias suffix - 0_
          - suffixed key columns - {tag_id1_3_0_}

01:56:14.677 [main] DEBUG org.hibernate.loader.entity.plan.EntityLoader - Static select for entity com.bookstore.datalayer.entity.Tag [FORCE]: select tag0_.tag_id as tag_id1_3_0_, tag0_.name as name2_3_0_ from tag tag0_ where tag0_.tag_id=? for update
01:56:14.677 [main] DEBUG org.hibernate.loader.plan.build.internal.spaces.QuerySpacesImpl - Adding QuerySpace : uid = <gen:0> -> org.hibernate.loader.plan.build.internal.spaces.EntityQuerySpaceImpl@1866da85]
01:56:14.677 [main] DEBUG org.hibernate.persister.walking.spi.MetamodelGraphWalker - Visiting attribute path : name
01:56:14.677 [main] DEBUG org.hibernate.loader.plan.build.internal.FetchStyleLoadPlanBuildingAssociationVisitationStrategy - Building LoadPlan...
01:56:14.678 [main] DEBUG org.hibernate.loader.plan.exec.internal.LoadQueryJoinAndFetchProcessor - processing queryspace <gen:0>
01:56:14.678 [main] DEBUG org.hibernate.loader.plan.build.spi.LoadPlanTreePrinter - LoadPlan(entity=com.bookstore.datalayer.entity.Tag)
    - Returns
       - EntityReturnImpl(entity=com.bookstore.datalayer.entity.Tag, querySpaceUid=<gen:0>, path=com.bookstore.datalayer.entity.Tag)
    - QuerySpaces
       - EntityQuerySpaceImpl(uid=<gen:0>, entity=com.bookstore.datalayer.entity.Tag)
          - SQL table alias mapping - tag0_
          - alias suffix - 0_
          - suffixed key columns - {tag_id1_3_0_}

01:56:14.678 [main] DEBUG org.hibernate.loader.entity.plan.EntityLoader - Static select for entity com.bookstore.datalayer.entity.Tag [PESSIMISTIC_READ]: select tag0_.tag_id as tag_id1_3_0_, tag0_.name as name2_3_0_ from tag tag0_ where tag0_.tag_id=? lock in share mode
01:56:14.678 [main] DEBUG org.hibernate.loader.plan.build.internal.spaces.QuerySpacesImpl - Adding QuerySpace : uid = <gen:0> -> org.hibernate.loader.plan.build.internal.spaces.EntityQuerySpaceImpl@78226c36]
01:56:14.678 [main] DEBUG org.hibernate.persister.walking.spi.MetamodelGraphWalker - Visiting attribute path : name
01:56:14.678 [main] DEBUG org.hibernate.loader.plan.build.internal.FetchStyleLoadPlanBuildingAssociationVisitationStrategy - Building LoadPlan...
01:56:14.679 [main] DEBUG org.hibernate.loader.plan.exec.internal.LoadQueryJoinAndFetchProcessor - processing queryspace <gen:0>
01:56:14.680 [main] DEBUG org.hibernate.loader.plan.build.spi.LoadPlanTreePrinter - LoadPlan(entity=com.bookstore.datalayer.entity.Tag)
    - Returns
       - EntityReturnImpl(entity=com.bookstore.datalayer.entity.Tag, querySpaceUid=<gen:0>, path=com.bookstore.datalayer.entity.Tag)
    - QuerySpaces
       - EntityQuerySpaceImpl(uid=<gen:0>, entity=com.bookstore.datalayer.entity.Tag)
          - SQL table alias mapping - tag0_
          - alias suffix - 0_
          - suffixed key columns - {tag_id1_3_0_}

01:56:14.680 [main] DEBUG org.hibernate.loader.entity.plan.EntityLoader - Static select for entity com.bookstore.datalayer.entity.Tag [PESSIMISTIC_WRITE]: select tag0_.tag_id as tag_id1_3_0_, tag0_.name as name2_3_0_ from tag tag0_ where tag0_.tag_id=? for update
01:56:14.680 [main] DEBUG org.hibernate.loader.plan.build.internal.spaces.QuerySpacesImpl - Adding QuerySpace : uid = <gen:0> -> org.hibernate.loader.plan.build.internal.spaces.EntityQuerySpaceImpl@11f406f8]
01:56:14.680 [main] DEBUG org.hibernate.persister.walking.spi.MetamodelGraphWalker - Visiting attribute path : name
01:56:14.680 [main] DEBUG org.hibernate.loader.plan.build.internal.FetchStyleLoadPlanBuildingAssociationVisitationStrategy - Building LoadPlan...
01:56:14.681 [main] DEBUG org.hibernate.loader.plan.exec.internal.LoadQueryJoinAndFetchProcessor - processing queryspace <gen:0>
01:56:14.682 [main] DEBUG org.hibernate.loader.plan.build.spi.LoadPlanTreePrinter - LoadPlan(entity=com.bookstore.datalayer.entity.Tag)
    - Returns
       - EntityReturnImpl(entity=com.bookstore.datalayer.entity.Tag, querySpaceUid=<gen:0>, path=com.bookstore.datalayer.entity.Tag)
    - QuerySpaces
       - EntityQuerySpaceImpl(uid=<gen:0>, entity=com.bookstore.datalayer.entity.Tag)
          - SQL table alias mapping - tag0_
          - alias suffix - 0_
          - suffixed key columns - {tag_id1_3_0_}

01:56:14.682 [main] DEBUG org.hibernate.loader.entity.plan.EntityLoader - Static select for entity com.bookstore.datalayer.entity.Tag [PESSIMISTIC_FORCE_INCREMENT]: select tag0_.tag_id as tag_id1_3_0_, tag0_.name as name2_3_0_ from tag tag0_ where tag0_.tag_id=? for update
01:56:14.682 [main] DEBUG org.hibernate.loader.plan.build.internal.spaces.QuerySpacesImpl - Adding QuerySpace : uid = <gen:0> -> org.hibernate.loader.plan.build.internal.spaces.EntityQuerySpaceImpl@622fdb81]
01:56:14.682 [main] DEBUG org.hibernate.persister.walking.spi.MetamodelGraphWalker - Visiting attribute path : name
01:56:14.682 [main] DEBUG org.hibernate.loader.plan.build.internal.FetchStyleLoadPlanBuildingAssociationVisitationStrategy - Building LoadPlan...
01:56:14.684 [main] DEBUG org.hibernate.loader.plan.exec.internal.LoadQueryJoinAndFetchProcessor - processing queryspace <gen:0>
01:56:14.686 [main] DEBUG org.hibernate.loader.plan.build.spi.LoadPlanTreePrinter - LoadPlan(entity=com.bookstore.datalayer.entity.Tag)
    - Returns
       - EntityReturnImpl(entity=com.bookstore.datalayer.entity.Tag, querySpaceUid=<gen:0>, path=com.bookstore.datalayer.entity.Tag)
    - QuerySpaces
       - EntityQuerySpaceImpl(uid=<gen:0>, entity=com.bookstore.datalayer.entity.Tag)
          - SQL table alias mapping - tag0_
          - alias suffix - 0_
          - suffixed key columns - {tag_id1_3_0_}

01:56:14.686 [main] DEBUG org.hibernate.loader.entity.plan.EntityLoader - Static select for entity com.bookstore.datalayer.entity.Tag [OPTIMISTIC]: select tag0_.tag_id as tag_id1_3_0_, tag0_.name as name2_3_0_ from tag tag0_ where tag0_.tag_id=?
01:56:14.686 [main] DEBUG org.hibernate.loader.plan.build.internal.spaces.QuerySpacesImpl - Adding QuerySpace : uid = <gen:0> -> org.hibernate.loader.plan.build.internal.spaces.EntityQuerySpaceImpl@2ec3633f]
01:56:14.686 [main] DEBUG org.hibernate.persister.walking.spi.MetamodelGraphWalker - Visiting attribute path : name
01:56:14.686 [main] DEBUG org.hibernate.loader.plan.build.internal.FetchStyleLoadPlanBuildingAssociationVisitationStrategy - Building LoadPlan...
01:56:14.687 [main] DEBUG org.hibernate.loader.plan.exec.internal.LoadQueryJoinAndFetchProcessor - processing queryspace <gen:0>
01:56:14.687 [main] DEBUG org.hibernate.loader.plan.build.spi.LoadPlanTreePrinter - LoadPlan(entity=com.bookstore.datalayer.entity.Tag)
    - Returns
       - EntityReturnImpl(entity=com.bookstore.datalayer.entity.Tag, querySpaceUid=<gen:0>, path=com.bookstore.datalayer.entity.Tag)
    - QuerySpaces
       - EntityQuerySpaceImpl(uid=<gen:0>, entity=com.bookstore.datalayer.entity.Tag)
          - SQL table alias mapping - tag0_
          - alias suffix - 0_
          - suffixed key columns - {tag_id1_3_0_}

01:56:14.688 [main] DEBUG org.hibernate.loader.entity.plan.EntityLoader - Static select for entity com.bookstore.datalayer.entity.Tag [OPTIMISTIC_FORCE_INCREMENT]: select tag0_.tag_id as tag_id1_3_0_, tag0_.name as name2_3_0_ from tag tag0_ where tag0_.tag_id=?
01:56:14.688 [main] DEBUG org.hibernate.loader.Loader - Static select for action ACTION_MERGE on entity com.bookstore.datalayer.entity.Tag: select tag0_.tag_id as tag_id1_3_0_, tag0_.name as name2_3_0_ from tag tag0_ where tag0_.tag_id=?
01:56:14.689 [main] DEBUG org.hibernate.loader.Loader - Static select for action ACTION_REFRESH on entity com.bookstore.datalayer.entity.Tag: select tag0_.tag_id as tag_id1_3_0_, tag0_.name as name2_3_0_ from tag tag0_ where tag0_.tag_id=?
01:56:14.689 [main] DEBUG org.hibernate.persister.entity.AbstractEntityPersister - Static SQL for entity: com.bookstore.datalayer.entity.UserBook
01:56:14.689 [main] DEBUG org.hibernate.persister.entity.AbstractEntityPersister -  Version select: select user_book_id from user_book where user_book_id =?
01:56:14.689 [main] DEBUG org.hibernate.persister.entity.AbstractEntityPersister -  Snapshot select: select userbook_.user_book_id, userbook_.book_id as book_id2_5_, userbook_.user_id as user_id3_5_ from user_book userbook_ where userbook_.user_book_id=?
01:56:14.689 [main] DEBUG org.hibernate.persister.entity.AbstractEntityPersister -  Insert 0: insert into user_book (book_id, user_id, user_book_id) values (?, ?, ?)
01:56:14.689 [main] DEBUG org.hibernate.persister.entity.AbstractEntityPersister -  Update 0: update user_book set book_id=?, user_id=? where user_book_id=?
01:56:14.689 [main] DEBUG org.hibernate.persister.entity.AbstractEntityPersister -  Delete 0: delete from user_book where user_book_id=?
01:56:14.689 [main] DEBUG org.hibernate.loader.plan.build.internal.spaces.QuerySpacesImpl - Adding QuerySpace : uid = <gen:0> -> org.hibernate.loader.plan.build.internal.spaces.EntityQuerySpaceImpl@13275d8]
01:56:14.689 [main] DEBUG org.hibernate.persister.walking.spi.MetamodelGraphWalker - Visiting attribute path : book
01:56:14.689 [main] DEBUG org.hibernate.loader.plan.build.internal.spaces.QuerySpacesImpl - Adding QuerySpace : uid = <gen:1> -> org.hibernate.loader.plan.build.internal.spaces.EntityQuerySpaceImpl@20576557]
01:56:14.689 [main] DEBUG org.hibernate.persister.walking.spi.MetamodelGraphWalker - Visiting attribute path : book.author
01:56:14.689 [main] DEBUG org.hibernate.persister.walking.spi.MetamodelGraphWalker - Visiting attribute path : book.description
01:56:14.689 [main] DEBUG org.hibernate.persister.walking.spi.MetamodelGraphWalker - Visiting attribute path : book.name
01:56:14.689 [main] DEBUG org.hibernate.persister.walking.spi.MetamodelGraphWalker - Visiting attribute path : book.publishedDate
01:56:14.689 [main] DEBUG org.hibernate.persister.walking.spi.MetamodelGraphWalker - Visiting attribute path : book.publisher
01:56:14.690 [main] DEBUG org.hibernate.persister.walking.spi.MetamodelGraphWalker - Visiting attribute path : user
01:56:14.690 [main] DEBUG org.hibernate.loader.plan.build.internal.spaces.QuerySpacesImpl - Adding QuerySpace : uid = <gen:2> -> org.hibernate.loader.plan.build.internal.spaces.EntityQuerySpaceImpl@45c2e0a6]
01:56:14.690 [main] DEBUG org.hibernate.persister.walking.spi.MetamodelGraphWalker - Visiting attribute path : user.email
01:56:14.690 [main] DEBUG org.hibernate.persister.walking.spi.MetamodelGraphWalker - Visiting attribute path : user.enabled
01:56:14.690 [main] DEBUG org.hibernate.persister.walking.spi.MetamodelGraphWalker - Visiting attribute path : user.lastName
01:56:14.690 [main] DEBUG org.hibernate.persister.walking.spi.MetamodelGraphWalker - Visiting attribute path : user.name
01:56:14.690 [main] DEBUG org.hibernate.persister.walking.spi.MetamodelGraphWalker - Visiting attribute path : user.password
01:56:14.690 [main] DEBUG org.hibernate.persister.walking.spi.MetamodelGraphWalker - Visiting attribute path : user.phone
01:56:14.690 [main] DEBUG org.hibernate.persister.walking.spi.MetamodelGraphWalker - Visiting attribute path : user.userBooks
01:56:14.690 [main] DEBUG org.hibernate.persister.walking.spi.MetamodelGraphWalker - Property path deemed to be circular : user.userBooks
01:56:14.690 [main] DEBUG org.hibernate.persister.walking.spi.MetamodelGraphWalker - Visiting attribute path : user.userName
01:56:14.690 [main] DEBUG org.hibernate.persister.walking.spi.MetamodelGraphWalker - Visiting attribute path : user.userRoles
01:56:14.691 [main] DEBUG org.hibernate.loader.plan.build.internal.spaces.QuerySpacesImpl - Adding QuerySpace : uid = <gen:3> -> org.hibernate.loader.plan.build.internal.spaces.CollectionQuerySpaceImpl@a7ad6e5]
01:56:14.691 [main] DEBUG org.hibernate.loader.plan.build.internal.spaces.QuerySpacesImpl - Adding QuerySpace : uid = <gen:4> -> org.hibernate.loader.plan.build.internal.spaces.EntityQuerySpaceImpl@3b1ed14b]
01:56:14.691 [main] DEBUG org.hibernate.loader.plan.build.internal.FetchStyleLoadPlanBuildingAssociationVisitationStrategy - Building LoadPlan...
01:56:14.691 [main] DEBUG org.hibernate.loader.plan.exec.internal.LoadQueryJoinAndFetchProcessor - processing queryspace <gen:0>
01:56:14.699 [main] DEBUG org.hibernate.loader.plan.build.spi.LoadPlanTreePrinter - LoadPlan(entity=com.bookstore.datalayer.entity.UserBook)
    - Returns
       - EntityReturnImpl(entity=com.bookstore.datalayer.entity.UserBook, querySpaceUid=<gen:0>, path=com.bookstore.datalayer.entity.UserBook)
          - EntityAttributeFetchImpl(entity=com.bookstore.datalayer.entity.Book, querySpaceUid=<gen:1>, path=com.bookstore.datalayer.entity.UserBook.book)
          - EntityAttributeFetchImpl(entity=com.bookstore.datalayer.entity.User, querySpaceUid=<gen:2>, path=com.bookstore.datalayer.entity.UserBook.user)
             - CollectionAttributeFetchImpl(collection=com.bookstore.datalayer.entity.User.userRoles, querySpaceUid=<gen:3>, path=com.bookstore.datalayer.entity.UserBook.user.userRoles)
                - (collection element) CollectionFetchableElementEntityGraph(entity=com.bookstore.datalayer.entity.UserRole, querySpaceUid=<gen:4>, path=com.bookstore.datalayer.entity.UserBook.user.userRoles.<elements>)
    - QuerySpaces
       - EntityQuerySpaceImpl(uid=<gen:0>, entity=com.bookstore.datalayer.entity.UserBook)
          - SQL table alias mapping - userbook0_
          - alias suffix - 0_
          - suffixed key columns - {user_boo1_5_0_}
          - JOIN (JoinDefinedByMetadata(book)) : <gen:0> -> <gen:1>
             - EntityQuerySpaceImpl(uid=<gen:1>, entity=com.bookstore.datalayer.entity.Book)
                - SQL table alias mapping - book1_
                - alias suffix - 1_
                - suffixed key columns - {book_id1_0_1_}
          - JOIN (JoinDefinedByMetadata(user)) : <gen:0> -> <gen:2>
             - EntityQuerySpaceImpl(uid=<gen:2>, entity=com.bookstore.datalayer.entity.User)
                - SQL table alias mapping - user2_
                - alias suffix - 2_
                - suffixed key columns - {id1_4_2_}

01:56:14.699 [main] DEBUG org.hibernate.loader.entity.plan.EntityLoader - Static select for entity com.bookstore.datalayer.entity.UserBook [NONE]: select userbook0_.user_book_id as user_boo1_5_0_, userbook0_.book_id as book_id2_5_0_, userbook0_.user_id as user_id3_5_0_, book1_.book_id as book_id1_0_1_, book1_.author as author2_0_1_, book1_.description as descript3_0_1_, book1_.name as name4_0_1_, book1_.published_date as publishe5_0_1_, book1_.publisher as publishe6_0_1_, user2_.id as id1_4_2_, user2_.email as email2_4_2_, user2_.enabled as enabled3_4_2_, user2_.last_name as last_nam4_4_2_, user2_.first_name as first_na5_4_2_, user2_.password as password6_4_2_, user2_.phone as phone7_4_2_, user2_.username as username8_4_2_ from user_book userbook0_ left outer join book book1_ on userbook0_.book_id=book1_.book_id inner join user user2_ on userbook0_.user_id=user2_.id where userbook0_.user_book_id=?
01:56:14.699 [main] DEBUG org.hibernate.loader.plan.build.internal.spaces.QuerySpacesImpl - Adding QuerySpace : uid = <gen:0> -> org.hibernate.loader.plan.build.internal.spaces.EntityQuerySpaceImpl@690bc15e]
01:56:14.702 [main] DEBUG org.hibernate.persister.walking.spi.MetamodelGraphWalker - Visiting attribute path : book
01:56:14.705 [main] DEBUG org.hibernate.loader.plan.build.internal.spaces.QuerySpacesImpl - Adding QuerySpace : uid = <gen:1> -> org.hibernate.loader.plan.build.internal.spaces.EntityQuerySpaceImpl@475646d4]
01:56:14.706 [main] DEBUG org.hibernate.persister.walking.spi.MetamodelGraphWalker - Visiting attribute path : book.author
01:56:14.706 [main] DEBUG org.hibernate.persister.walking.spi.MetamodelGraphWalker - Visiting attribute path : book.description
01:56:14.706 [main] DEBUG org.hibernate.persister.walking.spi.MetamodelGraphWalker - Visiting attribute path : book.name
01:56:14.706 [main] DEBUG org.hibernate.persister.walking.spi.MetamodelGraphWalker - Visiting attribute path : book.publishedDate
01:56:14.706 [main] DEBUG org.hibernate.persister.walking.spi.MetamodelGraphWalker - Visiting attribute path : book.publisher
01:56:14.706 [main] DEBUG org.hibernate.persister.walking.spi.MetamodelGraphWalker - Visiting attribute path : user
01:56:14.706 [main] DEBUG org.hibernate.loader.plan.build.internal.spaces.QuerySpacesImpl - Adding QuerySpace : uid = <gen:2> -> org.hibernate.loader.plan.build.internal.spaces.EntityQuerySpaceImpl@3db972d2]
01:56:14.706 [main] DEBUG org.hibernate.persister.walking.spi.MetamodelGraphWalker - Visiting attribute path : user.email
01:56:14.706 [main] DEBUG org.hibernate.persister.walking.spi.MetamodelGraphWalker - Visiting attribute path : user.enabled
01:56:14.706 [main] DEBUG org.hibernate.persister.walking.spi.MetamodelGraphWalker - Visiting attribute path : user.lastName
01:56:14.706 [main] DEBUG org.hibernate.persister.walking.spi.MetamodelGraphWalker - Visiting attribute path : user.name
01:56:14.706 [main] DEBUG org.hibernate.persister.walking.spi.MetamodelGraphWalker - Visiting attribute path : user.password
01:56:14.706 [main] DEBUG org.hibernate.persister.walking.spi.MetamodelGraphWalker - Visiting attribute path : user.phone
01:56:14.706 [main] DEBUG org.hibernate.persister.walking.spi.MetamodelGraphWalker - Visiting attribute path : user.userBooks
01:56:14.706 [main] DEBUG org.hibernate.persister.walking.spi.MetamodelGraphWalker - Property path deemed to be circular : user.userBooks
01:56:14.706 [main] DEBUG org.hibernate.persister.walking.spi.MetamodelGraphWalker - Visiting attribute path : user.userName
01:56:14.706 [main] DEBUG org.hibernate.persister.walking.spi.MetamodelGraphWalker - Visiting attribute path : user.userRoles
01:56:14.706 [main] DEBUG org.hibernate.loader.plan.build.internal.spaces.QuerySpacesImpl - Adding QuerySpace : uid = <gen:3> -> org.hibernate.loader.plan.build.internal.spaces.CollectionQuerySpaceImpl@687e4c93]
01:56:14.707 [main] DEBUG org.hibernate.loader.plan.build.internal.spaces.QuerySpacesImpl - Adding QuerySpace : uid = <gen:4> -> org.hibernate.loader.plan.build.internal.spaces.EntityQuerySpaceImpl@181e72d3]
01:56:14.710 [main] DEBUG org.hibernate.loader.plan.build.internal.FetchStyleLoadPlanBuildingAssociationVisitationStrategy - Building LoadPlan...
01:56:14.712 [main] DEBUG org.hibernate.loader.plan.exec.internal.LoadQueryJoinAndFetchProcessor - processing queryspace <gen:0>
01:56:14.715 [main] DEBUG org.hibernate.loader.plan.build.spi.LoadPlanTreePrinter - LoadPlan(entity=com.bookstore.datalayer.entity.UserBook)
    - Returns
       - EntityReturnImpl(entity=com.bookstore.datalayer.entity.UserBook, querySpaceUid=<gen:0>, path=com.bookstore.datalayer.entity.UserBook)
          - EntityAttributeFetchImpl(entity=com.bookstore.datalayer.entity.Book, querySpaceUid=<gen:1>, path=com.bookstore.datalayer.entity.UserBook.book)
          - EntityAttributeFetchImpl(entity=com.bookstore.datalayer.entity.User, querySpaceUid=<gen:2>, path=com.bookstore.datalayer.entity.UserBook.user)
             - CollectionAttributeFetchImpl(collection=com.bookstore.datalayer.entity.User.userRoles, querySpaceUid=<gen:3>, path=com.bookstore.datalayer.entity.UserBook.user.userRoles)
                - (collection element) CollectionFetchableElementEntityGraph(entity=com.bookstore.datalayer.entity.UserRole, querySpaceUid=<gen:4>, path=com.bookstore.datalayer.entity.UserBook.user.userRoles.<elements>)
    - QuerySpaces
       - EntityQuerySpaceImpl(uid=<gen:0>, entity=com.bookstore.datalayer.entity.UserBook)
          - SQL table alias mapping - userbook0_
          - alias suffix - 0_
          - suffixed key columns - {user_boo1_5_0_}
          - JOIN (JoinDefinedByMetadata(book)) : <gen:0> -> <gen:1>
             - EntityQuerySpaceImpl(uid=<gen:1>, entity=com.bookstore.datalayer.entity.Book)
                - SQL table alias mapping - book1_
                - alias suffix - 1_
                - suffixed key columns - {book_id1_0_1_}
          - JOIN (JoinDefinedByMetadata(user)) : <gen:0> -> <gen:2>
             - EntityQuerySpaceImpl(uid=<gen:2>, entity=com.bookstore.datalayer.entity.User)
                - SQL table alias mapping - user2_
                - alias suffix - 2_
                - suffixed key columns - {id1_4_2_}

01:56:14.715 [main] DEBUG org.hibernate.loader.entity.plan.EntityLoader - Static select for entity com.bookstore.datalayer.entity.UserBook [READ]: select userbook0_.user_book_id as user_boo1_5_0_, userbook0_.book_id as book_id2_5_0_, userbook0_.user_id as user_id3_5_0_, book1_.book_id as book_id1_0_1_, book1_.author as author2_0_1_, book1_.description as descript3_0_1_, book1_.name as name4_0_1_, book1_.published_date as publishe5_0_1_, book1_.publisher as publishe6_0_1_, user2_.id as id1_4_2_, user2_.email as email2_4_2_, user2_.enabled as enabled3_4_2_, user2_.last_name as last_nam4_4_2_, user2_.first_name as first_na5_4_2_, user2_.password as password6_4_2_, user2_.phone as phone7_4_2_, user2_.username as username8_4_2_ from user_book userbook0_ left outer join book book1_ on userbook0_.book_id=book1_.book_id inner join user user2_ on userbook0_.user_id=user2_.id where userbook0_.user_book_id=?
01:56:14.715 [main] DEBUG org.hibernate.loader.plan.build.internal.spaces.QuerySpacesImpl - Adding QuerySpace : uid = <gen:0> -> org.hibernate.loader.plan.build.internal.spaces.EntityQuerySpaceImpl@6ec7bce0]
01:56:14.716 [main] DEBUG org.hibernate.persister.walking.spi.MetamodelGraphWalker - Visiting attribute path : book
01:56:14.716 [main] DEBUG org.hibernate.loader.plan.build.internal.spaces.QuerySpacesImpl - Adding QuerySpace : uid = <gen:1> -> org.hibernate.loader.plan.build.internal.spaces.EntityQuerySpaceImpl@3727f0ee]
01:56:14.716 [main] DEBUG org.hibernate.persister.walking.spi.MetamodelGraphWalker - Visiting attribute path : user
01:56:14.716 [main] DEBUG org.hibernate.loader.plan.build.internal.spaces.QuerySpacesImpl - Adding QuerySpace : uid = <gen:2> -> org.hibernate.loader.plan.build.internal.spaces.EntityQuerySpaceImpl@5c448433]
01:56:14.716 [main] DEBUG org.hibernate.loader.plan.build.internal.FetchStyleLoadPlanBuildingAssociationVisitationStrategy - Building LoadPlan...
01:56:14.717 [main] DEBUG org.hibernate.loader.plan.exec.internal.LoadQueryJoinAndFetchProcessor - processing queryspace <gen:0>
01:56:14.718 [main] DEBUG org.hibernate.loader.plan.build.spi.LoadPlanTreePrinter - LoadPlan(entity=com.bookstore.datalayer.entity.UserBook)
    - Returns
       - EntityReturnImpl(entity=com.bookstore.datalayer.entity.UserBook, querySpaceUid=<gen:0>, path=com.bookstore.datalayer.entity.UserBook)
          - EntityAttributeFetchImpl(entity=com.bookstore.datalayer.entity.Book, querySpaceUid=<gen:1>, path=com.bookstore.datalayer.entity.UserBook.book)
          - EntityAttributeFetchImpl(entity=com.bookstore.datalayer.entity.User, querySpaceUid=<gen:2>, path=com.bookstore.datalayer.entity.UserBook.user)
    - QuerySpaces
       - EntityQuerySpaceImpl(uid=<gen:0>, entity=com.bookstore.datalayer.entity.UserBook)
          - SQL table alias mapping - userbook0_
          - alias suffix - 0_
          - suffixed key columns - {user_boo1_5_0_}

01:56:14.718 [main] DEBUG org.hibernate.loader.entity.plan.EntityLoader - Static select for entity com.bookstore.datalayer.entity.UserBook [UPGRADE]: select userbook0_.user_book_id as user_boo1_5_0_, userbook0_.book_id as book_id2_5_0_, userbook0_.user_id as user_id3_5_0_ from user_book userbook0_ where userbook0_.user_book_id=? for update
01:56:14.718 [main] DEBUG org.hibernate.loader.plan.build.internal.spaces.QuerySpacesImpl - Adding QuerySpace : uid = <gen:0> -> org.hibernate.loader.plan.build.internal.spaces.EntityQuerySpaceImpl@fb713e7]
01:56:14.718 [main] DEBUG org.hibernate.persister.walking.spi.MetamodelGraphWalker - Visiting attribute path : book
01:56:14.719 [main] DEBUG org.hibernate.loader.plan.build.internal.spaces.QuerySpacesImpl - Adding QuerySpace : uid = <gen:1> -> org.hibernate.loader.plan.build.internal.spaces.EntityQuerySpaceImpl@13741d5a]
01:56:14.719 [main] DEBUG org.hibernate.persister.walking.spi.MetamodelGraphWalker - Visiting attribute path : user
01:56:14.719 [main] DEBUG org.hibernate.loader.plan.build.internal.spaces.QuerySpacesImpl - Adding QuerySpace : uid = <gen:2> -> org.hibernate.loader.plan.build.internal.spaces.EntityQuerySpaceImpl@6b69761b]
01:56:14.720 [main] DEBUG org.hibernate.loader.plan.build.internal.FetchStyleLoadPlanBuildingAssociationVisitationStrategy - Building LoadPlan...
01:56:14.720 [main] DEBUG org.hibernate.loader.plan.exec.internal.LoadQueryJoinAndFetchProcessor - processing queryspace <gen:0>
01:56:14.720 [main] DEBUG org.hibernate.loader.plan.build.spi.LoadPlanTreePrinter - LoadPlan(entity=com.bookstore.datalayer.entity.UserBook)
    - Returns
       - EntityReturnImpl(entity=com.bookstore.datalayer.entity.UserBook, querySpaceUid=<gen:0>, path=com.bookstore.datalayer.entity.UserBook)
          - EntityAttributeFetchImpl(entity=com.bookstore.datalayer.entity.Book, querySpaceUid=<gen:1>, path=com.bookstore.datalayer.entity.UserBook.book)
          - EntityAttributeFetchImpl(entity=com.bookstore.datalayer.entity.User, querySpaceUid=<gen:2>, path=com.bookstore.datalayer.entity.UserBook.user)
    - QuerySpaces
       - EntityQuerySpaceImpl(uid=<gen:0>, entity=com.bookstore.datalayer.entity.UserBook)
          - SQL table alias mapping - userbook0_
          - alias suffix - 0_
          - suffixed key columns - {user_boo1_5_0_}

01:56:14.721 [main] DEBUG org.hibernate.loader.entity.plan.EntityLoader - Static select for entity com.bookstore.datalayer.entity.UserBook [UPGRADE_NOWAIT]: select userbook0_.user_book_id as user_boo1_5_0_, userbook0_.book_id as book_id2_5_0_, userbook0_.user_id as user_id3_5_0_ from user_book userbook0_ where userbook0_.user_book_id=? for update
01:56:14.721 [main] DEBUG org.hibernate.loader.plan.build.internal.spaces.QuerySpacesImpl - Adding QuerySpace : uid = <gen:0> -> org.hibernate.loader.plan.build.internal.spaces.EntityQuerySpaceImpl@5c7668ba]
01:56:14.721 [main] DEBUG org.hibernate.persister.walking.spi.MetamodelGraphWalker - Visiting attribute path : book
01:56:14.721 [main] DEBUG org.hibernate.loader.plan.build.internal.spaces.QuerySpacesImpl - Adding QuerySpace : uid = <gen:1> -> org.hibernate.loader.plan.build.internal.spaces.EntityQuerySpaceImpl@158f4cfe]
01:56:14.721 [main] DEBUG org.hibernate.persister.walking.spi.MetamodelGraphWalker - Visiting attribute path : user
01:56:14.721 [main] DEBUG org.hibernate.loader.plan.build.internal.spaces.QuerySpacesImpl - Adding QuerySpace : uid = <gen:2> -> org.hibernate.loader.plan.build.internal.spaces.EntityQuerySpaceImpl@35f639fa]
01:56:14.721 [main] DEBUG org.hibernate.loader.plan.build.internal.FetchStyleLoadPlanBuildingAssociationVisitationStrategy - Building LoadPlan...
01:56:14.721 [main] DEBUG org.hibernate.loader.plan.exec.internal.LoadQueryJoinAndFetchProcessor - processing queryspace <gen:0>
01:56:14.723 [main] DEBUG org.hibernate.loader.plan.build.spi.LoadPlanTreePrinter - LoadPlan(entity=com.bookstore.datalayer.entity.UserBook)
    - Returns
       - EntityReturnImpl(entity=com.bookstore.datalayer.entity.UserBook, querySpaceUid=<gen:0>, path=com.bookstore.datalayer.entity.UserBook)
          - EntityAttributeFetchImpl(entity=com.bookstore.datalayer.entity.Book, querySpaceUid=<gen:1>, path=com.bookstore.datalayer.entity.UserBook.book)
          - EntityAttributeFetchImpl(entity=com.bookstore.datalayer.entity.User, querySpaceUid=<gen:2>, path=com.bookstore.datalayer.entity.UserBook.user)
    - QuerySpaces
       - EntityQuerySpaceImpl(uid=<gen:0>, entity=com.bookstore.datalayer.entity.UserBook)
          - SQL table alias mapping - userbook0_
          - alias suffix - 0_
          - suffixed key columns - {user_boo1_5_0_}

01:56:14.723 [main] DEBUG org.hibernate.loader.entity.plan.EntityLoader - Static select for entity com.bookstore.datalayer.entity.UserBook [UPGRADE_SKIPLOCKED]: select userbook0_.user_book_id as user_boo1_5_0_, userbook0_.book_id as book_id2_5_0_, userbook0_.user_id as user_id3_5_0_ from user_book userbook0_ where userbook0_.user_book_id=? for update
01:56:14.723 [main] DEBUG org.hibernate.loader.plan.build.internal.spaces.QuerySpacesImpl - Adding QuerySpace : uid = <gen:0> -> org.hibernate.loader.plan.build.internal.spaces.EntityQuerySpaceImpl@5aaaa446]
01:56:14.723 [main] DEBUG org.hibernate.persister.walking.spi.MetamodelGraphWalker - Visiting attribute path : book
01:56:14.723 [main] DEBUG org.hibernate.loader.plan.build.internal.spaces.QuerySpacesImpl - Adding QuerySpace : uid = <gen:1> -> org.hibernate.loader.plan.build.internal.spaces.EntityQuerySpaceImpl@3e47a03]
01:56:14.723 [main] DEBUG org.hibernate.persister.walking.spi.MetamodelGraphWalker - Visiting attribute path : user
01:56:14.723 [main] DEBUG org.hibernate.loader.plan.build.internal.spaces.QuerySpacesImpl - Adding QuerySpace : uid = <gen:2> -> org.hibernate.loader.plan.build.internal.spaces.EntityQuerySpaceImpl@7d9ba6c]
01:56:14.723 [main] DEBUG org.hibernate.loader.plan.build.internal.FetchStyleLoadPlanBuildingAssociationVisitationStrategy - Building LoadPlan...
01:56:14.724 [main] DEBUG org.hibernate.loader.plan.exec.internal.LoadQueryJoinAndFetchProcessor - processing queryspace <gen:0>
01:56:14.724 [main] DEBUG org.hibernate.loader.plan.build.spi.LoadPlanTreePrinter - LoadPlan(entity=com.bookstore.datalayer.entity.UserBook)
    - Returns
       - EntityReturnImpl(entity=com.bookstore.datalayer.entity.UserBook, querySpaceUid=<gen:0>, path=com.bookstore.datalayer.entity.UserBook)
          - EntityAttributeFetchImpl(entity=com.bookstore.datalayer.entity.Book, querySpaceUid=<gen:1>, path=com.bookstore.datalayer.entity.UserBook.book)
          - EntityAttributeFetchImpl(entity=com.bookstore.datalayer.entity.User, querySpaceUid=<gen:2>, path=com.bookstore.datalayer.entity.UserBook.user)
    - QuerySpaces
       - EntityQuerySpaceImpl(uid=<gen:0>, entity=com.bookstore.datalayer.entity.UserBook)
          - SQL table alias mapping - userbook0_
          - alias suffix - 0_
          - suffixed key columns - {user_boo1_5_0_}

01:56:14.724 [main] DEBUG org.hibernate.loader.entity.plan.EntityLoader - Static select for entity com.bookstore.datalayer.entity.UserBook [FORCE]: select userbook0_.user_book_id as user_boo1_5_0_, userbook0_.book_id as book_id2_5_0_, userbook0_.user_id as user_id3_5_0_ from user_book userbook0_ where userbook0_.user_book_id=? for update
01:56:14.724 [main] DEBUG org.hibernate.loader.plan.build.internal.spaces.QuerySpacesImpl - Adding QuerySpace : uid = <gen:0> -> org.hibernate.loader.plan.build.internal.spaces.EntityQuerySpaceImpl@8deb645]
01:56:14.725 [main] DEBUG org.hibernate.persister.walking.spi.MetamodelGraphWalker - Visiting attribute path : book
01:56:14.725 [main] DEBUG org.hibernate.loader.plan.build.internal.spaces.QuerySpacesImpl - Adding QuerySpace : uid = <gen:1> -> org.hibernate.loader.plan.build.internal.spaces.EntityQuerySpaceImpl@5d425813]
01:56:14.725 [main] DEBUG org.hibernate.persister.walking.spi.MetamodelGraphWalker - Visiting attribute path : user
01:56:14.725 [main] DEBUG org.hibernate.loader.plan.build.internal.spaces.QuerySpacesImpl - Adding QuerySpace : uid = <gen:2> -> org.hibernate.loader.plan.build.internal.spaces.EntityQuerySpaceImpl@1702830d]
01:56:14.725 [main] DEBUG org.hibernate.loader.plan.build.internal.FetchStyleLoadPlanBuildingAssociationVisitationStrategy - Building LoadPlan...
01:56:14.725 [main] DEBUG org.hibernate.loader.plan.exec.internal.LoadQueryJoinAndFetchProcessor - processing queryspace <gen:0>
01:56:14.726 [main] DEBUG org.hibernate.loader.plan.build.spi.LoadPlanTreePrinter - LoadPlan(entity=com.bookstore.datalayer.entity.UserBook)
    - Returns
       - EntityReturnImpl(entity=com.bookstore.datalayer.entity.UserBook, querySpaceUid=<gen:0>, path=com.bookstore.datalayer.entity.UserBook)
          - EntityAttributeFetchImpl(entity=com.bookstore.datalayer.entity.Book, querySpaceUid=<gen:1>, path=com.bookstore.datalayer.entity.UserBook.book)
          - EntityAttributeFetchImpl(entity=com.bookstore.datalayer.entity.User, querySpaceUid=<gen:2>, path=com.bookstore.datalayer.entity.UserBook.user)
    - QuerySpaces
       - EntityQuerySpaceImpl(uid=<gen:0>, entity=com.bookstore.datalayer.entity.UserBook)
          - SQL table alias mapping - userbook0_
          - alias suffix - 0_
          - suffixed key columns - {user_boo1_5_0_}

01:56:14.726 [main] DEBUG org.hibernate.loader.entity.plan.EntityLoader - Static select for entity com.bookstore.datalayer.entity.UserBook [PESSIMISTIC_READ]: select userbook0_.user_book_id as user_boo1_5_0_, userbook0_.book_id as book_id2_5_0_, userbook0_.user_id as user_id3_5_0_ from user_book userbook0_ where userbook0_.user_book_id=? lock in share mode
01:56:14.726 [main] DEBUG org.hibernate.loader.plan.build.internal.spaces.QuerySpacesImpl - Adding QuerySpace : uid = <gen:0> -> org.hibernate.loader.plan.build.internal.spaces.EntityQuerySpaceImpl@6a937336]
01:56:14.727 [main] DEBUG org.hibernate.persister.walking.spi.MetamodelGraphWalker - Visiting attribute path : book
01:56:14.728 [main] DEBUG org.hibernate.loader.plan.build.internal.spaces.QuerySpacesImpl - Adding QuerySpace : uid = <gen:1> -> org.hibernate.loader.plan.build.internal.spaces.EntityQuerySpaceImpl@684b31de]
01:56:14.728 [main] DEBUG org.hibernate.persister.walking.spi.MetamodelGraphWalker - Visiting attribute path : user
01:56:14.728 [main] DEBUG org.hibernate.loader.plan.build.internal.spaces.QuerySpacesImpl - Adding QuerySpace : uid = <gen:2> -> org.hibernate.loader.plan.build.internal.spaces.EntityQuerySpaceImpl@6b52dd31]
01:56:14.728 [main] DEBUG org.hibernate.loader.plan.build.internal.FetchStyleLoadPlanBuildingAssociationVisitationStrategy - Building LoadPlan...
01:56:14.728 [main] DEBUG org.hibernate.loader.plan.exec.internal.LoadQueryJoinAndFetchProcessor - processing queryspace <gen:0>
01:56:14.729 [main] DEBUG org.hibernate.loader.plan.build.spi.LoadPlanTreePrinter - LoadPlan(entity=com.bookstore.datalayer.entity.UserBook)
    - Returns
       - EntityReturnImpl(entity=com.bookstore.datalayer.entity.UserBook, querySpaceUid=<gen:0>, path=com.bookstore.datalayer.entity.UserBook)
          - EntityAttributeFetchImpl(entity=com.bookstore.datalayer.entity.Book, querySpaceUid=<gen:1>, path=com.bookstore.datalayer.entity.UserBook.book)
          - EntityAttributeFetchImpl(entity=com.bookstore.datalayer.entity.User, querySpaceUid=<gen:2>, path=com.bookstore.datalayer.entity.UserBook.user)
    - QuerySpaces
       - EntityQuerySpaceImpl(uid=<gen:0>, entity=com.bookstore.datalayer.entity.UserBook)
          - SQL table alias mapping - userbook0_
          - alias suffix - 0_
          - suffixed key columns - {user_boo1_5_0_}

01:56:14.729 [main] DEBUG org.hibernate.loader.entity.plan.EntityLoader - Static select for entity com.bookstore.datalayer.entity.UserBook [PESSIMISTIC_WRITE]: select userbook0_.user_book_id as user_boo1_5_0_, userbook0_.book_id as book_id2_5_0_, userbook0_.user_id as user_id3_5_0_ from user_book userbook0_ where userbook0_.user_book_id=? for update
01:56:14.729 [main] DEBUG org.hibernate.loader.plan.build.internal.spaces.QuerySpacesImpl - Adding QuerySpace : uid = <gen:0> -> org.hibernate.loader.plan.build.internal.spaces.EntityQuerySpaceImpl@1a2909ae]
01:56:14.729 [main] DEBUG org.hibernate.persister.walking.spi.MetamodelGraphWalker - Visiting attribute path : book
01:56:14.730 [main] DEBUG org.hibernate.loader.plan.build.internal.spaces.QuerySpacesImpl - Adding QuerySpace : uid = <gen:1> -> org.hibernate.loader.plan.build.internal.spaces.EntityQuerySpaceImpl@3f702946]
01:56:14.730 [main] DEBUG org.hibernate.persister.walking.spi.MetamodelGraphWalker - Visiting attribute path : user
01:56:14.730 [main] DEBUG org.hibernate.loader.plan.build.internal.spaces.QuerySpacesImpl - Adding QuerySpace : uid = <gen:2> -> org.hibernate.loader.plan.build.internal.spaces.EntityQuerySpaceImpl@42b6d0cc]
01:56:14.730 [main] DEBUG org.hibernate.loader.plan.build.internal.FetchStyleLoadPlanBuildingAssociationVisitationStrategy - Building LoadPlan...
01:56:14.730 [main] DEBUG org.hibernate.loader.plan.exec.internal.LoadQueryJoinAndFetchProcessor - processing queryspace <gen:0>
01:56:14.730 [main] DEBUG org.hibernate.loader.plan.build.spi.LoadPlanTreePrinter - LoadPlan(entity=com.bookstore.datalayer.entity.UserBook)
    - Returns
       - EntityReturnImpl(entity=com.bookstore.datalayer.entity.UserBook, querySpaceUid=<gen:0>, path=com.bookstore.datalayer.entity.UserBook)
          - EntityAttributeFetchImpl(entity=com.bookstore.datalayer.entity.Book, querySpaceUid=<gen:1>, path=com.bookstore.datalayer.entity.UserBook.book)
          - EntityAttributeFetchImpl(entity=com.bookstore.datalayer.entity.User, querySpaceUid=<gen:2>, path=com.bookstore.datalayer.entity.UserBook.user)
    - QuerySpaces
       - EntityQuerySpaceImpl(uid=<gen:0>, entity=com.bookstore.datalayer.entity.UserBook)
          - SQL table alias mapping - userbook0_
          - alias suffix - 0_
          - suffixed key columns - {user_boo1_5_0_}

01:56:14.730 [main] DEBUG org.hibernate.loader.entity.plan.EntityLoader - Static select for entity com.bookstore.datalayer.entity.UserBook [PESSIMISTIC_FORCE_INCREMENT]: select userbook0_.user_book_id as user_boo1_5_0_, userbook0_.book_id as book_id2_5_0_, userbook0_.user_id as user_id3_5_0_ from user_book userbook0_ where userbook0_.user_book_id=? for update
01:56:14.731 [main] DEBUG org.hibernate.loader.plan.build.internal.spaces.QuerySpacesImpl - Adding QuerySpace : uid = <gen:0> -> org.hibernate.loader.plan.build.internal.spaces.EntityQuerySpaceImpl@1000d54d]
01:56:14.731 [main] DEBUG org.hibernate.persister.walking.spi.MetamodelGraphWalker - Visiting attribute path : book
01:56:14.731 [main] DEBUG org.hibernate.loader.plan.build.internal.spaces.QuerySpacesImpl - Adding QuerySpace : uid = <gen:1> -> org.hibernate.loader.plan.build.internal.spaces.EntityQuerySpaceImpl@14b7786]
01:56:14.731 [main] DEBUG org.hibernate.persister.walking.spi.MetamodelGraphWalker - Visiting attribute path : user
01:56:14.731 [main] DEBUG org.hibernate.loader.plan.build.internal.spaces.QuerySpacesImpl - Adding QuerySpace : uid = <gen:2> -> org.hibernate.loader.plan.build.internal.spaces.EntityQuerySpaceImpl@750ff7d3]
01:56:14.731 [main] DEBUG org.hibernate.loader.plan.build.internal.FetchStyleLoadPlanBuildingAssociationVisitationStrategy - Building LoadPlan...
01:56:14.731 [main] DEBUG org.hibernate.loader.plan.exec.internal.LoadQueryJoinAndFetchProcessor - processing queryspace <gen:0>
01:56:14.732 [main] DEBUG org.hibernate.loader.plan.build.spi.LoadPlanTreePrinter - LoadPlan(entity=com.bookstore.datalayer.entity.UserBook)
    - Returns
       - EntityReturnImpl(entity=com.bookstore.datalayer.entity.UserBook, querySpaceUid=<gen:0>, path=com.bookstore.datalayer.entity.UserBook)
          - EntityAttributeFetchImpl(entity=com.bookstore.datalayer.entity.Book, querySpaceUid=<gen:1>, path=com.bookstore.datalayer.entity.UserBook.book)
          - EntityAttributeFetchImpl(entity=com.bookstore.datalayer.entity.User, querySpaceUid=<gen:2>, path=com.bookstore.datalayer.entity.UserBook.user)
    - QuerySpaces
       - EntityQuerySpaceImpl(uid=<gen:0>, entity=com.bookstore.datalayer.entity.UserBook)
          - SQL table alias mapping - userbook0_
          - alias suffix - 0_
          - suffixed key columns - {user_boo1_5_0_}

01:56:14.732 [main] DEBUG org.hibernate.loader.entity.plan.EntityLoader - Static select for entity com.bookstore.datalayer.entity.UserBook [OPTIMISTIC]: select userbook0_.user_book_id as user_boo1_5_0_, userbook0_.book_id as book_id2_5_0_, userbook0_.user_id as user_id3_5_0_ from user_book userbook0_ where userbook0_.user_book_id=?
01:56:14.732 [main] DEBUG org.hibernate.loader.plan.build.internal.spaces.QuerySpacesImpl - Adding QuerySpace : uid = <gen:0> -> org.hibernate.loader.plan.build.internal.spaces.EntityQuerySpaceImpl@63b3ee82]
01:56:14.732 [main] DEBUG org.hibernate.persister.walking.spi.MetamodelGraphWalker - Visiting attribute path : book
01:56:14.733 [main] DEBUG org.hibernate.loader.plan.build.internal.spaces.QuerySpacesImpl - Adding QuerySpace : uid = <gen:1> -> org.hibernate.loader.plan.build.internal.spaces.EntityQuerySpaceImpl@7c8d5312]
01:56:14.733 [main] DEBUG org.hibernate.persister.walking.spi.MetamodelGraphWalker - Visiting attribute path : user
01:56:14.733 [main] DEBUG org.hibernate.loader.plan.build.internal.spaces.QuerySpacesImpl - Adding QuerySpace : uid = <gen:2> -> org.hibernate.loader.plan.build.internal.spaces.EntityQuerySpaceImpl@7636823f]
01:56:14.733 [main] DEBUG org.hibernate.loader.plan.build.internal.FetchStyleLoadPlanBuildingAssociationVisitationStrategy - Building LoadPlan...
01:56:14.733 [main] DEBUG org.hibernate.loader.plan.exec.internal.LoadQueryJoinAndFetchProcessor - processing queryspace <gen:0>
01:56:14.734 [main] DEBUG org.hibernate.loader.plan.build.spi.LoadPlanTreePrinter - LoadPlan(entity=com.bookstore.datalayer.entity.UserBook)
    - Returns
       - EntityReturnImpl(entity=com.bookstore.datalayer.entity.UserBook, querySpaceUid=<gen:0>, path=com.bookstore.datalayer.entity.UserBook)
          - EntityAttributeFetchImpl(entity=com.bookstore.datalayer.entity.Book, querySpaceUid=<gen:1>, path=com.bookstore.datalayer.entity.UserBook.book)
          - EntityAttributeFetchImpl(entity=com.bookstore.datalayer.entity.User, querySpaceUid=<gen:2>, path=com.bookstore.datalayer.entity.UserBook.user)
    - QuerySpaces
       - EntityQuerySpaceImpl(uid=<gen:0>, entity=com.bookstore.datalayer.entity.UserBook)
          - SQL table alias mapping - userbook0_
          - alias suffix - 0_
          - suffixed key columns - {user_boo1_5_0_}

01:56:14.734 [main] DEBUG org.hibernate.loader.entity.plan.EntityLoader - Static select for entity com.bookstore.datalayer.entity.UserBook [OPTIMISTIC_FORCE_INCREMENT]: select userbook0_.user_book_id as user_boo1_5_0_, userbook0_.book_id as book_id2_5_0_, userbook0_.user_id as user_id3_5_0_ from user_book userbook0_ where userbook0_.user_book_id=?
01:56:14.734 [main] DEBUG org.hibernate.loader.Loader - Static select for action ACTION_MERGE on entity com.bookstore.datalayer.entity.UserBook: select userbook0_.user_book_id as user_boo1_5_1_, userbook0_.book_id as book_id2_5_1_, userbook0_.user_id as user_id3_5_1_, book1_.book_id as book_id1_0_0_, book1_.author as author2_0_0_, book1_.description as descript3_0_0_, book1_.name as name4_0_0_, book1_.published_date as publishe5_0_0_, book1_.publisher as publishe6_0_0_ from user_book userbook0_ left outer join book book1_ on userbook0_.book_id=book1_.book_id where userbook0_.user_book_id=?
01:56:14.735 [main] DEBUG org.hibernate.loader.Loader - Static select for action ACTION_REFRESH on entity com.bookstore.datalayer.entity.UserBook: select userbook0_.user_book_id as user_boo1_5_1_, userbook0_.book_id as book_id2_5_1_, userbook0_.user_id as user_id3_5_1_, book1_.book_id as book_id1_0_0_, book1_.author as author2_0_0_, book1_.description as descript3_0_0_, book1_.name as name4_0_0_, book1_.published_date as publishe5_0_0_, book1_.publisher as publishe6_0_0_ from user_book userbook0_ left outer join book book1_ on userbook0_.book_id=book1_.book_id where userbook0_.user_book_id=?
01:56:14.749 [main] DEBUG org.hibernate.loader.plan.build.internal.spaces.QuerySpacesImpl - Adding QuerySpace : uid = <gen:0> -> org.hibernate.loader.plan.build.internal.spaces.CollectionQuerySpaceImpl@716e431d]
01:56:14.749 [main] DEBUG org.hibernate.loader.plan.build.internal.spaces.QuerySpacesImpl - Adding QuerySpace : uid = <gen:1> -> org.hibernate.loader.plan.build.internal.spaces.EntityQuerySpaceImpl@7e744f43]
01:56:14.751 [main] DEBUG org.hibernate.persister.walking.spi.MetamodelGraphWalker - Visiting attribute path : book
01:56:14.751 [main] DEBUG org.hibernate.loader.plan.build.internal.spaces.QuerySpacesImpl - Adding QuerySpace : uid = <gen:2> -> org.hibernate.loader.plan.build.internal.spaces.EntityQuerySpaceImpl@49ec6a9f]
01:56:14.751 [main] DEBUG org.hibernate.persister.walking.spi.MetamodelGraphWalker - Visiting attribute path : book.author
01:56:14.751 [main] DEBUG org.hibernate.persister.walking.spi.MetamodelGraphWalker - Visiting attribute path : book.description
01:56:14.752 [main] DEBUG org.hibernate.persister.walking.spi.MetamodelGraphWalker - Visiting attribute path : book.name
01:56:14.752 [main] DEBUG org.hibernate.persister.walking.spi.MetamodelGraphWalker - Visiting attribute path : book.publishedDate
01:56:14.752 [main] DEBUG org.hibernate.persister.walking.spi.MetamodelGraphWalker - Visiting attribute path : book.publisher
01:56:14.752 [main] DEBUG org.hibernate.persister.walking.spi.MetamodelGraphWalker - Visiting attribute path : user
01:56:14.752 [main] DEBUG org.hibernate.persister.walking.spi.MetamodelGraphWalker - Property path deemed to be circular : user
01:56:14.752 [main] DEBUG org.hibernate.loader.plan.build.internal.FetchStyleLoadPlanBuildingAssociationVisitationStrategy - Building LoadPlan...
01:56:14.757 [main] DEBUG org.hibernate.loader.plan.exec.internal.LoadQueryJoinAndFetchProcessor - processing queryspace <gen:0>
01:56:14.758 [main] DEBUG org.hibernate.loader.plan.build.spi.LoadPlanTreePrinter - LoadPlan(collection=com.bookstore.datalayer.entity.User.userBooks)
    - Returns
       - CollectionReturnImpl(collection=com.bookstore.datalayer.entity.User.userBooks, querySpaceUid=<gen:0>, path=[com.bookstore.datalayer.entity.User.userBooks])
          - (collection element) CollectionFetchableElementEntityGraph(entity=com.bookstore.datalayer.entity.UserBook, querySpaceUid=<gen:1>, path=[com.bookstore.datalayer.entity.User.userBooks].<elements>)
             - EntityAttributeFetchImpl(entity=com.bookstore.datalayer.entity.Book, querySpaceUid=<gen:2>, path=[com.bookstore.datalayer.entity.User.userBooks].<elements>.book)
    - QuerySpaces
       - CollectionQuerySpaceImpl(uid=<gen:0>, collection=com.bookstore.datalayer.entity.User.userBooks)
          - SQL table alias mapping - userbooks0_
          - alias suffix - 0_
          - suffixed key columns - {user_id3_5_0_}
          - entity-element alias suffix - 1_
          - 1_entity-element suffixed key columns - user_boo1_5_1_
          - JOIN (JoinDefinedByMetadata(elements)) : <gen:0> -> <gen:1>
             - EntityQuerySpaceImpl(uid=<gen:1>, entity=com.bookstore.datalayer.entity.UserBook)
                - SQL table alias mapping - userbooks0_
                - alias suffix - 1_
                - suffixed key columns - {user_boo1_5_1_}
                - JOIN (JoinDefinedByMetadata(book)) : <gen:1> -> <gen:2>
                   - EntityQuerySpaceImpl(uid=<gen:2>, entity=com.bookstore.datalayer.entity.Book)
                      - SQL table alias mapping - book1_
                      - alias suffix - 2_
                      - suffixed key columns - {book_id1_0_2_}

01:56:14.759 [main] DEBUG org.hibernate.loader.collection.plan.CollectionLoader - Static select for collection com.bookstore.datalayer.entity.User.userBooks: select userbooks0_.user_id as user_id3_5_0_, userbooks0_.user_book_id as user_boo1_5_0_, userbooks0_.user_book_id as user_boo1_5_1_, userbooks0_.book_id as book_id2_5_1_, userbooks0_.user_id as user_id3_5_1_, book1_.book_id as book_id1_0_2_, book1_.author as author2_0_2_, book1_.description as descript3_0_2_, book1_.name as name4_0_2_, book1_.published_date as publishe5_0_2_, book1_.publisher as publishe6_0_2_ from user_book userbooks0_ left outer join book book1_ on userbooks0_.book_id=book1_.book_id where userbooks0_.user_id=?
01:56:14.759 [main] DEBUG org.hibernate.loader.plan.build.internal.spaces.QuerySpacesImpl - Adding QuerySpace : uid = <gen:0> -> org.hibernate.loader.plan.build.internal.spaces.CollectionQuerySpaceImpl@17c2d509]
01:56:14.759 [main] DEBUG org.hibernate.loader.plan.build.internal.spaces.QuerySpacesImpl - Adding QuerySpace : uid = <gen:1> -> org.hibernate.loader.plan.build.internal.spaces.EntityQuerySpaceImpl@36bf84e]
01:56:14.759 [main] DEBUG org.hibernate.persister.walking.spi.MetamodelGraphWalker - Visiting attribute path : role
01:56:14.760 [main] DEBUG org.hibernate.loader.plan.build.internal.spaces.QuerySpacesImpl - Adding QuerySpace : uid = <gen:2> -> org.hibernate.loader.plan.build.internal.spaces.EntityQuerySpaceImpl@245ec1a6]
01:56:14.760 [main] DEBUG org.hibernate.persister.walking.spi.MetamodelGraphWalker - Visiting attribute path : role.name
01:56:14.760 [main] DEBUG org.hibernate.persister.walking.spi.MetamodelGraphWalker - Visiting attribute path : user
01:56:14.760 [main] DEBUG org.hibernate.persister.walking.spi.MetamodelGraphWalker - Property path deemed to be circular : user
01:56:14.760 [main] DEBUG org.hibernate.loader.plan.build.internal.FetchStyleLoadPlanBuildingAssociationVisitationStrategy - Building LoadPlan...
01:56:14.760 [main] DEBUG org.hibernate.loader.plan.exec.internal.LoadQueryJoinAndFetchProcessor - processing queryspace <gen:0>
01:56:14.761 [main] DEBUG org.hibernate.loader.plan.build.spi.LoadPlanTreePrinter - LoadPlan(collection=com.bookstore.datalayer.entity.User.userRoles)
    - Returns
       - CollectionReturnImpl(collection=com.bookstore.datalayer.entity.User.userRoles, querySpaceUid=<gen:0>, path=[com.bookstore.datalayer.entity.User.userRoles])
          - (collection element) CollectionFetchableElementEntityGraph(entity=com.bookstore.datalayer.entity.UserRole, querySpaceUid=<gen:1>, path=[com.bookstore.datalayer.entity.User.userRoles].<elements>)
             - EntityAttributeFetchImpl(entity=com.bookstore.datalayer.entity.Role, querySpaceUid=<gen:2>, path=[com.bookstore.datalayer.entity.User.userRoles].<elements>.role)
    - QuerySpaces
       - CollectionQuerySpaceImpl(uid=<gen:0>, collection=com.bookstore.datalayer.entity.User.userRoles)
          - SQL table alias mapping - userroles0_
          - alias suffix - 0_
          - suffixed key columns - {user_id3_6_0_}
          - entity-element alias suffix - 1_
          - 1_entity-element suffixed key columns - user_rol1_6_1_
          - JOIN (JoinDefinedByMetadata(elements)) : <gen:0> -> <gen:1>
             - EntityQuerySpaceImpl(uid=<gen:1>, entity=com.bookstore.datalayer.entity.UserRole)
                - SQL table alias mapping - userroles0_
                - alias suffix - 1_
                - suffixed key columns - {user_rol1_6_1_}
                - JOIN (JoinDefinedByMetadata(role)) : <gen:1> -> <gen:2>
                   - EntityQuerySpaceImpl(uid=<gen:2>, entity=com.bookstore.datalayer.entity.Role)
                      - SQL table alias mapping - role1_
                      - alias suffix - 2_
                      - suffixed key columns - {role_id1_2_2_}

01:56:14.762 [main] DEBUG org.hibernate.loader.collection.plan.CollectionLoader - Static select for collection com.bookstore.datalayer.entity.User.userRoles: select userroles0_.user_id as user_id3_6_0_, userroles0_.user_role_id as user_rol1_6_0_, userroles0_.user_role_id as user_rol1_6_1_, userroles0_.role_role_id as role_rol2_6_1_, userroles0_.user_id as user_id3_6_1_, role1_.role_id as role_id1_2_2_, role1_.name as name2_2_2_ from user_role userroles0_ left outer join role role1_ on userroles0_.role_role_id=role1_.role_id where userroles0_.user_id=?
01:56:14.762 [main] DEBUG org.hibernate.internal.SessionFactoryImpl - Instantiated session factory
01:56:14.799 [main] INFO org.hibernate.tool.hbm2ddl.SchemaUpdate - HHH000228: Running hbm2ddl schema update
01:56:14.820 [main] DEBUG org.springframework.jdbc.datasource.DriverManagerDataSource - Creating new JDBC DriverManager Connection to [jdbc:mysql://us-cdbr-iron-east-05.cleardb.net:3306/heroku_b97a6a29164fbb3]
01:56:16.084 [main] DEBUG org.springframework.jdbc.datasource.DriverManagerDataSource - Creating new JDBC DriverManager Connection to [jdbc:mysql://us-cdbr-iron-east-05.cleardb.net:3306/heroku_b97a6a29164fbb3]
01:56:17.375 [main] INFO org.hibernate.tool.schema.extract.internal.InformationExtractorJdbcDatabaseMetaDataImpl - HHH000262: Table not found: book
01:56:17.513 [main] INFO org.hibernate.tool.schema.extract.internal.InformationExtractorJdbcDatabaseMetaDataImpl - HHH000262: Table not found: book
01:56:17.813 [main] INFO org.hibernate.tool.schema.extract.internal.InformationExtractorJdbcDatabaseMetaDataImpl - HHH000262: Table not found: book_tag
01:56:17.950 [main] INFO org.hibernate.tool.schema.extract.internal.InformationExtractorJdbcDatabaseMetaDataImpl - HHH000262: Table not found: book_tag
01:56:18.249 [main] INFO org.hibernate.tool.schema.extract.internal.InformationExtractorJdbcDatabaseMetaDataImpl - HHH000262: Table not found: hibernate_sequence
01:56:18.388 [main] INFO org.hibernate.tool.schema.extract.internal.InformationExtractorJdbcDatabaseMetaDataImpl - HHH000262: Table not found: hibernate_sequence
01:56:19.561 [main] INFO org.hibernate.tool.schema.extract.internal.InformationExtractorJdbcDatabaseMetaDataImpl - HHH000262: Table not found: role
01:56:19.700 [main] INFO org.hibernate.tool.schema.extract.internal.InformationExtractorJdbcDatabaseMetaDataImpl - HHH000262: Table not found: role
01:56:20.001 [main] INFO org.hibernate.tool.schema.extract.internal.InformationExtractorJdbcDatabaseMetaDataImpl - HHH000262: Table not found: tag
01:56:20.140 [main] INFO org.hibernate.tool.schema.extract.internal.InformationExtractorJdbcDatabaseMetaDataImpl - HHH000262: Table not found: tag
01:56:20.432 [main] INFO org.hibernate.tool.schema.extract.internal.InformationExtractorJdbcDatabaseMetaDataImpl - HHH000262: Table not found: user
01:56:20.570 [main] INFO org.hibernate.tool.schema.extract.internal.InformationExtractorJdbcDatabaseMetaDataImpl - HHH000262: Table not found: user
01:56:20.877 [main] INFO org.hibernate.tool.schema.extract.internal.InformationExtractorJdbcDatabaseMetaDataImpl - HHH000262: Table not found: user_book
01:56:21.016 [main] INFO org.hibernate.tool.schema.extract.internal.InformationExtractorJdbcDatabaseMetaDataImpl - HHH000262: Table not found: user_book
01:56:21.311 [main] INFO org.hibernate.tool.schema.extract.internal.InformationExtractorJdbcDatabaseMetaDataImpl - HHH000262: Table not found: user_role
01:56:21.449 [main] INFO org.hibernate.tool.schema.extract.internal.InformationExtractorJdbcDatabaseMetaDataImpl - HHH000262: Table not found: user_role
01:56:25.368 [main] DEBUG org.hibernate.engine.transaction.jta.platform.internal.JtaPlatformInitiator - No JtaPlatform was specified, checking resolver
01:56:25.369 [main] DEBUG org.hibernate.engine.transaction.jta.platform.internal.JtaPlatformResolverInitiator - No JtaPlatformResolver was specified, using default [org.hibernate.engine.transaction.jta.platform.internal.StandardJtaPlatformResolver]
01:56:25.374 [main] DEBUG org.hibernate.engine.transaction.jta.platform.internal.StandardJtaPlatformResolver - Could not resolve JtaPlatform, using default [org.hibernate.engine.transaction.jta.platform.internal.NoJtaPlatform]
01:56:25.416 [main] DEBUG org.hibernate.internal.NamedQueryRepository - Checking 0 named HQL queries
01:56:25.416 [main] DEBUG org.hibernate.internal.NamedQueryRepository - Checking 0 named SQL queries
01:56:25.424 [main] DEBUG org.hibernate.internal.SessionFactoryRegistry - Initializing SessionFactoryRegistry : org.hibernate.internal.SessionFactoryRegistry@14823f76
01:56:25.425 [main] DEBUG org.hibernate.internal.SessionFactoryRegistry - Registering SessionFactory: f2192ae6-93e6-4482-9f2d-32a55edd3853 (<unnamed>)
01:56:25.425 [main] DEBUG org.hibernate.internal.SessionFactoryRegistry - Not binding SessionFactory to JNDI, no JNDI name configured
01:56:25.441 [main] DEBUG org.hibernate.jpa.internal.schemagen.JpaSchemaGenerator - No actions specified; doing nothing
01:56:25.551 [main] DEBUG org.hibernate.jpa.internal.EntityManagerFactoryRegistry - Initializing EntityManagerFactoryRegistry : org.hibernate.jpa.internal.EntityManagerFactoryRegistry@7aac8884
01:56:25.552 [main] DEBUG org.hibernate.jpa.internal.EntityManagerFactoryRegistry - Registering EntityManagerFactory: default 
01:56:25.552 [main] INFO org.springframework.orm.jpa.LocalContainerEntityManagerFactoryBean - Initialized JPA EntityManagerFactory for persistence unit 'default'
01:56:25.577 [main] DEBUG org.springframework.beans.factory.support.DefaultListableBeanFactory - Eagerly caching bean 'entityManagerFactory' to allow for resolving potential circular references
01:56:25.584 [main] DEBUG org.springframework.beans.factory.support.DefaultListableBeanFactory - Returning cached instance of singleton bean 'org.springframework.transaction.config.internalTransactionAdvisor'
01:56:25.587 [main] DEBUG org.springframework.beans.factory.support.DefaultListableBeanFactory - Finished creating instance of bean 'entityManagerFactory'
01:56:25.608 [main] DEBUG org.springframework.beans.factory.support.DefaultListableBeanFactory - Returning cached instance of singleton bean 'org.springframework.transaction.config.internalTransactionAdvisor'
01:56:25.609 [main] DEBUG org.springframework.beans.factory.support.DefaultListableBeanFactory - Finished creating instance of bean 'bookTagQueryRepository'
01:56:25.609 [main] DEBUG org.springframework.beans.factory.support.DefaultListableBeanFactory - Creating shared instance of singleton bean 'bookService'
01:56:25.609 [main] DEBUG org.springframework.beans.factory.support.DefaultListableBeanFactory - Creating instance of bean 'bookService'
01:56:25.611 [main] DEBUG org.springframework.beans.factory.annotation.InjectionMetadata - Registered injected element on class [com.bookstore.servicelayer.BookService]: AutowiredFieldElement for private com.bookstore.datalayer.repository.BookRepository com.bookstore.servicelayer.BookService.bookRepository
01:56:25.611 [main] DEBUG org.springframework.beans.factory.annotation.InjectionMetadata - Registered injected element on class [com.bookstore.servicelayer.BookService]: AutowiredFieldElement for private com.bookstore.datalayer.repository.BookTagQueryRepository com.bookstore.servicelayer.BookService.bookTagQueryRepository
01:56:25.611 [main] DEBUG org.springframework.beans.factory.support.DefaultListableBeanFactory - Eagerly caching bean 'bookService' to allow for resolving potential circular references
01:56:25.613 [main] DEBUG org.springframework.beans.factory.annotation.InjectionMetadata - Processing injected element of bean 'bookService': AutowiredFieldElement for private com.bookstore.datalayer.repository.BookRepository com.bookstore.servicelayer.BookService.bookRepository
01:56:25.614 [main] DEBUG org.springframework.beans.factory.support.DefaultListableBeanFactory - Creating shared instance of singleton bean 'bookRepository'
01:56:25.614 [main] DEBUG org.springframework.beans.factory.support.DefaultListableBeanFactory - Creating instance of bean 'bookRepository'
01:56:25.628 [main] DEBUG org.springframework.beans.factory.annotation.InjectionMetadata - Registered injected element on class [org.springframework.data.jpa.repository.support.JpaRepositoryFactoryBean]: PersistenceElement for public void org.springframework.data.jpa.repository.support.JpaRepositoryFactoryBean.setEntityManager(javax.persistence.EntityManager)
01:56:25.629 [main] DEBUG org.springframework.beans.factory.support.DefaultListableBeanFactory - Eagerly caching bean 'bookRepository' to allow for resolving potential circular references
01:56:25.629 [main] DEBUG org.springframework.beans.factory.annotation.InjectionMetadata - Processing injected element of bean 'bookRepository': PersistenceElement for public void org.springframework.data.jpa.repository.support.JpaRepositoryFactoryBean.setEntityManager(javax.persistence.EntityManager)
01:56:25.630 [main] DEBUG org.springframework.beans.factory.support.DefaultListableBeanFactory - Creating instance of bean '(inner bean)#4d41ba0f'
01:56:25.631 [main] DEBUG org.springframework.beans.factory.support.DefaultListableBeanFactory - Creating instance of bean '(inner bean)#77bbadc'
01:56:25.651 [main] DEBUG org.springframework.core.io.support.PathMatchingResourcePatternResolver - Resolved classpath location [META-INF/jpa-named-queries.properties] to resources []
01:56:25.652 [main] DEBUG org.springframework.beans.factory.support.DefaultListableBeanFactory - Invoking afterPropertiesSet() on bean with name '(inner bean)#77bbadc'
01:56:25.652 [main] DEBUG org.springframework.beans.factory.support.DefaultListableBeanFactory - Returning cached instance of singleton bean 'org.springframework.transaction.config.internalTransactionAdvisor'
01:56:25.653 [main] DEBUG org.springframework.beans.factory.support.DefaultListableBeanFactory - Finished creating instance of bean '(inner bean)#77bbadc'
01:56:25.653 [main] DEBUG org.springframework.beans.factory.support.DefaultListableBeanFactory - Returning cached instance of singleton bean 'org.springframework.transaction.config.internalTransactionAdvisor'
01:56:25.701 [main] DEBUG org.springframework.beans.factory.support.DefaultListableBeanFactory - Returning cached instance of singleton bean 'org.springframework.transaction.config.internalTransactionAdvisor'
01:56:25.701 [main] DEBUG org.springframework.beans.factory.support.DefaultListableBeanFactory - Finished creating instance of bean '(inner bean)#4d41ba0f'
01:56:25.702 [main] DEBUG org.springframework.beans.factory.support.DefaultListableBeanFactory - Creating instance of bean '(inner bean)#65e21ce3'
01:56:25.738 [main] DEBUG org.springframework.beans.factory.support.DefaultListableBeanFactory - Returning cached instance of singleton bean 'org.springframework.transaction.config.internalTransactionAdvisor'
01:56:25.738 [main] DEBUG org.springframework.beans.factory.support.DefaultListableBeanFactory - Finished creating instance of bean '(inner bean)#65e21ce3'
01:56:25.738 [main] DEBUG org.springframework.beans.factory.support.DefaultListableBeanFactory - Creating instance of bean '(inner bean)#4b65d9f4'
01:56:25.739 [main] DEBUG org.springframework.beans.factory.support.DefaultListableBeanFactory - Returning cached instance of singleton bean 'entityManagerFactory'
01:56:25.747 [main] DEBUG org.springframework.beans.factory.support.DefaultListableBeanFactory - Returning cached instance of singleton bean 'org.springframework.transaction.config.internalTransactionAdvisor'
01:56:25.749 [main] DEBUG org.springframework.beans.factory.support.DefaultListableBeanFactory - Finished creating instance of bean '(inner bean)#4b65d9f4'
01:56:25.749 [main] DEBUG org.springframework.beans.factory.support.DefaultListableBeanFactory - Creating shared instance of singleton bean 'jpaMappingContext'
01:56:25.749 [main] DEBUG org.springframework.beans.factory.support.DefaultListableBeanFactory - Creating instance of bean 'jpaMappingContext'
01:56:25.750 [main] DEBUG org.springframework.beans.factory.support.DefaultListableBeanFactory - Eagerly caching bean 'jpaMappingContext' to allow for resolving potential circular references
01:56:25.759 [main] DEBUG org.springframework.beans.factory.support.DefaultListableBeanFactory - Invoking afterPropertiesSet() on bean with name 'jpaMappingContext'
01:56:25.759 [main] DEBUG org.springframework.beans.factory.support.DefaultListableBeanFactory - Returning cached instance of singleton bean 'entityManagerFactory'
01:56:25.903 [main] DEBUG org.springframework.beans.factory.support.DefaultListableBeanFactory - Returning cached instance of singleton bean 'org.springframework.transaction.config.internalTransactionAdvisor'
01:56:25.903 [main] DEBUG org.springframework.beans.factory.support.DefaultListableBeanFactory - Finished creating instance of bean 'jpaMappingContext'
01:56:25.903 [main] DEBUG org.springframework.beans.factory.support.DefaultListableBeanFactory - Returning cached instance of singleton bean 'org.springframework.transaction.config.internalTransactionAdvisor'
01:56:25.911 [main] DEBUG org.springframework.beans.factory.support.DefaultListableBeanFactory - Invoking afterPropertiesSet() on bean with name 'bookRepository'
01:56:25.952 [main] DEBUG org.springframework.orm.jpa.SharedEntityManagerCreator$SharedEntityManagerInvocationHandler - Creating new EntityManager for shared EntityManager invocation
01:56:26.154 [main] DEBUG org.hibernate.stat.internal.StatisticsInitiator - Statistics initialized [enabled=false]
01:56:26.172 [main] DEBUG org.springframework.orm.jpa.EntityManagerFactoryUtils - Closing JPA EntityManager
01:56:26.203 [main] DEBUG org.springframework.orm.jpa.SharedEntityManagerCreator$SharedEntityManagerInvocationHandler - Creating new EntityManager for shared EntityManager invocation
01:56:26.203 [main] DEBUG org.springframework.orm.jpa.EntityManagerFactoryUtils - Closing JPA EntityManager
01:56:26.203 [main] DEBUG org.springframework.orm.jpa.SharedEntityManagerCreator$SharedEntityManagerInvocationHandler - Creating new EntityManager for shared EntityManager invocation
01:56:26.204 [main] DEBUG org.springframework.orm.jpa.EntityManagerFactoryUtils - Closing JPA EntityManager
01:56:26.243 [main] DEBUG org.springframework.orm.jpa.SharedEntityManagerCreator$SharedEntityManagerInvocationHandler - Creating new EntityManager for shared EntityManager invocation
01:56:26.244 [main] DEBUG org.springframework.orm.jpa.EntityManagerFactoryUtils - Closing JPA EntityManager
01:56:26.258 [main] DEBUG org.springframework.aop.framework.JdkDynamicAopProxy - Creating JDK dynamic proxy: target source is org.springframework.data.jpa.repository.support.CrudMethodMetadataPostProcessor$ThreadBoundTargetSource@80bfa9d
01:56:26.498 [main] DEBUG org.springframework.orm.jpa.SharedEntityManagerCreator$SharedEntityManagerInvocationHandler - Creating new EntityManager for shared EntityManager invocation
01:56:26.498 [main] DEBUG org.springframework.orm.jpa.EntityManagerFactoryUtils - Closing JPA EntityManager
01:56:26.600 [main] DEBUG org.springframework.data.jpa.repository.query.JpaQueryFactory - Looking up query for method findByName
01:56:26.605 [main] DEBUG org.springframework.data.jpa.repository.query.NamedQuery - Looking up named query Book.findByName
01:56:26.605 [main] DEBUG org.hibernate.jpa.spi.AbstractEntityManagerImpl - Mark transaction for rollback
01:56:26.606 [main] DEBUG org.springframework.data.jpa.repository.query.NamedQuery - Did not find named query Book.findByName
01:56:26.674 [main] DEBUG org.springframework.aop.framework.JdkDynamicAopProxy - Creating JDK dynamic proxy: target source is SingletonTargetSource for target object [org.springframework.data.jpa.repository.support.SimpleJpaRepository@6d60899e]
01:56:26.677 [main] DEBUG org.springframework.beans.factory.support.DefaultListableBeanFactory - Returning cached instance of singleton bean 'org.springframework.transaction.config.internalTransactionAdvisor'
01:56:26.678 [main] DEBUG org.springframework.beans.factory.support.DefaultListableBeanFactory - Finished creating instance of bean 'bookRepository'
01:56:26.678 [main] DEBUG org.springframework.beans.factory.support.DefaultListableBeanFactory - Returning cached instance of singleton bean 'org.springframework.transaction.config.internalTransactionAdvisor'
01:56:26.679 [main] DEBUG org.springframework.beans.factory.annotation.AutowiredAnnotationBeanPostProcessor - Autowiring by type from bean name 'bookService' to bean named 'bookRepository'
01:56:26.679 [main] DEBUG org.springframework.beans.factory.annotation.InjectionMetadata - Processing injected element of bean 'bookService': AutowiredFieldElement for private com.bookstore.datalayer.repository.BookTagQueryRepository com.bookstore.servicelayer.BookService.bookTagQueryRepository
01:56:26.679 [main] DEBUG org.springframework.beans.factory.support.DefaultListableBeanFactory - Returning cached instance of singleton bean 'bookTagQueryRepository'
01:56:26.680 [main] DEBUG org.springframework.beans.factory.annotation.AutowiredAnnotationBeanPostProcessor - Autowiring by type from bean name 'bookService' to bean named 'bookTagQueryRepository'
01:56:26.680 [main] DEBUG org.springframework.beans.factory.support.DefaultListableBeanFactory - Returning cached instance of singleton bean 'org.springframework.transaction.config.internalTransactionAdvisor'
01:56:26.682 [main] DEBUG org.springframework.transaction.annotation.AnnotationTransactionAttributeSource - Adding transactional method 'com.bookstore.servicelayer.BookService.save' with attribute: PROPAGATION_REQUIRED,ISOLATION_DEFAULT
01:56:26.682 [main] DEBUG org.springframework.aop.framework.autoproxy.InfrastructureAdvisorAutoProxyCreator - Creating implicit proxy for bean 'bookService' with 0 common interceptors and 1 specific interceptors
01:56:26.699 [main] DEBUG org.springframework.aop.framework.CglibAopProxy - Creating CGLIB proxy: target source is SingletonTargetSource for target object [com.bookstore.servicelayer.BookService@6232ffdb]
01:56:26.723 [main] DEBUG org.springframework.aop.framework.CglibAopProxy - Unable to apply any optimisations to advised method: public java.lang.Boolean com.bookstore.servicelayer.BookService.save(com.bookstore.datalayer.entity.Book)
01:56:26.723 [main] DEBUG org.springframework.transaction.annotation.AnnotationTransactionAttributeSource - Adding transactional method 'com.bookstore.servicelayer.BookService.findBook' with attribute: PROPAGATION_REQUIRED,ISOLATION_DEFAULT
01:56:26.723 [main] DEBUG org.springframework.aop.framework.CglibAopProxy - Unable to apply any optimisations to advised method: public com.bookstore.datalayer.entity.Book com.bookstore.servicelayer.BookService.findBook(java.lang.Integer)
01:56:26.724 [main] DEBUG org.springframework.transaction.annotation.AnnotationTransactionAttributeSource - Adding transactional method 'com.bookstore.servicelayer.BookService.getAllBooks' with attribute: PROPAGATION_REQUIRED,ISOLATION_DEFAULT
01:56:26.724 [main] DEBUG org.springframework.aop.framework.CglibAopProxy - Unable to apply any optimisations to advised method: public java.util.List com.bookstore.servicelayer.BookService.getAllBooks()
01:56:26.724 [main] DEBUG org.springframework.aop.framework.CglibAopProxy - Found 'equals' method: public boolean java.lang.Object.equals(java.lang.Object)
01:56:26.724 [main] DEBUG org.springframework.aop.framework.CglibAopProxy - Unable to apply any optimisations to advised method: public java.lang.String java.lang.Object.toString()
01:56:26.724 [main] DEBUG org.springframework.aop.framework.CglibAopProxy - Found 'hashCode' method: public native int java.lang.Object.hashCode()
01:56:26.724 [main] DEBUG org.springframework.aop.framework.CglibAopProxy - Unable to apply any optimisations to advised method: protected native java.lang.Object java.lang.Object.clone() throws java.lang.CloneNotSupportedException
01:56:26.724 [main] DEBUG org.springframework.aop.framework.CglibAopProxy - Method is declared on Advised interface: public abstract int org.springframework.aop.framework.Advised.indexOf(org.springframework.aop.Advisor)
01:56:26.724 [main] DEBUG org.springframework.aop.framework.CglibAopProxy - Method is declared on Advised interface: public abstract int org.springframework.aop.framework.Advised.indexOf(org.aopalliance.aop.Advice)
01:56:26.724 [main] DEBUG org.springframework.aop.framework.CglibAopProxy - Method is declared on Advised interface: public abstract boolean org.springframework.aop.framework.Advised.isFrozen()
01:56:26.724 [main] DEBUG org.springframework.aop.framework.CglibAopProxy - Method is declared on Advised interface: public abstract void org.springframework.aop.framework.Advised.setTargetSource(org.springframework.aop.TargetSource)
01:56:26.724 [main] DEBUG org.springframework.aop.framework.CglibAopProxy - Method is declared on Advised interface: public abstract org.springframework.aop.TargetSource org.springframework.aop.framework.Advised.getTargetSource()
01:56:26.724 [main] DEBUG org.springframework.aop.framework.CglibAopProxy - Method is declared on Advised interface: public abstract boolean org.springframework.aop.framework.Advised.isProxyTargetClass()
01:56:26.724 [main] DEBUG org.springframework.aop.framework.CglibAopProxy - Method is declared on Advised interface: public abstract void org.springframework.aop.framework.Advised.addAdvisor(org.springframework.aop.Advisor) throws org.springframework.aop.framework.AopConfigException
01:56:26.724 [main] DEBUG org.springframework.aop.framework.CglibAopProxy - Method is declared on Advised interface: public abstract void org.springframework.aop.framework.Advised.addAdvisor(int,org.springframework.aop.Advisor) throws org.springframework.aop.framework.AopConfigException
01:56:26.724 [main] DEBUG org.springframework.aop.framework.CglibAopProxy - Method is declared on Advised interface: public abstract void org.springframework.aop.framework.Advised.setPreFiltered(boolean)
01:56:26.724 [main] DEBUG org.springframework.aop.framework.CglibAopProxy - Method is declared on Advised interface: public abstract boolean org.springframework.aop.framework.Advised.isPreFiltered()
01:56:26.724 [main] DEBUG org.springframework.aop.framework.CglibAopProxy - Method is declared on Advised interface: public abstract java.lang.Class[] org.springframework.aop.framework.Advised.getProxiedInterfaces()
01:56:26.725 [main] DEBUG org.springframework.aop.framework.CglibAopProxy - Method is declared on Advised interface: public abstract boolean org.springframework.aop.framework.Advised.isInterfaceProxied(java.lang.Class)
01:56:26.725 [main] DEBUG org.springframework.aop.framework.CglibAopProxy - Method is declared on Advised interface: public abstract org.springframework.aop.Advisor[] org.springframework.aop.framework.Advised.getAdvisors()
01:56:26.725 [main] DEBUG org.springframework.aop.framework.CglibAopProxy - Method is declared on Advised interface: public abstract void org.springframework.aop.framework.Advised.removeAdvisor(int) throws org.springframework.aop.framework.AopConfigException
01:56:26.725 [main] DEBUG org.springframework.aop.framework.CglibAopProxy - Method is declared on Advised interface: public abstract boolean org.springframework.aop.framework.Advised.removeAdvisor(org.springframework.aop.Advisor)
01:56:26.725 [main] DEBUG org.springframework.aop.framework.CglibAopProxy - Method is declared on Advised interface: public abstract boolean org.springframework.aop.framework.Advised.replaceAdvisor(org.springframework.aop.Advisor,org.springframework.aop.Advisor) throws org.springframework.aop.framework.AopConfigException
01:56:26.725 [main] DEBUG org.springframework.aop.framework.CglibAopProxy - Method is declared on Advised interface: public abstract boolean org.springframework.aop.framework.Advised.removeAdvice(org.aopalliance.aop.Advice)
01:56:26.725 [main] DEBUG org.springframework.aop.framework.CglibAopProxy - Method is declared on Advised interface: public abstract java.lang.String org.springframework.aop.framework.Advised.toProxyConfigString()
01:56:26.725 [main] DEBUG org.springframework.aop.framework.CglibAopProxy - Method is declared on Advised interface: public abstract void org.springframework.aop.framework.Advised.setExposeProxy(boolean)
01:56:26.725 [main] DEBUG org.springframework.aop.framework.CglibAopProxy - Method is declared on Advised interface: public abstract boolean org.springframework.aop.framework.Advised.isExposeProxy()
01:56:26.725 [main] DEBUG org.springframework.aop.framework.CglibAopProxy - Method is declared on Advised interface: public abstract void org.springframework.aop.framework.Advised.addAdvice(org.aopalliance.aop.Advice) throws org.springframework.aop.framework.AopConfigException
01:56:26.725 [main] DEBUG org.springframework.aop.framework.CglibAopProxy - Method is declared on Advised interface: public abstract void org.springframework.aop.framework.Advised.addAdvice(int,org.aopalliance.aop.Advice) throws org.springframework.aop.framework.AopConfigException
01:56:26.725 [main] DEBUG org.springframework.aop.framework.CglibAopProxy - Method is declared on Advised interface: public abstract java.lang.Class org.springframework.aop.TargetClassAware.getTargetClass()
01:56:26.872 [main] DEBUG org.springframework.beans.factory.support.DefaultListableBeanFactory - Finished creating instance of bean 'bookService'
01:56:26.873 [main] DEBUG org.springframework.beans.factory.support.DefaultListableBeanFactory - Creating shared instance of singleton bean 'roleService'
01:56:26.873 [main] DEBUG org.springframework.beans.factory.support.DefaultListableBeanFactory - Creating instance of bean 'roleService'
01:56:26.874 [main] DEBUG org.springframework.beans.factory.annotation.InjectionMetadata - Registered injected element on class [com.bookstore.servicelayer.RoleService]: AutowiredFieldElement for private com.bookstore.datalayer.repository.RoleRepository com.bookstore.servicelayer.RoleService.roleRepository
01:56:26.874 [main] DEBUG org.springframework.beans.factory.support.DefaultListableBeanFactory - Eagerly caching bean 'roleService' to allow for resolving potential circular references
01:56:26.877 [main] DEBUG org.springframework.beans.factory.annotation.InjectionMetadata - Processing injected element of bean 'roleService': AutowiredFieldElement for private com.bookstore.datalayer.repository.RoleRepository com.bookstore.servicelayer.RoleService.roleRepository
01:56:26.878 [main] DEBUG org.springframework.beans.factory.support.DefaultListableBeanFactory - Creating shared instance of singleton bean 'roleRepository'
01:56:26.878 [main] DEBUG org.springframework.beans.factory.support.DefaultListableBeanFactory - Creating instance of bean 'roleRepository'
01:56:26.879 [main] DEBUG org.springframework.beans.factory.annotation.InjectionMetadata - Registered injected element on class [org.springframework.data.jpa.repository.support.JpaRepositoryFactoryBean]: PersistenceElement for public void org.springframework.data.jpa.repository.support.JpaRepositoryFactoryBean.setEntityManager(javax.persistence.EntityManager)
01:56:26.880 [main] DEBUG org.springframework.beans.factory.support.DefaultListableBeanFactory - Eagerly caching bean 'roleRepository' to allow for resolving potential circular references
01:56:26.880 [main] DEBUG org.springframework.beans.factory.annotation.InjectionMetadata - Processing injected element of bean 'roleRepository': PersistenceElement for public void org.springframework.data.jpa.repository.support.JpaRepositoryFactoryBean.setEntityManager(javax.persistence.EntityManager)
01:56:26.881 [main] DEBUG org.springframework.beans.factory.support.DefaultListableBeanFactory - Creating instance of bean '(inner bean)#7a45d714'
01:56:26.881 [main] DEBUG org.springframework.beans.factory.support.DefaultListableBeanFactory - Creating instance of bean '(inner bean)#4483d35'
01:56:26.882 [main] DEBUG org.springframework.core.io.support.PathMatchingResourcePatternResolver - Resolved classpath location [META-INF/jpa-named-queries.properties] to resources []
01:56:26.883 [main] DEBUG org.springframework.beans.factory.support.DefaultListableBeanFactory - Invoking afterPropertiesSet() on bean with name '(inner bean)#4483d35'
01:56:26.883 [main] DEBUG org.springframework.beans.factory.support.DefaultListableBeanFactory - Returning cached instance of singleton bean 'org.springframework.transaction.config.internalTransactionAdvisor'
01:56:26.883 [main] DEBUG org.springframework.beans.factory.support.DefaultListableBeanFactory - Finished creating instance of bean '(inner bean)#4483d35'
01:56:26.883 [main] DEBUG org.springframework.beans.factory.support.DefaultListableBeanFactory - Returning cached instance of singleton bean 'org.springframework.transaction.config.internalTransactionAdvisor'
01:56:26.884 [main] DEBUG org.springframework.beans.factory.support.DefaultListableBeanFactory - Returning cached instance of singleton bean 'org.springframework.transaction.config.internalTransactionAdvisor'
01:56:26.885 [main] DEBUG org.springframework.beans.factory.support.DefaultListableBeanFactory - Finished creating instance of bean '(inner bean)#7a45d714'
01:56:26.885 [main] DEBUG org.springframework.beans.factory.support.DefaultListableBeanFactory - Creating instance of bean '(inner bean)#5a034157'
01:56:26.886 [main] DEBUG org.springframework.beans.factory.support.DefaultListableBeanFactory - Returning cached instance of singleton bean 'org.springframework.transaction.config.internalTransactionAdvisor'
01:56:26.886 [main] DEBUG org.springframework.beans.factory.support.DefaultListableBeanFactory - Finished creating instance of bean '(inner bean)#5a034157'
01:56:26.886 [main] DEBUG org.springframework.beans.factory.support.DefaultListableBeanFactory - Creating instance of bean '(inner bean)#1391af3b'
01:56:26.887 [main] DEBUG org.springframework.beans.factory.support.DefaultListableBeanFactory - Returning cached instance of singleton bean 'entityManagerFactory'
01:56:26.888 [main] DEBUG org.springframework.beans.factory.support.DefaultListableBeanFactory - Returning cached instance of singleton bean 'org.springframework.transaction.config.internalTransactionAdvisor'
01:56:26.889 [main] DEBUG org.springframework.beans.factory.support.DefaultListableBeanFactory - Finished creating instance of bean '(inner bean)#1391af3b'
01:56:26.889 [main] DEBUG org.springframework.beans.factory.support.DefaultListableBeanFactory - Returning cached instance of singleton bean 'jpaMappingContext'
01:56:26.891 [main] DEBUG org.springframework.beans.factory.support.DefaultListableBeanFactory - Invoking afterPropertiesSet() on bean with name 'roleRepository'
01:56:26.892 [main] DEBUG org.springframework.orm.jpa.SharedEntityManagerCreator$SharedEntityManagerInvocationHandler - Creating new EntityManager for shared EntityManager invocation
01:56:26.892 [main] DEBUG org.springframework.orm.jpa.EntityManagerFactoryUtils - Closing JPA EntityManager
01:56:26.902 [main] DEBUG org.springframework.orm.jpa.SharedEntityManagerCreator$SharedEntityManagerInvocationHandler - Creating new EntityManager for shared EntityManager invocation
01:56:26.902 [main] DEBUG org.springframework.orm.jpa.EntityManagerFactoryUtils - Closing JPA EntityManager
01:56:26.904 [main] DEBUG org.springframework.aop.framework.JdkDynamicAopProxy - Creating JDK dynamic proxy: target source is org.springframework.data.jpa.repository.support.CrudMethodMetadataPostProcessor$ThreadBoundTargetSource@59fbb34
01:56:26.906 [main] DEBUG org.springframework.orm.jpa.SharedEntityManagerCreator$SharedEntityManagerInvocationHandler - Creating new EntityManager for shared EntityManager invocation
01:56:26.913 [main] DEBUG org.springframework.orm.jpa.EntityManagerFactoryUtils - Closing JPA EntityManager
01:56:26.934 [main] DEBUG org.springframework.data.jpa.repository.query.JpaQueryFactory - Looking up query for method findByRoleId
01:56:26.935 [main] DEBUG org.springframework.data.jpa.repository.query.NamedQuery - Looking up named query Role.findByRoleId
01:56:26.936 [main] DEBUG org.hibernate.jpa.spi.AbstractEntityManagerImpl - Mark transaction for rollback
01:56:26.936 [main] DEBUG org.springframework.data.jpa.repository.query.NamedQuery - Did not find named query Role.findByRoleId
01:56:26.938 [main] DEBUG org.springframework.aop.framework.JdkDynamicAopProxy - Creating JDK dynamic proxy: target source is SingletonTargetSource for target object [org.springframework.data.jpa.repository.support.SimpleJpaRepository@3ebe4ccc]
01:56:26.946 [main] DEBUG org.springframework.beans.factory.support.DefaultListableBeanFactory - Returning cached instance of singleton bean 'org.springframework.transaction.config.internalTransactionAdvisor'
01:56:26.946 [main] DEBUG org.springframework.beans.factory.support.DefaultListableBeanFactory - Finished creating instance of bean 'roleRepository'
01:56:26.946 [main] DEBUG org.springframework.beans.factory.support.DefaultListableBeanFactory - Returning cached instance of singleton bean 'org.springframework.transaction.config.internalTransactionAdvisor'
01:56:26.947 [main] DEBUG org.springframework.beans.factory.annotation.AutowiredAnnotationBeanPostProcessor - Autowiring by type from bean name 'roleService' to bean named 'roleRepository'
01:56:26.947 [main] DEBUG org.springframework.beans.factory.support.DefaultListableBeanFactory - Returning cached instance of singleton bean 'org.springframework.transaction.config.internalTransactionAdvisor'
01:56:26.948 [main] DEBUG org.springframework.transaction.annotation.AnnotationTransactionAttributeSource - Adding transactional method 'com.bookstore.servicelayer.RoleService.findRole' with attribute: PROPAGATION_REQUIRED,ISOLATION_DEFAULT
01:56:26.948 [main] DEBUG org.springframework.aop.framework.autoproxy.InfrastructureAdvisorAutoProxyCreator - Creating implicit proxy for bean 'roleService' with 0 common interceptors and 1 specific interceptors
01:56:26.948 [main] DEBUG org.springframework.aop.framework.CglibAopProxy - Creating CGLIB proxy: target source is SingletonTargetSource for target object [com.bookstore.servicelayer.RoleService@6419a0e1]
01:56:26.949 [main] DEBUG org.springframework.aop.framework.CglibAopProxy - Unable to apply any optimisations to advised method: public com.bookstore.datalayer.entity.Role com.bookstore.servicelayer.RoleService.findRole(java.lang.Integer)
01:56:26.950 [main] DEBUG org.springframework.transaction.annotation.AnnotationTransactionAttributeSource - Adding transactional method 'com.bookstore.servicelayer.RoleService.getAllRoles' with attribute: PROPAGATION_REQUIRED,ISOLATION_DEFAULT
01:56:26.950 [main] DEBUG org.springframework.aop.framework.CglibAopProxy - Unable to apply any optimisations to advised method: public java.util.List com.bookstore.servicelayer.RoleService.getAllRoles()
01:56:26.950 [main] DEBUG org.springframework.transaction.annotation.AnnotationTransactionAttributeSource - Adding transactional method 'com.bookstore.servicelayer.RoleService.insertRole' with attribute: PROPAGATION_REQUIRED,ISOLATION_DEFAULT
01:56:26.950 [main] DEBUG org.springframework.aop.framework.CglibAopProxy - Unable to apply any optimisations to advised method: public com.bookstore.datalayer.entity.Role com.bookstore.servicelayer.RoleService.insertRole(com.bookstore.datalayer.entity.Role)
01:56:26.950 [main] DEBUG org.springframework.aop.framework.CglibAopProxy - Found 'equals' method: public boolean java.lang.Object.equals(java.lang.Object)
01:56:26.951 [main] DEBUG org.springframework.aop.framework.CglibAopProxy - Unable to apply any optimisations to advised method: public java.lang.String java.lang.Object.toString()
01:56:26.951 [main] DEBUG org.springframework.aop.framework.CglibAopProxy - Found 'hashCode' method: public native int java.lang.Object.hashCode()
01:56:26.951 [main] DEBUG org.springframework.aop.framework.CglibAopProxy - Unable to apply any optimisations to advised method: protected native java.lang.Object java.lang.Object.clone() throws java.lang.CloneNotSupportedException
01:56:26.951 [main] DEBUG org.springframework.aop.framework.CglibAopProxy - Method is declared on Advised interface: public abstract int org.springframework.aop.framework.Advised.indexOf(org.springframework.aop.Advisor)
01:56:26.951 [main] DEBUG org.springframework.aop.framework.CglibAopProxy - Method is declared on Advised interface: public abstract int org.springframework.aop.framework.Advised.indexOf(org.aopalliance.aop.Advice)
01:56:26.951 [main] DEBUG org.springframework.aop.framework.CglibAopProxy - Method is declared on Advised interface: public abstract boolean org.springframework.aop.framework.Advised.isFrozen()
01:56:26.951 [main] DEBUG org.springframework.aop.framework.CglibAopProxy - Method is declared on Advised interface: public abstract void org.springframework.aop.framework.Advised.setTargetSource(org.springframework.aop.TargetSource)
01:56:26.951 [main] DEBUG org.springframework.aop.framework.CglibAopProxy - Method is declared on Advised interface: public abstract org.springframework.aop.TargetSource org.springframework.aop.framework.Advised.getTargetSource()
01:56:26.951 [main] DEBUG org.springframework.aop.framework.CglibAopProxy - Method is declared on Advised interface: public abstract boolean org.springframework.aop.framework.Advised.isProxyTargetClass()
01:56:26.951 [main] DEBUG org.springframework.aop.framework.CglibAopProxy - Method is declared on Advised interface: public abstract void org.springframework.aop.framework.Advised.addAdvisor(org.springframework.aop.Advisor) throws org.springframework.aop.framework.AopConfigException
01:56:26.952 [main] DEBUG org.springframework.aop.framework.CglibAopProxy - Method is declared on Advised interface: public abstract void org.springframework.aop.framework.Advised.addAdvisor(int,org.springframework.aop.Advisor) throws org.springframework.aop.framework.AopConfigException
01:56:26.952 [main] DEBUG org.springframework.aop.framework.CglibAopProxy - Method is declared on Advised interface: public abstract void org.springframework.aop.framework.Advised.setPreFiltered(boolean)
01:56:26.952 [main] DEBUG org.springframework.aop.framework.CglibAopProxy - Method is declared on Advised interface: public abstract boolean org.springframework.aop.framework.Advised.isPreFiltered()
01:56:26.952 [main] DEBUG org.springframework.aop.framework.CglibAopProxy - Method is declared on Advised interface: public abstract java.lang.Class[] org.springframework.aop.framework.Advised.getProxiedInterfaces()
01:56:26.952 [main] DEBUG org.springframework.aop.framework.CglibAopProxy - Method is declared on Advised interface: public abstract boolean org.springframework.aop.framework.Advised.isInterfaceProxied(java.lang.Class)
01:56:26.952 [main] DEBUG org.springframework.aop.framework.CglibAopProxy - Method is declared on Advised interface: public abstract org.springframework.aop.Advisor[] org.springframework.aop.framework.Advised.getAdvisors()
01:56:26.952 [main] DEBUG org.springframework.aop.framework.CglibAopProxy - Method is declared on Advised interface: public abstract void org.springframework.aop.framework.Advised.removeAdvisor(int) throws org.springframework.aop.framework.AopConfigException
01:56:26.952 [main] DEBUG org.springframework.aop.framework.CglibAopProxy - Method is declared on Advised interface: public abstract boolean org.springframework.aop.framework.Advised.removeAdvisor(org.springframework.aop.Advisor)
01:56:26.952 [main] DEBUG org.springframework.aop.framework.CglibAopProxy - Method is declared on Advised interface: public abstract boolean org.springframework.aop.framework.Advised.replaceAdvisor(org.springframework.aop.Advisor,org.springframework.aop.Advisor) throws org.springframework.aop.framework.AopConfigException
01:56:26.952 [main] DEBUG org.springframework.aop.framework.CglibAopProxy - Method is declared on Advised interface: public abstract boolean org.springframework.aop.framework.Advised.removeAdvice(org.aopalliance.aop.Advice)
01:56:26.952 [main] DEBUG org.springframework.aop.framework.CglibAopProxy - Method is declared on Advised interface: public abstract java.lang.String org.springframework.aop.framework.Advised.toProxyConfigString()
01:56:26.952 [main] DEBUG org.springframework.aop.framework.CglibAopProxy - Method is declared on Advised interface: public abstract void org.springframework.aop.framework.Advised.setExposeProxy(boolean)
01:56:26.952 [main] DEBUG org.springframework.aop.framework.CglibAopProxy - Method is declared on Advised interface: public abstract boolean org.springframework.aop.framework.Advised.isExposeProxy()
01:56:26.953 [main] DEBUG org.springframework.aop.framework.CglibAopProxy - Method is declared on Advised interface: public abstract void org.springframework.aop.framework.Advised.addAdvice(org.aopalliance.aop.Advice) throws org.springframework.aop.framework.AopConfigException
01:56:26.953 [main] DEBUG org.springframework.aop.framework.CglibAopProxy - Method is declared on Advised interface: public abstract void org.springframework.aop.framework.Advised.addAdvice(int,org.aopalliance.aop.Advice) throws org.springframework.aop.framework.AopConfigException
01:56:26.953 [main] DEBUG org.springframework.aop.framework.CglibAopProxy - Method is declared on Advised interface: public abstract java.lang.Class org.springframework.aop.TargetClassAware.getTargetClass()
01:56:27.021 [main] DEBUG org.springframework.beans.factory.support.DefaultListableBeanFactory - Finished creating instance of bean 'roleService'
01:56:27.022 [main] DEBUG org.springframework.beans.factory.support.DefaultListableBeanFactory - Creating shared instance of singleton bean 'userService'
01:56:27.022 [main] DEBUG org.springframework.beans.factory.support.DefaultListableBeanFactory - Creating instance of bean 'userService'
01:56:27.039 [main] DEBUG org.springframework.beans.factory.annotation.InjectionMetadata - Registered injected element on class [com.bookstore.servicelayer.UserService]: AutowiredFieldElement for private com.bookstore.datalayer.repository.UserRepository com.bookstore.servicelayer.UserService.userRepository
01:56:27.039 [main] DEBUG org.springframework.beans.factory.annotation.InjectionMetadata - Registered injected element on class [com.bookstore.servicelayer.UserService]: AutowiredFieldElement for private com.bookstore.servicelayer.RoleService com.bookstore.servicelayer.UserService.roleService
01:56:27.039 [main] DEBUG org.springframework.beans.factory.support.DefaultListableBeanFactory - Eagerly caching bean 'userService' to allow for resolving potential circular references
01:56:27.043 [main] DEBUG org.springframework.beans.factory.annotation.InjectionMetadata - Processing injected element of bean 'userService': AutowiredFieldElement for private com.bookstore.datalayer.repository.UserRepository com.bookstore.servicelayer.UserService.userRepository
01:56:27.044 [main] DEBUG org.springframework.beans.factory.support.DefaultListableBeanFactory - Creating shared instance of singleton bean 'userRepository'
01:56:27.044 [main] DEBUG org.springframework.beans.factory.support.DefaultListableBeanFactory - Creating instance of bean 'userRepository'
01:56:27.045 [main] DEBUG org.springframework.beans.factory.annotation.InjectionMetadata - Registered injected element on class [org.springframework.data.jpa.repository.support.JpaRepositoryFactoryBean]: PersistenceElement for public void org.springframework.data.jpa.repository.support.JpaRepositoryFactoryBean.setEntityManager(javax.persistence.EntityManager)
01:56:27.045 [main] DEBUG org.springframework.beans.factory.support.DefaultListableBeanFactory - Eagerly caching bean 'userRepository' to allow for resolving potential circular references
01:56:27.046 [main] DEBUG org.springframework.beans.factory.annotation.InjectionMetadata - Processing injected element of bean 'userRepository': PersistenceElement for public void org.springframework.data.jpa.repository.support.JpaRepositoryFactoryBean.setEntityManager(javax.persistence.EntityManager)
01:56:27.046 [main] DEBUG org.springframework.beans.factory.support.DefaultListableBeanFactory - Creating instance of bean '(inner bean)#56b859a6'
01:56:27.046 [main] DEBUG org.springframework.beans.factory.support.DefaultListableBeanFactory - Creating instance of bean '(inner bean)#590adb41'
01:56:27.048 [main] DEBUG org.springframework.core.io.support.PathMatchingResourcePatternResolver - Resolved classpath location [META-INF/jpa-named-queries.properties] to resources []
01:56:27.049 [main] DEBUG org.springframework.beans.factory.support.DefaultListableBeanFactory - Invoking afterPropertiesSet() on bean with name '(inner bean)#590adb41'
01:56:27.049 [main] DEBUG org.springframework.beans.factory.support.DefaultListableBeanFactory - Returning cached instance of singleton bean 'org.springframework.transaction.config.internalTransactionAdvisor'
01:56:27.049 [main] DEBUG org.springframework.beans.factory.support.DefaultListableBeanFactory - Finished creating instance of bean '(inner bean)#590adb41'
01:56:27.050 [main] DEBUG org.springframework.beans.factory.support.DefaultListableBeanFactory - Returning cached instance of singleton bean 'org.springframework.transaction.config.internalTransactionAdvisor'
01:56:27.050 [main] DEBUG org.springframework.beans.factory.support.DefaultListableBeanFactory - Returning cached instance of singleton bean 'org.springframework.transaction.config.internalTransactionAdvisor'
01:56:27.051 [main] DEBUG org.springframework.beans.factory.support.DefaultListableBeanFactory - Finished creating instance of bean '(inner bean)#56b859a6'
01:56:27.051 [main] DEBUG org.springframework.beans.factory.support.DefaultListableBeanFactory - Creating instance of bean '(inner bean)#58015e56'
01:56:27.052 [main] DEBUG org.springframework.beans.factory.support.DefaultListableBeanFactory - Returning cached instance of singleton bean 'org.springframework.transaction.config.internalTransactionAdvisor'
01:56:27.052 [main] DEBUG org.springframework.beans.factory.support.DefaultListableBeanFactory - Finished creating instance of bean '(inner bean)#58015e56'
01:56:27.052 [main] DEBUG org.springframework.beans.factory.support.DefaultListableBeanFactory - Creating instance of bean '(inner bean)#7426a448'
01:56:27.053 [main] DEBUG org.springframework.beans.factory.support.DefaultListableBeanFactory - Returning cached instance of singleton bean 'entityManagerFactory'
01:56:27.054 [main] DEBUG org.springframework.beans.factory.support.DefaultListableBeanFactory - Returning cached instance of singleton bean 'org.springframework.transaction.config.internalTransactionAdvisor'
01:56:27.054 [main] DEBUG org.springframework.beans.factory.support.DefaultListableBeanFactory - Finished creating instance of bean '(inner bean)#7426a448'
01:56:27.055 [main] DEBUG org.springframework.beans.factory.support.DefaultListableBeanFactory - Returning cached instance of singleton bean 'jpaMappingContext'
01:56:27.055 [main] DEBUG org.springframework.beans.factory.support.DefaultListableBeanFactory - Invoking afterPropertiesSet() on bean with name 'userRepository'
01:56:27.055 [main] DEBUG org.springframework.orm.jpa.SharedEntityManagerCreator$SharedEntityManagerInvocationHandler - Creating new EntityManager for shared EntityManager invocation
01:56:27.056 [main] DEBUG org.springframework.orm.jpa.EntityManagerFactoryUtils - Closing JPA EntityManager
01:56:27.058 [main] DEBUG org.springframework.orm.jpa.SharedEntityManagerCreator$SharedEntityManagerInvocationHandler - Creating new EntityManager for shared EntityManager invocation
01:56:27.061 [main] DEBUG org.springframework.orm.jpa.EntityManagerFactoryUtils - Closing JPA EntityManager
01:56:27.061 [main] DEBUG org.springframework.aop.framework.JdkDynamicAopProxy - Creating JDK dynamic proxy: target source is org.springframework.data.jpa.repository.support.CrudMethodMetadataPostProcessor$ThreadBoundTargetSource@6cbe7d4d
01:56:27.063 [main] DEBUG org.springframework.orm.jpa.SharedEntityManagerCreator$SharedEntityManagerInvocationHandler - Creating new EntityManager for shared EntityManager invocation
01:56:27.063 [main] DEBUG org.springframework.orm.jpa.EntityManagerFactoryUtils - Closing JPA EntityManager
01:56:27.065 [main] DEBUG org.springframework.data.jpa.repository.query.JpaQueryFactory - Looking up query for method findByUserId
01:56:27.066 [main] DEBUG org.springframework.data.jpa.repository.query.NamedQuery - Looking up named query User.findByUserId
01:56:27.066 [main] DEBUG org.hibernate.jpa.spi.AbstractEntityManagerImpl - Mark transaction for rollback
01:56:27.066 [main] DEBUG org.springframework.data.jpa.repository.query.NamedQuery - Did not find named query User.findByUserId
01:56:27.069 [main] DEBUG org.springframework.data.jpa.repository.query.JpaQueryFactory - Looking up query for method findByUserNameAndPassword
01:56:27.069 [main] DEBUG org.springframework.data.jpa.repository.query.NamedQuery - Looking up named query User.findByUserNameAndPassword
01:56:27.070 [main] DEBUG org.hibernate.jpa.spi.AbstractEntityManagerImpl - Mark transaction for rollback
01:56:27.070 [main] DEBUG org.springframework.data.jpa.repository.query.NamedQuery - Did not find named query User.findByUserNameAndPassword
01:56:27.078 [main] DEBUG org.springframework.aop.framework.JdkDynamicAopProxy - Creating JDK dynamic proxy: target source is SingletonTargetSource for target object [org.springframework.data.jpa.repository.support.SimpleJpaRepository@6342ff7f]
01:56:27.084 [main] DEBUG org.springframework.beans.factory.support.DefaultListableBeanFactory - Returning cached instance of singleton bean 'org.springframework.transaction.config.internalTransactionAdvisor'
01:56:27.085 [main] DEBUG org.springframework.beans.factory.support.DefaultListableBeanFactory - Finished creating instance of bean 'userRepository'
01:56:27.085 [main] DEBUG org.springframework.beans.factory.support.DefaultListableBeanFactory - Returning cached instance of singleton bean 'org.springframework.transaction.config.internalTransactionAdvisor'
01:56:27.085 [main] DEBUG org.springframework.beans.factory.annotation.AutowiredAnnotationBeanPostProcessor - Autowiring by type from bean name 'userService' to bean named 'userRepository'
01:56:27.085 [main] DEBUG org.springframework.beans.factory.annotation.InjectionMetadata - Processing injected element of bean 'userService': AutowiredFieldElement for private com.bookstore.servicelayer.RoleService com.bookstore.servicelayer.UserService.roleService
01:56:27.086 [main] DEBUG org.springframework.beans.factory.support.DefaultListableBeanFactory - Returning cached instance of singleton bean 'roleService'
01:56:27.086 [main] DEBUG org.springframework.beans.factory.annotation.AutowiredAnnotationBeanPostProcessor - Autowiring by type from bean name 'userService' to bean named 'roleService'
01:56:27.086 [main] DEBUG org.springframework.beans.factory.support.DefaultListableBeanFactory - Returning cached instance of singleton bean 'org.springframework.transaction.config.internalTransactionAdvisor'
01:56:27.087 [main] DEBUG org.springframework.transaction.annotation.AnnotationTransactionAttributeSource - Adding transactional method 'com.bookstore.servicelayer.UserService.insertUser' with attribute: PROPAGATION_REQUIRED,ISOLATION_DEFAULT
01:56:27.087 [main] DEBUG org.springframework.aop.framework.autoproxy.InfrastructureAdvisorAutoProxyCreator - Creating implicit proxy for bean 'userService' with 0 common interceptors and 1 specific interceptors
01:56:27.087 [main] DEBUG org.springframework.aop.framework.CglibAopProxy - Creating CGLIB proxy: target source is SingletonTargetSource for target object [com.bookstore.servicelayer.UserService@5ceecfee]
01:56:27.090 [main] DEBUG org.springframework.aop.framework.CglibAopProxy - Unable to apply any optimisations to advised method: public java.lang.Boolean com.bookstore.servicelayer.UserService.insertUser(com.bookstore.weblayer.model.Registration)
01:56:27.115 [main] DEBUG org.springframework.transaction.annotation.AnnotationTransactionAttributeSource - Adding transactional method 'com.bookstore.servicelayer.UserService.getUserList' with attribute: PROPAGATION_REQUIRED,ISOLATION_DEFAULT
01:56:27.118 [main] DEBUG org.springframework.aop.framework.CglibAopProxy - Unable to apply any optimisations to advised method: public java.util.List com.bookstore.servicelayer.UserService.getUserList()
01:56:27.118 [main] DEBUG org.springframework.transaction.annotation.AnnotationTransactionAttributeSource - Adding transactional method 'com.bookstore.servicelayer.UserService.findUser' with attribute: PROPAGATION_REQUIRED,ISOLATION_DEFAULT
01:56:27.119 [main] DEBUG org.springframework.aop.framework.CglibAopProxy - Unable to apply any optimisations to advised method: public com.bookstore.datalayer.entity.User com.bookstore.servicelayer.UserService.findUser(java.lang.Integer)
01:56:27.121 [main] DEBUG org.springframework.transaction.annotation.AnnotationTransactionAttributeSource - Adding transactional method 'com.bookstore.servicelayer.UserService.deleteUser' with attribute: PROPAGATION_REQUIRED,ISOLATION_DEFAULT
01:56:27.121 [main] DEBUG org.springframework.aop.framework.CglibAopProxy - Unable to apply any optimisations to advised method: public java.lang.Boolean com.bookstore.servicelayer.UserService.deleteUser(java.lang.Integer)
01:56:27.122 [main] DEBUG org.springframework.transaction.annotation.AnnotationTransactionAttributeSource - Adding transactional method 'com.bookstore.servicelayer.UserService.getRoleNames' with attribute: PROPAGATION_REQUIRED,ISOLATION_DEFAULT
01:56:27.124 [main] DEBUG org.springframework.aop.framework.CglibAopProxy - Unable to apply any optimisations to advised method: public java.util.List com.bookstore.servicelayer.UserService.getRoleNames()
01:56:27.126 [main] DEBUG org.springframework.transaction.annotation.AnnotationTransactionAttributeSource - Adding transactional method 'com.bookstore.servicelayer.UserService.login' with attribute: PROPAGATION_REQUIRED,ISOLATION_DEFAULT
01:56:27.126 [main] DEBUG org.springframework.aop.framework.CglibAopProxy - Unable to apply any optimisations to advised method: public com.bookstore.datalayer.entity.User com.bookstore.servicelayer.UserService.login(com.bookstore.weblayer.model.UserAuthentication)
01:56:27.126 [main] DEBUG org.springframework.aop.framework.CglibAopProxy - Found 'equals' method: public boolean java.lang.Object.equals(java.lang.Object)
01:56:27.129 [main] DEBUG org.springframework.aop.framework.CglibAopProxy - Unable to apply any optimisations to advised method: public java.lang.String java.lang.Object.toString()
01:56:27.129 [main] DEBUG org.springframework.aop.framework.CglibAopProxy - Found 'hashCode' method: public native int java.lang.Object.hashCode()
01:56:27.129 [main] DEBUG org.springframework.aop.framework.CglibAopProxy - Unable to apply any optimisations to advised method: protected native java.lang.Object java.lang.Object.clone() throws java.lang.CloneNotSupportedException
01:56:27.129 [main] DEBUG org.springframework.aop.framework.CglibAopProxy - Method is declared on Advised interface: public abstract int org.springframework.aop.framework.Advised.indexOf(org.springframework.aop.Advisor)
01:56:27.129 [main] DEBUG org.springframework.aop.framework.CglibAopProxy - Method is declared on Advised interface: public abstract int org.springframework.aop.framework.Advised.indexOf(org.aopalliance.aop.Advice)
01:56:27.129 [main] DEBUG org.springframework.aop.framework.CglibAopProxy - Method is declared on Advised interface: public abstract boolean org.springframework.aop.framework.Advised.isFrozen()
01:56:27.129 [main] DEBUG org.springframework.aop.framework.CglibAopProxy - Method is declared on Advised interface: public abstract void org.springframework.aop.framework.Advised.setTargetSource(org.springframework.aop.TargetSource)
01:56:27.129 [main] DEBUG org.springframework.aop.framework.CglibAopProxy - Method is declared on Advised interface: public abstract org.springframework.aop.TargetSource org.springframework.aop.framework.Advised.getTargetSource()
01:56:27.130 [main] DEBUG org.springframework.aop.framework.CglibAopProxy - Method is declared on Advised interface: public abstract boolean org.springframework.aop.framework.Advised.isProxyTargetClass()
01:56:27.130 [main] DEBUG org.springframework.aop.framework.CglibAopProxy - Method is declared on Advised interface: public abstract void org.springframework.aop.framework.Advised.addAdvisor(org.springframework.aop.Advisor) throws org.springframework.aop.framework.AopConfigException
01:56:27.130 [main] DEBUG org.springframework.aop.framework.CglibAopProxy - Method is declared on Advised interface: public abstract void org.springframework.aop.framework.Advised.addAdvisor(int,org.springframework.aop.Advisor) throws org.springframework.aop.framework.AopConfigException
01:56:27.130 [main] DEBUG org.springframework.aop.framework.CglibAopProxy - Method is declared on Advised interface: public abstract void org.springframework.aop.framework.Advised.setPreFiltered(boolean)
01:56:27.130 [main] DEBUG org.springframework.aop.framework.CglibAopProxy - Method is declared on Advised interface: public abstract boolean org.springframework.aop.framework.Advised.isPreFiltered()
01:56:27.130 [main] DEBUG org.springframework.aop.framework.CglibAopProxy - Method is declared on Advised interface: public abstract java.lang.Class[] org.springframework.aop.framework.Advised.getProxiedInterfaces()
01:56:27.130 [main] DEBUG org.springframework.aop.framework.CglibAopProxy - Method is declared on Advised interface: public abstract boolean org.springframework.aop.framework.Advised.isInterfaceProxied(java.lang.Class)
01:56:27.130 [main] DEBUG org.springframework.aop.framework.CglibAopProxy - Method is declared on Advised interface: public abstract org.springframework.aop.Advisor[] org.springframework.aop.framework.Advised.getAdvisors()
01:56:27.130 [main] DEBUG org.springframework.aop.framework.CglibAopProxy - Method is declared on Advised interface: public abstract void org.springframework.aop.framework.Advised.removeAdvisor(int) throws org.springframework.aop.framework.AopConfigException
01:56:27.130 [main] DEBUG org.springframework.aop.framework.CglibAopProxy - Method is declared on Advised interface: public abstract boolean org.springframework.aop.framework.Advised.removeAdvisor(org.springframework.aop.Advisor)
01:56:27.130 [main] DEBUG org.springframework.aop.framework.CglibAopProxy - Method is declared on Advised interface: public abstract boolean org.springframework.aop.framework.Advised.replaceAdvisor(org.springframework.aop.Advisor,org.springframework.aop.Advisor) throws org.springframework.aop.framework.AopConfigException
01:56:27.130 [main] DEBUG org.springframework.aop.framework.CglibAopProxy - Method is declared on Advised interface: public abstract boolean org.springframework.aop.framework.Advised.removeAdvice(org.aopalliance.aop.Advice)
01:56:27.130 [main] DEBUG org.springframework.aop.framework.CglibAopProxy - Method is declared on Advised interface: public abstract java.lang.String org.springframework.aop.framework.Advised.toProxyConfigString()
01:56:27.130 [main] DEBUG org.springframework.aop.framework.CglibAopProxy - Method is declared on Advised interface: public abstract void org.springframework.aop.framework.Advised.setExposeProxy(boolean)
01:56:27.131 [main] DEBUG org.springframework.aop.framework.CglibAopProxy - Method is declared on Advised interface: public abstract boolean org.springframework.aop.framework.Advised.isExposeProxy()
01:56:27.131 [main] DEBUG org.springframework.aop.framework.CglibAopProxy - Method is declared on Advised interface: public abstract void org.springframework.aop.framework.Advised.addAdvice(org.aopalliance.aop.Advice) throws org.springframework.aop.framework.AopConfigException
01:56:27.131 [main] DEBUG org.springframework.aop.framework.CglibAopProxy - Method is declared on Advised interface: public abstract void org.springframework.aop.framework.Advised.addAdvice(int,org.aopalliance.aop.Advice) throws org.springframework.aop.framework.AopConfigException
01:56:27.131 [main] DEBUG org.springframework.aop.framework.CglibAopProxy - Method is declared on Advised interface: public abstract java.lang.Class org.springframework.aop.TargetClassAware.getTargetClass()
01:56:27.196 [main] DEBUG org.springframework.beans.factory.support.DefaultListableBeanFactory - Finished creating instance of bean 'userService'
01:56:27.196 [main] DEBUG org.springframework.beans.factory.support.DefaultListableBeanFactory - Creating shared instance of singleton bean 'bookStoreController'
01:56:27.199 [main] DEBUG org.springframework.beans.factory.support.DefaultListableBeanFactory - Creating instance of bean 'bookStoreController'
01:56:27.223 [main] DEBUG org.springframework.beans.factory.annotation.InjectionMetadata - Registered injected element on class [com.bookstore.weblayer.BookStoreController]: AutowiredFieldElement for private com.bookstore.servicelayer.UserService com.bookstore.weblayer.BookStoreController.userService
01:56:27.223 [main] DEBUG org.springframework.beans.factory.annotation.InjectionMetadata - Registered injected element on class [com.bookstore.weblayer.BookStoreController]: AutowiredFieldElement for private com.bookstore.servicelayer.BookService com.bookstore.weblayer.BookStoreController.bookService
01:56:27.223 [main] DEBUG org.springframework.beans.factory.support.DefaultListableBeanFactory - Eagerly caching bean 'bookStoreController' to allow for resolving potential circular references
01:56:27.237 [main] DEBUG org.springframework.beans.factory.annotation.InjectionMetadata - Processing injected element of bean 'bookStoreController': AutowiredFieldElement for private com.bookstore.servicelayer.UserService com.bookstore.weblayer.BookStoreController.userService
01:56:27.274 [main] DEBUG org.springframework.beans.factory.support.DefaultListableBeanFactory - Returning cached instance of singleton bean 'userService'
01:56:27.274 [main] DEBUG org.springframework.beans.factory.annotation.AutowiredAnnotationBeanPostProcessor - Autowiring by type from bean name 'bookStoreController' to bean named 'userService'
01:56:27.274 [main] DEBUG org.springframework.beans.factory.annotation.InjectionMetadata - Processing injected element of bean 'bookStoreController': AutowiredFieldElement for private com.bookstore.servicelayer.BookService com.bookstore.weblayer.BookStoreController.bookService
01:56:27.276 [main] DEBUG org.springframework.beans.factory.support.DefaultListableBeanFactory - Returning cached instance of singleton bean 'bookService'
01:56:27.276 [main] DEBUG org.springframework.beans.factory.annotation.AutowiredAnnotationBeanPostProcessor - Autowiring by type from bean name 'bookStoreController' to bean named 'bookService'
01:56:27.276 [main] DEBUG org.springframework.beans.factory.support.DefaultListableBeanFactory - Returning cached instance of singleton bean 'org.springframework.transaction.config.internalTransactionAdvisor'
01:56:27.290 [main] DEBUG org.springframework.beans.factory.support.DefaultListableBeanFactory - Finished creating instance of bean 'bookStoreController'
01:56:27.290 [main] DEBUG org.springframework.beans.factory.support.DefaultListableBeanFactory - Creating shared instance of singleton bean 'org.springframework.web.servlet.config.annotation.DelegatingWebMvcConfiguration'
01:56:27.291 [main] DEBUG org.springframework.beans.factory.support.DefaultListableBeanFactory - Creating instance of bean 'org.springframework.web.servlet.config.annotation.DelegatingWebMvcConfiguration'
01:56:27.314 [main] DEBUG org.springframework.beans.factory.annotation.InjectionMetadata - Registered injected element on class [org.springframework.web.servlet.config.annotation.DelegatingWebMvcConfiguration$$EnhancerBySpringCGLIB$$3abc53bb]: AutowiredMethodElement for public void org.springframework.web.servlet.config.annotation.DelegatingWebMvcConfiguration.setConfigurers(java.util.List)
01:56:27.314 [main] DEBUG org.springframework.beans.factory.support.DefaultListableBeanFactory - Eagerly caching bean 'org.springframework.web.servlet.config.annotation.DelegatingWebMvcConfiguration' to allow for resolving potential circular references
01:56:27.315 [main] DEBUG org.springframework.beans.factory.annotation.InjectionMetadata - Processing injected element of bean 'org.springframework.web.servlet.config.annotation.DelegatingWebMvcConfiguration': AutowiredMethodElement for public void org.springframework.web.servlet.config.annotation.DelegatingWebMvcConfiguration.setConfigurers(java.util.List)
01:56:27.318 [main] DEBUG org.springframework.beans.factory.support.DefaultListableBeanFactory - Returning cached instance of singleton bean 'repositorySpringConfiguration'
01:56:27.353 [main] DEBUG org.springframework.beans.factory.annotation.AutowiredAnnotationBeanPostProcessor - Autowiring by type from bean name 'org.springframework.web.servlet.config.annotation.DelegatingWebMvcConfiguration' to bean named 'repositorySpringConfiguration'
01:56:27.356 [main] DEBUG org.springframework.beans.factory.support.DefaultListableBeanFactory - Returning cached instance of singleton bean 'org.springframework.transaction.config.internalTransactionAdvisor'
01:56:27.364 [main] DEBUG org.springframework.beans.factory.support.DefaultListableBeanFactory - Finished creating instance of bean 'org.springframework.web.servlet.config.annotation.DelegatingWebMvcConfiguration'
01:56:27.365 [main] DEBUG org.springframework.beans.factory.support.DefaultListableBeanFactory - Creating shared instance of singleton bean 'requestMappingHandlerMapping'
01:56:27.366 [main] DEBUG org.springframework.beans.factory.support.DefaultListableBeanFactory - Creating instance of bean 'requestMappingHandlerMapping'
01:56:27.367 [main] DEBUG org.springframework.beans.factory.support.DefaultListableBeanFactory - Returning cached instance of singleton bean 'org.springframework.web.servlet.config.annotation.DelegatingWebMvcConfiguration'
01:56:27.490 [main] DEBUG org.springframework.beans.factory.support.DefaultListableBeanFactory - Creating shared instance of singleton bean 'mvcConversionService'
01:56:27.490 [main] DEBUG org.springframework.beans.factory.support.DefaultListableBeanFactory - Creating instance of bean 'mvcConversionService'
01:56:27.491 [main] DEBUG org.springframework.beans.factory.support.DefaultListableBeanFactory - Returning cached instance of singleton bean 'org.springframework.web.servlet.config.annotation.DelegatingWebMvcConfiguration'
01:56:27.721 [main] DEBUG org.springframework.beans.factory.support.DefaultListableBeanFactory - Eagerly caching bean 'mvcConversionService' to allow for resolving potential circular references
01:56:27.727 [main] DEBUG org.springframework.beans.factory.support.DefaultListableBeanFactory - Returning cached instance of singleton bean 'org.springframework.transaction.config.internalTransactionAdvisor'
01:56:27.727 [main] DEBUG org.springframework.beans.factory.support.DefaultListableBeanFactory - Finished creating instance of bean 'mvcConversionService'
01:56:27.734 [main] DEBUG org.springframework.beans.factory.support.DefaultListableBeanFactory - Creating shared instance of singleton bean 'mvcResourceUrlProvider'
01:56:27.734 [main] DEBUG org.springframework.beans.factory.support.DefaultListableBeanFactory - Creating instance of bean 'mvcResourceUrlProvider'
01:56:27.735 [main] DEBUG org.springframework.beans.factory.support.DefaultListableBeanFactory - Returning cached instance of singleton bean 'org.springframework.web.servlet.config.annotation.DelegatingWebMvcConfiguration'
01:56:27.746 [main] DEBUG org.springframework.beans.factory.support.DefaultListableBeanFactory - Eagerly caching bean 'mvcResourceUrlProvider' to allow for resolving potential circular references
01:56:27.753 [main] DEBUG org.springframework.beans.factory.support.DefaultListableBeanFactory - Returning cached instance of singleton bean 'org.springframework.transaction.config.internalTransactionAdvisor'
01:56:27.754 [main] DEBUG org.springframework.beans.factory.support.DefaultListableBeanFactory - Finished creating instance of bean 'mvcResourceUrlProvider'
01:56:27.755 [main] DEBUG org.springframework.beans.factory.support.DefaultListableBeanFactory - Creating shared instance of singleton bean 'mvcContentNegotiationManager'
01:56:27.755 [main] DEBUG org.springframework.beans.factory.support.DefaultListableBeanFactory - Creating instance of bean 'mvcContentNegotiationManager'
01:56:27.755 [main] DEBUG org.springframework.beans.factory.support.DefaultListableBeanFactory - Returning cached instance of singleton bean 'org.springframework.web.servlet.config.annotation.DelegatingWebMvcConfiguration'
01:56:27.789 [main] DEBUG org.springframework.beans.factory.support.DefaultListableBeanFactory - Eagerly caching bean 'mvcContentNegotiationManager' to allow for resolving potential circular references
01:56:27.791 [main] DEBUG org.springframework.beans.factory.support.DefaultListableBeanFactory - Returning cached instance of singleton bean 'org.springframework.transaction.config.internalTransactionAdvisor'
01:56:27.792 [main] DEBUG org.springframework.beans.factory.support.DefaultListableBeanFactory - Finished creating instance of bean 'mvcContentNegotiationManager'
01:56:27.809 [main] DEBUG org.springframework.beans.factory.support.DefaultListableBeanFactory - Eagerly caching bean 'requestMappingHandlerMapping' to allow for resolving potential circular references
01:56:27.830 [main] DEBUG org.springframework.beans.factory.support.DefaultListableBeanFactory - Invoking afterPropertiesSet() on bean with name 'requestMappingHandlerMapping'
01:56:27.830 [main] DEBUG org.springframework.web.servlet.mvc.method.annotation.RequestMappingHandlerMapping - Looking for request mappings in application context: org.springframework.web.context.support.GenericWebApplicationContext@48a242ce: startup date [Fri Dec 22 01:56:06 EET 2017]; root of context hierarchy
01:56:27.854 [main] DEBUG org.springframework.web.servlet.mvc.method.annotation.RequestMappingHandlerMapping - 9 request handler methods found on class com.bookstore.weblayer.BookStoreController: {public com.bookstore.datalayer.entity.Book com.bookstore.weblayer.BookStoreController.getBook(java.lang.Integer)={[/bookstore/v1/book],methods=[GET]}, public java.lang.Boolean com.bookstore.weblayer.BookStoreController.insertUser(com.bookstore.weblayer.model.Registration)={[/bookstore/v1/insert_user],methods=[POST]}, public java.util.List com.bookstore.weblayer.BookStoreController.getAllBooks()={[/bookstore/v1/books],methods=[GET]}, public java.util.List com.bookstore.weblayer.BookStoreController.getAllRoles()={[/bookstore/v1/roles],methods=[GET]}, public com.bookstore.datalayer.entity.User com.bookstore.weblayer.BookStoreController.deleteUser(java.lang.Integer)={[/bookstore/v1/user/{userid}],methods=[DELETE]}, public java.util.List com.bookstore.weblayer.BookStoreController.getAllUsers()={[/bookstore/v1/users],methods=[GET]}, public com.bookstore.datalayer.entity.User com.bookstore.weblayer.BookStoreController.getUser(java.lang.Integer)={[/bookstore/v1/user/{userid}],methods=[GET]}, public com.bookstore.datalayer.entity.User com.bookstore.weblayer.BookStoreController.loginUser(com.bookstore.weblayer.model.UserAuthentication)={[/bookstore/v1/login/user],methods=[POST]}, public java.lang.Boolean com.bookstore.weblayer.BookStoreController.insertBook(com.bookstore.datalayer.entity.Book)={[/bookstore/v1/book],methods=[POST]}}
01:56:27.855 [main] INFO org.springframework.web.servlet.mvc.method.annotation.RequestMappingHandlerMapping - Mapped "{[/bookstore/v1/book],methods=[GET]}" onto public com.bookstore.datalayer.entity.Book com.bookstore.weblayer.BookStoreController.getBook(java.lang.Integer)
01:56:27.856 [main] INFO org.springframework.web.servlet.mvc.method.annotation.RequestMappingHandlerMapping - Mapped "{[/bookstore/v1/insert_user],methods=[POST]}" onto public java.lang.Boolean com.bookstore.weblayer.BookStoreController.insertUser(com.bookstore.weblayer.model.Registration)
01:56:27.857 [main] INFO org.springframework.web.servlet.mvc.method.annotation.RequestMappingHandlerMapping - Mapped "{[/bookstore/v1/books],methods=[GET]}" onto public java.util.List<com.bookstore.datalayer.entity.Book> com.bookstore.weblayer.BookStoreController.getAllBooks()
01:56:27.857 [main] INFO org.springframework.web.servlet.mvc.method.annotation.RequestMappingHandlerMapping - Mapped "{[/bookstore/v1/roles],methods=[GET]}" onto public java.util.List<java.lang.String> com.bookstore.weblayer.BookStoreController.getAllRoles()
01:56:27.857 [main] INFO org.springframework.web.servlet.mvc.method.annotation.RequestMappingHandlerMapping - Mapped "{[/bookstore/v1/user/{userid}],methods=[DELETE]}" onto public com.bookstore.datalayer.entity.User com.bookstore.weblayer.BookStoreController.deleteUser(java.lang.Integer)
01:56:27.857 [main] INFO org.springframework.web.servlet.mvc.method.annotation.RequestMappingHandlerMapping - Mapped "{[/bookstore/v1/users],methods=[GET]}" onto public java.util.List<com.bookstore.datalayer.entity.User> com.bookstore.weblayer.BookStoreController.getAllUsers()
01:56:27.857 [main] INFO org.springframework.web.servlet.mvc.method.annotation.RequestMappingHandlerMapping - Mapped "{[/bookstore/v1/user/{userid}],methods=[GET]}" onto public com.bookstore.datalayer.entity.User com.bookstore.weblayer.BookStoreController.getUser(java.lang.Integer)
01:56:27.858 [main] INFO org.springframework.web.servlet.mvc.method.annotation.RequestMappingHandlerMapping - Mapped "{[/bookstore/v1/login/user],methods=[POST]}" onto public com.bookstore.datalayer.entity.User com.bookstore.weblayer.BookStoreController.loginUser(com.bookstore.weblayer.model.UserAuthentication)
01:56:27.858 [main] INFO org.springframework.web.servlet.mvc.method.annotation.RequestMappingHandlerMapping - Mapped "{[/bookstore/v1/book],methods=[POST]}" onto public java.lang.Boolean com.bookstore.weblayer.BookStoreController.insertBook(com.bookstore.datalayer.entity.Book)
01:56:27.861 [main] DEBUG org.springframework.beans.factory.support.DefaultListableBeanFactory - Returning cached instance of singleton bean 'org.springframework.transaction.config.internalTransactionAdvisor'
01:56:27.862 [main] DEBUG org.springframework.beans.factory.support.DefaultListableBeanFactory - Finished creating instance of bean 'requestMappingHandlerMapping'
01:56:27.862 [main] DEBUG org.springframework.beans.factory.support.DefaultListableBeanFactory - Creating shared instance of singleton bean 'mvcPathMatcher'
01:56:27.862 [main] DEBUG org.springframework.beans.factory.support.DefaultListableBeanFactory - Creating instance of bean 'mvcPathMatcher'
01:56:27.862 [main] DEBUG org.springframework.beans.factory.support.DefaultListableBeanFactory - Returning cached instance of singleton bean 'org.springframework.web.servlet.config.annotation.DelegatingWebMvcConfiguration'
01:56:27.863 [main] DEBUG org.springframework.beans.factory.support.DefaultListableBeanFactory - Eagerly caching bean 'mvcPathMatcher' to allow for resolving potential circular references
01:56:27.865 [main] DEBUG org.springframework.beans.factory.support.DefaultListableBeanFactory - Returning cached instance of singleton bean 'org.springframework.transaction.config.internalTransactionAdvisor'
01:56:27.866 [main] DEBUG org.springframework.beans.factory.support.DefaultListableBeanFactory - Finished creating instance of bean 'mvcPathMatcher'
01:56:27.866 [main] DEBUG org.springframework.beans.factory.support.DefaultListableBeanFactory - Creating shared instance of singleton bean 'mvcUrlPathHelper'
01:56:27.866 [main] DEBUG org.springframework.beans.factory.support.DefaultListableBeanFactory - Creating instance of bean 'mvcUrlPathHelper'
01:56:27.866 [main] DEBUG org.springframework.beans.factory.support.DefaultListableBeanFactory - Returning cached instance of singleton bean 'org.springframework.web.servlet.config.annotation.DelegatingWebMvcConfiguration'
01:56:27.868 [main] DEBUG org.springframework.beans.factory.support.DefaultListableBeanFactory - Eagerly caching bean 'mvcUrlPathHelper' to allow for resolving potential circular references
01:56:27.870 [main] DEBUG org.springframework.beans.factory.support.DefaultListableBeanFactory - Returning cached instance of singleton bean 'org.springframework.transaction.config.internalTransactionAdvisor'
01:56:27.870 [main] DEBUG org.springframework.beans.factory.support.DefaultListableBeanFactory - Finished creating instance of bean 'mvcUrlPathHelper'
01:56:27.870 [main] DEBUG org.springframework.beans.factory.support.DefaultListableBeanFactory - Returning cached instance of singleton bean 'mvcContentNegotiationManager'
01:56:27.870 [main] DEBUG org.springframework.beans.factory.support.DefaultListableBeanFactory - Creating shared instance of singleton bean 'viewControllerHandlerMapping'
01:56:27.870 [main] DEBUG org.springframework.beans.factory.support.DefaultListableBeanFactory - Creating instance of bean 'viewControllerHandlerMapping'
01:56:27.870 [main] DEBUG org.springframework.beans.factory.support.DefaultListableBeanFactory - Returning cached instance of singleton bean 'org.springframework.web.servlet.config.annotation.DelegatingWebMvcConfiguration'
01:56:27.872 [main] DEBUG org.springframework.beans.factory.support.DefaultListableBeanFactory - Returning cached instance of singleton bean 'mvcPathMatcher'
01:56:27.872 [main] DEBUG org.springframework.beans.factory.support.DefaultListableBeanFactory - Returning cached instance of singleton bean 'mvcUrlPathHelper'
01:56:27.873 [main] DEBUG org.springframework.beans.factory.support.DefaultListableBeanFactory - Eagerly caching bean 'viewControllerHandlerMapping' to allow for resolving potential circular references
01:56:27.880 [main] DEBUG org.springframework.beans.factory.support.DefaultListableBeanFactory - Returning cached instance of singleton bean 'org.springframework.transaction.config.internalTransactionAdvisor'
01:56:27.881 [main] DEBUG org.springframework.beans.factory.support.DefaultListableBeanFactory - Finished creating instance of bean 'viewControllerHandlerMapping'
01:56:27.883 [main] DEBUG org.springframework.beans.factory.support.DefaultListableBeanFactory - Creating shared instance of singleton bean 'beanNameHandlerMapping'
01:56:27.886 [main] DEBUG org.springframework.beans.factory.support.DefaultListableBeanFactory - Creating instance of bean 'beanNameHandlerMapping'
01:56:27.886 [main] DEBUG org.springframework.beans.factory.support.DefaultListableBeanFactory - Returning cached instance of singleton bean 'org.springframework.web.servlet.config.annotation.DelegatingWebMvcConfiguration'
01:56:27.889 [main] DEBUG org.springframework.beans.factory.support.DefaultListableBeanFactory - Eagerly caching bean 'beanNameHandlerMapping' to allow for resolving potential circular references
01:56:27.954 [main] DEBUG org.springframework.web.servlet.handler.BeanNameUrlHandlerMapping - Looking for URL mappings in application context: org.springframework.web.context.support.GenericWebApplicationContext@48a242ce: startup date [Fri Dec 22 01:56:06 EET 2017]; root of context hierarchy
01:56:27.956 [main] DEBUG org.springframework.web.servlet.handler.BeanNameUrlHandlerMapping - Rejected bean name 'org.springframework.context.annotation.internalConfigurationAnnotationProcessor': no URL paths identified
01:56:27.956 [main] DEBUG org.springframework.web.servlet.handler.BeanNameUrlHandlerMapping - Rejected bean name 'org.springframework.context.annotation.internalAutowiredAnnotationProcessor': no URL paths identified
01:56:27.956 [main] DEBUG org.springframework.web.servlet.handler.BeanNameUrlHandlerMapping - Rejected bean name 'org.springframework.context.annotation.internalRequiredAnnotationProcessor': no URL paths identified
01:56:27.956 [main] DEBUG org.springframework.web.servlet.handler.BeanNameUrlHandlerMapping - Rejected bean name 'org.springframework.context.annotation.internalCommonAnnotationProcessor': no URL paths identified
01:56:27.956 [main] DEBUG org.springframework.web.servlet.handler.BeanNameUrlHandlerMapping - Rejected bean name 'org.springframework.context.annotation.internalPersistenceAnnotationProcessor': no URL paths identified
01:56:27.956 [main] DEBUG org.springframework.web.servlet.handler.BeanNameUrlHandlerMapping - Rejected bean name 'org.springframework.context.event.internalEventListenerProcessor': no URL paths identified
01:56:27.956 [main] DEBUG org.springframework.web.servlet.handler.BeanNameUrlHandlerMapping - Rejected bean name 'org.springframework.context.event.internalEventListenerFactory': no URL paths identified
01:56:27.957 [main] DEBUG org.springframework.web.servlet.handler.BeanNameUrlHandlerMapping - Rejected bean name 'repositorySpringConfiguration': no URL paths identified
01:56:27.957 [main] DEBUG org.springframework.web.servlet.handler.BeanNameUrlHandlerMapping - Rejected bean name 'bookTagQueryRepository': no URL paths identified
01:56:27.957 [main] DEBUG org.springframework.web.servlet.handler.BeanNameUrlHandlerMapping - Rejected bean name 'bookService': no URL paths identified
01:56:27.957 [main] DEBUG org.springframework.web.servlet.handler.BeanNameUrlHandlerMapping - Rejected bean name 'roleService': no URL paths identified
01:56:27.957 [main] DEBUG org.springframework.web.servlet.handler.BeanNameUrlHandlerMapping - Rejected bean name 'userService': no URL paths identified
01:56:27.957 [main] DEBUG org.springframework.web.servlet.handler.BeanNameUrlHandlerMapping - Rejected bean name 'bookStoreController': no URL paths identified
01:56:27.957 [main] DEBUG org.springframework.web.servlet.handler.BeanNameUrlHandlerMapping - Rejected bean name 'org.springframework.web.servlet.config.annotation.DelegatingWebMvcConfiguration': no URL paths identified
01:56:27.957 [main] DEBUG org.springframework.web.servlet.handler.BeanNameUrlHandlerMapping - Rejected bean name 'requestMappingHandlerMapping': no URL paths identified
01:56:27.958 [main] DEBUG org.springframework.web.servlet.handler.BeanNameUrlHandlerMapping - Rejected bean name 'mvcPathMatcher': no URL paths identified
01:56:27.958 [main] DEBUG org.springframework.web.servlet.handler.BeanNameUrlHandlerMapping - Rejected bean name 'mvcUrlPathHelper': no URL paths identified
01:56:27.958 [main] DEBUG org.springframework.web.servlet.handler.BeanNameUrlHandlerMapping - Rejected bean name 'mvcContentNegotiationManager': no URL paths identified
01:56:27.958 [main] DEBUG org.springframework.web.servlet.handler.BeanNameUrlHandlerMapping - Rejected bean name 'viewControllerHandlerMapping': no URL paths identified
01:56:27.959 [main] DEBUG org.springframework.web.servlet.handler.BeanNameUrlHandlerMapping - Rejected bean name 'beanNameHandlerMapping': no URL paths identified
01:56:27.959 [main] DEBUG org.springframework.web.servlet.handler.BeanNameUrlHandlerMapping - Rejected bean name 'resourceHandlerMapping': no URL paths identified
01:56:27.959 [main] DEBUG org.springframework.web.servlet.handler.BeanNameUrlHandlerMapping - Rejected bean name 'mvcResourceUrlProvider': no URL paths identified
01:56:27.959 [main] DEBUG org.springframework.web.servlet.handler.BeanNameUrlHandlerMapping - Rejected bean name 'defaultServletHandlerMapping': no URL paths identified
01:56:27.959 [main] DEBUG org.springframework.web.servlet.handler.BeanNameUrlHandlerMapping - Rejected bean name 'requestMappingHandlerAdapter': no URL paths identified
01:56:27.959 [main] DEBUG org.springframework.web.servlet.handler.BeanNameUrlHandlerMapping - Rejected bean name 'mvcConversionService': no URL paths identified
01:56:27.959 [main] DEBUG org.springframework.web.servlet.handler.BeanNameUrlHandlerMapping - Rejected bean name 'mvcValidator': no URL paths identified
01:56:27.959 [main] DEBUG org.springframework.web.servlet.handler.BeanNameUrlHandlerMapping - Rejected bean name 'mvcUriComponentsContributor': no URL paths identified
01:56:27.959 [main] DEBUG org.springframework.web.servlet.handler.BeanNameUrlHandlerMapping - Rejected bean name 'httpRequestHandlerAdapter': no URL paths identified
01:56:27.959 [main] DEBUG org.springframework.web.servlet.handler.BeanNameUrlHandlerMapping - Rejected bean name 'simpleControllerHandlerAdapter': no URL paths identified
01:56:27.959 [main] DEBUG org.springframework.web.servlet.handler.BeanNameUrlHandlerMapping - Rejected bean name 'handlerExceptionResolver': no URL paths identified
01:56:27.959 [main] DEBUG org.springframework.web.servlet.handler.BeanNameUrlHandlerMapping - Rejected bean name 'mvcViewResolver': no URL paths identified
01:56:27.959 [main] DEBUG org.springframework.web.servlet.handler.BeanNameUrlHandlerMapping - Rejected bean name 'org.springframework.transaction.annotation.ProxyTransactionManagementConfiguration': no URL paths identified
01:56:27.959 [main] DEBUG org.springframework.web.servlet.handler.BeanNameUrlHandlerMapping - Rejected bean name 'org.springframework.transaction.config.internalTransactionAdvisor': no URL paths identified
01:56:27.959 [main] DEBUG org.springframework.web.servlet.handler.BeanNameUrlHandlerMapping - Rejected bean name 'transactionAttributeSource': no URL paths identified
01:56:27.959 [main] DEBUG org.springframework.web.servlet.handler.BeanNameUrlHandlerMapping - Rejected bean name 'transactionInterceptor': no URL paths identified
01:56:27.959 [main] DEBUG org.springframework.web.servlet.handler.BeanNameUrlHandlerMapping - Rejected bean name 'org.springframework.transaction.config.internalTransactionalEventListenerFactory': no URL paths identified
01:56:27.959 [main] DEBUG org.springframework.web.servlet.handler.BeanNameUrlHandlerMapping - Rejected bean name 'dataSource': no URL paths identified
01:56:27.959 [main] DEBUG org.springframework.web.servlet.handler.BeanNameUrlHandlerMapping - Rejected bean name 'jdbcTemplate': no URL paths identified
01:56:27.959 [main] DEBUG org.springframework.web.servlet.handler.BeanNameUrlHandlerMapping - Rejected bean name 'entityManagerFactory': no URL paths identified
01:56:27.959 [main] DEBUG org.springframework.web.servlet.handler.BeanNameUrlHandlerMapping - Rejected bean name 'transactionManager': no URL paths identified
01:56:27.959 [main] DEBUG org.springframework.web.servlet.handler.BeanNameUrlHandlerMapping - Rejected bean name 'hibernateExceptionTranslator': no URL paths identified
01:56:27.959 [main] DEBUG org.springframework.web.servlet.handler.BeanNameUrlHandlerMapping - Rejected bean name 'org.springframework.aop.config.internalAutoProxyCreator': no URL paths identified
01:56:27.959 [main] DEBUG org.springframework.web.servlet.handler.BeanNameUrlHandlerMapping - Rejected bean name 'org.springframework.data.jpa.repository.config.JpaRepositoryConfigExtension#0': no URL paths identified
01:56:27.959 [main] DEBUG org.springframework.web.servlet.handler.BeanNameUrlHandlerMapping - Rejected bean name 'emBeanDefinitionRegistrarPostProcessor': no URL paths identified
01:56:27.959 [main] DEBUG org.springframework.web.servlet.handler.BeanNameUrlHandlerMapping - Rejected bean name 'jpaMappingContext': no URL paths identified
01:56:27.959 [main] DEBUG org.springframework.web.servlet.handler.BeanNameUrlHandlerMapping - Rejected bean name 'jpaContext': no URL paths identified
01:56:27.959 [main] DEBUG org.springframework.web.servlet.handler.BeanNameUrlHandlerMapping - Rejected bean name 'bookTagRepository': no URL paths identified
01:56:27.960 [main] DEBUG org.springframework.web.servlet.handler.BeanNameUrlHandlerMapping - Rejected bean name 'tagRepository': no URL paths identified
01:56:27.960 [main] DEBUG org.springframework.web.servlet.handler.BeanNameUrlHandlerMapping - Rejected bean name 'bookRepository': no URL paths identified
01:56:27.960 [main] DEBUG org.springframework.web.servlet.handler.BeanNameUrlHandlerMapping - Rejected bean name 'userRepository': no URL paths identified
01:56:27.960 [main] DEBUG org.springframework.web.servlet.handler.BeanNameUrlHandlerMapping - Rejected bean name 'roleRepository': no URL paths identified
01:56:27.960 [main] DEBUG org.springframework.web.servlet.handler.BeanNameUrlHandlerMapping - Rejected bean name 'userBookRepository': no URL paths identified
01:56:27.960 [main] DEBUG org.springframework.web.servlet.handler.BeanNameUrlHandlerMapping - Rejected bean name 'org.springframework.orm.jpa.SharedEntityManagerCreator#0': no URL paths identified
01:56:27.960 [main] DEBUG org.springframework.web.servlet.handler.BeanNameUrlHandlerMapping - Rejected bean name 'environment': no URL paths identified
01:56:27.960 [main] DEBUG org.springframework.web.servlet.handler.BeanNameUrlHandlerMapping - Rejected bean name 'systemProperties': no URL paths identified
01:56:27.960 [main] DEBUG org.springframework.web.servlet.handler.BeanNameUrlHandlerMapping - Rejected bean name 'systemEnvironment': no URL paths identified
01:56:27.960 [main] DEBUG org.springframework.web.servlet.handler.BeanNameUrlHandlerMapping - Rejected bean name 'servletContext': no URL paths identified
01:56:27.960 [main] DEBUG org.springframework.web.servlet.handler.BeanNameUrlHandlerMapping - Rejected bean name 'contextParameters': no URL paths identified
01:56:27.960 [main] DEBUG org.springframework.web.servlet.handler.BeanNameUrlHandlerMapping - Rejected bean name 'contextAttributes': no URL paths identified
01:56:27.960 [main] DEBUG org.springframework.web.servlet.handler.BeanNameUrlHandlerMapping - Rejected bean name 'org.springframework.context.annotation.ConfigurationClassPostProcessor.importRegistry': no URL paths identified
01:56:27.960 [main] DEBUG org.springframework.web.servlet.handler.BeanNameUrlHandlerMapping - Rejected bean name 'messageSource': no URL paths identified
01:56:27.960 [main] DEBUG org.springframework.web.servlet.handler.BeanNameUrlHandlerMapping - Rejected bean name 'applicationEventMulticaster': no URL paths identified
01:56:27.960 [main] DEBUG org.springframework.beans.factory.support.DefaultListableBeanFactory - Returning cached instance of singleton bean 'org.springframework.transaction.config.internalTransactionAdvisor'
01:56:27.961 [main] DEBUG org.springframework.beans.factory.support.DefaultListableBeanFactory - Finished creating instance of bean 'beanNameHandlerMapping'
01:56:27.961 [main] DEBUG org.springframework.beans.factory.support.DefaultListableBeanFactory - Creating shared instance of singleton bean 'resourceHandlerMapping'
01:56:27.961 [main] DEBUG org.springframework.beans.factory.support.DefaultListableBeanFactory - Creating instance of bean 'resourceHandlerMapping'
01:56:27.962 [main] DEBUG org.springframework.beans.factory.support.DefaultListableBeanFactory - Returning cached instance of singleton bean 'org.springframework.web.servlet.config.annotation.DelegatingWebMvcConfiguration'
01:56:27.962 [main] DEBUG org.springframework.beans.factory.support.DefaultListableBeanFactory - Returning cached instance of singleton bean 'mvcContentNegotiationManager'
01:56:27.963 [main] DEBUG org.springframework.beans.factory.support.DefaultListableBeanFactory - Eagerly caching bean 'resourceHandlerMapping' to allow for resolving potential circular references
01:56:27.964 [main] DEBUG org.springframework.beans.factory.support.DefaultListableBeanFactory - Returning cached instance of singleton bean 'org.springframework.transaction.config.internalTransactionAdvisor'
01:56:27.964 [main] DEBUG org.springframework.beans.factory.support.DefaultListableBeanFactory - Finished creating instance of bean 'resourceHandlerMapping'
01:56:27.964 [main] DEBUG org.springframework.beans.factory.support.DefaultListableBeanFactory - Returning cached instance of singleton bean 'mvcResourceUrlProvider'
01:56:27.964 [main] DEBUG org.springframework.beans.factory.support.DefaultListableBeanFactory - Creating shared instance of singleton bean 'defaultServletHandlerMapping'
01:56:27.964 [main] DEBUG org.springframework.beans.factory.support.DefaultListableBeanFactory - Creating instance of bean 'defaultServletHandlerMapping'
01:56:27.964 [main] DEBUG org.springframework.beans.factory.support.DefaultListableBeanFactory - Returning cached instance of singleton bean 'org.springframework.web.servlet.config.annotation.DelegatingWebMvcConfiguration'
01:56:27.965 [main] DEBUG org.springframework.beans.factory.support.DefaultListableBeanFactory - Eagerly caching bean 'defaultServletHandlerMapping' to allow for resolving potential circular references
01:56:27.966 [main] DEBUG org.springframework.beans.factory.support.DefaultListableBeanFactory - Returning cached instance of singleton bean 'org.springframework.transaction.config.internalTransactionAdvisor'
01:56:27.966 [main] DEBUG org.springframework.beans.factory.support.DefaultListableBeanFactory - Finished creating instance of bean 'defaultServletHandlerMapping'
01:56:27.966 [main] DEBUG org.springframework.beans.factory.support.DefaultListableBeanFactory - Creating shared instance of singleton bean 'requestMappingHandlerAdapter'
01:56:27.966 [main] DEBUG org.springframework.beans.factory.support.DefaultListableBeanFactory - Creating instance of bean 'requestMappingHandlerAdapter'
01:56:27.966 [main] DEBUG org.springframework.beans.factory.support.DefaultListableBeanFactory - Returning cached instance of singleton bean 'org.springframework.web.servlet.config.annotation.DelegatingWebMvcConfiguration'
01:56:29.055 [main] DEBUG org.springframework.beans.factory.support.DefaultListableBeanFactory - Returning cached instance of singleton bean 'mvcContentNegotiationManager'
01:56:29.063 [main] DEBUG org.springframework.beans.factory.support.DefaultListableBeanFactory - Returning cached instance of singleton bean 'mvcConversionService'
01:56:29.064 [main] DEBUG org.springframework.beans.factory.support.DefaultListableBeanFactory - Creating shared instance of singleton bean 'mvcValidator'
01:56:29.064 [main] DEBUG org.springframework.beans.factory.support.DefaultListableBeanFactory - Creating instance of bean 'mvcValidator'
01:56:29.064 [main] DEBUG org.springframework.beans.factory.support.DefaultListableBeanFactory - Returning cached instance of singleton bean 'org.springframework.web.servlet.config.annotation.DelegatingWebMvcConfiguration'
01:56:29.088 [main] DEBUG org.springframework.beans.factory.support.DefaultListableBeanFactory - Eagerly caching bean 'mvcValidator' to allow for resolving potential circular references
01:56:29.097 [main] DEBUG org.springframework.beans.factory.support.DefaultListableBeanFactory - Invoking afterPropertiesSet() on bean with name 'mvcValidator'
01:56:29.098 [main] DEBUG org.hibernate.validator.internal.engine.resolver.DefaultTraversableResolver - Found javax.persistence.Persistence on classpath containing 'getPersistenceUtil'. Assuming JPA 2 environment. Trying to instantiate JPA aware TraversableResolver
01:56:29.099 [main] DEBUG org.hibernate.validator.internal.engine.resolver.DefaultTraversableResolver - Instantiated JPA aware TraversableResolver of type org.hibernate.validator.internal.engine.resolver.JPATraversableResolver.
01:56:29.100 [main] DEBUG org.hibernate.validator.internal.engine.ConfigurationImpl - Setting custom MessageInterpolator of type org.springframework.validation.beanvalidation.LocaleContextMessageInterpolator
01:56:29.101 [main] DEBUG org.hibernate.validator.internal.engine.ConfigurationImpl - Setting custom ConstraintValidatorFactory of type org.springframework.validation.beanvalidation.SpringConstraintValidatorFactory
01:56:29.104 [main] DEBUG org.hibernate.validator.internal.engine.ConfigurationImpl - Setting custom ParameterNameProvider of type com.sun.proxy.$Proxy64
01:56:29.104 [main] DEBUG org.hibernate.validator.internal.xml.ValidationXmlParser - Trying to load META-INF/validation.xml for XML based Validator configuration.
01:56:29.104 [main] DEBUG org.hibernate.validator.internal.xml.ResourceLoaderHelper - Trying to load META-INF/validation.xml via user class loader
01:56:29.104 [main] DEBUG org.hibernate.validator.internal.xml.ResourceLoaderHelper - Trying to load META-INF/validation.xml via TCCL
01:56:29.105 [main] DEBUG org.hibernate.validator.internal.xml.ResourceLoaderHelper - Trying to load META-INF/validation.xml via Hibernate Validator's class loader
01:56:29.105 [main] DEBUG org.hibernate.validator.internal.xml.ValidationXmlParser - No META-INF/validation.xml found. Using annotation based configuration only.
01:56:29.110 [main] DEBUG org.springframework.beans.factory.support.DefaultListableBeanFactory - Returning cached instance of singleton bean 'org.springframework.transaction.config.internalTransactionAdvisor'
01:56:29.112 [main] DEBUG org.springframework.beans.factory.support.DefaultListableBeanFactory - Finished creating instance of bean 'mvcValidator'
01:56:29.163 [main] DEBUG org.springframework.beans.factory.support.DefaultListableBeanFactory - Eagerly caching bean 'requestMappingHandlerAdapter' to allow for resolving potential circular references
01:56:29.177 [main] DEBUG org.springframework.beans.factory.support.DefaultListableBeanFactory - Invoking afterPropertiesSet() on bean with name 'requestMappingHandlerAdapter'
01:56:29.177 [main] INFO org.springframework.web.servlet.mvc.method.annotation.RequestMappingHandlerAdapter - Looking for @ControllerAdvice: org.springframework.web.context.support.GenericWebApplicationContext@48a242ce: startup date [Fri Dec 22 01:56:06 EET 2017]; root of context hierarchy
01:56:29.444 [main] DEBUG org.springframework.beans.factory.support.DefaultListableBeanFactory - Returning cached instance of singleton bean 'org.springframework.transaction.config.internalTransactionAdvisor'
01:56:29.446 [main] DEBUG org.springframework.beans.factory.support.DefaultListableBeanFactory - Finished creating instance of bean 'requestMappingHandlerAdapter'
01:56:29.446 [main] DEBUG org.springframework.beans.factory.support.DefaultListableBeanFactory - Returning cached instance of singleton bean 'mvcConversionService'
01:56:29.446 [main] DEBUG org.springframework.beans.factory.support.DefaultListableBeanFactory - Returning cached instance of singleton bean 'mvcValidator'
01:56:29.446 [main] DEBUG org.springframework.beans.factory.support.DefaultListableBeanFactory - Creating shared instance of singleton bean 'mvcUriComponentsContributor'
01:56:29.446 [main] DEBUG org.springframework.beans.factory.support.DefaultListableBeanFactory - Creating instance of bean 'mvcUriComponentsContributor'
01:56:29.446 [main] DEBUG org.springframework.beans.factory.support.DefaultListableBeanFactory - Returning cached instance of singleton bean 'org.springframework.web.servlet.config.annotation.DelegatingWebMvcConfiguration'
01:56:29.447 [main] DEBUG org.springframework.beans.factory.support.DefaultListableBeanFactory - Returning cached instance of singleton bean 'requestMappingHandlerAdapter'
01:56:29.447 [main] DEBUG org.springframework.beans.factory.support.DefaultListableBeanFactory - Returning cached instance of singleton bean 'mvcConversionService'
01:56:29.450 [main] DEBUG org.springframework.beans.factory.support.DefaultListableBeanFactory - Eagerly caching bean 'mvcUriComponentsContributor' to allow for resolving potential circular references
01:56:29.452 [main] DEBUG org.springframework.beans.factory.support.DefaultListableBeanFactory - Returning cached instance of singleton bean 'org.springframework.transaction.config.internalTransactionAdvisor'
01:56:29.452 [main] DEBUG org.springframework.beans.factory.support.DefaultListableBeanFactory - Finished creating instance of bean 'mvcUriComponentsContributor'
01:56:29.452 [main] DEBUG org.springframework.beans.factory.support.DefaultListableBeanFactory - Creating shared instance of singleton bean 'httpRequestHandlerAdapter'
01:56:29.452 [main] DEBUG org.springframework.beans.factory.support.DefaultListableBeanFactory - Creating instance of bean 'httpRequestHandlerAdapter'
01:56:29.452 [main] DEBUG org.springframework.beans.factory.support.DefaultListableBeanFactory - Returning cached instance of singleton bean 'org.springframework.web.servlet.config.annotation.DelegatingWebMvcConfiguration'
01:56:29.453 [main] DEBUG org.springframework.beans.factory.support.DefaultListableBeanFactory - Eagerly caching bean 'httpRequestHandlerAdapter' to allow for resolving potential circular references
01:56:29.455 [main] DEBUG org.springframework.beans.factory.support.DefaultListableBeanFactory - Returning cached instance of singleton bean 'org.springframework.transaction.config.internalTransactionAdvisor'
01:56:29.455 [main] DEBUG org.springframework.beans.factory.support.DefaultListableBeanFactory - Finished creating instance of bean 'httpRequestHandlerAdapter'
01:56:29.455 [main] DEBUG org.springframework.beans.factory.support.DefaultListableBeanFactory - Creating shared instance of singleton bean 'simpleControllerHandlerAdapter'
01:56:29.455 [main] DEBUG org.springframework.beans.factory.support.DefaultListableBeanFactory - Creating instance of bean 'simpleControllerHandlerAdapter'
01:56:29.455 [main] DEBUG org.springframework.beans.factory.support.DefaultListableBeanFactory - Returning cached instance of singleton bean 'org.springframework.web.servlet.config.annotation.DelegatingWebMvcConfiguration'
01:56:29.456 [main] DEBUG org.springframework.beans.factory.support.DefaultListableBeanFactory - Eagerly caching bean 'simpleControllerHandlerAdapter' to allow for resolving potential circular references
01:56:29.458 [main] DEBUG org.springframework.beans.factory.support.DefaultListableBeanFactory - Returning cached instance of singleton bean 'org.springframework.transaction.config.internalTransactionAdvisor'
01:56:29.458 [main] DEBUG org.springframework.beans.factory.support.DefaultListableBeanFactory - Finished creating instance of bean 'simpleControllerHandlerAdapter'
01:56:29.458 [main] DEBUG org.springframework.beans.factory.support.DefaultListableBeanFactory - Creating shared instance of singleton bean 'handlerExceptionResolver'
01:56:29.458 [main] DEBUG org.springframework.beans.factory.support.DefaultListableBeanFactory - Creating instance of bean 'handlerExceptionResolver'
01:56:29.458 [main] DEBUG org.springframework.beans.factory.support.DefaultListableBeanFactory - Returning cached instance of singleton bean 'org.springframework.web.servlet.config.annotation.DelegatingWebMvcConfiguration'
01:56:29.465 [main] DEBUG org.springframework.beans.factory.support.DefaultListableBeanFactory - Returning cached instance of singleton bean 'mvcContentNegotiationManager'
01:56:29.466 [main] DEBUG org.springframework.web.servlet.mvc.method.annotation.ExceptionHandlerExceptionResolver - Looking for exception mappings: org.springframework.web.context.support.GenericWebApplicationContext@48a242ce: startup date [Fri Dec 22 01:56:06 EET 2017]; root of context hierarchy
01:56:29.472 [main] DEBUG org.springframework.beans.factory.support.DefaultListableBeanFactory - Eagerly caching bean 'handlerExceptionResolver' to allow for resolving potential circular references
01:56:29.475 [main] DEBUG org.springframework.beans.factory.support.DefaultListableBeanFactory - Returning cached instance of singleton bean 'org.springframework.transaction.config.internalTransactionAdvisor'
01:56:29.476 [main] DEBUG org.springframework.beans.factory.support.DefaultListableBeanFactory - Finished creating instance of bean 'handlerExceptionResolver'
01:56:29.476 [main] DEBUG org.springframework.beans.factory.support.DefaultListableBeanFactory - Creating shared instance of singleton bean 'mvcViewResolver'
01:56:29.476 [main] DEBUG org.springframework.beans.factory.support.DefaultListableBeanFactory - Creating instance of bean 'mvcViewResolver'
01:56:29.476 [main] DEBUG org.springframework.beans.factory.support.DefaultListableBeanFactory - Returning cached instance of singleton bean 'org.springframework.web.servlet.config.annotation.DelegatingWebMvcConfiguration'
01:56:29.495 [main] DEBUG org.springframework.beans.factory.support.DefaultListableBeanFactory - Returning cached instance of singleton bean 'mvcContentNegotiationManager'
01:56:29.523 [main] DEBUG org.springframework.beans.factory.support.DefaultListableBeanFactory - Eagerly caching bean 'mvcViewResolver' to allow for resolving potential circular references
01:56:29.535 [main] DEBUG org.springframework.beans.factory.support.DefaultListableBeanFactory - Invoking afterPropertiesSet() on bean with name 'mvcViewResolver'
01:56:29.535 [main] DEBUG org.springframework.beans.factory.support.DefaultListableBeanFactory - Returning cached instance of singleton bean 'org.springframework.transaction.config.internalTransactionAdvisor'
01:56:29.535 [main] DEBUG org.springframework.beans.factory.support.DefaultListableBeanFactory - Finished creating instance of bean 'mvcViewResolver'
01:56:29.535 [main] DEBUG org.springframework.beans.factory.support.DefaultListableBeanFactory - Returning cached instance of singleton bean 'org.springframework.transaction.annotation.ProxyTransactionManagementConfiguration'
01:56:29.535 [main] DEBUG org.springframework.beans.factory.support.DefaultListableBeanFactory - Returning cached instance of singleton bean 'org.springframework.transaction.config.internalTransactionAdvisor'
01:56:29.535 [main] DEBUG org.springframework.beans.factory.support.DefaultListableBeanFactory - Returning cached instance of singleton bean 'transactionAttributeSource'
01:56:29.536 [main] DEBUG org.springframework.beans.factory.support.DefaultListableBeanFactory - Returning cached instance of singleton bean 'transactionInterceptor'
01:56:29.536 [main] DEBUG org.springframework.beans.factory.support.DefaultListableBeanFactory - Creating shared instance of singleton bean 'org.springframework.transaction.config.internalTransactionalEventListenerFactory'
01:56:29.536 [main] DEBUG org.springframework.beans.factory.support.DefaultListableBeanFactory - Creating instance of bean 'org.springframework.transaction.config.internalTransactionalEventListenerFactory'
01:56:29.536 [main] DEBUG org.springframework.beans.factory.support.DefaultListableBeanFactory - Returning cached instance of singleton bean 'org.springframework.transaction.annotation.ProxyTransactionManagementConfiguration'
01:56:29.542 [main] DEBUG org.springframework.beans.factory.support.DefaultListableBeanFactory - Eagerly caching bean 'org.springframework.transaction.config.internalTransactionalEventListenerFactory' to allow for resolving potential circular references
01:56:29.546 [main] DEBUG org.springframework.beans.factory.support.DefaultListableBeanFactory - Returning cached instance of singleton bean 'org.springframework.transaction.config.internalTransactionAdvisor'
01:56:29.546 [main] DEBUG org.springframework.beans.factory.support.DefaultListableBeanFactory - Finished creating instance of bean 'org.springframework.transaction.config.internalTransactionalEventListenerFactory'
01:56:29.546 [main] DEBUG org.springframework.beans.factory.support.DefaultListableBeanFactory - Returning cached instance of singleton bean 'dataSource'
01:56:29.546 [main] DEBUG org.springframework.beans.factory.support.DefaultListableBeanFactory - Creating shared instance of singleton bean 'jdbcTemplate'
01:56:29.546 [main] DEBUG org.springframework.beans.factory.support.DefaultListableBeanFactory - Creating instance of bean 'jdbcTemplate'
01:56:29.547 [main] DEBUG org.springframework.beans.factory.support.DefaultListableBeanFactory - Returning cached instance of singleton bean 'repositorySpringConfiguration'
01:56:29.576 [main] DEBUG org.springframework.beans.factory.support.DefaultListableBeanFactory - Returning cached instance of singleton bean 'dataSource'
01:56:29.577 [main] DEBUG org.springframework.beans.factory.support.DefaultListableBeanFactory - Autowiring by type from bean name 'jdbcTemplate' via factory method to bean named 'dataSource'
01:56:29.613 [main] DEBUG org.springframework.beans.factory.support.DefaultListableBeanFactory - Eagerly caching bean 'jdbcTemplate' to allow for resolving potential circular references
01:56:29.625 [main] DEBUG org.springframework.beans.factory.support.DefaultListableBeanFactory - Invoking afterPropertiesSet() on bean with name 'jdbcTemplate'
01:56:29.625 [main] DEBUG org.springframework.beans.factory.support.DefaultListableBeanFactory - Returning cached instance of singleton bean 'org.springframework.transaction.config.internalTransactionAdvisor'
01:56:29.641 [main] DEBUG org.springframework.beans.factory.support.DefaultListableBeanFactory - Finished creating instance of bean 'jdbcTemplate'
01:56:29.641 [main] DEBUG org.springframework.beans.factory.support.DefaultListableBeanFactory - Returning cached instance of singleton bean 'entityManagerFactory'
01:56:29.641 [main] DEBUG org.springframework.beans.factory.support.DefaultListableBeanFactory - Creating shared instance of singleton bean 'transactionManager'
01:56:29.642 [main] DEBUG org.springframework.beans.factory.support.DefaultListableBeanFactory - Creating instance of bean 'transactionManager'
01:56:29.642 [main] DEBUG org.springframework.beans.factory.support.DefaultListableBeanFactory - Returning cached instance of singleton bean 'repositorySpringConfiguration'
01:56:29.666 [main] DEBUG org.springframework.beans.factory.support.DefaultListableBeanFactory - Returning cached instance of singleton bean 'entityManagerFactory'
01:56:29.673 [main] DEBUG org.springframework.beans.factory.support.DefaultListableBeanFactory - Eagerly caching bean 'transactionManager' to allow for resolving potential circular references
01:56:29.721 [main] DEBUG org.springframework.beans.factory.support.DefaultListableBeanFactory - Invoking afterPropertiesSet() on bean with name 'transactionManager'
01:56:29.721 [main] DEBUG org.springframework.beans.factory.support.DefaultListableBeanFactory - Returning cached instance of singleton bean 'org.springframework.transaction.config.internalTransactionAdvisor'
01:56:29.722 [main] DEBUG org.springframework.beans.factory.support.DefaultListableBeanFactory - Finished creating instance of bean 'transactionManager'
01:56:29.722 [main] DEBUG org.springframework.beans.factory.support.DefaultListableBeanFactory - Creating shared instance of singleton bean 'hibernateExceptionTranslator'
01:56:29.722 [main] DEBUG org.springframework.beans.factory.support.DefaultListableBeanFactory - Creating instance of bean 'hibernateExceptionTranslator'
01:56:29.722 [main] DEBUG org.springframework.beans.factory.support.DefaultListableBeanFactory - Returning cached instance of singleton bean 'repositorySpringConfiguration'
01:56:29.723 [main] DEBUG org.springframework.beans.factory.support.DefaultListableBeanFactory - Eagerly caching bean 'hibernateExceptionTranslator' to allow for resolving potential circular references
01:56:29.725 [main] DEBUG org.springframework.beans.factory.support.DefaultListableBeanFactory - Returning cached instance of singleton bean 'org.springframework.transaction.config.internalTransactionAdvisor'
01:56:29.726 [main] DEBUG org.springframework.beans.factory.support.DefaultListableBeanFactory - Finished creating instance of bean 'hibernateExceptionTranslator'
01:56:29.726 [main] DEBUG org.springframework.beans.factory.support.DefaultListableBeanFactory - Returning cached instance of singleton bean 'org.springframework.aop.config.internalAutoProxyCreator'
01:56:29.726 [main] DEBUG org.springframework.beans.factory.support.DefaultListableBeanFactory - Returning cached instance of singleton bean 'emBeanDefinitionRegistrarPostProcessor'
01:56:29.726 [main] DEBUG org.springframework.beans.factory.support.DefaultListableBeanFactory - Returning cached instance of singleton bean 'jpaMappingContext'
01:56:29.727 [main] DEBUG org.springframework.beans.factory.support.DefaultListableBeanFactory - Creating shared instance of singleton bean 'jpaContext'
01:56:29.727 [main] DEBUG org.springframework.beans.factory.support.DefaultListableBeanFactory - Creating instance of bean 'jpaContext'
01:56:29.729 [main] DEBUG org.springframework.beans.factory.support.DefaultListableBeanFactory - Creating shared instance of singleton bean 'org.springframework.orm.jpa.SharedEntityManagerCreator#0'
01:56:29.730 [main] DEBUG org.springframework.beans.factory.support.DefaultListableBeanFactory - Creating instance of bean 'org.springframework.orm.jpa.SharedEntityManagerCreator#0'
01:56:29.730 [main] DEBUG org.springframework.beans.factory.support.DefaultListableBeanFactory - Returning cached instance of singleton bean 'entityManagerFactory'
01:56:29.731 [main] DEBUG org.springframework.beans.factory.support.DefaultListableBeanFactory - Eagerly caching bean 'org.springframework.orm.jpa.SharedEntityManagerCreator#0' to allow for resolving potential circular references
01:56:29.732 [main] DEBUG org.springframework.beans.factory.support.DefaultListableBeanFactory - Returning cached instance of singleton bean 'org.springframework.transaction.config.internalTransactionAdvisor'
01:56:29.732 [main] DEBUG org.springframework.beans.factory.support.DefaultListableBeanFactory - Finished creating instance of bean 'org.springframework.orm.jpa.SharedEntityManagerCreator#0'
01:56:29.732 [main] DEBUG org.springframework.beans.factory.support.DefaultListableBeanFactory - Autowiring by type from bean name 'jpaContext' via constructor to bean named 'org.springframework.orm.jpa.SharedEntityManagerCreator#0'
01:56:29.733 [main] DEBUG org.springframework.beans.factory.support.DefaultListableBeanFactory - Eagerly caching bean 'jpaContext' to allow for resolving potential circular references
01:56:29.736 [main] DEBUG org.springframework.beans.factory.support.DefaultListableBeanFactory - Returning cached instance of singleton bean 'org.springframework.transaction.config.internalTransactionAdvisor'
01:56:29.737 [main] DEBUG org.springframework.beans.factory.support.DefaultListableBeanFactory - Finished creating instance of bean 'jpaContext'
01:56:29.737 [main] DEBUG org.springframework.beans.factory.support.DefaultListableBeanFactory - Creating shared instance of singleton bean 'bookTagRepository'
01:56:29.737 [main] DEBUG org.springframework.beans.factory.support.DefaultListableBeanFactory - Creating instance of bean 'bookTagRepository'
01:56:29.737 [main] DEBUG org.springframework.beans.factory.annotation.InjectionMetadata - Registered injected element on class [org.springframework.data.jpa.repository.support.JpaRepositoryFactoryBean]: PersistenceElement for public void org.springframework.data.jpa.repository.support.JpaRepositoryFactoryBean.setEntityManager(javax.persistence.EntityManager)
01:56:29.738 [main] DEBUG org.springframework.beans.factory.support.DefaultListableBeanFactory - Eagerly caching bean 'bookTagRepository' to allow for resolving potential circular references
01:56:29.738 [main] DEBUG org.springframework.beans.factory.annotation.InjectionMetadata - Processing injected element of bean 'bookTagRepository': PersistenceElement for public void org.springframework.data.jpa.repository.support.JpaRepositoryFactoryBean.setEntityManager(javax.persistence.EntityManager)
01:56:29.738 [main] DEBUG org.springframework.beans.factory.support.DefaultListableBeanFactory - Creating instance of bean '(inner bean)#7c0f28f8'
01:56:29.738 [main] DEBUG org.springframework.beans.factory.support.DefaultListableBeanFactory - Creating instance of bean '(inner bean)#2abc8034'
01:56:29.739 [main] DEBUG org.springframework.core.io.support.PathMatchingResourcePatternResolver - Resolved classpath location [META-INF/jpa-named-queries.properties] to resources []
01:56:29.740 [main] DEBUG org.springframework.beans.factory.support.DefaultListableBeanFactory - Invoking afterPropertiesSet() on bean with name '(inner bean)#2abc8034'
01:56:29.740 [main] DEBUG org.springframework.beans.factory.support.DefaultListableBeanFactory - Returning cached instance of singleton bean 'org.springframework.transaction.config.internalTransactionAdvisor'
01:56:29.740 [main] DEBUG org.springframework.beans.factory.support.DefaultListableBeanFactory - Finished creating instance of bean '(inner bean)#2abc8034'
01:56:29.740 [main] DEBUG org.springframework.beans.factory.support.DefaultListableBeanFactory - Returning cached instance of singleton bean 'org.springframework.transaction.config.internalTransactionAdvisor'
01:56:29.741 [main] DEBUG org.springframework.beans.factory.support.DefaultListableBeanFactory - Returning cached instance of singleton bean 'org.springframework.transaction.config.internalTransactionAdvisor'
01:56:29.741 [main] DEBUG org.springframework.beans.factory.support.DefaultListableBeanFactory - Finished creating instance of bean '(inner bean)#7c0f28f8'
01:56:29.741 [main] DEBUG org.springframework.beans.factory.support.DefaultListableBeanFactory - Creating instance of bean '(inner bean)#c7f4457'
01:56:29.742 [main] DEBUG org.springframework.beans.factory.support.DefaultListableBeanFactory - Returning cached instance of singleton bean 'org.springframework.transaction.config.internalTransactionAdvisor'
01:56:29.742 [main] DEBUG org.springframework.beans.factory.support.DefaultListableBeanFactory - Finished creating instance of bean '(inner bean)#c7f4457'
01:56:29.742 [main] DEBUG org.springframework.beans.factory.support.DefaultListableBeanFactory - Creating instance of bean '(inner bean)#5e230fc6'
01:56:29.743 [main] DEBUG org.springframework.beans.factory.support.DefaultListableBeanFactory - Returning cached instance of singleton bean 'entityManagerFactory'
01:56:29.744 [main] DEBUG org.springframework.beans.factory.support.DefaultListableBeanFactory - Returning cached instance of singleton bean 'org.springframework.transaction.config.internalTransactionAdvisor'
01:56:29.744 [main] DEBUG org.springframework.beans.factory.support.DefaultListableBeanFactory - Finished creating instance of bean '(inner bean)#5e230fc6'
01:56:29.744 [main] DEBUG org.springframework.beans.factory.support.DefaultListableBeanFactory - Returning cached instance of singleton bean 'jpaMappingContext'
01:56:29.745 [main] DEBUG org.springframework.beans.factory.support.DefaultListableBeanFactory - Invoking afterPropertiesSet() on bean with name 'bookTagRepository'
01:56:29.745 [main] DEBUG org.springframework.orm.jpa.SharedEntityManagerCreator$SharedEntityManagerInvocationHandler - Creating new EntityManager for shared EntityManager invocation
01:56:29.746 [main] DEBUG org.springframework.orm.jpa.EntityManagerFactoryUtils - Closing JPA EntityManager
01:56:29.748 [main] DEBUG org.springframework.orm.jpa.SharedEntityManagerCreator$SharedEntityManagerInvocationHandler - Creating new EntityManager for shared EntityManager invocation
01:56:29.748 [main] DEBUG org.springframework.orm.jpa.EntityManagerFactoryUtils - Closing JPA EntityManager
01:56:29.748 [main] DEBUG org.springframework.aop.framework.JdkDynamicAopProxy - Creating JDK dynamic proxy: target source is org.springframework.data.jpa.repository.support.CrudMethodMetadataPostProcessor$ThreadBoundTargetSource@31f295b6
01:56:29.749 [main] DEBUG org.springframework.orm.jpa.SharedEntityManagerCreator$SharedEntityManagerInvocationHandler - Creating new EntityManager for shared EntityManager invocation
01:56:29.750 [main] DEBUG org.springframework.orm.jpa.EntityManagerFactoryUtils - Closing JPA EntityManager
01:56:29.750 [main] DEBUG org.springframework.aop.framework.JdkDynamicAopProxy - Creating JDK dynamic proxy: target source is SingletonTargetSource for target object [org.springframework.data.jpa.repository.support.SimpleJpaRepository@7a687d8d]
01:56:29.756 [main] DEBUG org.springframework.beans.factory.support.DefaultListableBeanFactory - Returning cached instance of singleton bean 'org.springframework.transaction.config.internalTransactionAdvisor'
01:56:29.756 [main] DEBUG org.springframework.beans.factory.support.DefaultListableBeanFactory - Finished creating instance of bean 'bookTagRepository'
01:56:29.757 [main] DEBUG org.springframework.beans.factory.support.DefaultListableBeanFactory - Creating shared instance of singleton bean 'tagRepository'
01:56:29.757 [main] DEBUG org.springframework.beans.factory.support.DefaultListableBeanFactory - Creating instance of bean 'tagRepository'
01:56:29.757 [main] DEBUG org.springframework.beans.factory.annotation.InjectionMetadata - Registered injected element on class [org.springframework.data.jpa.repository.support.JpaRepositoryFactoryBean]: PersistenceElement for public void org.springframework.data.jpa.repository.support.JpaRepositoryFactoryBean.setEntityManager(javax.persistence.EntityManager)
01:56:29.757 [main] DEBUG org.springframework.beans.factory.support.DefaultListableBeanFactory - Eagerly caching bean 'tagRepository' to allow for resolving potential circular references
01:56:29.757 [main] DEBUG org.springframework.beans.factory.annotation.InjectionMetadata - Processing injected element of bean 'tagRepository': PersistenceElement for public void org.springframework.data.jpa.repository.support.JpaRepositoryFactoryBean.setEntityManager(javax.persistence.EntityManager)
01:56:29.757 [main] DEBUG org.springframework.beans.factory.support.DefaultListableBeanFactory - Creating instance of bean '(inner bean)#4214ae8f'
01:56:29.758 [main] DEBUG org.springframework.beans.factory.support.DefaultListableBeanFactory - Creating instance of bean '(inner bean)#7ba93755'
01:56:29.762 [main] DEBUG org.springframework.core.io.support.PathMatchingResourcePatternResolver - Resolved classpath location [META-INF/jpa-named-queries.properties] to resources []
01:56:29.764 [main] DEBUG org.springframework.beans.factory.support.DefaultListableBeanFactory - Invoking afterPropertiesSet() on bean with name '(inner bean)#7ba93755'
01:56:29.764 [main] DEBUG org.springframework.beans.factory.support.DefaultListableBeanFactory - Returning cached instance of singleton bean 'org.springframework.transaction.config.internalTransactionAdvisor'
01:56:29.765 [main] DEBUG org.springframework.beans.factory.support.DefaultListableBeanFactory - Finished creating instance of bean '(inner bean)#7ba93755'
01:56:29.768 [main] DEBUG org.springframework.beans.factory.support.DefaultListableBeanFactory - Returning cached instance of singleton bean 'org.springframework.transaction.config.internalTransactionAdvisor'
01:56:29.769 [main] DEBUG org.springframework.beans.factory.support.DefaultListableBeanFactory - Returning cached instance of singleton bean 'org.springframework.transaction.config.internalTransactionAdvisor'
01:56:29.769 [main] DEBUG org.springframework.beans.factory.support.DefaultListableBeanFactory - Finished creating instance of bean '(inner bean)#4214ae8f'
01:56:29.769 [main] DEBUG org.springframework.beans.factory.support.DefaultListableBeanFactory - Creating instance of bean '(inner bean)#664212ab'
01:56:29.770 [main] DEBUG org.springframework.beans.factory.support.DefaultListableBeanFactory - Returning cached instance of singleton bean 'org.springframework.transaction.config.internalTransactionAdvisor'
01:56:29.770 [main] DEBUG org.springframework.beans.factory.support.DefaultListableBeanFactory - Finished creating instance of bean '(inner bean)#664212ab'
01:56:29.770 [main] DEBUG org.springframework.beans.factory.support.DefaultListableBeanFactory - Creating instance of bean '(inner bean)#3443e476'
01:56:29.770 [main] DEBUG org.springframework.beans.factory.support.DefaultListableBeanFactory - Returning cached instance of singleton bean 'entityManagerFactory'
01:56:29.772 [main] DEBUG org.springframework.beans.factory.support.DefaultListableBeanFactory - Returning cached instance of singleton bean 'org.springframework.transaction.config.internalTransactionAdvisor'
01:56:29.772 [main] DEBUG org.springframework.beans.factory.support.DefaultListableBeanFactory - Finished creating instance of bean '(inner bean)#3443e476'
01:56:29.772 [main] DEBUG org.springframework.beans.factory.support.DefaultListableBeanFactory - Returning cached instance of singleton bean 'jpaMappingContext'
01:56:29.773 [main] DEBUG org.springframework.beans.factory.support.DefaultListableBeanFactory - Invoking afterPropertiesSet() on bean with name 'tagRepository'
01:56:29.773 [main] DEBUG org.springframework.orm.jpa.SharedEntityManagerCreator$SharedEntityManagerInvocationHandler - Creating new EntityManager for shared EntityManager invocation
01:56:29.773 [main] DEBUG org.springframework.orm.jpa.EntityManagerFactoryUtils - Closing JPA EntityManager
01:56:29.774 [main] DEBUG org.springframework.orm.jpa.SharedEntityManagerCreator$SharedEntityManagerInvocationHandler - Creating new EntityManager for shared EntityManager invocation
01:56:29.775 [main] DEBUG org.springframework.orm.jpa.EntityManagerFactoryUtils - Closing JPA EntityManager
01:56:29.777 [main] DEBUG org.springframework.aop.framework.JdkDynamicAopProxy - Creating JDK dynamic proxy: target source is org.springframework.data.jpa.repository.support.CrudMethodMetadataPostProcessor$ThreadBoundTargetSource@19bedeb8
01:56:29.779 [main] DEBUG org.springframework.orm.jpa.SharedEntityManagerCreator$SharedEntityManagerInvocationHandler - Creating new EntityManager for shared EntityManager invocation
01:56:29.779 [main] DEBUG org.springframework.orm.jpa.EntityManagerFactoryUtils - Closing JPA EntityManager
01:56:29.780 [main] DEBUG org.springframework.aop.framework.JdkDynamicAopProxy - Creating JDK dynamic proxy: target source is SingletonTargetSource for target object [org.springframework.data.jpa.repository.support.SimpleJpaRepository@1ba467c2]
01:56:29.785 [main] DEBUG org.springframework.beans.factory.support.DefaultListableBeanFactory - Returning cached instance of singleton bean 'org.springframework.transaction.config.internalTransactionAdvisor'
01:56:29.786 [main] DEBUG org.springframework.beans.factory.support.DefaultListableBeanFactory - Finished creating instance of bean 'tagRepository'
01:56:29.786 [main] DEBUG org.springframework.beans.factory.support.DefaultListableBeanFactory - Returning cached instance of singleton bean 'bookRepository'
01:56:29.787 [main] DEBUG org.springframework.beans.factory.support.DefaultListableBeanFactory - Returning cached instance of singleton bean 'userRepository'
01:56:29.787 [main] DEBUG org.springframework.beans.factory.support.DefaultListableBeanFactory - Returning cached instance of singleton bean 'roleRepository'
01:56:29.787 [main] DEBUG org.springframework.beans.factory.support.DefaultListableBeanFactory - Creating shared instance of singleton bean 'userBookRepository'
01:56:29.787 [main] DEBUG org.springframework.beans.factory.support.DefaultListableBeanFactory - Creating instance of bean 'userBookRepository'
01:56:29.787 [main] DEBUG org.springframework.beans.factory.annotation.InjectionMetadata - Registered injected element on class [org.springframework.data.jpa.repository.support.JpaRepositoryFactoryBean]: PersistenceElement for public void org.springframework.data.jpa.repository.support.JpaRepositoryFactoryBean.setEntityManager(javax.persistence.EntityManager)
01:56:29.788 [main] DEBUG org.springframework.beans.factory.support.DefaultListableBeanFactory - Eagerly caching bean 'userBookRepository' to allow for resolving potential circular references
01:56:29.788 [main] DEBUG org.springframework.beans.factory.annotation.InjectionMetadata - Processing injected element of bean 'userBookRepository': PersistenceElement for public void org.springframework.data.jpa.repository.support.JpaRepositoryFactoryBean.setEntityManager(javax.persistence.EntityManager)
01:56:29.788 [main] DEBUG org.springframework.beans.factory.support.DefaultListableBeanFactory - Creating instance of bean '(inner bean)#115ca7de'
01:56:29.788 [main] DEBUG org.springframework.beans.factory.support.DefaultListableBeanFactory - Creating instance of bean '(inner bean)#29fe4840'
01:56:29.789 [main] DEBUG org.springframework.core.io.support.PathMatchingResourcePatternResolver - Resolved classpath location [META-INF/jpa-named-queries.properties] to resources []
01:56:29.789 [main] DEBUG org.springframework.beans.factory.support.DefaultListableBeanFactory - Invoking afterPropertiesSet() on bean with name '(inner bean)#29fe4840'
01:56:29.789 [main] DEBUG org.springframework.beans.factory.support.DefaultListableBeanFactory - Returning cached instance of singleton bean 'org.springframework.transaction.config.internalTransactionAdvisor'
01:56:29.789 [main] DEBUG org.springframework.beans.factory.support.DefaultListableBeanFactory - Finished creating instance of bean '(inner bean)#29fe4840'
01:56:29.789 [main] DEBUG org.springframework.beans.factory.support.DefaultListableBeanFactory - Returning cached instance of singleton bean 'org.springframework.transaction.config.internalTransactionAdvisor'
01:56:29.790 [main] DEBUG org.springframework.beans.factory.support.DefaultListableBeanFactory - Returning cached instance of singleton bean 'org.springframework.transaction.config.internalTransactionAdvisor'
01:56:29.790 [main] DEBUG org.springframework.beans.factory.support.DefaultListableBeanFactory - Finished creating instance of bean '(inner bean)#115ca7de'
01:56:29.790 [main] DEBUG org.springframework.beans.factory.support.DefaultListableBeanFactory - Creating instance of bean '(inner bean)#6975fb1c'
01:56:29.790 [main] DEBUG org.springframework.beans.factory.support.DefaultListableBeanFactory - Returning cached instance of singleton bean 'org.springframework.transaction.config.internalTransactionAdvisor'
01:56:29.790 [main] DEBUG org.springframework.beans.factory.support.DefaultListableBeanFactory - Finished creating instance of bean '(inner bean)#6975fb1c'
01:56:29.791 [main] DEBUG org.springframework.beans.factory.support.DefaultListableBeanFactory - Creating instance of bean '(inner bean)#327e5be5'
01:56:29.791 [main] DEBUG org.springframework.beans.factory.support.DefaultListableBeanFactory - Returning cached instance of singleton bean 'entityManagerFactory'
01:56:29.794 [main] DEBUG org.springframework.beans.factory.support.DefaultListableBeanFactory - Returning cached instance of singleton bean 'org.springframework.transaction.config.internalTransactionAdvisor'
01:56:29.794 [main] DEBUG org.springframework.beans.factory.support.DefaultListableBeanFactory - Finished creating instance of bean '(inner bean)#327e5be5'
01:56:29.795 [main] DEBUG org.springframework.beans.factory.support.DefaultListableBeanFactory - Returning cached instance of singleton bean 'jpaMappingContext'
01:56:29.796 [main] DEBUG org.springframework.beans.factory.support.DefaultListableBeanFactory - Invoking afterPropertiesSet() on bean with name 'userBookRepository'
01:56:29.796 [main] DEBUG org.springframework.orm.jpa.SharedEntityManagerCreator$SharedEntityManagerInvocationHandler - Creating new EntityManager for shared EntityManager invocation
01:56:29.796 [main] DEBUG org.springframework.orm.jpa.EntityManagerFactoryUtils - Closing JPA EntityManager
01:56:29.798 [main] DEBUG org.springframework.orm.jpa.SharedEntityManagerCreator$SharedEntityManagerInvocationHandler - Creating new EntityManager for shared EntityManager invocation
01:56:29.798 [main] DEBUG org.springframework.orm.jpa.EntityManagerFactoryUtils - Closing JPA EntityManager
01:56:29.798 [main] DEBUG org.springframework.aop.framework.JdkDynamicAopProxy - Creating JDK dynamic proxy: target source is org.springframework.data.jpa.repository.support.CrudMethodMetadataPostProcessor$ThreadBoundTargetSource@2e4389ed
01:56:29.799 [main] DEBUG org.springframework.orm.jpa.SharedEntityManagerCreator$SharedEntityManagerInvocationHandler - Creating new EntityManager for shared EntityManager invocation
01:56:29.800 [main] DEBUG org.springframework.orm.jpa.EntityManagerFactoryUtils - Closing JPA EntityManager
01:56:29.800 [main] DEBUG org.springframework.aop.framework.JdkDynamicAopProxy - Creating JDK dynamic proxy: target source is SingletonTargetSource for target object [org.springframework.data.jpa.repository.support.SimpleJpaRepository@1b90fee4]
01:56:29.816 [main] DEBUG org.springframework.beans.factory.support.DefaultListableBeanFactory - Returning cached instance of singleton bean 'org.springframework.transaction.config.internalTransactionAdvisor'
01:56:29.816 [main] DEBUG org.springframework.beans.factory.support.DefaultListableBeanFactory - Finished creating instance of bean 'userBookRepository'
01:56:29.816 [main] DEBUG org.springframework.beans.factory.support.DefaultListableBeanFactory - Returning cached instance of singleton bean 'org.springframework.orm.jpa.SharedEntityManagerCreator#0'
01:56:29.818 [main] DEBUG org.springframework.beans.factory.support.DefaultListableBeanFactory - Returning cached instance of singleton bean 'org.springframework.context.event.internalEventListenerFactory'
01:56:29.818 [main] DEBUG org.springframework.beans.factory.support.DefaultListableBeanFactory - Returning cached instance of singleton bean 'org.springframework.transaction.config.internalTransactionalEventListenerFactory'
01:56:29.998 [main] DEBUG org.springframework.web.context.support.GenericWebApplicationContext - Unable to locate LifecycleProcessor with name 'lifecycleProcessor': using default [org.springframework.context.support.DefaultLifecycleProcessor@40ef0af8]
01:56:29.999 [main] DEBUG org.springframework.beans.factory.support.DefaultListableBeanFactory - Returning cached instance of singleton bean 'lifecycleProcessor'
01:56:30.002 [main] DEBUG org.springframework.beans.factory.support.DefaultListableBeanFactory - Returning cached instance of singleton bean 'mvcResourceUrlProvider'
01:56:30.002 [main] DEBUG org.springframework.web.servlet.resource.ResourceUrlProvider - Looking for resource handler mappings
01:56:30.002 [main] DEBUG org.springframework.web.servlet.resource.ResourceUrlProvider - No resource handling mappings found
01:56:30.005 [main] DEBUG org.springframework.core.env.PropertySourcesPropertyResolver - Could not find key 'spring.liveBeansView.mbeanDomain' in any property source
01:56:30.008 [main] DEBUG org.springframework.test.context.cache.DefaultCacheAwareContextLoaderDelegate - Storing ApplicationContext in cache under key [[WebMergedContextConfiguration@704921a5 testClass = BookTagUnitTest, locations = '{}', classes = '{class com.bookstore.datalayer.config.RepositorySpringConfiguration}', contextInitializerClasses = '[]', activeProfiles = '{}', propertySourceLocations = '{}', propertySourceProperties = '{}', contextCustomizers = set[org.springframework.test.context.web.socket.MockServerContainerContextCustomizer@4b4523f8], resourceBasePath = 'src/main/webapp', contextLoader = 'org.springframework.test.context.web.WebDelegatingSmartContextLoader', parent = [null]]]
01:56:30.008 [main] DEBUG org.springframework.test.context.cache - Spring test ApplicationContext cache statistics: [DefaultContextCache@2272cbb0 size = 1, maxSize = 32, parentContextCount = 0, hitCount = 0, missCount = 1]
01:56:30.009 [main] DEBUG org.springframework.test.context.web.ServletTestExecutionListener - Setting up MockHttpServletRequest, MockHttpServletResponse, ServletWebRequest, and RequestContextHolder for test context [DefaultTestContext@727803de testClass = BookTagUnitTest, testInstance = com.bookstore.test.user.BookTagUnitTest@3f6f3cc, testMethod = [null], testException = [null], mergedContextConfiguration = [WebMergedContextConfiguration@704921a5 testClass = BookTagUnitTest, locations = '{}', classes = '{class com.bookstore.datalayer.config.RepositorySpringConfiguration}', contextInitializerClasses = '[]', activeProfiles = '{}', propertySourceLocations = '{}', propertySourceProperties = '{}', contextCustomizers = set[org.springframework.test.context.web.socket.MockServerContainerContextCustomizer@4b4523f8], resourceBasePath = 'src/main/webapp', contextLoader = 'org.springframework.test.context.web.WebDelegatingSmartContextLoader', parent = [null]]].
01:56:30.121 [main] DEBUG org.springframework.test.context.support.DependencyInjectionTestExecutionListener - Performing dependency injection for test context [[DefaultTestContext@727803de testClass = BookTagUnitTest, testInstance = com.bookstore.test.user.BookTagUnitTest@3f6f3cc, testMethod = [null], testException = [null], mergedContextConfiguration = [WebMergedContextConfiguration@704921a5 testClass = BookTagUnitTest, locations = '{}', classes = '{class com.bookstore.datalayer.config.RepositorySpringConfiguration}', contextInitializerClasses = '[]', activeProfiles = '{}', propertySourceLocations = '{}', propertySourceProperties = '{}', contextCustomizers = set[org.springframework.test.context.web.socket.MockServerContainerContextCustomizer@4b4523f8], resourceBasePath = 'src/main/webapp', contextLoader = 'org.springframework.test.context.web.WebDelegatingSmartContextLoader', parent = [null]]]].
01:56:30.122 [main] DEBUG org.springframework.test.context.cache.DefaultCacheAwareContextLoaderDelegate - Retrieved ApplicationContext from cache with key [[WebMergedContextConfiguration@704921a5 testClass = BookTagUnitTest, locations = '{}', classes = '{class com.bookstore.datalayer.config.RepositorySpringConfiguration}', contextInitializerClasses = '[]', activeProfiles = '{}', propertySourceLocations = '{}', propertySourceProperties = '{}', contextCustomizers = set[org.springframework.test.context.web.socket.MockServerContainerContextCustomizer@4b4523f8], resourceBasePath = 'src/main/webapp', contextLoader = 'org.springframework.test.context.web.WebDelegatingSmartContextLoader', parent = [null]]]
01:56:30.122 [main] DEBUG org.springframework.test.context.cache - Spring test ApplicationContext cache statistics: [DefaultContextCache@2272cbb0 size = 1, maxSize = 32, parentContextCount = 0, hitCount = 1, missCount = 1]
01:56:30.128 [main] DEBUG org.springframework.beans.factory.annotation.InjectionMetadata - Processing injected element of bean 'com.bookstore.test.user.BookTagUnitTest': AutowiredFieldElement for private com.bookstore.datalayer.repository.BookRepository com.bookstore.test.user.BookTagUnitTest.bookRepository
01:56:30.129 [main] DEBUG org.springframework.beans.factory.support.DefaultListableBeanFactory - Returning cached instance of singleton bean 'bookRepository'
01:56:30.129 [main] DEBUG org.springframework.beans.factory.annotation.AutowiredAnnotationBeanPostProcessor - Autowiring by type from bean name 'com.bookstore.test.user.BookTagUnitTest' to bean named 'bookRepository'
01:56:30.129 [main] DEBUG org.springframework.beans.factory.annotation.InjectionMetadata - Processing injected element of bean 'com.bookstore.test.user.BookTagUnitTest': AutowiredFieldElement for private com.bookstore.datalayer.repository.UserRepository com.bookstore.test.user.BookTagUnitTest.userRepository
01:56:30.130 [main] DEBUG org.springframework.beans.factory.support.DefaultListableBeanFactory - Returning cached instance of singleton bean 'userRepository'
01:56:30.130 [main] DEBUG org.springframework.beans.factory.annotation.AutowiredAnnotationBeanPostProcessor - Autowiring by type from bean name 'com.bookstore.test.user.BookTagUnitTest' to bean named 'userRepository'
01:56:30.130 [main] DEBUG org.springframework.beans.factory.annotation.InjectionMetadata - Processing injected element of bean 'com.bookstore.test.user.BookTagUnitTest': AutowiredFieldElement for private com.bookstore.datalayer.repository.TagRepository com.bookstore.test.user.BookTagUnitTest.tagRepository
01:56:30.131 [main] DEBUG org.springframework.beans.factory.support.DefaultListableBeanFactory - Returning cached instance of singleton bean 'tagRepository'
01:56:30.131 [main] DEBUG org.springframework.beans.factory.support.DefaultListableBeanFactory - Returning cached instance of singleton bean 'org.springframework.transaction.config.internalTransactionAdvisor'
01:56:30.132 [main] DEBUG org.springframework.beans.factory.annotation.AutowiredAnnotationBeanPostProcessor - Autowiring by type from bean name 'com.bookstore.test.user.BookTagUnitTest' to bean named 'tagRepository'
01:56:30.132 [main] DEBUG org.springframework.beans.factory.annotation.InjectionMetadata - Processing injected element of bean 'com.bookstore.test.user.BookTagUnitTest': AutowiredFieldElement for private com.bookstore.datalayer.repository.BookTagRepository com.bookstore.test.user.BookTagUnitTest.bookTagRepository
01:56:30.132 [main] DEBUG org.springframework.beans.factory.support.DefaultListableBeanFactory - Returning cached instance of singleton bean 'bookTagRepository'
01:56:30.132 [main] DEBUG org.springframework.beans.factory.support.DefaultListableBeanFactory - Returning cached instance of singleton bean 'org.springframework.transaction.config.internalTransactionAdvisor'
01:56:30.133 [main] DEBUG org.springframework.beans.factory.annotation.AutowiredAnnotationBeanPostProcessor - Autowiring by type from bean name 'com.bookstore.test.user.BookTagUnitTest' to bean named 'bookTagRepository'
01:56:30.134 [main] DEBUG org.springframework.beans.factory.annotation.InjectionMetadata - Processing injected element of bean 'com.bookstore.test.user.BookTagUnitTest': AutowiredFieldElement for private com.bookstore.datalayer.repository.BookTagQueryRepository com.bookstore.test.user.BookTagUnitTest.bookTagQueryRepository
01:56:30.135 [main] DEBUG org.springframework.beans.factory.support.DefaultListableBeanFactory - Returning cached instance of singleton bean 'bookTagQueryRepository'
01:56:30.135 [main] DEBUG org.springframework.beans.factory.annotation.AutowiredAnnotationBeanPostProcessor - Autowiring by type from bean name 'com.bookstore.test.user.BookTagUnitTest' to bean named 'bookTagQueryRepository'
01:56:30.136 [main] DEBUG org.springframework.beans.factory.support.DefaultListableBeanFactory - Returning cached instance of singleton bean 'org.springframework.transaction.config.internalTransactionAdvisor'
01:56:30.136 [main] DEBUG org.springframework.transaction.annotation.AnnotationTransactionAttributeSource - Adding transactional method 'com.bookstore.test.user.BookTagUnitTest.createBookTags' with attribute: PROPAGATION_REQUIRED,ISOLATION_DEFAULT
01:56:30.136 [main] DEBUG org.springframework.aop.framework.autoproxy.InfrastructureAdvisorAutoProxyCreator - Creating implicit proxy for bean 'com.bookstore.test.user.BookTagUnitTest' with 0 common interceptors and 1 specific interceptors
01:56:30.136 [main] DEBUG org.springframework.aop.framework.CglibAopProxy - Creating CGLIB proxy: target source is SingletonTargetSource for target object [com.bookstore.test.user.BookTagUnitTest@3f6f3cc]
01:56:30.137 [main] DEBUG org.springframework.aop.framework.CglibAopProxy - Unable to apply any optimisations to advised method: public void com.bookstore.test.user.BookTagUnitTest.createBookTags()
01:56:30.137 [main] DEBUG org.springframework.aop.framework.CglibAopProxy - Found 'equals' method: public boolean java.lang.Object.equals(java.lang.Object)
01:56:30.137 [main] DEBUG org.springframework.aop.framework.CglibAopProxy - Unable to apply any optimisations to advised method: public java.lang.String java.lang.Object.toString()
01:56:30.137 [main] DEBUG org.springframework.aop.framework.CglibAopProxy - Found 'hashCode' method: public native int java.lang.Object.hashCode()
01:56:30.137 [main] DEBUG org.springframework.aop.framework.CglibAopProxy - Unable to apply any optimisations to advised method: protected native java.lang.Object java.lang.Object.clone() throws java.lang.CloneNotSupportedException
01:56:30.138 [main] DEBUG org.springframework.aop.framework.CglibAopProxy - Method is declared on Advised interface: public abstract int org.springframework.aop.framework.Advised.indexOf(org.springframework.aop.Advisor)
01:56:30.138 [main] DEBUG org.springframework.aop.framework.CglibAopProxy - Method is declared on Advised interface: public abstract int org.springframework.aop.framework.Advised.indexOf(org.aopalliance.aop.Advice)
01:56:30.138 [main] DEBUG org.springframework.aop.framework.CglibAopProxy - Method is declared on Advised interface: public abstract boolean org.springframework.aop.framework.Advised.isFrozen()
01:56:30.138 [main] DEBUG org.springframework.aop.framework.CglibAopProxy - Method is declared on Advised interface: public abstract void org.springframework.aop.framework.Advised.setTargetSource(org.springframework.aop.TargetSource)
01:56:30.138 [main] DEBUG org.springframework.aop.framework.CglibAopProxy - Method is declared on Advised interface: public abstract org.springframework.aop.TargetSource org.springframework.aop.framework.Advised.getTargetSource()
01:56:30.139 [main] DEBUG org.springframework.aop.framework.CglibAopProxy - Method is declared on Advised interface: public abstract boolean org.springframework.aop.framework.Advised.isProxyTargetClass()
01:56:30.140 [main] DEBUG org.springframework.aop.framework.CglibAopProxy - Method is declared on Advised interface: public abstract void org.springframework.aop.framework.Advised.addAdvisor(org.springframework.aop.Advisor) throws org.springframework.aop.framework.AopConfigException
01:56:30.141 [main] DEBUG org.springframework.aop.framework.CglibAopProxy - Method is declared on Advised interface: public abstract void org.springframework.aop.framework.Advised.addAdvisor(int,org.springframework.aop.Advisor) throws org.springframework.aop.framework.AopConfigException
01:56:30.142 [main] DEBUG org.springframework.aop.framework.CglibAopProxy - Method is declared on Advised interface: public abstract void org.springframework.aop.framework.Advised.setPreFiltered(boolean)
01:56:30.149 [main] DEBUG org.springframework.aop.framework.CglibAopProxy - Method is declared on Advised interface: public abstract boolean org.springframework.aop.framework.Advised.isPreFiltered()
01:56:30.152 [main] DEBUG org.springframework.aop.framework.CglibAopProxy - Method is declared on Advised interface: public abstract java.lang.Class[] org.springframework.aop.framework.Advised.getProxiedInterfaces()
01:56:30.152 [main] DEBUG org.springframework.aop.framework.CglibAopProxy - Method is declared on Advised interface: public abstract boolean org.springframework.aop.framework.Advised.isInterfaceProxied(java.lang.Class)
01:56:30.152 [main] DEBUG org.springframework.aop.framework.CglibAopProxy - Method is declared on Advised interface: public abstract org.springframework.aop.Advisor[] org.springframework.aop.framework.Advised.getAdvisors()
01:56:30.152 [main] DEBUG org.springframework.aop.framework.CglibAopProxy - Method is declared on Advised interface: public abstract void org.springframework.aop.framework.Advised.removeAdvisor(int) throws org.springframework.aop.framework.AopConfigException
01:56:30.152 [main] DEBUG org.springframework.aop.framework.CglibAopProxy - Method is declared on Advised interface: public abstract boolean org.springframework.aop.framework.Advised.removeAdvisor(org.springframework.aop.Advisor)
01:56:30.152 [main] DEBUG org.springframework.aop.framework.CglibAopProxy - Method is declared on Advised interface: public abstract boolean org.springframework.aop.framework.Advised.replaceAdvisor(org.springframework.aop.Advisor,org.springframework.aop.Advisor) throws org.springframework.aop.framework.AopConfigException
01:56:30.153 [main] DEBUG org.springframework.aop.framework.CglibAopProxy - Method is declared on Advised interface: public abstract boolean org.springframework.aop.framework.Advised.removeAdvice(org.aopalliance.aop.Advice)
01:56:30.153 [main] DEBUG org.springframework.aop.framework.CglibAopProxy - Method is declared on Advised interface: public abstract java.lang.String org.springframework.aop.framework.Advised.toProxyConfigString()
01:56:30.153 [main] DEBUG org.springframework.aop.framework.CglibAopProxy - Method is declared on Advised interface: public abstract void org.springframework.aop.framework.Advised.setExposeProxy(boolean)
01:56:30.153 [main] DEBUG org.springframework.aop.framework.CglibAopProxy - Method is declared on Advised interface: public abstract boolean org.springframework.aop.framework.Advised.isExposeProxy()
01:56:30.153 [main] DEBUG org.springframework.aop.framework.CglibAopProxy - Method is declared on Advised interface: public abstract void org.springframework.aop.framework.Advised.addAdvice(org.aopalliance.aop.Advice) throws org.springframework.aop.framework.AopConfigException
01:56:30.153 [main] DEBUG org.springframework.aop.framework.CglibAopProxy - Method is declared on Advised interface: public abstract void org.springframework.aop.framework.Advised.addAdvice(int,org.aopalliance.aop.Advice) throws org.springframework.aop.framework.AopConfigException
01:56:30.153 [main] DEBUG org.springframework.aop.framework.CglibAopProxy - Method is declared on Advised interface: public abstract java.lang.Class org.springframework.aop.TargetClassAware.getTargetClass()
01:56:30.231 [main] DEBUG org.springframework.test.context.support.AbstractDirtiesContextTestExecutionListener - Before test method: context [DefaultTestContext@727803de testClass = BookTagUnitTest, testInstance = com.bookstore.test.user.BookTagUnitTest@3f6f3cc, testMethod = createBookTags@BookTagUnitTest, testException = [null], mergedContextConfiguration = [WebMergedContextConfiguration@704921a5 testClass = BookTagUnitTest, locations = '{}', classes = '{class com.bookstore.datalayer.config.RepositorySpringConfiguration}', contextInitializerClasses = '[]', activeProfiles = '{}', propertySourceLocations = '{}', propertySourceProperties = '{}', contextCustomizers = set[org.springframework.test.context.web.socket.MockServerContainerContextCustomizer@4b4523f8], resourceBasePath = 'src/main/webapp', contextLoader = 'org.springframework.test.context.web.WebDelegatingSmartContextLoader', parent = [null]]], class annotated with @DirtiesContext [false] with mode [null], method annotated with @DirtiesContext [false] with mode [null].
01:56:30.233 [main] DEBUG org.springframework.transaction.annotation.AnnotationTransactionAttributeSource - Adding transactional method 'com.bookstore.test.user.BookTagUnitTest.createBookTags' with attribute: PROPAGATION_REQUIRED,ISOLATION_DEFAULT
01:56:30.238 [main] DEBUG org.springframework.test.context.transaction.TransactionalTestExecutionListener - Explicit transaction definition [PROPAGATION_REQUIRED,ISOLATION_DEFAULT] found for test context [DefaultTestContext@727803de testClass = BookTagUnitTest, testInstance = com.bookstore.test.user.BookTagUnitTest@3f6f3cc, testMethod = createBookTags@BookTagUnitTest, testException = [null], mergedContextConfiguration = [WebMergedContextConfiguration@704921a5 testClass = BookTagUnitTest, locations = '{}', classes = '{class com.bookstore.datalayer.config.RepositorySpringConfiguration}', contextInitializerClasses = '[]', activeProfiles = '{}', propertySourceLocations = '{}', propertySourceProperties = '{}', contextCustomizers = set[org.springframework.test.context.web.socket.MockServerContainerContextCustomizer@4b4523f8], resourceBasePath = 'src/main/webapp', contextLoader = 'org.springframework.test.context.web.WebDelegatingSmartContextLoader', parent = [null]]]
01:56:30.239 [main] DEBUG org.springframework.test.context.transaction.TransactionalTestExecutionListener - Retrieved @TransactionConfiguration [null] for test class [com.bookstore.test.user.BookTagUnitTest].
01:56:30.239 [main] DEBUG org.springframework.test.context.transaction.TransactionalTestExecutionListener - Using TransactionConfigurationAttributes [TransactionConfigurationAttributes@73041b7d transactionManagerName = '', defaultRollback = true] for test class [com.bookstore.test.user.BookTagUnitTest].
01:56:30.240 [main] DEBUG org.springframework.test.context.cache.DefaultCacheAwareContextLoaderDelegate - Retrieved ApplicationContext from cache with key [[WebMergedContextConfiguration@704921a5 testClass = BookTagUnitTest, locations = '{}', classes = '{class com.bookstore.datalayer.config.RepositorySpringConfiguration}', contextInitializerClasses = '[]', activeProfiles = '{}', propertySourceLocations = '{}', propertySourceProperties = '{}', contextCustomizers = set[org.springframework.test.context.web.socket.MockServerContainerContextCustomizer@4b4523f8], resourceBasePath = 'src/main/webapp', contextLoader = 'org.springframework.test.context.web.WebDelegatingSmartContextLoader', parent = [null]]]
01:56:30.240 [main] DEBUG org.springframework.test.context.cache - Spring test ApplicationContext cache statistics: [DefaultContextCache@2272cbb0 size = 1, maxSize = 32, parentContextCount = 0, hitCount = 2, missCount = 1]
01:56:30.240 [main] DEBUG org.springframework.beans.factory.support.DefaultListableBeanFactory - Returning cached instance of singleton bean 'transactionManager'
01:56:30.242 [main] DEBUG org.springframework.test.context.transaction.TransactionalTestExecutionListener - Method-level @Rollback(false) overrides default rollback [true] for test context [DefaultTestContext@727803de testClass = BookTagUnitTest, testInstance = com.bookstore.test.user.BookTagUnitTest@3f6f3cc, testMethod = createBookTags@BookTagUnitTest, testException = [null], mergedContextConfiguration = [WebMergedContextConfiguration@704921a5 testClass = BookTagUnitTest, locations = '{}', classes = '{class com.bookstore.datalayer.config.RepositorySpringConfiguration}', contextInitializerClasses = '[]', activeProfiles = '{}', propertySourceLocations = '{}', propertySourceProperties = '{}', contextCustomizers = set[org.springframework.test.context.web.socket.MockServerContainerContextCustomizer@4b4523f8], resourceBasePath = 'src/main/webapp', contextLoader = 'org.springframework.test.context.web.WebDelegatingSmartContextLoader', parent = [null]]].
01:56:30.243 [main] DEBUG org.springframework.orm.jpa.JpaTransactionManager - Creating new transaction with name [com.bookstore.test.user.BookTagUnitTest.createBookTags]: PROPAGATION_REQUIRED,ISOLATION_DEFAULT
01:56:30.244 [main] DEBUG org.springframework.orm.jpa.JpaTransactionManager - Opened new EntityManager [org.hibernate.jpa.internal.EntityManagerImpl@67770b37] for JPA transaction
01:56:30.247 [main] DEBUG org.hibernate.engine.transaction.internal.TransactionImpl - begin
01:56:30.247 [main] DEBUG org.springframework.jdbc.datasource.DriverManagerDataSource - Creating new JDBC DriverManager Connection to [jdbc:mysql://us-cdbr-iron-east-05.cleardb.net:3306/heroku_b97a6a29164fbb3]
01:56:31.630 [main] DEBUG org.springframework.orm.jpa.JpaTransactionManager - Exposing JPA transaction as JDBC transaction [org.springframework.orm.jpa.vendor.HibernateJpaDialect$HibernateConnectionHandle@6418e39e]
01:56:31.631 [main] INFO org.springframework.test.context.transaction.TransactionContext - Began transaction (1) for test context [DefaultTestContext@727803de testClass = BookTagUnitTest, testInstance = com.bookstore.test.user.BookTagUnitTest@3f6f3cc, testMethod = createBookTags@BookTagUnitTest, testException = [null], mergedContextConfiguration = [WebMergedContextConfiguration@704921a5 testClass = BookTagUnitTest, locations = '{}', classes = '{class com.bookstore.datalayer.config.RepositorySpringConfiguration}', contextInitializerClasses = '[]', activeProfiles = '{}', propertySourceLocations = '{}', propertySourceProperties = '{}', contextCustomizers = set[org.springframework.test.context.web.socket.MockServerContainerContextCustomizer@4b4523f8], resourceBasePath = 'src/main/webapp', contextLoader = 'org.springframework.test.context.web.WebDelegatingSmartContextLoader', parent = [null]]]; transaction manager [org.springframework.orm.jpa.JpaTransactionManager@48eaf42f]; rollback [false]
01:56:31.674 [main] DEBUG org.hibernate.jpa.criteria.CriteriaQueryImpl - Rendered criteria query -> select generatedAlias0 from Book as generatedAlias0 where generatedAlias0.name=:param0
01:56:31.772 [main] DEBUG org.hibernate.hql.internal.QueryTranslatorFactoryInitiator - QueryTranslatorFactory : org.hibernate.hql.internal.ast.ASTQueryTranslatorFactory@ea04cab
01:56:31.773 [main] INFO org.hibernate.hql.internal.QueryTranslatorFactoryInitiator - HHH000397: Using ASTQueryTranslatorFactory
01:56:31.845 [main] DEBUG org.hibernate.hql.internal.ast.QueryTranslatorImpl - parse() - HQL: select generatedAlias0 from com.bookstore.datalayer.entity.Book as generatedAlias0 where generatedAlias0.name=:param0
01:56:31.874 [main] DEBUG org.hibernate.hql.internal.ast.QueryTranslatorImpl - --- HQL AST ---
 \-[QUERY] Node: 'query'
    +-[SELECT_FROM] Node: 'SELECT_FROM'
    |  +-[FROM] Node: 'from'
    |  |  \-[RANGE] Node: 'RANGE'
    |  |     +-[DOT] Node: '.'
    |  |     |  +-[DOT] Node: '.'
    |  |     |  |  +-[DOT] Node: '.'
    |  |     |  |  |  +-[DOT] Node: '.'
    |  |     |  |  |  |  +-[IDENT] Node: 'com'
    |  |     |  |  |  |  \-[IDENT] Node: 'bookstore'
    |  |     |  |  |  \-[IDENT] Node: 'datalayer'
    |  |     |  |  \-[IDENT] Node: 'entity'
    |  |     |  \-[IDENT] Node: 'Book'
    |  |     \-[ALIAS] Node: 'generatedAlias0'
    |  \-[SELECT] Node: 'select'
    |     \-[IDENT] Node: 'generatedAlias0'
    \-[WHERE] Node: 'where'
       \-[EQ] Node: '='
          +-[DOT] Node: '.'
          |  +-[IDENT] Node: 'generatedAlias0'
          |  \-[IDENT] Node: 'name'
          \-[COLON] Node: ':'
             \-[IDENT] Node: 'param0'

01:56:31.875 [main] DEBUG org.hibernate.hql.internal.ast.ErrorCounter - throwQueryException() : no errors
01:56:31.953 [main] DEBUG org.hibernate.hql.internal.antlr.HqlSqlBaseWalker - select << begin [level=1, statement=select]
01:56:31.992 [main] DEBUG org.hibernate.hql.internal.ast.tree.FromElement - FromClause{level=1} : com.bookstore.datalayer.entity.Book (generatedAlias0) -> book0_
01:56:31.994 [main] DEBUG org.hibernate.hql.internal.ast.tree.FromReferenceNode - Resolved : generatedAlias0 -> book0_.book_id
01:56:32.003 [main] DEBUG org.hibernate.hql.internal.ast.tree.FromReferenceNode - Resolved : generatedAlias0 -> book0_.book_id
01:56:32.007 [main] DEBUG org.hibernate.hql.internal.ast.tree.DotNode - getDataType() : name -> org.hibernate.type.StringType@72ea6193
01:56:32.008 [main] DEBUG org.hibernate.hql.internal.ast.tree.FromReferenceNode - Resolved : generatedAlias0.name -> book0_.name
01:56:32.012 [main] DEBUG org.hibernate.hql.internal.antlr.HqlSqlBaseWalker - select : finishing up [level=1, statement=select]
01:56:32.012 [main] DEBUG org.hibernate.hql.internal.ast.HqlSqlWalker - processQuery() :  ( SELECT ( {select clause} book0_.book_id ) ( FromClause{level=1} book book0_ ) ( where ( = ( book0_.name book0_.book_id name ) ? ) ) )
01:56:32.042 [main] DEBUG org.hibernate.hql.internal.ast.util.JoinProcessor - Using FROM fragment [book book0_]
01:56:32.042 [main] DEBUG org.hibernate.hql.internal.antlr.HqlSqlBaseWalker - select >> end [level=1, statement=select]
01:56:32.043 [main] DEBUG org.hibernate.hql.internal.ast.QueryTranslatorImpl - --- SQL AST ---
 \-[SELECT] QueryNode: 'SELECT'  querySpaces (book)
    +-[SELECT_CLAUSE] SelectClause: '{select clause}'
    |  +-[ALIAS_REF] IdentNode: 'book0_.book_id as book_id1_0_' {alias=generatedAlias0, className=com.bookstore.datalayer.entity.Book, tableAlias=book0_}
    |  \-[SQL_TOKEN] SqlFragment: 'book0_.author as author2_0_, book0_.description as descript3_0_, book0_.name as name4_0_, book0_.published_date as publishe5_0_, book0_.publisher as publishe6_0_'
    +-[FROM] FromClause: 'from' FromClause{level=1, fromElementCounter=1, fromElements=1, fromElementByClassAlias=[generatedAlias0], fromElementByTableAlias=[book0_], fromElementsByPath=[], collectionJoinFromElementsByPath=[], impliedElements=[]}
    |  \-[FROM_FRAGMENT] FromElement: 'book book0_' FromElement{explicit,not a collection join,not a fetch join,fetch non-lazy properties,classAlias=generatedAlias0,role=null,tableName=book,tableAlias=book0_,origin=null,columns={,className=com.bookstore.datalayer.entity.Book}}
    \-[WHERE] SqlNode: 'where'
       \-[EQ] BinaryLogicOperatorNode: '='
          +-[DOT] DotNode: 'book0_.name' {propertyName=name,dereferenceType=PRIMITIVE,getPropertyPath=name,path=generatedAlias0.name,tableAlias=book0_,className=com.bookstore.datalayer.entity.Book,classAlias=generatedAlias0}
          |  +-[ALIAS_REF] IdentNode: 'book0_.book_id' {alias=generatedAlias0, className=com.bookstore.datalayer.entity.Book, tableAlias=book0_}
          |  \-[IDENT] IdentNode: 'name' {originalText=name}
          \-[NAMED_PARAM] ParameterNode: '?' {name=param0, expectedType=org.hibernate.type.StringType@72ea6193}

01:56:32.043 [main] DEBUG org.hibernate.hql.internal.ast.ErrorCounter - throwQueryException() : no errors
01:56:32.052 [main] DEBUG org.hibernate.hql.internal.ast.QueryTranslatorImpl - HQL: select generatedAlias0 from com.bookstore.datalayer.entity.Book as generatedAlias0 where generatedAlias0.name=:param0
01:56:32.052 [main] DEBUG org.hibernate.hql.internal.ast.QueryTranslatorImpl - SQL: select book0_.book_id as book_id1_0_, book0_.author as author2_0_, book0_.description as descript3_0_, book0_.name as name4_0_, book0_.published_date as publishe5_0_, book0_.publisher as publishe6_0_ from book book0_ where book0_.name=?
01:56:32.052 [main] DEBUG org.hibernate.hql.internal.ast.ErrorCounter - throwQueryException() : no errors
01:56:32.109 [main] DEBUG org.hibernate.SQL - select book0_.book_id as book_id1_0_, book0_.author as author2_0_, book0_.description as descript3_0_, book0_.name as name4_0_, book0_.published_date as publishe5_0_, book0_.publisher as publishe6_0_ from book book0_ where book0_.name=?
Hibernate: select book0_.book_id as book_id1_0_, book0_.author as author2_0_, book0_.description as descript3_0_, book0_.name as name4_0_, book0_.published_date as publishe5_0_, book0_.publisher as publishe6_0_ from book book0_ where book0_.name=?
01:56:32.322 [main] DEBUG org.hibernate.jpa.criteria.CriteriaQueryImpl - Rendered criteria query -> select generatedAlias0 from User as generatedAlias0 where generatedAlias0.userId=:param0
01:56:32.323 [main] DEBUG org.hibernate.hql.internal.ast.QueryTranslatorImpl - parse() - HQL: select generatedAlias0 from com.bookstore.datalayer.entity.User as generatedAlias0 where generatedAlias0.userId=:param0
01:56:32.326 [main] DEBUG org.hibernate.hql.internal.ast.QueryTranslatorImpl - --- HQL AST ---
 \-[QUERY] Node: 'query'
    +-[SELECT_FROM] Node: 'SELECT_FROM'
    |  +-[FROM] Node: 'from'
    |  |  \-[RANGE] Node: 'RANGE'
    |  |     +-[DOT] Node: '.'
    |  |     |  +-[DOT] Node: '.'
    |  |     |  |  +-[DOT] Node: '.'
    |  |     |  |  |  +-[DOT] Node: '.'
    |  |     |  |  |  |  +-[IDENT] Node: 'com'
    |  |     |  |  |  |  \-[IDENT] Node: 'bookstore'
    |  |     |  |  |  \-[IDENT] Node: 'datalayer'
    |  |     |  |  \-[IDENT] Node: 'entity'
    |  |     |  \-[IDENT] Node: 'User'
    |  |     \-[ALIAS] Node: 'generatedAlias0'
    |  \-[SELECT] Node: 'select'
    |     \-[IDENT] Node: 'generatedAlias0'
    \-[WHERE] Node: 'where'
       \-[EQ] Node: '='
          +-[DOT] Node: '.'
          |  +-[IDENT] Node: 'generatedAlias0'
          |  \-[IDENT] Node: 'userId'
          \-[COLON] Node: ':'
             \-[IDENT] Node: 'param0'

01:56:32.326 [main] DEBUG org.hibernate.hql.internal.ast.ErrorCounter - throwQueryException() : no errors
01:56:32.327 [main] DEBUG org.hibernate.hql.internal.antlr.HqlSqlBaseWalker - select << begin [level=1, statement=select]
01:56:32.327 [main] DEBUG org.hibernate.hql.internal.ast.tree.FromElement - FromClause{level=1} : com.bookstore.datalayer.entity.User (generatedAlias0) -> user0_
01:56:32.327 [main] DEBUG org.hibernate.hql.internal.ast.tree.FromReferenceNode - Resolved : generatedAlias0 -> user0_.id
01:56:32.328 [main] DEBUG org.hibernate.hql.internal.ast.tree.FromReferenceNode - Resolved : generatedAlias0 -> user0_.id
01:56:32.328 [main] DEBUG org.hibernate.hql.internal.ast.tree.DotNode - getDataType() : userId -> org.hibernate.type.IntegerType@1951b871
01:56:32.328 [main] DEBUG org.hibernate.hql.internal.ast.tree.FromReferenceNode - Resolved : generatedAlias0.userId -> user0_.id
01:56:32.328 [main] DEBUG org.hibernate.hql.internal.antlr.HqlSqlBaseWalker - select : finishing up [level=1, statement=select]
01:56:32.328 [main] DEBUG org.hibernate.hql.internal.ast.HqlSqlWalker - processQuery() :  ( SELECT ( {select clause} user0_.id ) ( FromClause{level=1} user user0_ ) ( where ( = ( user0_.id user0_.id userId ) ? ) ) )
01:56:32.329 [main] DEBUG org.hibernate.hql.internal.ast.util.JoinProcessor - Using FROM fragment [user user0_]
01:56:32.329 [main] DEBUG org.hibernate.hql.internal.antlr.HqlSqlBaseWalker - select >> end [level=1, statement=select]
01:56:32.329 [main] DEBUG org.hibernate.hql.internal.ast.QueryTranslatorImpl - --- SQL AST ---
 \-[SELECT] QueryNode: 'SELECT'  querySpaces (user)
    +-[SELECT_CLAUSE] SelectClause: '{select clause}'
    |  +-[ALIAS_REF] IdentNode: 'user0_.id as id1_4_' {alias=generatedAlias0, className=com.bookstore.datalayer.entity.User, tableAlias=user0_}
    |  \-[SQL_TOKEN] SqlFragment: 'user0_.email as email2_4_, user0_.enabled as enabled3_4_, user0_.last_name as last_nam4_4_, user0_.first_name as first_na5_4_, user0_.password as password6_4_, user0_.phone as phone7_4_, user0_.username as username8_4_'
    +-[FROM] FromClause: 'from' FromClause{level=1, fromElementCounter=1, fromElements=1, fromElementByClassAlias=[generatedAlias0], fromElementByTableAlias=[user0_], fromElementsByPath=[], collectionJoinFromElementsByPath=[], impliedElements=[]}
    |  \-[FROM_FRAGMENT] FromElement: 'user user0_' FromElement{explicit,not a collection join,not a fetch join,fetch non-lazy properties,classAlias=generatedAlias0,role=null,tableName=user,tableAlias=user0_,origin=null,columns={,className=com.bookstore.datalayer.entity.User}}
    \-[WHERE] SqlNode: 'where'
       \-[EQ] BinaryLogicOperatorNode: '='
          +-[DOT] DotNode: 'user0_.id' {propertyName=userId,dereferenceType=PRIMITIVE,getPropertyPath=userId,path=generatedAlias0.userId,tableAlias=user0_,className=com.bookstore.datalayer.entity.User,classAlias=generatedAlias0}
          |  +-[ALIAS_REF] IdentNode: 'user0_.id' {alias=generatedAlias0, className=com.bookstore.datalayer.entity.User, tableAlias=user0_}
          |  \-[IDENT] IdentNode: 'userId' {originalText=userId}
          \-[NAMED_PARAM] ParameterNode: '?' {name=param0, expectedType=org.hibernate.type.IntegerType@1951b871}

01:56:32.330 [main] DEBUG org.hibernate.hql.internal.ast.ErrorCounter - throwQueryException() : no errors
01:56:32.330 [main] DEBUG org.hibernate.hql.internal.ast.QueryTranslatorImpl - HQL: select generatedAlias0 from com.bookstore.datalayer.entity.User as generatedAlias0 where generatedAlias0.userId=:param0
01:56:32.330 [main] DEBUG org.hibernate.hql.internal.ast.QueryTranslatorImpl - SQL: select user0_.id as id1_4_, user0_.email as email2_4_, user0_.enabled as enabled3_4_, user0_.last_name as last_nam4_4_, user0_.first_name as first_na5_4_, user0_.password as password6_4_, user0_.phone as phone7_4_, user0_.username as username8_4_ from user user0_ where user0_.id=?
01:56:32.330 [main] DEBUG org.hibernate.hql.internal.ast.ErrorCounter - throwQueryException() : no errors
01:56:32.331 [main] DEBUG org.hibernate.SQL - select user0_.id as id1_4_, user0_.email as email2_4_, user0_.enabled as enabled3_4_, user0_.last_name as last_nam4_4_, user0_.first_name as first_na5_4_, user0_.password as password6_4_, user0_.phone as phone7_4_, user0_.username as username8_4_ from user user0_ where user0_.id=?
Hibernate: select user0_.id as id1_4_, user0_.email as email2_4_, user0_.enabled as enabled3_4_, user0_.last_name as last_nam4_4_, user0_.first_name as first_na5_4_, user0_.password as password6_4_, user0_.phone as phone7_4_, user0_.username as username8_4_ from user user0_ where user0_.id=?
01:56:32.495 [main] DEBUG org.springframework.data.repository.core.support.TransactionalRepositoryProxyPostProcessor$CustomAnnotationTransactionAttributeSource - Adding transactional method 'save' with attribute: PROPAGATION_REQUIRED,ISOLATION_DEFAULT; ''
01:56:32.497 [main] DEBUG org.springframework.beans.factory.support.DefaultListableBeanFactory - Returning cached instance of singleton bean 'transactionManager'
01:56:32.498 [main] DEBUG org.springframework.orm.jpa.JpaTransactionManager - Found thread-bound EntityManager [org.hibernate.jpa.internal.EntityManagerImpl@67770b37] for JPA transaction
01:56:32.499 [main] DEBUG org.springframework.orm.jpa.JpaTransactionManager - Participating in existing transaction
01:56:32.565 [main] DEBUG org.springframework.jdbc.datasource.DriverManagerDataSource - Creating new JDBC DriverManager Connection to [jdbc:mysql://us-cdbr-iron-east-05.cleardb.net:3306/heroku_b97a6a29164fbb3]
01:56:33.795 [main] DEBUG org.hibernate.SQL - select next_val as id_val from hibernate_sequence for update
Hibernate: select next_val as id_val from hibernate_sequence for update
01:56:33.932 [main] DEBUG org.hibernate.SQL - update hibernate_sequence set next_val= ? where next_val=?
Hibernate: update hibernate_sequence set next_val= ? where next_val=?
01:56:34.335 [main] DEBUG org.hibernate.event.internal.AbstractSaveEventListener - Generated identifier: 1, using strategy: org.hibernate.id.enhanced.SequenceStyleGenerator
01:56:34.390 [main] DEBUG org.springframework.orm.jpa.JpaTransactionManager - Found thread-bound EntityManager [org.hibernate.jpa.internal.EntityManagerImpl@67770b37] for JPA transaction
01:56:34.390 [main] DEBUG org.springframework.orm.jpa.JpaTransactionManager - Participating in existing transaction
01:56:34.391 [main] DEBUG org.springframework.jdbc.datasource.DriverManagerDataSource - Creating new JDBC DriverManager Connection to [jdbc:mysql://us-cdbr-iron-east-05.cleardb.net:3306/heroku_b97a6a29164fbb3]
01:56:35.594 [main] DEBUG org.hibernate.SQL - select next_val as id_val from hibernate_sequence for update
Hibernate: select next_val as id_val from hibernate_sequence for update
01:56:35.727 [main] DEBUG org.hibernate.SQL - update hibernate_sequence set next_val= ? where next_val=?
Hibernate: update hibernate_sequence set next_val= ? where next_val=?
01:56:36.123 [main] DEBUG org.hibernate.event.internal.AbstractSaveEventListener - Generated identifier: 2, using strategy: org.hibernate.id.enhanced.SequenceStyleGenerator
01:56:36.124 [main] DEBUG org.springframework.orm.jpa.JpaTransactionManager - Initiating transaction commit
01:56:36.124 [main] DEBUG org.springframework.orm.jpa.JpaTransactionManager - Committing JPA transaction on EntityManager [org.hibernate.jpa.internal.EntityManagerImpl@67770b37]
01:56:36.124 [main] DEBUG org.hibernate.engine.transaction.internal.TransactionImpl - committing
01:56:36.125 [main] DEBUG org.hibernate.event.internal.AbstractFlushingEventListener - Processing flush-time cascades
01:56:36.162 [main] DEBUG org.hibernate.event.internal.AbstractFlushingEventListener - Dirty checking collections
01:56:36.164 [main] DEBUG org.hibernate.event.internal.AbstractFlushingEventListener - Flushed: 2 insertions, 0 updates, 0 deletions to 2 objects
01:56:36.164 [main] DEBUG org.hibernate.event.internal.AbstractFlushingEventListener - Flushed: 0 (re)creations, 0 updates, 0 removals to 0 collections
01:56:36.166 [main] DEBUG org.hibernate.internal.util.EntityPrinter - Listing entities:
01:56:36.166 [main] DEBUG org.hibernate.internal.util.EntityPrinter - com.bookstore.datalayer.entity.Tag{tagId=1, name=T1}
01:56:36.166 [main] DEBUG org.hibernate.internal.util.EntityPrinter - com.bookstore.datalayer.entity.Tag{tagId=2, name=T2}
01:56:36.190 [main] DEBUG org.hibernate.SQL - insert into tag (name, tag_id) values (?, ?)
Hibernate: insert into tag (name, tag_id) values (?, ?)
01:56:36.342 [main] DEBUG org.hibernate.SQL - insert into tag (name, tag_id) values (?, ?)
Hibernate: insert into tag (name, tag_id) values (?, ?)
01:56:36.786 [main] DEBUG org.springframework.orm.jpa.JpaTransactionManager - Closing JPA EntityManager [org.hibernate.jpa.internal.EntityManagerImpl@67770b37] after transaction
01:56:36.786 [main] DEBUG org.springframework.orm.jpa.EntityManagerFactoryUtils - Closing JPA EntityManager
01:56:36.787 [main] DEBUG org.hibernate.engine.jdbc.internal.JdbcCoordinatorImpl - HHH000420: Closing un-released batch
01:56:36.787 [main] INFO org.springframework.test.context.transaction.TransactionContext - Committed transaction for test context [DefaultTestContext@727803de testClass = BookTagUnitTest, testInstance = com.bookstore.test.user.BookTagUnitTest@3f6f3cc, testMethod = createBookTags@BookTagUnitTest, testException = java.lang.NullPointerException, mergedContextConfiguration = [WebMergedContextConfiguration@704921a5 testClass = BookTagUnitTest, locations = '{}', classes = '{class com.bookstore.datalayer.config.RepositorySpringConfiguration}', contextInitializerClasses = '[]', activeProfiles = '{}', propertySourceLocations = '{}', propertySourceProperties = '{}', contextCustomizers = set[org.springframework.test.context.web.socket.MockServerContainerContextCustomizer@4b4523f8], resourceBasePath = 'src/main/webapp', contextLoader = 'org.springframework.test.context.web.WebDelegatingSmartContextLoader', parent = [null]]].
01:56:36.788 [main] DEBUG org.springframework.test.context.support.AbstractDirtiesContextTestExecutionListener - After test method: context [DefaultTestContext@727803de testClass = BookTagUnitTest, testInstance = com.bookstore.test.user.BookTagUnitTest@3f6f3cc, testMethod = createBookTags@BookTagUnitTest, testException = java.lang.NullPointerException, mergedContextConfiguration = [WebMergedContextConfiguration@704921a5 testClass = BookTagUnitTest, locations = '{}', classes = '{class com.bookstore.datalayer.config.RepositorySpringConfiguration}', contextInitializerClasses = '[]', activeProfiles = '{}', propertySourceLocations = '{}', propertySourceProperties = '{}', contextCustomizers = set[org.springframework.test.context.web.socket.MockServerContainerContextCustomizer@4b4523f8], resourceBasePath = 'src/main/webapp', contextLoader = 'org.springframework.test.context.web.WebDelegatingSmartContextLoader', parent = [null]]], class annotated with @DirtiesContext [false] with mode [null], method annotated with @DirtiesContext [false] with mode [null].
01:56:36.788 [main] DEBUG org.springframework.test.context.web.ServletTestExecutionListener - Resetting RequestContextHolder for test context [DefaultTestContext@727803de testClass = BookTagUnitTest, testInstance = com.bookstore.test.user.BookTagUnitTest@3f6f3cc, testMethod = createBookTags@BookTagUnitTest, testException = java.lang.NullPointerException, mergedContextConfiguration = [WebMergedContextConfiguration@704921a5 testClass = BookTagUnitTest, locations = '{}', classes = '{class com.bookstore.datalayer.config.RepositorySpringConfiguration}', contextInitializerClasses = '[]', activeProfiles = '{}', propertySourceLocations = '{}', propertySourceProperties = '{}', contextCustomizers = set[org.springframework.test.context.web.socket.MockServerContainerContextCustomizer@4b4523f8], resourceBasePath = 'src/main/webapp', contextLoader = 'org.springframework.test.context.web.WebDelegatingSmartContextLoader', parent = [null]]].
]]></system-out>
  </testcase>
</testsuite>